<?xml version="1.0"?>
<testsuites>
<testsuite xmlns:xsi="http://www.w3.org/2001/XMLSchema-instance" xsi:noNamespaceSchemaLocation="https://maven.apache.org/surefire/maven-surefire-plugin/xsd/surefire-test-report.xsd" name="io.railflow.RailflowTest" time="0.21" tests="4" errors="0" skipped="0" failures="0">
  
  <properties>
    
    <property name="sun.desktop" value="gnome"/>
    
    <property name="awt.toolkit" value="sun.awt.X11.XToolkit"/>
    
    <property name="file.encoding.pkg" value="sun.io"/>
    
    <property name="java.specification.version" value="1.8"/>
    
    <property name="sun.cpu.isalist" value=""/>
    
    <property name="sun.jnu.encoding" value="UTF-8"/>
    
    <property name="java.class.path" value="/home/tharaka/projects/agiletestware/teamcity_plugins/railflow-java/target/test-classes:/home/tharaka/projects/agiletestware/teamcity_plugins/railflow-java/target/classes:/home/tharaka/.m2/repository/io/railflow/license/1.0/license-1.0.jar:/home/tharaka/.m2/repository/io/railflow/commons/1.0/commons-1.0.jar:/home/tharaka/.m2/repository/org/apache/commons/commons-lang3/3.11/commons-lang3-3.11.jar:/home/tharaka/.m2/repository/org/apache/httpcomponents/httpclient/4.5.2/httpclient-4.5.2.jar:/home/tharaka/.m2/repository/org/apache/httpcomponents/httpcore/4.4.4/httpcore-4.4.4.jar:/home/tharaka/.m2/repository/commons-logging/commons-logging/1.2/commons-logging-1.2.jar:/home/tharaka/.m2/repository/org/apache/httpcomponents/httpmime/4.5.2/httpmime-4.5.2.jar:/home/tharaka/.m2/repository/org/slf4j/slf4j-api/1.7.25/slf4j-api-1.7.25.jar:/home/tharaka/.m2/repository/com/google/code/gson/gson/2.8.5/gson-2.8.5.jar:/home/tharaka/.m2/repository/commons-codec/commons-codec/1.15/commons-codec-1.15.jar:/home/tharaka/.m2/repository/javax/validation/validation-api/2.0.1.Final/validation-api-2.0.1.Final.jar:/home/tharaka/.m2/repository/com/fasterxml/jackson/core/jackson-databind/2.11.4/jackson-databind-2.11.4.jar:/home/tharaka/.m2/repository/com/fasterxml/jackson/core/jackson-annotations/2.11.4/jackson-annotations-2.11.4.jar:/home/tharaka/.m2/repository/com/fasterxml/jackson/core/jackson-core/2.11.4/jackson-core-2.11.4.jar:/home/tharaka/.m2/repository/com/google/guava/guava/30.1-jre/guava-30.1-jre.jar:/home/tharaka/.m2/repository/com/google/guava/failureaccess/1.0.1/failureaccess-1.0.1.jar:/home/tharaka/.m2/repository/com/google/guava/listenablefuture/9999.0-empty-to-avoid-conflict-with-guava/listenablefuture-9999.0-empty-to-avoid-conflict-with-guava.jar:/home/tharaka/.m2/repository/com/google/code/findbugs/jsr305/3.0.2/jsr305-3.0.2.jar:/home/tharaka/.m2/repository/org/checkerframework/checker-qual/3.5.0/checker-qual-3.5.0.jar:/home/tharaka/.m2/repository/com/google/errorprone/error_prone_annotations/2.3.4/error_prone_annotations-2.3.4.jar:/home/tharaka/.m2/repository/com/google/j2objc/j2objc-annotations/1.3/j2objc-annotations-1.3.jar:/home/tharaka/.m2/repository/org/apache/tika/tika-core/1.22/tika-core-1.22.jar:/home/tharaka/.m2/repository/junit/junit/4.12/junit-4.12.jar:/home/tharaka/.m2/repository/org/hamcrest/hamcrest-core/1.3/hamcrest-core-1.3.jar:/home/tharaka/.m2/repository/org/mockito/mockito-core/3.2.0/mockito-core-3.2.0.jar:/home/tharaka/.m2/repository/net/bytebuddy/byte-buddy/1.10.3/byte-buddy-1.10.3.jar:/home/tharaka/.m2/repository/net/bytebuddy/byte-buddy-agent/1.10.3/byte-buddy-agent-1.10.3.jar:/home/tharaka/.m2/repository/org/objenesis/objenesis/2.6/objenesis-2.6.jar:/home/tharaka/.m2/repository/org/powermock/powermock-module-junit4/2.0.7/powermock-module-junit4-2.0.7.jar:/home/tharaka/.m2/repository/org/powermock/powermock-module-junit4-common/2.0.7/powermock-module-junit4-common-2.0.7.jar:/home/tharaka/.m2/repository/org/powermock/powermock-reflect/2.0.7/powermock-reflect-2.0.7.jar:/home/tharaka/.m2/repository/org/powermock/powermock-core/2.0.7/powermock-core-2.0.7.jar:/home/tharaka/.m2/repository/org/javassist/javassist/3.27.0-GA/javassist-3.27.0-GA.jar:/home/tharaka/.m2/repository/org/powermock/powermock-api-mockito2/2.0.7/powermock-api-mockito2-2.0.7.jar:/home/tharaka/.m2/repository/org/powermock/powermock-api-support/2.0.7/powermock-api-support-2.0.7.jar:/home/tharaka/.m2/repository/commons-io/commons-io/2.6/commons-io-2.6.jar:/home/tharaka/.m2/repository/io/railflow/testrail-client/2.1/testrail-client-2.1.jar:/home/tharaka/.m2/repository/io/railflow/testrail-client/2.1/testrail-client-2.1-tests.jar:/home/tharaka/.m2/repository/javax/xml/bind/jaxb-api/2.3.0/jaxb-api-2.3.0.jar:/home/tharaka/.m2/repository/com/sun/xml/bind/jaxb-core/2.3.0/jaxb-core-2.3.0.jar:/home/tharaka/.m2/repository/com/sun/xml/bind/jaxb-impl/2.3.0/jaxb-impl-2.3.0.jar:/home/tharaka/.m2/repository/javax/activation/activation/1.1.1/activation-1.1.1.jar:/home/tharaka/.m2/repository/io/qameta/allure/allure-plugin-api/2.13.10/allure-plugin-api-2.13.10.jar:/home/tharaka/.m2/repository/org/apache/commons/commons-csv/1.8/commons-csv-1.8.jar:/home/tharaka/.m2/repository/org/apache/commons/commons-collections4/4.4/commons-collections4-4.4.jar:/home/tharaka/.m2/repository/ch/qos/logback/logback-classic/1.2.3/logback-classic-1.2.3.jar:/home/tharaka/.m2/repository/ch/qos/logback/logback-core/1.2.3/logback-core-1.2.3.jar:"/>
    
    <property name="java.vm.vendor" value="Private Build"/>
    
    <property name="sun.arch.data.model" value="64"/>
    
    <property name="java.vendor.url" value="http://java.oracle.com/"/>
    
    <property name="user.timezone" value=""/>
    
    <property name="java.vm.specification.version" value="1.8"/>
    
    <property name="os.name" value="Linux"/>
    
    <property name="user.country" value="US"/>
    
    <property name="sun.java.launcher" value="SUN_STANDARD"/>
    
    <property name="sun.boot.library.path" value="/usr/lib/jvm/java-8-openjdk-amd64/jre/lib/amd64"/>
    
    <property name="sun.java.command" value="/home/tharaka/projects/agiletestware/teamcity_plugins/railflow-java/target/surefire/surefirebooter5615321071138040699.jar /home/tharaka/projects/agiletestware/teamcity_plugins/railflow-java/target/surefire 2022-02-04T09-29-42_375-jvmRun1 surefire3251150644889157875tmp surefire_03548316204226868521tmp"/>
    
    <property name="surefire.test.class.path" value="/home/tharaka/projects/agiletestware/teamcity_plugins/railflow-java/target/test-classes:/home/tharaka/projects/agiletestware/teamcity_plugins/railflow-java/target/classes:/home/tharaka/.m2/repository/io/railflow/license/1.0/license-1.0.jar:/home/tharaka/.m2/repository/io/railflow/commons/1.0/commons-1.0.jar:/home/tharaka/.m2/repository/org/apache/commons/commons-lang3/3.11/commons-lang3-3.11.jar:/home/tharaka/.m2/repository/org/apache/httpcomponents/httpclient/4.5.2/httpclient-4.5.2.jar:/home/tharaka/.m2/repository/org/apache/httpcomponents/httpcore/4.4.4/httpcore-4.4.4.jar:/home/tharaka/.m2/repository/commons-logging/commons-logging/1.2/commons-logging-1.2.jar:/home/tharaka/.m2/repository/org/apache/httpcomponents/httpmime/4.5.2/httpmime-4.5.2.jar:/home/tharaka/.m2/repository/org/slf4j/slf4j-api/1.7.25/slf4j-api-1.7.25.jar:/home/tharaka/.m2/repository/com/google/code/gson/gson/2.8.5/gson-2.8.5.jar:/home/tharaka/.m2/repository/commons-codec/commons-codec/1.15/commons-codec-1.15.jar:/home/tharaka/.m2/repository/javax/validation/validation-api/2.0.1.Final/validation-api-2.0.1.Final.jar:/home/tharaka/.m2/repository/com/fasterxml/jackson/core/jackson-databind/2.11.4/jackson-databind-2.11.4.jar:/home/tharaka/.m2/repository/com/fasterxml/jackson/core/jackson-annotations/2.11.4/jackson-annotations-2.11.4.jar:/home/tharaka/.m2/repository/com/fasterxml/jackson/core/jackson-core/2.11.4/jackson-core-2.11.4.jar:/home/tharaka/.m2/repository/com/google/guava/guava/30.1-jre/guava-30.1-jre.jar:/home/tharaka/.m2/repository/com/google/guava/failureaccess/1.0.1/failureaccess-1.0.1.jar:/home/tharaka/.m2/repository/com/google/guava/listenablefuture/9999.0-empty-to-avoid-conflict-with-guava/listenablefuture-9999.0-empty-to-avoid-conflict-with-guava.jar:/home/tharaka/.m2/repository/com/google/code/findbugs/jsr305/3.0.2/jsr305-3.0.2.jar:/home/tharaka/.m2/repository/org/checkerframework/checker-qual/3.5.0/checker-qual-3.5.0.jar:/home/tharaka/.m2/repository/com/google/errorprone/error_prone_annotations/2.3.4/error_prone_annotations-2.3.4.jar:/home/tharaka/.m2/repository/com/google/j2objc/j2objc-annotations/1.3/j2objc-annotations-1.3.jar:/home/tharaka/.m2/repository/org/apache/tika/tika-core/1.22/tika-core-1.22.jar:/home/tharaka/.m2/repository/junit/junit/4.12/junit-4.12.jar:/home/tharaka/.m2/repository/org/hamcrest/hamcrest-core/1.3/hamcrest-core-1.3.jar:/home/tharaka/.m2/repository/org/mockito/mockito-core/3.2.0/mockito-core-3.2.0.jar:/home/tharaka/.m2/repository/net/bytebuddy/byte-buddy/1.10.3/byte-buddy-1.10.3.jar:/home/tharaka/.m2/repository/net/bytebuddy/byte-buddy-agent/1.10.3/byte-buddy-agent-1.10.3.jar:/home/tharaka/.m2/repository/org/objenesis/objenesis/2.6/objenesis-2.6.jar:/home/tharaka/.m2/repository/org/powermock/powermock-module-junit4/2.0.7/powermock-module-junit4-2.0.7.jar:/home/tharaka/.m2/repository/org/powermock/powermock-module-junit4-common/2.0.7/powermock-module-junit4-common-2.0.7.jar:/home/tharaka/.m2/repository/org/powermock/powermock-reflect/2.0.7/powermock-reflect-2.0.7.jar:/home/tharaka/.m2/repository/org/powermock/powermock-core/2.0.7/powermock-core-2.0.7.jar:/home/tharaka/.m2/repository/org/javassist/javassist/3.27.0-GA/javassist-3.27.0-GA.jar:/home/tharaka/.m2/repository/org/powermock/powermock-api-mockito2/2.0.7/powermock-api-mockito2-2.0.7.jar:/home/tharaka/.m2/repository/org/powermock/powermock-api-support/2.0.7/powermock-api-support-2.0.7.jar:/home/tharaka/.m2/repository/commons-io/commons-io/2.6/commons-io-2.6.jar:/home/tharaka/.m2/repository/io/railflow/testrail-client/2.1/testrail-client-2.1.jar:/home/tharaka/.m2/repository/io/railflow/testrail-client/2.1/testrail-client-2.1-tests.jar:/home/tharaka/.m2/repository/javax/xml/bind/jaxb-api/2.3.0/jaxb-api-2.3.0.jar:/home/tharaka/.m2/repository/com/sun/xml/bind/jaxb-core/2.3.0/jaxb-core-2.3.0.jar:/home/tharaka/.m2/repository/com/sun/xml/bind/jaxb-impl/2.3.0/jaxb-impl-2.3.0.jar:/home/tharaka/.m2/repository/javax/activation/activation/1.1.1/activation-1.1.1.jar:/home/tharaka/.m2/repository/io/qameta/allure/allure-plugin-api/2.13.10/allure-plugin-api-2.13.10.jar:/home/tharaka/.m2/repository/org/apache/commons/commons-csv/1.8/commons-csv-1.8.jar:/home/tharaka/.m2/repository/org/apache/commons/commons-collections4/4.4/commons-collections4-4.4.jar:/home/tharaka/.m2/repository/ch/qos/logback/logback-classic/1.2.3/logback-classic-1.2.3.jar:/home/tharaka/.m2/repository/ch/qos/logback/logback-core/1.2.3/logback-core-1.2.3.jar:"/>
    
    <property name="sun.cpu.endian" value="little"/>
    
    <property name="user.home" value="/home/tharaka"/>
    
    <property name="user.language" value="en"/>
    
    <property name="java.specification.vendor" value="Oracle Corporation"/>
    
    <property name="java.home" value="/usr/lib/jvm/java-8-openjdk-amd64/jre"/>
    
    <property name="basedir" value="/home/tharaka/projects/agiletestware/teamcity_plugins/railflow-java"/>
    
    <property name="file.separator" value="/"/>
    
    <property name="line.separator" value="
"/>
    
    <property name="java.vm.specification.vendor" value="Oracle Corporation"/>
    
    <property name="java.specification.name" value="Java Platform API Specification"/>
    
    <property name="java.awt.graphicsenv" value="sun.awt.X11GraphicsEnvironment"/>
    
    <property name="surefire.real.class.path" value="/home/tharaka/projects/agiletestware/teamcity_plugins/railflow-java/target/surefire/surefirebooter5615321071138040699.jar:/home/tharaka/.m2/repository/org/jacoco/org.jacoco.agent/0.8.2/org.jacoco.agent-0.8.2-runtime.jar"/>
    
    <property name="sun.boot.class.path" value="/usr/lib/jvm/java-8-openjdk-amd64/jre/lib/resources.jar:/usr/lib/jvm/java-8-openjdk-amd64/jre/lib/rt.jar:/usr/lib/jvm/java-8-openjdk-amd64/jre/lib/sunrsasign.jar:/usr/lib/jvm/java-8-openjdk-amd64/jre/lib/jsse.jar:/usr/lib/jvm/java-8-openjdk-amd64/jre/lib/jce.jar:/usr/lib/jvm/java-8-openjdk-amd64/jre/lib/charsets.jar:/usr/lib/jvm/java-8-openjdk-amd64/jre/lib/jfr.jar:/usr/lib/jvm/java-8-openjdk-amd64/jre/classes"/>
    
    <property name="sun.management.compiler" value="HotSpot 64-Bit Tiered Compilers"/>
    
    <property name="java.runtime.version" value="1.8.0_312-8u312-b07-0ubuntu1~20.04-b07"/>
    
    <property name="user.name" value="tharaka"/>
    
    <property name="path.separator" value=":"/>
    
    <property name="os.version" value="5.13.0-28-generic"/>
    
    <property name="java.endorsed.dirs" value="/usr/lib/jvm/java-8-openjdk-amd64/jre/lib/endorsed"/>
    
    <property name="java.runtime.name" value="OpenJDK Runtime Environment"/>
    
    <property name="file.encoding" value="UTF-8"/>
    
    <property name="java.vm.name" value="OpenJDK 64-Bit Server VM"/>
    
    <property name="localRepository" value="/home/tharaka/.m2/repository"/>
    
    <property name="java.vendor.url.bug" value="http://bugreport.sun.com/bugreport/"/>
    
    <property name="java.io.tmpdir" value="/tmp"/>
    
    <property name="java.version" value="1.8.0_312"/>
    
    <property name="user.dir" value="/home/tharaka/projects/agiletestware/teamcity_plugins/railflow-java"/>
    
    <property name="os.arch" value="amd64"/>
    
    <property name="java.vm.specification.name" value="Java Virtual Machine Specification"/>
    
    <property name="java.awt.printerjob" value="sun.print.PSPrinterJob"/>
    
    <property name="sun.os.patch.level" value="unknown"/>
    
    <property name="java.library.path" value="/usr/java/packages/lib/amd64:/usr/lib/x86_64-linux-gnu/jni:/lib/x86_64-linux-gnu:/usr/lib/x86_64-linux-gnu:/usr/lib/jni:/lib:/usr/lib"/>
    
    <property name="java.vm.info" value="mixed mode"/>
    
    <property name="java.vendor" value="Private Build"/>
    
    <property name="java.vm.version" value="25.312-b07"/>
    
    <property name="java.ext.dirs" value="/usr/lib/jvm/java-8-openjdk-amd64/jre/lib/ext:/usr/java/packages/lib/ext"/>
    
    <property name="sun.io.unicode.encoding" value="UnicodeLittle"/>
    
    <property name="java.class.version" value="52.0"/>
    
  </properties>
  
  <testcase name="uploadTestReport_licenseFile" classname="io.railflow.RailflowTest" time="0.158"/>
  
  <testcase name="uploadTestReport_licenseFile_invalid_milestone_path" classname="io.railflow.RailflowTest" time="0.002"/>
  
  <testcase name="uploadTestReport_licenseKey_invalid_milestone_path" classname="io.railflow.RailflowTest" time="0.001"/>
  
  <testcase name="uploadTestReport_licenseKey" classname="io.railflow.RailflowTest" time="0.002"/>
  
</testsuite>
<testsuite xmlns:xsi="http://www.w3.org/2001/XMLSchema-instance" xsi:noNamespaceSchemaLocation="https://maven.apache.org/surefire/maven-surefire-plugin/xsd/surefire-test-report.xsd" name="io.railflow.UploadParametersImplTest" time="0.006" tests="5" errors="0" skipped="0" failures="0">
  
  <properties>
    
    <property name="sun.desktop" value="gnome"/>
    
    <property name="awt.toolkit" value="sun.awt.X11.XToolkit"/>
    
    <property name="file.encoding.pkg" value="sun.io"/>
    
    <property name="java.specification.version" value="1.8"/>
    
    <property name="sun.cpu.isalist" value=""/>
    
    <property name="sun.jnu.encoding" value="UTF-8"/>
    
    <property name="java.class.path" value="/home/tharaka/projects/agiletestware/teamcity_plugins/railflow-java/target/test-classes:/home/tharaka/projects/agiletestware/teamcity_plugins/railflow-java/target/classes:/home/tharaka/.m2/repository/io/railflow/license/1.0/license-1.0.jar:/home/tharaka/.m2/repository/io/railflow/commons/1.0/commons-1.0.jar:/home/tharaka/.m2/repository/org/apache/commons/commons-lang3/3.11/commons-lang3-3.11.jar:/home/tharaka/.m2/repository/org/apache/httpcomponents/httpclient/4.5.2/httpclient-4.5.2.jar:/home/tharaka/.m2/repository/org/apache/httpcomponents/httpcore/4.4.4/httpcore-4.4.4.jar:/home/tharaka/.m2/repository/commons-logging/commons-logging/1.2/commons-logging-1.2.jar:/home/tharaka/.m2/repository/org/apache/httpcomponents/httpmime/4.5.2/httpmime-4.5.2.jar:/home/tharaka/.m2/repository/org/slf4j/slf4j-api/1.7.25/slf4j-api-1.7.25.jar:/home/tharaka/.m2/repository/com/google/code/gson/gson/2.8.5/gson-2.8.5.jar:/home/tharaka/.m2/repository/commons-codec/commons-codec/1.15/commons-codec-1.15.jar:/home/tharaka/.m2/repository/javax/validation/validation-api/2.0.1.Final/validation-api-2.0.1.Final.jar:/home/tharaka/.m2/repository/com/fasterxml/jackson/core/jackson-databind/2.11.4/jackson-databind-2.11.4.jar:/home/tharaka/.m2/repository/com/fasterxml/jackson/core/jackson-annotations/2.11.4/jackson-annotations-2.11.4.jar:/home/tharaka/.m2/repository/com/fasterxml/jackson/core/jackson-core/2.11.4/jackson-core-2.11.4.jar:/home/tharaka/.m2/repository/com/google/guava/guava/30.1-jre/guava-30.1-jre.jar:/home/tharaka/.m2/repository/com/google/guava/failureaccess/1.0.1/failureaccess-1.0.1.jar:/home/tharaka/.m2/repository/com/google/guava/listenablefuture/9999.0-empty-to-avoid-conflict-with-guava/listenablefuture-9999.0-empty-to-avoid-conflict-with-guava.jar:/home/tharaka/.m2/repository/com/google/code/findbugs/jsr305/3.0.2/jsr305-3.0.2.jar:/home/tharaka/.m2/repository/org/checkerframework/checker-qual/3.5.0/checker-qual-3.5.0.jar:/home/tharaka/.m2/repository/com/google/errorprone/error_prone_annotations/2.3.4/error_prone_annotations-2.3.4.jar:/home/tharaka/.m2/repository/com/google/j2objc/j2objc-annotations/1.3/j2objc-annotations-1.3.jar:/home/tharaka/.m2/repository/org/apache/tika/tika-core/1.22/tika-core-1.22.jar:/home/tharaka/.m2/repository/junit/junit/4.12/junit-4.12.jar:/home/tharaka/.m2/repository/org/hamcrest/hamcrest-core/1.3/hamcrest-core-1.3.jar:/home/tharaka/.m2/repository/org/mockito/mockito-core/3.2.0/mockito-core-3.2.0.jar:/home/tharaka/.m2/repository/net/bytebuddy/byte-buddy/1.10.3/byte-buddy-1.10.3.jar:/home/tharaka/.m2/repository/net/bytebuddy/byte-buddy-agent/1.10.3/byte-buddy-agent-1.10.3.jar:/home/tharaka/.m2/repository/org/objenesis/objenesis/2.6/objenesis-2.6.jar:/home/tharaka/.m2/repository/org/powermock/powermock-module-junit4/2.0.7/powermock-module-junit4-2.0.7.jar:/home/tharaka/.m2/repository/org/powermock/powermock-module-junit4-common/2.0.7/powermock-module-junit4-common-2.0.7.jar:/home/tharaka/.m2/repository/org/powermock/powermock-reflect/2.0.7/powermock-reflect-2.0.7.jar:/home/tharaka/.m2/repository/org/powermock/powermock-core/2.0.7/powermock-core-2.0.7.jar:/home/tharaka/.m2/repository/org/javassist/javassist/3.27.0-GA/javassist-3.27.0-GA.jar:/home/tharaka/.m2/repository/org/powermock/powermock-api-mockito2/2.0.7/powermock-api-mockito2-2.0.7.jar:/home/tharaka/.m2/repository/org/powermock/powermock-api-support/2.0.7/powermock-api-support-2.0.7.jar:/home/tharaka/.m2/repository/commons-io/commons-io/2.6/commons-io-2.6.jar:/home/tharaka/.m2/repository/io/railflow/testrail-client/2.1/testrail-client-2.1.jar:/home/tharaka/.m2/repository/io/railflow/testrail-client/2.1/testrail-client-2.1-tests.jar:/home/tharaka/.m2/repository/javax/xml/bind/jaxb-api/2.3.0/jaxb-api-2.3.0.jar:/home/tharaka/.m2/repository/com/sun/xml/bind/jaxb-core/2.3.0/jaxb-core-2.3.0.jar:/home/tharaka/.m2/repository/com/sun/xml/bind/jaxb-impl/2.3.0/jaxb-impl-2.3.0.jar:/home/tharaka/.m2/repository/javax/activation/activation/1.1.1/activation-1.1.1.jar:/home/tharaka/.m2/repository/io/qameta/allure/allure-plugin-api/2.13.10/allure-plugin-api-2.13.10.jar:/home/tharaka/.m2/repository/org/apache/commons/commons-csv/1.8/commons-csv-1.8.jar:/home/tharaka/.m2/repository/org/apache/commons/commons-collections4/4.4/commons-collections4-4.4.jar:/home/tharaka/.m2/repository/ch/qos/logback/logback-classic/1.2.3/logback-classic-1.2.3.jar:/home/tharaka/.m2/repository/ch/qos/logback/logback-core/1.2.3/logback-core-1.2.3.jar:"/>
    
    <property name="java.vm.vendor" value="Private Build"/>
    
    <property name="sun.arch.data.model" value="64"/>
    
    <property name="java.vendor.url" value="http://java.oracle.com/"/>
    
    <property name="user.timezone" value=""/>
    
    <property name="java.vm.specification.version" value="1.8"/>
    
    <property name="os.name" value="Linux"/>
    
    <property name="user.country" value="US"/>
    
    <property name="sun.java.launcher" value="SUN_STANDARD"/>
    
    <property name="sun.boot.library.path" value="/usr/lib/jvm/java-8-openjdk-amd64/jre/lib/amd64"/>
    
    <property name="sun.java.command" value="/home/tharaka/projects/agiletestware/teamcity_plugins/railflow-java/target/surefire/surefirebooter5615321071138040699.jar /home/tharaka/projects/agiletestware/teamcity_plugins/railflow-java/target/surefire 2022-02-04T09-29-42_375-jvmRun1 surefire3251150644889157875tmp surefire_03548316204226868521tmp"/>
    
    <property name="surefire.test.class.path" value="/home/tharaka/projects/agiletestware/teamcity_plugins/railflow-java/target/test-classes:/home/tharaka/projects/agiletestware/teamcity_plugins/railflow-java/target/classes:/home/tharaka/.m2/repository/io/railflow/license/1.0/license-1.0.jar:/home/tharaka/.m2/repository/io/railflow/commons/1.0/commons-1.0.jar:/home/tharaka/.m2/repository/org/apache/commons/commons-lang3/3.11/commons-lang3-3.11.jar:/home/tharaka/.m2/repository/org/apache/httpcomponents/httpclient/4.5.2/httpclient-4.5.2.jar:/home/tharaka/.m2/repository/org/apache/httpcomponents/httpcore/4.4.4/httpcore-4.4.4.jar:/home/tharaka/.m2/repository/commons-logging/commons-logging/1.2/commons-logging-1.2.jar:/home/tharaka/.m2/repository/org/apache/httpcomponents/httpmime/4.5.2/httpmime-4.5.2.jar:/home/tharaka/.m2/repository/org/slf4j/slf4j-api/1.7.25/slf4j-api-1.7.25.jar:/home/tharaka/.m2/repository/com/google/code/gson/gson/2.8.5/gson-2.8.5.jar:/home/tharaka/.m2/repository/commons-codec/commons-codec/1.15/commons-codec-1.15.jar:/home/tharaka/.m2/repository/javax/validation/validation-api/2.0.1.Final/validation-api-2.0.1.Final.jar:/home/tharaka/.m2/repository/com/fasterxml/jackson/core/jackson-databind/2.11.4/jackson-databind-2.11.4.jar:/home/tharaka/.m2/repository/com/fasterxml/jackson/core/jackson-annotations/2.11.4/jackson-annotations-2.11.4.jar:/home/tharaka/.m2/repository/com/fasterxml/jackson/core/jackson-core/2.11.4/jackson-core-2.11.4.jar:/home/tharaka/.m2/repository/com/google/guava/guava/30.1-jre/guava-30.1-jre.jar:/home/tharaka/.m2/repository/com/google/guava/failureaccess/1.0.1/failureaccess-1.0.1.jar:/home/tharaka/.m2/repository/com/google/guava/listenablefuture/9999.0-empty-to-avoid-conflict-with-guava/listenablefuture-9999.0-empty-to-avoid-conflict-with-guava.jar:/home/tharaka/.m2/repository/com/google/code/findbugs/jsr305/3.0.2/jsr305-3.0.2.jar:/home/tharaka/.m2/repository/org/checkerframework/checker-qual/3.5.0/checker-qual-3.5.0.jar:/home/tharaka/.m2/repository/com/google/errorprone/error_prone_annotations/2.3.4/error_prone_annotations-2.3.4.jar:/home/tharaka/.m2/repository/com/google/j2objc/j2objc-annotations/1.3/j2objc-annotations-1.3.jar:/home/tharaka/.m2/repository/org/apache/tika/tika-core/1.22/tika-core-1.22.jar:/home/tharaka/.m2/repository/junit/junit/4.12/junit-4.12.jar:/home/tharaka/.m2/repository/org/hamcrest/hamcrest-core/1.3/hamcrest-core-1.3.jar:/home/tharaka/.m2/repository/org/mockito/mockito-core/3.2.0/mockito-core-3.2.0.jar:/home/tharaka/.m2/repository/net/bytebuddy/byte-buddy/1.10.3/byte-buddy-1.10.3.jar:/home/tharaka/.m2/repository/net/bytebuddy/byte-buddy-agent/1.10.3/byte-buddy-agent-1.10.3.jar:/home/tharaka/.m2/repository/org/objenesis/objenesis/2.6/objenesis-2.6.jar:/home/tharaka/.m2/repository/org/powermock/powermock-module-junit4/2.0.7/powermock-module-junit4-2.0.7.jar:/home/tharaka/.m2/repository/org/powermock/powermock-module-junit4-common/2.0.7/powermock-module-junit4-common-2.0.7.jar:/home/tharaka/.m2/repository/org/powermock/powermock-reflect/2.0.7/powermock-reflect-2.0.7.jar:/home/tharaka/.m2/repository/org/powermock/powermock-core/2.0.7/powermock-core-2.0.7.jar:/home/tharaka/.m2/repository/org/javassist/javassist/3.27.0-GA/javassist-3.27.0-GA.jar:/home/tharaka/.m2/repository/org/powermock/powermock-api-mockito2/2.0.7/powermock-api-mockito2-2.0.7.jar:/home/tharaka/.m2/repository/org/powermock/powermock-api-support/2.0.7/powermock-api-support-2.0.7.jar:/home/tharaka/.m2/repository/commons-io/commons-io/2.6/commons-io-2.6.jar:/home/tharaka/.m2/repository/io/railflow/testrail-client/2.1/testrail-client-2.1.jar:/home/tharaka/.m2/repository/io/railflow/testrail-client/2.1/testrail-client-2.1-tests.jar:/home/tharaka/.m2/repository/javax/xml/bind/jaxb-api/2.3.0/jaxb-api-2.3.0.jar:/home/tharaka/.m2/repository/com/sun/xml/bind/jaxb-core/2.3.0/jaxb-core-2.3.0.jar:/home/tharaka/.m2/repository/com/sun/xml/bind/jaxb-impl/2.3.0/jaxb-impl-2.3.0.jar:/home/tharaka/.m2/repository/javax/activation/activation/1.1.1/activation-1.1.1.jar:/home/tharaka/.m2/repository/io/qameta/allure/allure-plugin-api/2.13.10/allure-plugin-api-2.13.10.jar:/home/tharaka/.m2/repository/org/apache/commons/commons-csv/1.8/commons-csv-1.8.jar:/home/tharaka/.m2/repository/org/apache/commons/commons-collections4/4.4/commons-collections4-4.4.jar:/home/tharaka/.m2/repository/ch/qos/logback/logback-classic/1.2.3/logback-classic-1.2.3.jar:/home/tharaka/.m2/repository/ch/qos/logback/logback-core/1.2.3/logback-core-1.2.3.jar:"/>
    
    <property name="sun.cpu.endian" value="little"/>
    
    <property name="user.home" value="/home/tharaka"/>
    
    <property name="user.language" value="en"/>
    
    <property name="java.specification.vendor" value="Oracle Corporation"/>
    
    <property name="java.home" value="/usr/lib/jvm/java-8-openjdk-amd64/jre"/>
    
    <property name="basedir" value="/home/tharaka/projects/agiletestware/teamcity_plugins/railflow-java"/>
    
    <property name="file.separator" value="/"/>
    
    <property name="line.separator" value="
"/>
    
    <property name="java.vm.specification.vendor" value="Oracle Corporation"/>
    
    <property name="java.specification.name" value="Java Platform API Specification"/>
    
    <property name="java.awt.graphicsenv" value="sun.awt.X11GraphicsEnvironment"/>
    
    <property name="surefire.real.class.path" value="/home/tharaka/projects/agiletestware/teamcity_plugins/railflow-java/target/surefire/surefirebooter5615321071138040699.jar:/home/tharaka/.m2/repository/org/jacoco/org.jacoco.agent/0.8.2/org.jacoco.agent-0.8.2-runtime.jar"/>
    
    <property name="sun.boot.class.path" value="/usr/lib/jvm/java-8-openjdk-amd64/jre/lib/resources.jar:/usr/lib/jvm/java-8-openjdk-amd64/jre/lib/rt.jar:/usr/lib/jvm/java-8-openjdk-amd64/jre/lib/sunrsasign.jar:/usr/lib/jvm/java-8-openjdk-amd64/jre/lib/jsse.jar:/usr/lib/jvm/java-8-openjdk-amd64/jre/lib/jce.jar:/usr/lib/jvm/java-8-openjdk-amd64/jre/lib/charsets.jar:/usr/lib/jvm/java-8-openjdk-amd64/jre/lib/jfr.jar:/usr/lib/jvm/java-8-openjdk-amd64/jre/classes"/>
    
    <property name="sun.management.compiler" value="HotSpot 64-Bit Tiered Compilers"/>
    
    <property name="java.runtime.version" value="1.8.0_312-8u312-b07-0ubuntu1~20.04-b07"/>
    
    <property name="user.name" value="tharaka"/>
    
    <property name="path.separator" value=":"/>
    
    <property name="os.version" value="5.13.0-28-generic"/>
    
    <property name="java.endorsed.dirs" value="/usr/lib/jvm/java-8-openjdk-amd64/jre/lib/endorsed"/>
    
    <property name="java.runtime.name" value="OpenJDK Runtime Environment"/>
    
    <property name="file.encoding" value="UTF-8"/>
    
    <property name="java.vm.name" value="OpenJDK 64-Bit Server VM"/>
    
    <property name="localRepository" value="/home/tharaka/.m2/repository"/>
    
    <property name="java.vendor.url.bug" value="http://bugreport.sun.com/bugreport/"/>
    
    <property name="java.io.tmpdir" value="/tmp"/>
    
    <property name="java.version" value="1.8.0_312"/>
    
    <property name="user.dir" value="/home/tharaka/projects/agiletestware/teamcity_plugins/railflow-java"/>
    
    <property name="os.arch" value="amd64"/>
    
    <property name="java.vm.specification.name" value="Java Virtual Machine Specification"/>
    
    <property name="java.awt.printerjob" value="sun.print.PSPrinterJob"/>
    
    <property name="sun.os.patch.level" value="unknown"/>
    
    <property name="java.library.path" value="/usr/java/packages/lib/amd64:/usr/lib/x86_64-linux-gnu/jni:/lib/x86_64-linux-gnu:/usr/lib/x86_64-linux-gnu:/usr/lib/jni:/lib:/usr/lib"/>
    
    <property name="java.vm.info" value="mixed mode"/>
    
    <property name="java.vendor" value="Private Build"/>
    
    <property name="java.vm.version" value="25.312-b07"/>
    
    <property name="java.ext.dirs" value="/usr/lib/jvm/java-8-openjdk-amd64/jre/lib/ext:/usr/java/packages/lib/ext"/>
    
    <property name="sun.io.unicode.encoding" value="UnicodeLittle"/>
    
    <property name="java.class.version" value="52.0"/>
    
  </properties>
  
  <testcase name="constructor" classname="io.railflow.UploadParametersImplTest" time="0"/>
  
  <testcase name="constructor_nullReportFormat_error" classname="io.railflow.UploadParametersImplTest" time="0"/>
  
  <testcase name="constructor_nullTestPath_error" classname="io.railflow.UploadParametersImplTest" time="0"/>
  
  <testcase name="constructor_nullSearchMode_error" classname="io.railflow.UploadParametersImplTest" time="0"/>
  
  <testcase name="constructor_nullProject_error" classname="io.railflow.UploadParametersImplTest" time="0"/>
  
</testsuite>
<testsuite xmlns:xsi="http://www.w3.org/2001/XMLSchema-instance" xsi:noNamespaceSchemaLocation="https://maven.apache.org/surefire/maven-surefire-plugin/xsd/surefire-test-report.xsd" name="io.railflow.UploadParametersTest" time="0.037" tests="2" errors="0" skipped="0" failures="0">
  
  <properties>
    
    <property name="sun.desktop" value="gnome"/>
    
    <property name="awt.toolkit" value="sun.awt.X11.XToolkit"/>
    
    <property name="file.encoding.pkg" value="sun.io"/>
    
    <property name="java.specification.version" value="1.8"/>
    
    <property name="sun.cpu.isalist" value=""/>
    
    <property name="sun.jnu.encoding" value="UTF-8"/>
    
    <property name="java.class.path" value="/home/tharaka/projects/agiletestware/teamcity_plugins/railflow-java/target/test-classes:/home/tharaka/projects/agiletestware/teamcity_plugins/railflow-java/target/classes:/home/tharaka/.m2/repository/io/railflow/license/1.0/license-1.0.jar:/home/tharaka/.m2/repository/io/railflow/commons/1.0/commons-1.0.jar:/home/tharaka/.m2/repository/org/apache/commons/commons-lang3/3.11/commons-lang3-3.11.jar:/home/tharaka/.m2/repository/org/apache/httpcomponents/httpclient/4.5.2/httpclient-4.5.2.jar:/home/tharaka/.m2/repository/org/apache/httpcomponents/httpcore/4.4.4/httpcore-4.4.4.jar:/home/tharaka/.m2/repository/commons-logging/commons-logging/1.2/commons-logging-1.2.jar:/home/tharaka/.m2/repository/org/apache/httpcomponents/httpmime/4.5.2/httpmime-4.5.2.jar:/home/tharaka/.m2/repository/org/slf4j/slf4j-api/1.7.25/slf4j-api-1.7.25.jar:/home/tharaka/.m2/repository/com/google/code/gson/gson/2.8.5/gson-2.8.5.jar:/home/tharaka/.m2/repository/commons-codec/commons-codec/1.15/commons-codec-1.15.jar:/home/tharaka/.m2/repository/javax/validation/validation-api/2.0.1.Final/validation-api-2.0.1.Final.jar:/home/tharaka/.m2/repository/com/fasterxml/jackson/core/jackson-databind/2.11.4/jackson-databind-2.11.4.jar:/home/tharaka/.m2/repository/com/fasterxml/jackson/core/jackson-annotations/2.11.4/jackson-annotations-2.11.4.jar:/home/tharaka/.m2/repository/com/fasterxml/jackson/core/jackson-core/2.11.4/jackson-core-2.11.4.jar:/home/tharaka/.m2/repository/com/google/guava/guava/30.1-jre/guava-30.1-jre.jar:/home/tharaka/.m2/repository/com/google/guava/failureaccess/1.0.1/failureaccess-1.0.1.jar:/home/tharaka/.m2/repository/com/google/guava/listenablefuture/9999.0-empty-to-avoid-conflict-with-guava/listenablefuture-9999.0-empty-to-avoid-conflict-with-guava.jar:/home/tharaka/.m2/repository/com/google/code/findbugs/jsr305/3.0.2/jsr305-3.0.2.jar:/home/tharaka/.m2/repository/org/checkerframework/checker-qual/3.5.0/checker-qual-3.5.0.jar:/home/tharaka/.m2/repository/com/google/errorprone/error_prone_annotations/2.3.4/error_prone_annotations-2.3.4.jar:/home/tharaka/.m2/repository/com/google/j2objc/j2objc-annotations/1.3/j2objc-annotations-1.3.jar:/home/tharaka/.m2/repository/org/apache/tika/tika-core/1.22/tika-core-1.22.jar:/home/tharaka/.m2/repository/junit/junit/4.12/junit-4.12.jar:/home/tharaka/.m2/repository/org/hamcrest/hamcrest-core/1.3/hamcrest-core-1.3.jar:/home/tharaka/.m2/repository/org/mockito/mockito-core/3.2.0/mockito-core-3.2.0.jar:/home/tharaka/.m2/repository/net/bytebuddy/byte-buddy/1.10.3/byte-buddy-1.10.3.jar:/home/tharaka/.m2/repository/net/bytebuddy/byte-buddy-agent/1.10.3/byte-buddy-agent-1.10.3.jar:/home/tharaka/.m2/repository/org/objenesis/objenesis/2.6/objenesis-2.6.jar:/home/tharaka/.m2/repository/org/powermock/powermock-module-junit4/2.0.7/powermock-module-junit4-2.0.7.jar:/home/tharaka/.m2/repository/org/powermock/powermock-module-junit4-common/2.0.7/powermock-module-junit4-common-2.0.7.jar:/home/tharaka/.m2/repository/org/powermock/powermock-reflect/2.0.7/powermock-reflect-2.0.7.jar:/home/tharaka/.m2/repository/org/powermock/powermock-core/2.0.7/powermock-core-2.0.7.jar:/home/tharaka/.m2/repository/org/javassist/javassist/3.27.0-GA/javassist-3.27.0-GA.jar:/home/tharaka/.m2/repository/org/powermock/powermock-api-mockito2/2.0.7/powermock-api-mockito2-2.0.7.jar:/home/tharaka/.m2/repository/org/powermock/powermock-api-support/2.0.7/powermock-api-support-2.0.7.jar:/home/tharaka/.m2/repository/commons-io/commons-io/2.6/commons-io-2.6.jar:/home/tharaka/.m2/repository/io/railflow/testrail-client/2.1/testrail-client-2.1.jar:/home/tharaka/.m2/repository/io/railflow/testrail-client/2.1/testrail-client-2.1-tests.jar:/home/tharaka/.m2/repository/javax/xml/bind/jaxb-api/2.3.0/jaxb-api-2.3.0.jar:/home/tharaka/.m2/repository/com/sun/xml/bind/jaxb-core/2.3.0/jaxb-core-2.3.0.jar:/home/tharaka/.m2/repository/com/sun/xml/bind/jaxb-impl/2.3.0/jaxb-impl-2.3.0.jar:/home/tharaka/.m2/repository/javax/activation/activation/1.1.1/activation-1.1.1.jar:/home/tharaka/.m2/repository/io/qameta/allure/allure-plugin-api/2.13.10/allure-plugin-api-2.13.10.jar:/home/tharaka/.m2/repository/org/apache/commons/commons-csv/1.8/commons-csv-1.8.jar:/home/tharaka/.m2/repository/org/apache/commons/commons-collections4/4.4/commons-collections4-4.4.jar:/home/tharaka/.m2/repository/ch/qos/logback/logback-classic/1.2.3/logback-classic-1.2.3.jar:/home/tharaka/.m2/repository/ch/qos/logback/logback-core/1.2.3/logback-core-1.2.3.jar:"/>
    
    <property name="java.vm.vendor" value="Private Build"/>
    
    <property name="sun.arch.data.model" value="64"/>
    
    <property name="java.vendor.url" value="http://java.oracle.com/"/>
    
    <property name="user.timezone" value=""/>
    
    <property name="java.vm.specification.version" value="1.8"/>
    
    <property name="os.name" value="Linux"/>
    
    <property name="user.country" value="US"/>
    
    <property name="sun.java.launcher" value="SUN_STANDARD"/>
    
    <property name="sun.boot.library.path" value="/usr/lib/jvm/java-8-openjdk-amd64/jre/lib/amd64"/>
    
    <property name="sun.java.command" value="/home/tharaka/projects/agiletestware/teamcity_plugins/railflow-java/target/surefire/surefirebooter5615321071138040699.jar /home/tharaka/projects/agiletestware/teamcity_plugins/railflow-java/target/surefire 2022-02-04T09-29-42_375-jvmRun1 surefire3251150644889157875tmp surefire_03548316204226868521tmp"/>
    
    <property name="surefire.test.class.path" value="/home/tharaka/projects/agiletestware/teamcity_plugins/railflow-java/target/test-classes:/home/tharaka/projects/agiletestware/teamcity_plugins/railflow-java/target/classes:/home/tharaka/.m2/repository/io/railflow/license/1.0/license-1.0.jar:/home/tharaka/.m2/repository/io/railflow/commons/1.0/commons-1.0.jar:/home/tharaka/.m2/repository/org/apache/commons/commons-lang3/3.11/commons-lang3-3.11.jar:/home/tharaka/.m2/repository/org/apache/httpcomponents/httpclient/4.5.2/httpclient-4.5.2.jar:/home/tharaka/.m2/repository/org/apache/httpcomponents/httpcore/4.4.4/httpcore-4.4.4.jar:/home/tharaka/.m2/repository/commons-logging/commons-logging/1.2/commons-logging-1.2.jar:/home/tharaka/.m2/repository/org/apache/httpcomponents/httpmime/4.5.2/httpmime-4.5.2.jar:/home/tharaka/.m2/repository/org/slf4j/slf4j-api/1.7.25/slf4j-api-1.7.25.jar:/home/tharaka/.m2/repository/com/google/code/gson/gson/2.8.5/gson-2.8.5.jar:/home/tharaka/.m2/repository/commons-codec/commons-codec/1.15/commons-codec-1.15.jar:/home/tharaka/.m2/repository/javax/validation/validation-api/2.0.1.Final/validation-api-2.0.1.Final.jar:/home/tharaka/.m2/repository/com/fasterxml/jackson/core/jackson-databind/2.11.4/jackson-databind-2.11.4.jar:/home/tharaka/.m2/repository/com/fasterxml/jackson/core/jackson-annotations/2.11.4/jackson-annotations-2.11.4.jar:/home/tharaka/.m2/repository/com/fasterxml/jackson/core/jackson-core/2.11.4/jackson-core-2.11.4.jar:/home/tharaka/.m2/repository/com/google/guava/guava/30.1-jre/guava-30.1-jre.jar:/home/tharaka/.m2/repository/com/google/guava/failureaccess/1.0.1/failureaccess-1.0.1.jar:/home/tharaka/.m2/repository/com/google/guava/listenablefuture/9999.0-empty-to-avoid-conflict-with-guava/listenablefuture-9999.0-empty-to-avoid-conflict-with-guava.jar:/home/tharaka/.m2/repository/com/google/code/findbugs/jsr305/3.0.2/jsr305-3.0.2.jar:/home/tharaka/.m2/repository/org/checkerframework/checker-qual/3.5.0/checker-qual-3.5.0.jar:/home/tharaka/.m2/repository/com/google/errorprone/error_prone_annotations/2.3.4/error_prone_annotations-2.3.4.jar:/home/tharaka/.m2/repository/com/google/j2objc/j2objc-annotations/1.3/j2objc-annotations-1.3.jar:/home/tharaka/.m2/repository/org/apache/tika/tika-core/1.22/tika-core-1.22.jar:/home/tharaka/.m2/repository/junit/junit/4.12/junit-4.12.jar:/home/tharaka/.m2/repository/org/hamcrest/hamcrest-core/1.3/hamcrest-core-1.3.jar:/home/tharaka/.m2/repository/org/mockito/mockito-core/3.2.0/mockito-core-3.2.0.jar:/home/tharaka/.m2/repository/net/bytebuddy/byte-buddy/1.10.3/byte-buddy-1.10.3.jar:/home/tharaka/.m2/repository/net/bytebuddy/byte-buddy-agent/1.10.3/byte-buddy-agent-1.10.3.jar:/home/tharaka/.m2/repository/org/objenesis/objenesis/2.6/objenesis-2.6.jar:/home/tharaka/.m2/repository/org/powermock/powermock-module-junit4/2.0.7/powermock-module-junit4-2.0.7.jar:/home/tharaka/.m2/repository/org/powermock/powermock-module-junit4-common/2.0.7/powermock-module-junit4-common-2.0.7.jar:/home/tharaka/.m2/repository/org/powermock/powermock-reflect/2.0.7/powermock-reflect-2.0.7.jar:/home/tharaka/.m2/repository/org/powermock/powermock-core/2.0.7/powermock-core-2.0.7.jar:/home/tharaka/.m2/repository/org/javassist/javassist/3.27.0-GA/javassist-3.27.0-GA.jar:/home/tharaka/.m2/repository/org/powermock/powermock-api-mockito2/2.0.7/powermock-api-mockito2-2.0.7.jar:/home/tharaka/.m2/repository/org/powermock/powermock-api-support/2.0.7/powermock-api-support-2.0.7.jar:/home/tharaka/.m2/repository/commons-io/commons-io/2.6/commons-io-2.6.jar:/home/tharaka/.m2/repository/io/railflow/testrail-client/2.1/testrail-client-2.1.jar:/home/tharaka/.m2/repository/io/railflow/testrail-client/2.1/testrail-client-2.1-tests.jar:/home/tharaka/.m2/repository/javax/xml/bind/jaxb-api/2.3.0/jaxb-api-2.3.0.jar:/home/tharaka/.m2/repository/com/sun/xml/bind/jaxb-core/2.3.0/jaxb-core-2.3.0.jar:/home/tharaka/.m2/repository/com/sun/xml/bind/jaxb-impl/2.3.0/jaxb-impl-2.3.0.jar:/home/tharaka/.m2/repository/javax/activation/activation/1.1.1/activation-1.1.1.jar:/home/tharaka/.m2/repository/io/qameta/allure/allure-plugin-api/2.13.10/allure-plugin-api-2.13.10.jar:/home/tharaka/.m2/repository/org/apache/commons/commons-csv/1.8/commons-csv-1.8.jar:/home/tharaka/.m2/repository/org/apache/commons/commons-collections4/4.4/commons-collections4-4.4.jar:/home/tharaka/.m2/repository/ch/qos/logback/logback-classic/1.2.3/logback-classic-1.2.3.jar:/home/tharaka/.m2/repository/ch/qos/logback/logback-core/1.2.3/logback-core-1.2.3.jar:"/>
    
    <property name="sun.cpu.endian" value="little"/>
    
    <property name="user.home" value="/home/tharaka"/>
    
    <property name="user.language" value="en"/>
    
    <property name="java.specification.vendor" value="Oracle Corporation"/>
    
    <property name="java.home" value="/usr/lib/jvm/java-8-openjdk-amd64/jre"/>
    
    <property name="basedir" value="/home/tharaka/projects/agiletestware/teamcity_plugins/railflow-java"/>
    
    <property name="file.separator" value="/"/>
    
    <property name="line.separator" value="
"/>
    
    <property name="java.vm.specification.vendor" value="Oracle Corporation"/>
    
    <property name="java.specification.name" value="Java Platform API Specification"/>
    
    <property name="java.awt.graphicsenv" value="sun.awt.X11GraphicsEnvironment"/>
    
    <property name="surefire.real.class.path" value="/home/tharaka/projects/agiletestware/teamcity_plugins/railflow-java/target/surefire/surefirebooter5615321071138040699.jar:/home/tharaka/.m2/repository/org/jacoco/org.jacoco.agent/0.8.2/org.jacoco.agent-0.8.2-runtime.jar"/>
    
    <property name="sun.boot.class.path" value="/usr/lib/jvm/java-8-openjdk-amd64/jre/lib/resources.jar:/usr/lib/jvm/java-8-openjdk-amd64/jre/lib/rt.jar:/usr/lib/jvm/java-8-openjdk-amd64/jre/lib/sunrsasign.jar:/usr/lib/jvm/java-8-openjdk-amd64/jre/lib/jsse.jar:/usr/lib/jvm/java-8-openjdk-amd64/jre/lib/jce.jar:/usr/lib/jvm/java-8-openjdk-amd64/jre/lib/charsets.jar:/usr/lib/jvm/java-8-openjdk-amd64/jre/lib/jfr.jar:/usr/lib/jvm/java-8-openjdk-amd64/jre/classes"/>
    
    <property name="sun.management.compiler" value="HotSpot 64-Bit Tiered Compilers"/>
    
    <property name="java.runtime.version" value="1.8.0_312-8u312-b07-0ubuntu1~20.04-b07"/>
    
    <property name="user.name" value="tharaka"/>
    
    <property name="path.separator" value=":"/>
    
    <property name="os.version" value="5.13.0-28-generic"/>
    
    <property name="java.endorsed.dirs" value="/usr/lib/jvm/java-8-openjdk-amd64/jre/lib/endorsed"/>
    
    <property name="java.runtime.name" value="OpenJDK Runtime Environment"/>
    
    <property name="file.encoding" value="UTF-8"/>
    
    <property name="java.vm.name" value="OpenJDK 64-Bit Server VM"/>
    
    <property name="localRepository" value="/home/tharaka/.m2/repository"/>
    
    <property name="java.vendor.url.bug" value="http://bugreport.sun.com/bugreport/"/>
    
    <property name="java.io.tmpdir" value="/tmp"/>
    
    <property name="java.version" value="1.8.0_312"/>
    
    <property name="user.dir" value="/home/tharaka/projects/agiletestware/teamcity_plugins/railflow-java"/>
    
    <property name="os.arch" value="amd64"/>
    
    <property name="java.vm.specification.name" value="Java Virtual Machine Specification"/>
    
    <property name="java.awt.printerjob" value="sun.print.PSPrinterJob"/>
    
    <property name="sun.os.patch.level" value="unknown"/>
    
    <property name="java.library.path" value="/usr/java/packages/lib/amd64:/usr/lib/x86_64-linux-gnu/jni:/lib/x86_64-linux-gnu:/usr/lib/x86_64-linux-gnu:/usr/lib/jni:/lib:/usr/lib"/>
    
    <property name="java.vm.info" value="mixed mode"/>
    
    <property name="java.vendor" value="Private Build"/>
    
    <property name="java.vm.version" value="25.312-b07"/>
    
    <property name="java.ext.dirs" value="/usr/lib/jvm/java-8-openjdk-amd64/jre/lib/ext:/usr/java/packages/lib/ext"/>
    
    <property name="sun.io.unicode.encoding" value="UnicodeLittle"/>
    
    <property name="java.class.version" value="52.0"/>
    
  </properties>
  
  <testcase name="builder_setAllProperties" classname="io.railflow.UploadParametersTest" time="0"/>
  
  <testcase name="builder_dontSetAnyProperties" classname="io.railflow.UploadParametersTest" time="0.001"/>
  
</testsuite>
<testsuite xmlns:xsi="http://www.w3.org/2001/XMLSchema-instance" xsi:noNamespaceSchemaLocation="https://maven.apache.org/surefire/maven-surefire-plugin/xsd/surefire-test-report.xsd" name="io.railflow.beats.EventClientImplTest" time="2.161" tests="1" errors="0" skipped="0" failures="0">
  
  <properties>
    
    <property name="sun.desktop" value="gnome"/>
    
    <property name="awt.toolkit" value="sun.awt.X11.XToolkit"/>
    
    <property name="file.encoding.pkg" value="sun.io"/>
    
    <property name="java.specification.version" value="1.8"/>
    
    <property name="sun.cpu.isalist" value=""/>
    
    <property name="sun.jnu.encoding" value="UTF-8"/>
    
    <property name="java.class.path" value="/home/tharaka/projects/agiletestware/teamcity_plugins/railflow-java/target/test-classes:/home/tharaka/projects/agiletestware/teamcity_plugins/railflow-java/target/classes:/home/tharaka/.m2/repository/io/railflow/license/1.0/license-1.0.jar:/home/tharaka/.m2/repository/io/railflow/commons/1.0/commons-1.0.jar:/home/tharaka/.m2/repository/org/apache/commons/commons-lang3/3.11/commons-lang3-3.11.jar:/home/tharaka/.m2/repository/org/apache/httpcomponents/httpclient/4.5.2/httpclient-4.5.2.jar:/home/tharaka/.m2/repository/org/apache/httpcomponents/httpcore/4.4.4/httpcore-4.4.4.jar:/home/tharaka/.m2/repository/commons-logging/commons-logging/1.2/commons-logging-1.2.jar:/home/tharaka/.m2/repository/org/apache/httpcomponents/httpmime/4.5.2/httpmime-4.5.2.jar:/home/tharaka/.m2/repository/org/slf4j/slf4j-api/1.7.25/slf4j-api-1.7.25.jar:/home/tharaka/.m2/repository/com/google/code/gson/gson/2.8.5/gson-2.8.5.jar:/home/tharaka/.m2/repository/commons-codec/commons-codec/1.15/commons-codec-1.15.jar:/home/tharaka/.m2/repository/javax/validation/validation-api/2.0.1.Final/validation-api-2.0.1.Final.jar:/home/tharaka/.m2/repository/com/fasterxml/jackson/core/jackson-databind/2.11.4/jackson-databind-2.11.4.jar:/home/tharaka/.m2/repository/com/fasterxml/jackson/core/jackson-annotations/2.11.4/jackson-annotations-2.11.4.jar:/home/tharaka/.m2/repository/com/fasterxml/jackson/core/jackson-core/2.11.4/jackson-core-2.11.4.jar:/home/tharaka/.m2/repository/com/google/guava/guava/30.1-jre/guava-30.1-jre.jar:/home/tharaka/.m2/repository/com/google/guava/failureaccess/1.0.1/failureaccess-1.0.1.jar:/home/tharaka/.m2/repository/com/google/guava/listenablefuture/9999.0-empty-to-avoid-conflict-with-guava/listenablefuture-9999.0-empty-to-avoid-conflict-with-guava.jar:/home/tharaka/.m2/repository/com/google/code/findbugs/jsr305/3.0.2/jsr305-3.0.2.jar:/home/tharaka/.m2/repository/org/checkerframework/checker-qual/3.5.0/checker-qual-3.5.0.jar:/home/tharaka/.m2/repository/com/google/errorprone/error_prone_annotations/2.3.4/error_prone_annotations-2.3.4.jar:/home/tharaka/.m2/repository/com/google/j2objc/j2objc-annotations/1.3/j2objc-annotations-1.3.jar:/home/tharaka/.m2/repository/org/apache/tika/tika-core/1.22/tika-core-1.22.jar:/home/tharaka/.m2/repository/junit/junit/4.12/junit-4.12.jar:/home/tharaka/.m2/repository/org/hamcrest/hamcrest-core/1.3/hamcrest-core-1.3.jar:/home/tharaka/.m2/repository/org/mockito/mockito-core/3.2.0/mockito-core-3.2.0.jar:/home/tharaka/.m2/repository/net/bytebuddy/byte-buddy/1.10.3/byte-buddy-1.10.3.jar:/home/tharaka/.m2/repository/net/bytebuddy/byte-buddy-agent/1.10.3/byte-buddy-agent-1.10.3.jar:/home/tharaka/.m2/repository/org/objenesis/objenesis/2.6/objenesis-2.6.jar:/home/tharaka/.m2/repository/org/powermock/powermock-module-junit4/2.0.7/powermock-module-junit4-2.0.7.jar:/home/tharaka/.m2/repository/org/powermock/powermock-module-junit4-common/2.0.7/powermock-module-junit4-common-2.0.7.jar:/home/tharaka/.m2/repository/org/powermock/powermock-reflect/2.0.7/powermock-reflect-2.0.7.jar:/home/tharaka/.m2/repository/org/powermock/powermock-core/2.0.7/powermock-core-2.0.7.jar:/home/tharaka/.m2/repository/org/javassist/javassist/3.27.0-GA/javassist-3.27.0-GA.jar:/home/tharaka/.m2/repository/org/powermock/powermock-api-mockito2/2.0.7/powermock-api-mockito2-2.0.7.jar:/home/tharaka/.m2/repository/org/powermock/powermock-api-support/2.0.7/powermock-api-support-2.0.7.jar:/home/tharaka/.m2/repository/commons-io/commons-io/2.6/commons-io-2.6.jar:/home/tharaka/.m2/repository/io/railflow/testrail-client/2.1/testrail-client-2.1.jar:/home/tharaka/.m2/repository/io/railflow/testrail-client/2.1/testrail-client-2.1-tests.jar:/home/tharaka/.m2/repository/javax/xml/bind/jaxb-api/2.3.0/jaxb-api-2.3.0.jar:/home/tharaka/.m2/repository/com/sun/xml/bind/jaxb-core/2.3.0/jaxb-core-2.3.0.jar:/home/tharaka/.m2/repository/com/sun/xml/bind/jaxb-impl/2.3.0/jaxb-impl-2.3.0.jar:/home/tharaka/.m2/repository/javax/activation/activation/1.1.1/activation-1.1.1.jar:/home/tharaka/.m2/repository/io/qameta/allure/allure-plugin-api/2.13.10/allure-plugin-api-2.13.10.jar:/home/tharaka/.m2/repository/org/apache/commons/commons-csv/1.8/commons-csv-1.8.jar:/home/tharaka/.m2/repository/org/apache/commons/commons-collections4/4.4/commons-collections4-4.4.jar:/home/tharaka/.m2/repository/ch/qos/logback/logback-classic/1.2.3/logback-classic-1.2.3.jar:/home/tharaka/.m2/repository/ch/qos/logback/logback-core/1.2.3/logback-core-1.2.3.jar:"/>
    
    <property name="java.vm.vendor" value="Private Build"/>
    
    <property name="sun.arch.data.model" value="64"/>
    
    <property name="java.vendor.url" value="http://java.oracle.com/"/>
    
    <property name="user.timezone" value=""/>
    
    <property name="java.vm.specification.version" value="1.8"/>
    
    <property name="os.name" value="Linux"/>
    
    <property name="user.country" value="US"/>
    
    <property name="sun.java.launcher" value="SUN_STANDARD"/>
    
    <property name="sun.boot.library.path" value="/usr/lib/jvm/java-8-openjdk-amd64/jre/lib/amd64"/>
    
    <property name="sun.java.command" value="/home/tharaka/projects/agiletestware/teamcity_plugins/railflow-java/target/surefire/surefirebooter5615321071138040699.jar /home/tharaka/projects/agiletestware/teamcity_plugins/railflow-java/target/surefire 2022-02-04T09-29-42_375-jvmRun1 surefire3251150644889157875tmp surefire_03548316204226868521tmp"/>
    
    <property name="surefire.test.class.path" value="/home/tharaka/projects/agiletestware/teamcity_plugins/railflow-java/target/test-classes:/home/tharaka/projects/agiletestware/teamcity_plugins/railflow-java/target/classes:/home/tharaka/.m2/repository/io/railflow/license/1.0/license-1.0.jar:/home/tharaka/.m2/repository/io/railflow/commons/1.0/commons-1.0.jar:/home/tharaka/.m2/repository/org/apache/commons/commons-lang3/3.11/commons-lang3-3.11.jar:/home/tharaka/.m2/repository/org/apache/httpcomponents/httpclient/4.5.2/httpclient-4.5.2.jar:/home/tharaka/.m2/repository/org/apache/httpcomponents/httpcore/4.4.4/httpcore-4.4.4.jar:/home/tharaka/.m2/repository/commons-logging/commons-logging/1.2/commons-logging-1.2.jar:/home/tharaka/.m2/repository/org/apache/httpcomponents/httpmime/4.5.2/httpmime-4.5.2.jar:/home/tharaka/.m2/repository/org/slf4j/slf4j-api/1.7.25/slf4j-api-1.7.25.jar:/home/tharaka/.m2/repository/com/google/code/gson/gson/2.8.5/gson-2.8.5.jar:/home/tharaka/.m2/repository/commons-codec/commons-codec/1.15/commons-codec-1.15.jar:/home/tharaka/.m2/repository/javax/validation/validation-api/2.0.1.Final/validation-api-2.0.1.Final.jar:/home/tharaka/.m2/repository/com/fasterxml/jackson/core/jackson-databind/2.11.4/jackson-databind-2.11.4.jar:/home/tharaka/.m2/repository/com/fasterxml/jackson/core/jackson-annotations/2.11.4/jackson-annotations-2.11.4.jar:/home/tharaka/.m2/repository/com/fasterxml/jackson/core/jackson-core/2.11.4/jackson-core-2.11.4.jar:/home/tharaka/.m2/repository/com/google/guava/guava/30.1-jre/guava-30.1-jre.jar:/home/tharaka/.m2/repository/com/google/guava/failureaccess/1.0.1/failureaccess-1.0.1.jar:/home/tharaka/.m2/repository/com/google/guava/listenablefuture/9999.0-empty-to-avoid-conflict-with-guava/listenablefuture-9999.0-empty-to-avoid-conflict-with-guava.jar:/home/tharaka/.m2/repository/com/google/code/findbugs/jsr305/3.0.2/jsr305-3.0.2.jar:/home/tharaka/.m2/repository/org/checkerframework/checker-qual/3.5.0/checker-qual-3.5.0.jar:/home/tharaka/.m2/repository/com/google/errorprone/error_prone_annotations/2.3.4/error_prone_annotations-2.3.4.jar:/home/tharaka/.m2/repository/com/google/j2objc/j2objc-annotations/1.3/j2objc-annotations-1.3.jar:/home/tharaka/.m2/repository/org/apache/tika/tika-core/1.22/tika-core-1.22.jar:/home/tharaka/.m2/repository/junit/junit/4.12/junit-4.12.jar:/home/tharaka/.m2/repository/org/hamcrest/hamcrest-core/1.3/hamcrest-core-1.3.jar:/home/tharaka/.m2/repository/org/mockito/mockito-core/3.2.0/mockito-core-3.2.0.jar:/home/tharaka/.m2/repository/net/bytebuddy/byte-buddy/1.10.3/byte-buddy-1.10.3.jar:/home/tharaka/.m2/repository/net/bytebuddy/byte-buddy-agent/1.10.3/byte-buddy-agent-1.10.3.jar:/home/tharaka/.m2/repository/org/objenesis/objenesis/2.6/objenesis-2.6.jar:/home/tharaka/.m2/repository/org/powermock/powermock-module-junit4/2.0.7/powermock-module-junit4-2.0.7.jar:/home/tharaka/.m2/repository/org/powermock/powermock-module-junit4-common/2.0.7/powermock-module-junit4-common-2.0.7.jar:/home/tharaka/.m2/repository/org/powermock/powermock-reflect/2.0.7/powermock-reflect-2.0.7.jar:/home/tharaka/.m2/repository/org/powermock/powermock-core/2.0.7/powermock-core-2.0.7.jar:/home/tharaka/.m2/repository/org/javassist/javassist/3.27.0-GA/javassist-3.27.0-GA.jar:/home/tharaka/.m2/repository/org/powermock/powermock-api-mockito2/2.0.7/powermock-api-mockito2-2.0.7.jar:/home/tharaka/.m2/repository/org/powermock/powermock-api-support/2.0.7/powermock-api-support-2.0.7.jar:/home/tharaka/.m2/repository/commons-io/commons-io/2.6/commons-io-2.6.jar:/home/tharaka/.m2/repository/io/railflow/testrail-client/2.1/testrail-client-2.1.jar:/home/tharaka/.m2/repository/io/railflow/testrail-client/2.1/testrail-client-2.1-tests.jar:/home/tharaka/.m2/repository/javax/xml/bind/jaxb-api/2.3.0/jaxb-api-2.3.0.jar:/home/tharaka/.m2/repository/com/sun/xml/bind/jaxb-core/2.3.0/jaxb-core-2.3.0.jar:/home/tharaka/.m2/repository/com/sun/xml/bind/jaxb-impl/2.3.0/jaxb-impl-2.3.0.jar:/home/tharaka/.m2/repository/javax/activation/activation/1.1.1/activation-1.1.1.jar:/home/tharaka/.m2/repository/io/qameta/allure/allure-plugin-api/2.13.10/allure-plugin-api-2.13.10.jar:/home/tharaka/.m2/repository/org/apache/commons/commons-csv/1.8/commons-csv-1.8.jar:/home/tharaka/.m2/repository/org/apache/commons/commons-collections4/4.4/commons-collections4-4.4.jar:/home/tharaka/.m2/repository/ch/qos/logback/logback-classic/1.2.3/logback-classic-1.2.3.jar:/home/tharaka/.m2/repository/ch/qos/logback/logback-core/1.2.3/logback-core-1.2.3.jar:"/>
    
    <property name="sun.cpu.endian" value="little"/>
    
    <property name="user.home" value="/home/tharaka"/>
    
    <property name="user.language" value="en"/>
    
    <property name="java.specification.vendor" value="Oracle Corporation"/>
    
    <property name="java.home" value="/usr/lib/jvm/java-8-openjdk-amd64/jre"/>
    
    <property name="basedir" value="/home/tharaka/projects/agiletestware/teamcity_plugins/railflow-java"/>
    
    <property name="file.separator" value="/"/>
    
    <property name="line.separator" value="
"/>
    
    <property name="java.vm.specification.vendor" value="Oracle Corporation"/>
    
    <property name="java.specification.name" value="Java Platform API Specification"/>
    
    <property name="java.awt.graphicsenv" value="sun.awt.X11GraphicsEnvironment"/>
    
    <property name="surefire.real.class.path" value="/home/tharaka/projects/agiletestware/teamcity_plugins/railflow-java/target/surefire/surefirebooter5615321071138040699.jar:/home/tharaka/.m2/repository/org/jacoco/org.jacoco.agent/0.8.2/org.jacoco.agent-0.8.2-runtime.jar"/>
    
    <property name="sun.boot.class.path" value="/usr/lib/jvm/java-8-openjdk-amd64/jre/lib/resources.jar:/usr/lib/jvm/java-8-openjdk-amd64/jre/lib/rt.jar:/usr/lib/jvm/java-8-openjdk-amd64/jre/lib/sunrsasign.jar:/usr/lib/jvm/java-8-openjdk-amd64/jre/lib/jsse.jar:/usr/lib/jvm/java-8-openjdk-amd64/jre/lib/jce.jar:/usr/lib/jvm/java-8-openjdk-amd64/jre/lib/charsets.jar:/usr/lib/jvm/java-8-openjdk-amd64/jre/lib/jfr.jar:/usr/lib/jvm/java-8-openjdk-amd64/jre/classes"/>
    
    <property name="sun.management.compiler" value="HotSpot 64-Bit Tiered Compilers"/>
    
    <property name="java.runtime.version" value="1.8.0_312-8u312-b07-0ubuntu1~20.04-b07"/>
    
    <property name="user.name" value="tharaka"/>
    
    <property name="path.separator" value=":"/>
    
    <property name="os.version" value="5.13.0-28-generic"/>
    
    <property name="java.endorsed.dirs" value="/usr/lib/jvm/java-8-openjdk-amd64/jre/lib/endorsed"/>
    
    <property name="java.runtime.name" value="OpenJDK Runtime Environment"/>
    
    <property name="file.encoding" value="UTF-8"/>
    
    <property name="java.vm.name" value="OpenJDK 64-Bit Server VM"/>
    
    <property name="localRepository" value="/home/tharaka/.m2/repository"/>
    
    <property name="java.vendor.url.bug" value="http://bugreport.sun.com/bugreport/"/>
    
    <property name="java.io.tmpdir" value="/tmp"/>
    
    <property name="java.version" value="1.8.0_312"/>
    
    <property name="user.dir" value="/home/tharaka/projects/agiletestware/teamcity_plugins/railflow-java"/>
    
    <property name="os.arch" value="amd64"/>
    
    <property name="java.vm.specification.name" value="Java Virtual Machine Specification"/>
    
    <property name="java.awt.printerjob" value="sun.print.PSPrinterJob"/>
    
    <property name="sun.os.patch.level" value="unknown"/>
    
    <property name="java.library.path" value="/usr/java/packages/lib/amd64:/usr/lib/x86_64-linux-gnu/jni:/lib/x86_64-linux-gnu:/usr/lib/x86_64-linux-gnu:/usr/lib/jni:/lib:/usr/lib"/>
    
    <property name="java.vm.info" value="mixed mode"/>
    
    <property name="java.vendor" value="Private Build"/>
    
    <property name="java.vm.version" value="25.312-b07"/>
    
    <property name="java.ext.dirs" value="/usr/lib/jvm/java-8-openjdk-amd64/jre/lib/ext:/usr/java/packages/lib/ext"/>
    
    <property name="sun.io.unicode.encoding" value="UnicodeLittle"/>
    
    <property name="java.class.version" value="52.0"/>
    
  </properties>
  
  <testcase name="testRegisterEvent" classname="io.railflow.beats.EventClientImplTest" time="2.159"/>
  
</testsuite>
<testsuite xmlns:xsi="http://www.w3.org/2001/XMLSchema-instance" xsi:noNamespaceSchemaLocation="https://maven.apache.org/surefire/maven-surefire-plugin/xsd/surefire-test-report.xsd" name="io.railflow.statistics.EventsCollectorImplTest" time="0.262" tests="3" errors="0" skipped="0" failures="0">
  
  <properties>
    
    <property name="sun.desktop" value="gnome"/>
    
    <property name="awt.toolkit" value="sun.awt.X11.XToolkit"/>
    
    <property name="file.encoding.pkg" value="sun.io"/>
    
    <property name="java.specification.version" value="1.8"/>
    
    <property name="sun.cpu.isalist" value=""/>
    
    <property name="sun.jnu.encoding" value="UTF-8"/>
    
    <property name="java.class.path" value="/home/tharaka/projects/agiletestware/teamcity_plugins/railflow-java/target/test-classes:/home/tharaka/projects/agiletestware/teamcity_plugins/railflow-java/target/classes:/home/tharaka/.m2/repository/io/railflow/license/1.0/license-1.0.jar:/home/tharaka/.m2/repository/io/railflow/commons/1.0/commons-1.0.jar:/home/tharaka/.m2/repository/org/apache/commons/commons-lang3/3.11/commons-lang3-3.11.jar:/home/tharaka/.m2/repository/org/apache/httpcomponents/httpclient/4.5.2/httpclient-4.5.2.jar:/home/tharaka/.m2/repository/org/apache/httpcomponents/httpcore/4.4.4/httpcore-4.4.4.jar:/home/tharaka/.m2/repository/commons-logging/commons-logging/1.2/commons-logging-1.2.jar:/home/tharaka/.m2/repository/org/apache/httpcomponents/httpmime/4.5.2/httpmime-4.5.2.jar:/home/tharaka/.m2/repository/org/slf4j/slf4j-api/1.7.25/slf4j-api-1.7.25.jar:/home/tharaka/.m2/repository/com/google/code/gson/gson/2.8.5/gson-2.8.5.jar:/home/tharaka/.m2/repository/commons-codec/commons-codec/1.15/commons-codec-1.15.jar:/home/tharaka/.m2/repository/javax/validation/validation-api/2.0.1.Final/validation-api-2.0.1.Final.jar:/home/tharaka/.m2/repository/com/fasterxml/jackson/core/jackson-databind/2.11.4/jackson-databind-2.11.4.jar:/home/tharaka/.m2/repository/com/fasterxml/jackson/core/jackson-annotations/2.11.4/jackson-annotations-2.11.4.jar:/home/tharaka/.m2/repository/com/fasterxml/jackson/core/jackson-core/2.11.4/jackson-core-2.11.4.jar:/home/tharaka/.m2/repository/com/google/guava/guava/30.1-jre/guava-30.1-jre.jar:/home/tharaka/.m2/repository/com/google/guava/failureaccess/1.0.1/failureaccess-1.0.1.jar:/home/tharaka/.m2/repository/com/google/guava/listenablefuture/9999.0-empty-to-avoid-conflict-with-guava/listenablefuture-9999.0-empty-to-avoid-conflict-with-guava.jar:/home/tharaka/.m2/repository/com/google/code/findbugs/jsr305/3.0.2/jsr305-3.0.2.jar:/home/tharaka/.m2/repository/org/checkerframework/checker-qual/3.5.0/checker-qual-3.5.0.jar:/home/tharaka/.m2/repository/com/google/errorprone/error_prone_annotations/2.3.4/error_prone_annotations-2.3.4.jar:/home/tharaka/.m2/repository/com/google/j2objc/j2objc-annotations/1.3/j2objc-annotations-1.3.jar:/home/tharaka/.m2/repository/org/apache/tika/tika-core/1.22/tika-core-1.22.jar:/home/tharaka/.m2/repository/junit/junit/4.12/junit-4.12.jar:/home/tharaka/.m2/repository/org/hamcrest/hamcrest-core/1.3/hamcrest-core-1.3.jar:/home/tharaka/.m2/repository/org/mockito/mockito-core/3.2.0/mockito-core-3.2.0.jar:/home/tharaka/.m2/repository/net/bytebuddy/byte-buddy/1.10.3/byte-buddy-1.10.3.jar:/home/tharaka/.m2/repository/net/bytebuddy/byte-buddy-agent/1.10.3/byte-buddy-agent-1.10.3.jar:/home/tharaka/.m2/repository/org/objenesis/objenesis/2.6/objenesis-2.6.jar:/home/tharaka/.m2/repository/org/powermock/powermock-module-junit4/2.0.7/powermock-module-junit4-2.0.7.jar:/home/tharaka/.m2/repository/org/powermock/powermock-module-junit4-common/2.0.7/powermock-module-junit4-common-2.0.7.jar:/home/tharaka/.m2/repository/org/powermock/powermock-reflect/2.0.7/powermock-reflect-2.0.7.jar:/home/tharaka/.m2/repository/org/powermock/powermock-core/2.0.7/powermock-core-2.0.7.jar:/home/tharaka/.m2/repository/org/javassist/javassist/3.27.0-GA/javassist-3.27.0-GA.jar:/home/tharaka/.m2/repository/org/powermock/powermock-api-mockito2/2.0.7/powermock-api-mockito2-2.0.7.jar:/home/tharaka/.m2/repository/org/powermock/powermock-api-support/2.0.7/powermock-api-support-2.0.7.jar:/home/tharaka/.m2/repository/commons-io/commons-io/2.6/commons-io-2.6.jar:/home/tharaka/.m2/repository/io/railflow/testrail-client/2.1/testrail-client-2.1.jar:/home/tharaka/.m2/repository/io/railflow/testrail-client/2.1/testrail-client-2.1-tests.jar:/home/tharaka/.m2/repository/javax/xml/bind/jaxb-api/2.3.0/jaxb-api-2.3.0.jar:/home/tharaka/.m2/repository/com/sun/xml/bind/jaxb-core/2.3.0/jaxb-core-2.3.0.jar:/home/tharaka/.m2/repository/com/sun/xml/bind/jaxb-impl/2.3.0/jaxb-impl-2.3.0.jar:/home/tharaka/.m2/repository/javax/activation/activation/1.1.1/activation-1.1.1.jar:/home/tharaka/.m2/repository/io/qameta/allure/allure-plugin-api/2.13.10/allure-plugin-api-2.13.10.jar:/home/tharaka/.m2/repository/org/apache/commons/commons-csv/1.8/commons-csv-1.8.jar:/home/tharaka/.m2/repository/org/apache/commons/commons-collections4/4.4/commons-collections4-4.4.jar:/home/tharaka/.m2/repository/ch/qos/logback/logback-classic/1.2.3/logback-classic-1.2.3.jar:/home/tharaka/.m2/repository/ch/qos/logback/logback-core/1.2.3/logback-core-1.2.3.jar:"/>
    
    <property name="java.vm.vendor" value="Private Build"/>
    
    <property name="sun.arch.data.model" value="64"/>
    
    <property name="java.vendor.url" value="http://java.oracle.com/"/>
    
    <property name="user.timezone" value=""/>
    
    <property name="java.vm.specification.version" value="1.8"/>
    
    <property name="os.name" value="Linux"/>
    
    <property name="user.country" value="US"/>
    
    <property name="sun.java.launcher" value="SUN_STANDARD"/>
    
    <property name="sun.boot.library.path" value="/usr/lib/jvm/java-8-openjdk-amd64/jre/lib/amd64"/>
    
    <property name="sun.java.command" value="/home/tharaka/projects/agiletestware/teamcity_plugins/railflow-java/target/surefire/surefirebooter5615321071138040699.jar /home/tharaka/projects/agiletestware/teamcity_plugins/railflow-java/target/surefire 2022-02-04T09-29-42_375-jvmRun1 surefire3251150644889157875tmp surefire_03548316204226868521tmp"/>
    
    <property name="surefire.test.class.path" value="/home/tharaka/projects/agiletestware/teamcity_plugins/railflow-java/target/test-classes:/home/tharaka/projects/agiletestware/teamcity_plugins/railflow-java/target/classes:/home/tharaka/.m2/repository/io/railflow/license/1.0/license-1.0.jar:/home/tharaka/.m2/repository/io/railflow/commons/1.0/commons-1.0.jar:/home/tharaka/.m2/repository/org/apache/commons/commons-lang3/3.11/commons-lang3-3.11.jar:/home/tharaka/.m2/repository/org/apache/httpcomponents/httpclient/4.5.2/httpclient-4.5.2.jar:/home/tharaka/.m2/repository/org/apache/httpcomponents/httpcore/4.4.4/httpcore-4.4.4.jar:/home/tharaka/.m2/repository/commons-logging/commons-logging/1.2/commons-logging-1.2.jar:/home/tharaka/.m2/repository/org/apache/httpcomponents/httpmime/4.5.2/httpmime-4.5.2.jar:/home/tharaka/.m2/repository/org/slf4j/slf4j-api/1.7.25/slf4j-api-1.7.25.jar:/home/tharaka/.m2/repository/com/google/code/gson/gson/2.8.5/gson-2.8.5.jar:/home/tharaka/.m2/repository/commons-codec/commons-codec/1.15/commons-codec-1.15.jar:/home/tharaka/.m2/repository/javax/validation/validation-api/2.0.1.Final/validation-api-2.0.1.Final.jar:/home/tharaka/.m2/repository/com/fasterxml/jackson/core/jackson-databind/2.11.4/jackson-databind-2.11.4.jar:/home/tharaka/.m2/repository/com/fasterxml/jackson/core/jackson-annotations/2.11.4/jackson-annotations-2.11.4.jar:/home/tharaka/.m2/repository/com/fasterxml/jackson/core/jackson-core/2.11.4/jackson-core-2.11.4.jar:/home/tharaka/.m2/repository/com/google/guava/guava/30.1-jre/guava-30.1-jre.jar:/home/tharaka/.m2/repository/com/google/guava/failureaccess/1.0.1/failureaccess-1.0.1.jar:/home/tharaka/.m2/repository/com/google/guava/listenablefuture/9999.0-empty-to-avoid-conflict-with-guava/listenablefuture-9999.0-empty-to-avoid-conflict-with-guava.jar:/home/tharaka/.m2/repository/com/google/code/findbugs/jsr305/3.0.2/jsr305-3.0.2.jar:/home/tharaka/.m2/repository/org/checkerframework/checker-qual/3.5.0/checker-qual-3.5.0.jar:/home/tharaka/.m2/repository/com/google/errorprone/error_prone_annotations/2.3.4/error_prone_annotations-2.3.4.jar:/home/tharaka/.m2/repository/com/google/j2objc/j2objc-annotations/1.3/j2objc-annotations-1.3.jar:/home/tharaka/.m2/repository/org/apache/tika/tika-core/1.22/tika-core-1.22.jar:/home/tharaka/.m2/repository/junit/junit/4.12/junit-4.12.jar:/home/tharaka/.m2/repository/org/hamcrest/hamcrest-core/1.3/hamcrest-core-1.3.jar:/home/tharaka/.m2/repository/org/mockito/mockito-core/3.2.0/mockito-core-3.2.0.jar:/home/tharaka/.m2/repository/net/bytebuddy/byte-buddy/1.10.3/byte-buddy-1.10.3.jar:/home/tharaka/.m2/repository/net/bytebuddy/byte-buddy-agent/1.10.3/byte-buddy-agent-1.10.3.jar:/home/tharaka/.m2/repository/org/objenesis/objenesis/2.6/objenesis-2.6.jar:/home/tharaka/.m2/repository/org/powermock/powermock-module-junit4/2.0.7/powermock-module-junit4-2.0.7.jar:/home/tharaka/.m2/repository/org/powermock/powermock-module-junit4-common/2.0.7/powermock-module-junit4-common-2.0.7.jar:/home/tharaka/.m2/repository/org/powermock/powermock-reflect/2.0.7/powermock-reflect-2.0.7.jar:/home/tharaka/.m2/repository/org/powermock/powermock-core/2.0.7/powermock-core-2.0.7.jar:/home/tharaka/.m2/repository/org/javassist/javassist/3.27.0-GA/javassist-3.27.0-GA.jar:/home/tharaka/.m2/repository/org/powermock/powermock-api-mockito2/2.0.7/powermock-api-mockito2-2.0.7.jar:/home/tharaka/.m2/repository/org/powermock/powermock-api-support/2.0.7/powermock-api-support-2.0.7.jar:/home/tharaka/.m2/repository/commons-io/commons-io/2.6/commons-io-2.6.jar:/home/tharaka/.m2/repository/io/railflow/testrail-client/2.1/testrail-client-2.1.jar:/home/tharaka/.m2/repository/io/railflow/testrail-client/2.1/testrail-client-2.1-tests.jar:/home/tharaka/.m2/repository/javax/xml/bind/jaxb-api/2.3.0/jaxb-api-2.3.0.jar:/home/tharaka/.m2/repository/com/sun/xml/bind/jaxb-core/2.3.0/jaxb-core-2.3.0.jar:/home/tharaka/.m2/repository/com/sun/xml/bind/jaxb-impl/2.3.0/jaxb-impl-2.3.0.jar:/home/tharaka/.m2/repository/javax/activation/activation/1.1.1/activation-1.1.1.jar:/home/tharaka/.m2/repository/io/qameta/allure/allure-plugin-api/2.13.10/allure-plugin-api-2.13.10.jar:/home/tharaka/.m2/repository/org/apache/commons/commons-csv/1.8/commons-csv-1.8.jar:/home/tharaka/.m2/repository/org/apache/commons/commons-collections4/4.4/commons-collections4-4.4.jar:/home/tharaka/.m2/repository/ch/qos/logback/logback-classic/1.2.3/logback-classic-1.2.3.jar:/home/tharaka/.m2/repository/ch/qos/logback/logback-core/1.2.3/logback-core-1.2.3.jar:"/>
    
    <property name="sun.cpu.endian" value="little"/>
    
    <property name="user.home" value="/home/tharaka"/>
    
    <property name="user.language" value="en"/>
    
    <property name="java.specification.vendor" value="Oracle Corporation"/>
    
    <property name="java.home" value="/usr/lib/jvm/java-8-openjdk-amd64/jre"/>
    
    <property name="basedir" value="/home/tharaka/projects/agiletestware/teamcity_plugins/railflow-java"/>
    
    <property name="file.separator" value="/"/>
    
    <property name="line.separator" value="
"/>
    
    <property name="java.vm.specification.vendor" value="Oracle Corporation"/>
    
    <property name="java.specification.name" value="Java Platform API Specification"/>
    
    <property name="java.awt.graphicsenv" value="sun.awt.X11GraphicsEnvironment"/>
    
    <property name="surefire.real.class.path" value="/home/tharaka/projects/agiletestware/teamcity_plugins/railflow-java/target/surefire/surefirebooter5615321071138040699.jar:/home/tharaka/.m2/repository/org/jacoco/org.jacoco.agent/0.8.2/org.jacoco.agent-0.8.2-runtime.jar"/>
    
    <property name="sun.boot.class.path" value="/usr/lib/jvm/java-8-openjdk-amd64/jre/lib/resources.jar:/usr/lib/jvm/java-8-openjdk-amd64/jre/lib/rt.jar:/usr/lib/jvm/java-8-openjdk-amd64/jre/lib/sunrsasign.jar:/usr/lib/jvm/java-8-openjdk-amd64/jre/lib/jsse.jar:/usr/lib/jvm/java-8-openjdk-amd64/jre/lib/jce.jar:/usr/lib/jvm/java-8-openjdk-amd64/jre/lib/charsets.jar:/usr/lib/jvm/java-8-openjdk-amd64/jre/lib/jfr.jar:/usr/lib/jvm/java-8-openjdk-amd64/jre/classes"/>
    
    <property name="sun.management.compiler" value="HotSpot 64-Bit Tiered Compilers"/>
    
    <property name="java.runtime.version" value="1.8.0_312-8u312-b07-0ubuntu1~20.04-b07"/>
    
    <property name="user.name" value="tharaka"/>
    
    <property name="path.separator" value=":"/>
    
    <property name="os.version" value="5.13.0-28-generic"/>
    
    <property name="java.endorsed.dirs" value="/usr/lib/jvm/java-8-openjdk-amd64/jre/lib/endorsed"/>
    
    <property name="java.runtime.name" value="OpenJDK Runtime Environment"/>
    
    <property name="file.encoding" value="UTF-8"/>
    
    <property name="java.vm.name" value="OpenJDK 64-Bit Server VM"/>
    
    <property name="localRepository" value="/home/tharaka/.m2/repository"/>
    
    <property name="java.vendor.url.bug" value="http://bugreport.sun.com/bugreport/"/>
    
    <property name="java.io.tmpdir" value="/tmp"/>
    
    <property name="java.version" value="1.8.0_312"/>
    
    <property name="user.dir" value="/home/tharaka/projects/agiletestware/teamcity_plugins/railflow-java"/>
    
    <property name="os.arch" value="amd64"/>
    
    <property name="java.vm.specification.name" value="Java Virtual Machine Specification"/>
    
    <property name="java.awt.printerjob" value="sun.print.PSPrinterJob"/>
    
    <property name="sun.os.patch.level" value="unknown"/>
    
    <property name="java.library.path" value="/usr/java/packages/lib/amd64:/usr/lib/x86_64-linux-gnu/jni:/lib/x86_64-linux-gnu:/usr/lib/x86_64-linux-gnu:/usr/lib/jni:/lib:/usr/lib"/>
    
    <property name="java.vm.info" value="mixed mode"/>
    
    <property name="java.vendor" value="Private Build"/>
    
    <property name="java.vm.version" value="25.312-b07"/>
    
    <property name="java.ext.dirs" value="/usr/lib/jvm/java-8-openjdk-amd64/jre/lib/ext:/usr/java/packages/lib/ext"/>
    
    <property name="sun.io.unicode.encoding" value="UnicodeLittle"/>
    
    <property name="java.class.version" value="52.0"/>
    
  </properties>
  
  <testcase name="testCollectFailedExport" classname="io.railflow.statistics.EventsCollectorImplTest" time="0.173"/>
  
  <testcase name="testCollectConfig" classname="io.railflow.statistics.EventsCollectorImplTest" time="0.004"/>
  
  <testcase name="testCollectExport" classname="io.railflow.statistics.EventsCollectorImplTest" time="0.011"/>
  
</testsuite>
<testsuite xmlns:xsi="http://www.w3.org/2001/XMLSchema-instance" xsi:noNamespaceSchemaLocation="https://maven.apache.org/surefire/maven-surefire-plugin/xsd/surefire-test-report.xsd" name="io.railflow.statistics.model.ExportMetadataTest" time="0.441" tests="2" errors="0" skipped="0" failures="0">
  
  <properties>
    
    <property name="sun.desktop" value="gnome"/>
    
    <property name="awt.toolkit" value="sun.awt.X11.XToolkit"/>
    
    <property name="file.encoding.pkg" value="sun.io"/>
    
    <property name="java.specification.version" value="1.8"/>
    
    <property name="sun.cpu.isalist" value=""/>
    
    <property name="sun.jnu.encoding" value="UTF-8"/>
    
    <property name="java.class.path" value="/home/tharaka/projects/agiletestware/teamcity_plugins/railflow-java/target/test-classes:/home/tharaka/projects/agiletestware/teamcity_plugins/railflow-java/target/classes:/home/tharaka/.m2/repository/io/railflow/license/1.0/license-1.0.jar:/home/tharaka/.m2/repository/io/railflow/commons/1.0/commons-1.0.jar:/home/tharaka/.m2/repository/org/apache/commons/commons-lang3/3.11/commons-lang3-3.11.jar:/home/tharaka/.m2/repository/org/apache/httpcomponents/httpclient/4.5.2/httpclient-4.5.2.jar:/home/tharaka/.m2/repository/org/apache/httpcomponents/httpcore/4.4.4/httpcore-4.4.4.jar:/home/tharaka/.m2/repository/commons-logging/commons-logging/1.2/commons-logging-1.2.jar:/home/tharaka/.m2/repository/org/apache/httpcomponents/httpmime/4.5.2/httpmime-4.5.2.jar:/home/tharaka/.m2/repository/org/slf4j/slf4j-api/1.7.25/slf4j-api-1.7.25.jar:/home/tharaka/.m2/repository/com/google/code/gson/gson/2.8.5/gson-2.8.5.jar:/home/tharaka/.m2/repository/commons-codec/commons-codec/1.15/commons-codec-1.15.jar:/home/tharaka/.m2/repository/javax/validation/validation-api/2.0.1.Final/validation-api-2.0.1.Final.jar:/home/tharaka/.m2/repository/com/fasterxml/jackson/core/jackson-databind/2.11.4/jackson-databind-2.11.4.jar:/home/tharaka/.m2/repository/com/fasterxml/jackson/core/jackson-annotations/2.11.4/jackson-annotations-2.11.4.jar:/home/tharaka/.m2/repository/com/fasterxml/jackson/core/jackson-core/2.11.4/jackson-core-2.11.4.jar:/home/tharaka/.m2/repository/com/google/guava/guava/30.1-jre/guava-30.1-jre.jar:/home/tharaka/.m2/repository/com/google/guava/failureaccess/1.0.1/failureaccess-1.0.1.jar:/home/tharaka/.m2/repository/com/google/guava/listenablefuture/9999.0-empty-to-avoid-conflict-with-guava/listenablefuture-9999.0-empty-to-avoid-conflict-with-guava.jar:/home/tharaka/.m2/repository/com/google/code/findbugs/jsr305/3.0.2/jsr305-3.0.2.jar:/home/tharaka/.m2/repository/org/checkerframework/checker-qual/3.5.0/checker-qual-3.5.0.jar:/home/tharaka/.m2/repository/com/google/errorprone/error_prone_annotations/2.3.4/error_prone_annotations-2.3.4.jar:/home/tharaka/.m2/repository/com/google/j2objc/j2objc-annotations/1.3/j2objc-annotations-1.3.jar:/home/tharaka/.m2/repository/org/apache/tika/tika-core/1.22/tika-core-1.22.jar:/home/tharaka/.m2/repository/junit/junit/4.12/junit-4.12.jar:/home/tharaka/.m2/repository/org/hamcrest/hamcrest-core/1.3/hamcrest-core-1.3.jar:/home/tharaka/.m2/repository/org/mockito/mockito-core/3.2.0/mockito-core-3.2.0.jar:/home/tharaka/.m2/repository/net/bytebuddy/byte-buddy/1.10.3/byte-buddy-1.10.3.jar:/home/tharaka/.m2/repository/net/bytebuddy/byte-buddy-agent/1.10.3/byte-buddy-agent-1.10.3.jar:/home/tharaka/.m2/repository/org/objenesis/objenesis/2.6/objenesis-2.6.jar:/home/tharaka/.m2/repository/org/powermock/powermock-module-junit4/2.0.7/powermock-module-junit4-2.0.7.jar:/home/tharaka/.m2/repository/org/powermock/powermock-module-junit4-common/2.0.7/powermock-module-junit4-common-2.0.7.jar:/home/tharaka/.m2/repository/org/powermock/powermock-reflect/2.0.7/powermock-reflect-2.0.7.jar:/home/tharaka/.m2/repository/org/powermock/powermock-core/2.0.7/powermock-core-2.0.7.jar:/home/tharaka/.m2/repository/org/javassist/javassist/3.27.0-GA/javassist-3.27.0-GA.jar:/home/tharaka/.m2/repository/org/powermock/powermock-api-mockito2/2.0.7/powermock-api-mockito2-2.0.7.jar:/home/tharaka/.m2/repository/org/powermock/powermock-api-support/2.0.7/powermock-api-support-2.0.7.jar:/home/tharaka/.m2/repository/commons-io/commons-io/2.6/commons-io-2.6.jar:/home/tharaka/.m2/repository/io/railflow/testrail-client/2.1/testrail-client-2.1.jar:/home/tharaka/.m2/repository/io/railflow/testrail-client/2.1/testrail-client-2.1-tests.jar:/home/tharaka/.m2/repository/javax/xml/bind/jaxb-api/2.3.0/jaxb-api-2.3.0.jar:/home/tharaka/.m2/repository/com/sun/xml/bind/jaxb-core/2.3.0/jaxb-core-2.3.0.jar:/home/tharaka/.m2/repository/com/sun/xml/bind/jaxb-impl/2.3.0/jaxb-impl-2.3.0.jar:/home/tharaka/.m2/repository/javax/activation/activation/1.1.1/activation-1.1.1.jar:/home/tharaka/.m2/repository/io/qameta/allure/allure-plugin-api/2.13.10/allure-plugin-api-2.13.10.jar:/home/tharaka/.m2/repository/org/apache/commons/commons-csv/1.8/commons-csv-1.8.jar:/home/tharaka/.m2/repository/org/apache/commons/commons-collections4/4.4/commons-collections4-4.4.jar:/home/tharaka/.m2/repository/ch/qos/logback/logback-classic/1.2.3/logback-classic-1.2.3.jar:/home/tharaka/.m2/repository/ch/qos/logback/logback-core/1.2.3/logback-core-1.2.3.jar:"/>
    
    <property name="java.vm.vendor" value="Private Build"/>
    
    <property name="sun.arch.data.model" value="64"/>
    
    <property name="java.vendor.url" value="http://java.oracle.com/"/>
    
    <property name="user.timezone" value=""/>
    
    <property name="java.vm.specification.version" value="1.8"/>
    
    <property name="os.name" value="Linux"/>
    
    <property name="user.country" value="US"/>
    
    <property name="sun.java.launcher" value="SUN_STANDARD"/>
    
    <property name="sun.boot.library.path" value="/usr/lib/jvm/java-8-openjdk-amd64/jre/lib/amd64"/>
    
    <property name="sun.java.command" value="/home/tharaka/projects/agiletestware/teamcity_plugins/railflow-java/target/surefire/surefirebooter5615321071138040699.jar /home/tharaka/projects/agiletestware/teamcity_plugins/railflow-java/target/surefire 2022-02-04T09-29-42_375-jvmRun1 surefire3251150644889157875tmp surefire_03548316204226868521tmp"/>
    
    <property name="surefire.test.class.path" value="/home/tharaka/projects/agiletestware/teamcity_plugins/railflow-java/target/test-classes:/home/tharaka/projects/agiletestware/teamcity_plugins/railflow-java/target/classes:/home/tharaka/.m2/repository/io/railflow/license/1.0/license-1.0.jar:/home/tharaka/.m2/repository/io/railflow/commons/1.0/commons-1.0.jar:/home/tharaka/.m2/repository/org/apache/commons/commons-lang3/3.11/commons-lang3-3.11.jar:/home/tharaka/.m2/repository/org/apache/httpcomponents/httpclient/4.5.2/httpclient-4.5.2.jar:/home/tharaka/.m2/repository/org/apache/httpcomponents/httpcore/4.4.4/httpcore-4.4.4.jar:/home/tharaka/.m2/repository/commons-logging/commons-logging/1.2/commons-logging-1.2.jar:/home/tharaka/.m2/repository/org/apache/httpcomponents/httpmime/4.5.2/httpmime-4.5.2.jar:/home/tharaka/.m2/repository/org/slf4j/slf4j-api/1.7.25/slf4j-api-1.7.25.jar:/home/tharaka/.m2/repository/com/google/code/gson/gson/2.8.5/gson-2.8.5.jar:/home/tharaka/.m2/repository/commons-codec/commons-codec/1.15/commons-codec-1.15.jar:/home/tharaka/.m2/repository/javax/validation/validation-api/2.0.1.Final/validation-api-2.0.1.Final.jar:/home/tharaka/.m2/repository/com/fasterxml/jackson/core/jackson-databind/2.11.4/jackson-databind-2.11.4.jar:/home/tharaka/.m2/repository/com/fasterxml/jackson/core/jackson-annotations/2.11.4/jackson-annotations-2.11.4.jar:/home/tharaka/.m2/repository/com/fasterxml/jackson/core/jackson-core/2.11.4/jackson-core-2.11.4.jar:/home/tharaka/.m2/repository/com/google/guava/guava/30.1-jre/guava-30.1-jre.jar:/home/tharaka/.m2/repository/com/google/guava/failureaccess/1.0.1/failureaccess-1.0.1.jar:/home/tharaka/.m2/repository/com/google/guava/listenablefuture/9999.0-empty-to-avoid-conflict-with-guava/listenablefuture-9999.0-empty-to-avoid-conflict-with-guava.jar:/home/tharaka/.m2/repository/com/google/code/findbugs/jsr305/3.0.2/jsr305-3.0.2.jar:/home/tharaka/.m2/repository/org/checkerframework/checker-qual/3.5.0/checker-qual-3.5.0.jar:/home/tharaka/.m2/repository/com/google/errorprone/error_prone_annotations/2.3.4/error_prone_annotations-2.3.4.jar:/home/tharaka/.m2/repository/com/google/j2objc/j2objc-annotations/1.3/j2objc-annotations-1.3.jar:/home/tharaka/.m2/repository/org/apache/tika/tika-core/1.22/tika-core-1.22.jar:/home/tharaka/.m2/repository/junit/junit/4.12/junit-4.12.jar:/home/tharaka/.m2/repository/org/hamcrest/hamcrest-core/1.3/hamcrest-core-1.3.jar:/home/tharaka/.m2/repository/org/mockito/mockito-core/3.2.0/mockito-core-3.2.0.jar:/home/tharaka/.m2/repository/net/bytebuddy/byte-buddy/1.10.3/byte-buddy-1.10.3.jar:/home/tharaka/.m2/repository/net/bytebuddy/byte-buddy-agent/1.10.3/byte-buddy-agent-1.10.3.jar:/home/tharaka/.m2/repository/org/objenesis/objenesis/2.6/objenesis-2.6.jar:/home/tharaka/.m2/repository/org/powermock/powermock-module-junit4/2.0.7/powermock-module-junit4-2.0.7.jar:/home/tharaka/.m2/repository/org/powermock/powermock-module-junit4-common/2.0.7/powermock-module-junit4-common-2.0.7.jar:/home/tharaka/.m2/repository/org/powermock/powermock-reflect/2.0.7/powermock-reflect-2.0.7.jar:/home/tharaka/.m2/repository/org/powermock/powermock-core/2.0.7/powermock-core-2.0.7.jar:/home/tharaka/.m2/repository/org/javassist/javassist/3.27.0-GA/javassist-3.27.0-GA.jar:/home/tharaka/.m2/repository/org/powermock/powermock-api-mockito2/2.0.7/powermock-api-mockito2-2.0.7.jar:/home/tharaka/.m2/repository/org/powermock/powermock-api-support/2.0.7/powermock-api-support-2.0.7.jar:/home/tharaka/.m2/repository/commons-io/commons-io/2.6/commons-io-2.6.jar:/home/tharaka/.m2/repository/io/railflow/testrail-client/2.1/testrail-client-2.1.jar:/home/tharaka/.m2/repository/io/railflow/testrail-client/2.1/testrail-client-2.1-tests.jar:/home/tharaka/.m2/repository/javax/xml/bind/jaxb-api/2.3.0/jaxb-api-2.3.0.jar:/home/tharaka/.m2/repository/com/sun/xml/bind/jaxb-core/2.3.0/jaxb-core-2.3.0.jar:/home/tharaka/.m2/repository/com/sun/xml/bind/jaxb-impl/2.3.0/jaxb-impl-2.3.0.jar:/home/tharaka/.m2/repository/javax/activation/activation/1.1.1/activation-1.1.1.jar:/home/tharaka/.m2/repository/io/qameta/allure/allure-plugin-api/2.13.10/allure-plugin-api-2.13.10.jar:/home/tharaka/.m2/repository/org/apache/commons/commons-csv/1.8/commons-csv-1.8.jar:/home/tharaka/.m2/repository/org/apache/commons/commons-collections4/4.4/commons-collections4-4.4.jar:/home/tharaka/.m2/repository/ch/qos/logback/logback-classic/1.2.3/logback-classic-1.2.3.jar:/home/tharaka/.m2/repository/ch/qos/logback/logback-core/1.2.3/logback-core-1.2.3.jar:"/>
    
    <property name="sun.cpu.endian" value="little"/>
    
    <property name="user.home" value="/home/tharaka"/>
    
    <property name="user.language" value="en"/>
    
    <property name="java.specification.vendor" value="Oracle Corporation"/>
    
    <property name="java.home" value="/usr/lib/jvm/java-8-openjdk-amd64/jre"/>
    
    <property name="basedir" value="/home/tharaka/projects/agiletestware/teamcity_plugins/railflow-java"/>
    
    <property name="file.separator" value="/"/>
    
    <property name="line.separator" value="
"/>
    
    <property name="java.vm.specification.vendor" value="Oracle Corporation"/>
    
    <property name="java.specification.name" value="Java Platform API Specification"/>
    
    <property name="java.awt.graphicsenv" value="sun.awt.X11GraphicsEnvironment"/>
    
    <property name="surefire.real.class.path" value="/home/tharaka/projects/agiletestware/teamcity_plugins/railflow-java/target/surefire/surefirebooter5615321071138040699.jar:/home/tharaka/.m2/repository/org/jacoco/org.jacoco.agent/0.8.2/org.jacoco.agent-0.8.2-runtime.jar"/>
    
    <property name="sun.boot.class.path" value="/usr/lib/jvm/java-8-openjdk-amd64/jre/lib/resources.jar:/usr/lib/jvm/java-8-openjdk-amd64/jre/lib/rt.jar:/usr/lib/jvm/java-8-openjdk-amd64/jre/lib/sunrsasign.jar:/usr/lib/jvm/java-8-openjdk-amd64/jre/lib/jsse.jar:/usr/lib/jvm/java-8-openjdk-amd64/jre/lib/jce.jar:/usr/lib/jvm/java-8-openjdk-amd64/jre/lib/charsets.jar:/usr/lib/jvm/java-8-openjdk-amd64/jre/lib/jfr.jar:/usr/lib/jvm/java-8-openjdk-amd64/jre/classes"/>
    
    <property name="sun.management.compiler" value="HotSpot 64-Bit Tiered Compilers"/>
    
    <property name="java.runtime.version" value="1.8.0_312-8u312-b07-0ubuntu1~20.04-b07"/>
    
    <property name="user.name" value="tharaka"/>
    
    <property name="path.separator" value=":"/>
    
    <property name="os.version" value="5.13.0-28-generic"/>
    
    <property name="java.endorsed.dirs" value="/usr/lib/jvm/java-8-openjdk-amd64/jre/lib/endorsed"/>
    
    <property name="java.runtime.name" value="OpenJDK Runtime Environment"/>
    
    <property name="file.encoding" value="UTF-8"/>
    
    <property name="java.vm.name" value="OpenJDK 64-Bit Server VM"/>
    
    <property name="localRepository" value="/home/tharaka/.m2/repository"/>
    
    <property name="java.vendor.url.bug" value="http://bugreport.sun.com/bugreport/"/>
    
    <property name="java.io.tmpdir" value="/tmp"/>
    
    <property name="java.version" value="1.8.0_312"/>
    
    <property name="user.dir" value="/home/tharaka/projects/agiletestware/teamcity_plugins/railflow-java"/>
    
    <property name="os.arch" value="amd64"/>
    
    <property name="java.vm.specification.name" value="Java Virtual Machine Specification"/>
    
    <property name="java.awt.printerjob" value="sun.print.PSPrinterJob"/>
    
    <property name="sun.os.patch.level" value="unknown"/>
    
    <property name="java.library.path" value="/usr/java/packages/lib/amd64:/usr/lib/x86_64-linux-gnu/jni:/lib/x86_64-linux-gnu:/usr/lib/x86_64-linux-gnu:/usr/lib/jni:/lib:/usr/lib"/>
    
    <property name="java.vm.info" value="mixed mode"/>
    
    <property name="java.vendor" value="Private Build"/>
    
    <property name="java.vm.version" value="25.312-b07"/>
    
    <property name="java.ext.dirs" value="/usr/lib/jvm/java-8-openjdk-amd64/jre/lib/ext:/usr/java/packages/lib/ext"/>
    
    <property name="sun.io.unicode.encoding" value="UnicodeLittle"/>
    
    <property name="java.class.version" value="52.0"/>
    
  </properties>
  
  <testcase name="testCreateMetadata" classname="io.railflow.statistics.model.ExportMetadataTest" time="0"/>
  
  <testcase name="testCreateMetadataWithEmptyValues" classname="io.railflow.statistics.model.ExportMetadataTest" time="0"/>
  
</testsuite>
<testsuite xmlns:xsi="http://www.w3.org/2001/XMLSchema-instance" xsi:noNamespaceSchemaLocation="https://maven.apache.org/surefire/maven-surefire-plugin/xsd/surefire-test-report.xsd" name="io.railflow.testrail.AssigneesProviderFactoryImplTest" time="0.396" tests="9" errors="0" skipped="0" failures="0">
  
  <properties>
    
    <property name="sun.desktop" value="gnome"/>
    
    <property name="awt.toolkit" value="sun.awt.X11.XToolkit"/>
    
    <property name="file.encoding.pkg" value="sun.io"/>
    
    <property name="java.specification.version" value="1.8"/>
    
    <property name="sun.cpu.isalist" value=""/>
    
    <property name="sun.jnu.encoding" value="UTF-8"/>
    
    <property name="java.class.path" value="/home/tharaka/projects/agiletestware/teamcity_plugins/railflow-java/target/test-classes:/home/tharaka/projects/agiletestware/teamcity_plugins/railflow-java/target/classes:/home/tharaka/.m2/repository/io/railflow/license/1.0/license-1.0.jar:/home/tharaka/.m2/repository/io/railflow/commons/1.0/commons-1.0.jar:/home/tharaka/.m2/repository/org/apache/commons/commons-lang3/3.11/commons-lang3-3.11.jar:/home/tharaka/.m2/repository/org/apache/httpcomponents/httpclient/4.5.2/httpclient-4.5.2.jar:/home/tharaka/.m2/repository/org/apache/httpcomponents/httpcore/4.4.4/httpcore-4.4.4.jar:/home/tharaka/.m2/repository/commons-logging/commons-logging/1.2/commons-logging-1.2.jar:/home/tharaka/.m2/repository/org/apache/httpcomponents/httpmime/4.5.2/httpmime-4.5.2.jar:/home/tharaka/.m2/repository/org/slf4j/slf4j-api/1.7.25/slf4j-api-1.7.25.jar:/home/tharaka/.m2/repository/com/google/code/gson/gson/2.8.5/gson-2.8.5.jar:/home/tharaka/.m2/repository/commons-codec/commons-codec/1.15/commons-codec-1.15.jar:/home/tharaka/.m2/repository/javax/validation/validation-api/2.0.1.Final/validation-api-2.0.1.Final.jar:/home/tharaka/.m2/repository/com/fasterxml/jackson/core/jackson-databind/2.11.4/jackson-databind-2.11.4.jar:/home/tharaka/.m2/repository/com/fasterxml/jackson/core/jackson-annotations/2.11.4/jackson-annotations-2.11.4.jar:/home/tharaka/.m2/repository/com/fasterxml/jackson/core/jackson-core/2.11.4/jackson-core-2.11.4.jar:/home/tharaka/.m2/repository/com/google/guava/guava/30.1-jre/guava-30.1-jre.jar:/home/tharaka/.m2/repository/com/google/guava/failureaccess/1.0.1/failureaccess-1.0.1.jar:/home/tharaka/.m2/repository/com/google/guava/listenablefuture/9999.0-empty-to-avoid-conflict-with-guava/listenablefuture-9999.0-empty-to-avoid-conflict-with-guava.jar:/home/tharaka/.m2/repository/com/google/code/findbugs/jsr305/3.0.2/jsr305-3.0.2.jar:/home/tharaka/.m2/repository/org/checkerframework/checker-qual/3.5.0/checker-qual-3.5.0.jar:/home/tharaka/.m2/repository/com/google/errorprone/error_prone_annotations/2.3.4/error_prone_annotations-2.3.4.jar:/home/tharaka/.m2/repository/com/google/j2objc/j2objc-annotations/1.3/j2objc-annotations-1.3.jar:/home/tharaka/.m2/repository/org/apache/tika/tika-core/1.22/tika-core-1.22.jar:/home/tharaka/.m2/repository/junit/junit/4.12/junit-4.12.jar:/home/tharaka/.m2/repository/org/hamcrest/hamcrest-core/1.3/hamcrest-core-1.3.jar:/home/tharaka/.m2/repository/org/mockito/mockito-core/3.2.0/mockito-core-3.2.0.jar:/home/tharaka/.m2/repository/net/bytebuddy/byte-buddy/1.10.3/byte-buddy-1.10.3.jar:/home/tharaka/.m2/repository/net/bytebuddy/byte-buddy-agent/1.10.3/byte-buddy-agent-1.10.3.jar:/home/tharaka/.m2/repository/org/objenesis/objenesis/2.6/objenesis-2.6.jar:/home/tharaka/.m2/repository/org/powermock/powermock-module-junit4/2.0.7/powermock-module-junit4-2.0.7.jar:/home/tharaka/.m2/repository/org/powermock/powermock-module-junit4-common/2.0.7/powermock-module-junit4-common-2.0.7.jar:/home/tharaka/.m2/repository/org/powermock/powermock-reflect/2.0.7/powermock-reflect-2.0.7.jar:/home/tharaka/.m2/repository/org/powermock/powermock-core/2.0.7/powermock-core-2.0.7.jar:/home/tharaka/.m2/repository/org/javassist/javassist/3.27.0-GA/javassist-3.27.0-GA.jar:/home/tharaka/.m2/repository/org/powermock/powermock-api-mockito2/2.0.7/powermock-api-mockito2-2.0.7.jar:/home/tharaka/.m2/repository/org/powermock/powermock-api-support/2.0.7/powermock-api-support-2.0.7.jar:/home/tharaka/.m2/repository/commons-io/commons-io/2.6/commons-io-2.6.jar:/home/tharaka/.m2/repository/io/railflow/testrail-client/2.1/testrail-client-2.1.jar:/home/tharaka/.m2/repository/io/railflow/testrail-client/2.1/testrail-client-2.1-tests.jar:/home/tharaka/.m2/repository/javax/xml/bind/jaxb-api/2.3.0/jaxb-api-2.3.0.jar:/home/tharaka/.m2/repository/com/sun/xml/bind/jaxb-core/2.3.0/jaxb-core-2.3.0.jar:/home/tharaka/.m2/repository/com/sun/xml/bind/jaxb-impl/2.3.0/jaxb-impl-2.3.0.jar:/home/tharaka/.m2/repository/javax/activation/activation/1.1.1/activation-1.1.1.jar:/home/tharaka/.m2/repository/io/qameta/allure/allure-plugin-api/2.13.10/allure-plugin-api-2.13.10.jar:/home/tharaka/.m2/repository/org/apache/commons/commons-csv/1.8/commons-csv-1.8.jar:/home/tharaka/.m2/repository/org/apache/commons/commons-collections4/4.4/commons-collections4-4.4.jar:/home/tharaka/.m2/repository/ch/qos/logback/logback-classic/1.2.3/logback-classic-1.2.3.jar:/home/tharaka/.m2/repository/ch/qos/logback/logback-core/1.2.3/logback-core-1.2.3.jar:"/>
    
    <property name="java.vm.vendor" value="Private Build"/>
    
    <property name="sun.arch.data.model" value="64"/>
    
    <property name="java.vendor.url" value="http://java.oracle.com/"/>
    
    <property name="user.timezone" value=""/>
    
    <property name="java.vm.specification.version" value="1.8"/>
    
    <property name="os.name" value="Linux"/>
    
    <property name="user.country" value="US"/>
    
    <property name="sun.java.launcher" value="SUN_STANDARD"/>
    
    <property name="sun.boot.library.path" value="/usr/lib/jvm/java-8-openjdk-amd64/jre/lib/amd64"/>
    
    <property name="sun.java.command" value="/home/tharaka/projects/agiletestware/teamcity_plugins/railflow-java/target/surefire/surefirebooter5615321071138040699.jar /home/tharaka/projects/agiletestware/teamcity_plugins/railflow-java/target/surefire 2022-02-04T09-29-42_375-jvmRun1 surefire3251150644889157875tmp surefire_03548316204226868521tmp"/>
    
    <property name="surefire.test.class.path" value="/home/tharaka/projects/agiletestware/teamcity_plugins/railflow-java/target/test-classes:/home/tharaka/projects/agiletestware/teamcity_plugins/railflow-java/target/classes:/home/tharaka/.m2/repository/io/railflow/license/1.0/license-1.0.jar:/home/tharaka/.m2/repository/io/railflow/commons/1.0/commons-1.0.jar:/home/tharaka/.m2/repository/org/apache/commons/commons-lang3/3.11/commons-lang3-3.11.jar:/home/tharaka/.m2/repository/org/apache/httpcomponents/httpclient/4.5.2/httpclient-4.5.2.jar:/home/tharaka/.m2/repository/org/apache/httpcomponents/httpcore/4.4.4/httpcore-4.4.4.jar:/home/tharaka/.m2/repository/commons-logging/commons-logging/1.2/commons-logging-1.2.jar:/home/tharaka/.m2/repository/org/apache/httpcomponents/httpmime/4.5.2/httpmime-4.5.2.jar:/home/tharaka/.m2/repository/org/slf4j/slf4j-api/1.7.25/slf4j-api-1.7.25.jar:/home/tharaka/.m2/repository/com/google/code/gson/gson/2.8.5/gson-2.8.5.jar:/home/tharaka/.m2/repository/commons-codec/commons-codec/1.15/commons-codec-1.15.jar:/home/tharaka/.m2/repository/javax/validation/validation-api/2.0.1.Final/validation-api-2.0.1.Final.jar:/home/tharaka/.m2/repository/com/fasterxml/jackson/core/jackson-databind/2.11.4/jackson-databind-2.11.4.jar:/home/tharaka/.m2/repository/com/fasterxml/jackson/core/jackson-annotations/2.11.4/jackson-annotations-2.11.4.jar:/home/tharaka/.m2/repository/com/fasterxml/jackson/core/jackson-core/2.11.4/jackson-core-2.11.4.jar:/home/tharaka/.m2/repository/com/google/guava/guava/30.1-jre/guava-30.1-jre.jar:/home/tharaka/.m2/repository/com/google/guava/failureaccess/1.0.1/failureaccess-1.0.1.jar:/home/tharaka/.m2/repository/com/google/guava/listenablefuture/9999.0-empty-to-avoid-conflict-with-guava/listenablefuture-9999.0-empty-to-avoid-conflict-with-guava.jar:/home/tharaka/.m2/repository/com/google/code/findbugs/jsr305/3.0.2/jsr305-3.0.2.jar:/home/tharaka/.m2/repository/org/checkerframework/checker-qual/3.5.0/checker-qual-3.5.0.jar:/home/tharaka/.m2/repository/com/google/errorprone/error_prone_annotations/2.3.4/error_prone_annotations-2.3.4.jar:/home/tharaka/.m2/repository/com/google/j2objc/j2objc-annotations/1.3/j2objc-annotations-1.3.jar:/home/tharaka/.m2/repository/org/apache/tika/tika-core/1.22/tika-core-1.22.jar:/home/tharaka/.m2/repository/junit/junit/4.12/junit-4.12.jar:/home/tharaka/.m2/repository/org/hamcrest/hamcrest-core/1.3/hamcrest-core-1.3.jar:/home/tharaka/.m2/repository/org/mockito/mockito-core/3.2.0/mockito-core-3.2.0.jar:/home/tharaka/.m2/repository/net/bytebuddy/byte-buddy/1.10.3/byte-buddy-1.10.3.jar:/home/tharaka/.m2/repository/net/bytebuddy/byte-buddy-agent/1.10.3/byte-buddy-agent-1.10.3.jar:/home/tharaka/.m2/repository/org/objenesis/objenesis/2.6/objenesis-2.6.jar:/home/tharaka/.m2/repository/org/powermock/powermock-module-junit4/2.0.7/powermock-module-junit4-2.0.7.jar:/home/tharaka/.m2/repository/org/powermock/powermock-module-junit4-common/2.0.7/powermock-module-junit4-common-2.0.7.jar:/home/tharaka/.m2/repository/org/powermock/powermock-reflect/2.0.7/powermock-reflect-2.0.7.jar:/home/tharaka/.m2/repository/org/powermock/powermock-core/2.0.7/powermock-core-2.0.7.jar:/home/tharaka/.m2/repository/org/javassist/javassist/3.27.0-GA/javassist-3.27.0-GA.jar:/home/tharaka/.m2/repository/org/powermock/powermock-api-mockito2/2.0.7/powermock-api-mockito2-2.0.7.jar:/home/tharaka/.m2/repository/org/powermock/powermock-api-support/2.0.7/powermock-api-support-2.0.7.jar:/home/tharaka/.m2/repository/commons-io/commons-io/2.6/commons-io-2.6.jar:/home/tharaka/.m2/repository/io/railflow/testrail-client/2.1/testrail-client-2.1.jar:/home/tharaka/.m2/repository/io/railflow/testrail-client/2.1/testrail-client-2.1-tests.jar:/home/tharaka/.m2/repository/javax/xml/bind/jaxb-api/2.3.0/jaxb-api-2.3.0.jar:/home/tharaka/.m2/repository/com/sun/xml/bind/jaxb-core/2.3.0/jaxb-core-2.3.0.jar:/home/tharaka/.m2/repository/com/sun/xml/bind/jaxb-impl/2.3.0/jaxb-impl-2.3.0.jar:/home/tharaka/.m2/repository/javax/activation/activation/1.1.1/activation-1.1.1.jar:/home/tharaka/.m2/repository/io/qameta/allure/allure-plugin-api/2.13.10/allure-plugin-api-2.13.10.jar:/home/tharaka/.m2/repository/org/apache/commons/commons-csv/1.8/commons-csv-1.8.jar:/home/tharaka/.m2/repository/org/apache/commons/commons-collections4/4.4/commons-collections4-4.4.jar:/home/tharaka/.m2/repository/ch/qos/logback/logback-classic/1.2.3/logback-classic-1.2.3.jar:/home/tharaka/.m2/repository/ch/qos/logback/logback-core/1.2.3/logback-core-1.2.3.jar:"/>
    
    <property name="sun.cpu.endian" value="little"/>
    
    <property name="user.home" value="/home/tharaka"/>
    
    <property name="user.language" value="en"/>
    
    <property name="java.specification.vendor" value="Oracle Corporation"/>
    
    <property name="java.home" value="/usr/lib/jvm/java-8-openjdk-amd64/jre"/>
    
    <property name="basedir" value="/home/tharaka/projects/agiletestware/teamcity_plugins/railflow-java"/>
    
    <property name="file.separator" value="/"/>
    
    <property name="line.separator" value="
"/>
    
    <property name="java.vm.specification.vendor" value="Oracle Corporation"/>
    
    <property name="java.specification.name" value="Java Platform API Specification"/>
    
    <property name="java.awt.graphicsenv" value="sun.awt.X11GraphicsEnvironment"/>
    
    <property name="surefire.real.class.path" value="/home/tharaka/projects/agiletestware/teamcity_plugins/railflow-java/target/surefire/surefirebooter5615321071138040699.jar:/home/tharaka/.m2/repository/org/jacoco/org.jacoco.agent/0.8.2/org.jacoco.agent-0.8.2-runtime.jar"/>
    
    <property name="sun.boot.class.path" value="/usr/lib/jvm/java-8-openjdk-amd64/jre/lib/resources.jar:/usr/lib/jvm/java-8-openjdk-amd64/jre/lib/rt.jar:/usr/lib/jvm/java-8-openjdk-amd64/jre/lib/sunrsasign.jar:/usr/lib/jvm/java-8-openjdk-amd64/jre/lib/jsse.jar:/usr/lib/jvm/java-8-openjdk-amd64/jre/lib/jce.jar:/usr/lib/jvm/java-8-openjdk-amd64/jre/lib/charsets.jar:/usr/lib/jvm/java-8-openjdk-amd64/jre/lib/jfr.jar:/usr/lib/jvm/java-8-openjdk-amd64/jre/classes"/>
    
    <property name="sun.management.compiler" value="HotSpot 64-Bit Tiered Compilers"/>
    
    <property name="java.runtime.version" value="1.8.0_312-8u312-b07-0ubuntu1~20.04-b07"/>
    
    <property name="user.name" value="tharaka"/>
    
    <property name="path.separator" value=":"/>
    
    <property name="os.version" value="5.13.0-28-generic"/>
    
    <property name="java.endorsed.dirs" value="/usr/lib/jvm/java-8-openjdk-amd64/jre/lib/endorsed"/>
    
    <property name="java.runtime.name" value="OpenJDK Runtime Environment"/>
    
    <property name="file.encoding" value="UTF-8"/>
    
    <property name="java.vm.name" value="OpenJDK 64-Bit Server VM"/>
    
    <property name="localRepository" value="/home/tharaka/.m2/repository"/>
    
    <property name="java.vendor.url.bug" value="http://bugreport.sun.com/bugreport/"/>
    
    <property name="java.io.tmpdir" value="/tmp"/>
    
    <property name="java.version" value="1.8.0_312"/>
    
    <property name="user.dir" value="/home/tharaka/projects/agiletestware/teamcity_plugins/railflow-java"/>
    
    <property name="os.arch" value="amd64"/>
    
    <property name="java.vm.specification.name" value="Java Virtual Machine Specification"/>
    
    <property name="java.awt.printerjob" value="sun.print.PSPrinterJob"/>
    
    <property name="sun.os.patch.level" value="unknown"/>
    
    <property name="java.library.path" value="/usr/java/packages/lib/amd64:/usr/lib/x86_64-linux-gnu/jni:/lib/x86_64-linux-gnu:/usr/lib/x86_64-linux-gnu:/usr/lib/jni:/lib:/usr/lib"/>
    
    <property name="java.vm.info" value="mixed mode"/>
    
    <property name="java.vendor" value="Private Build"/>
    
    <property name="java.vm.version" value="25.312-b07"/>
    
    <property name="java.ext.dirs" value="/usr/lib/jvm/java-8-openjdk-amd64/jre/lib/ext:/usr/java/packages/lib/ext"/>
    
    <property name="sun.io.unicode.encoding" value="UnicodeLittle"/>
    
    <property name="java.class.version" value="52.0"/>
    
  </properties>
  
  <testcase name="create_railflow_null" classname="io.railflow.testrail.AssigneesProviderFactoryImplTest" time="0.285"/>
  
  <testcase name="create" classname="io.railflow.testrail.AssigneesProviderFactoryImplTest" time="0.055"/>
  
  <testcase name="create_usersNull" classname="io.railflow.testrail.AssigneesProviderFactoryImplTest" time="0.004"/>
  
  <testcase name="create_withEmptyEmails" classname="io.railflow.testrail.AssigneesProviderFactoryImplTest" time="0"/>
  
  <testcase name="create_withNullEmails" classname="io.railflow.testrail.AssigneesProviderFactoryImplTest" time="0.001"/>
  
  <testcase name="create_railflow" classname="io.railflow.testrail.AssigneesProviderFactoryImplTest" time="0.04"/>
  
  <testcase name="create_oneActive_oneInactive" classname="io.railflow.testrail.AssigneesProviderFactoryImplTest" time="0.002"/>
  
  <testcase name="create_usersInactive" classname="io.railflow.testrail.AssigneesProviderFactoryImplTest" time="0.003"/>
  
  <testcase name="create_railflow_no_emails" classname="io.railflow.testrail.AssigneesProviderFactoryImplTest" time="0"/>
  
</testsuite>
<testsuite xmlns:xsi="http://www.w3.org/2001/XMLSchema-instance" xsi:noNamespaceSchemaLocation="https://maven.apache.org/surefire/maven-surefire-plugin/xsd/surefire-test-report.xsd" name="io.railflow.testrail.ConfigsProviderImplTest" time="0.946" tests="15" errors="0" skipped="0" failures="0">
  
  <properties>
    
    <property name="sun.desktop" value="gnome"/>
    
    <property name="awt.toolkit" value="sun.awt.X11.XToolkit"/>
    
    <property name="file.encoding.pkg" value="sun.io"/>
    
    <property name="java.specification.version" value="1.8"/>
    
    <property name="sun.cpu.isalist" value=""/>
    
    <property name="sun.jnu.encoding" value="UTF-8"/>
    
    <property name="java.class.path" value="/home/tharaka/projects/agiletestware/teamcity_plugins/railflow-java/target/test-classes:/home/tharaka/projects/agiletestware/teamcity_plugins/railflow-java/target/classes:/home/tharaka/.m2/repository/io/railflow/license/1.0/license-1.0.jar:/home/tharaka/.m2/repository/io/railflow/commons/1.0/commons-1.0.jar:/home/tharaka/.m2/repository/org/apache/commons/commons-lang3/3.11/commons-lang3-3.11.jar:/home/tharaka/.m2/repository/org/apache/httpcomponents/httpclient/4.5.2/httpclient-4.5.2.jar:/home/tharaka/.m2/repository/org/apache/httpcomponents/httpcore/4.4.4/httpcore-4.4.4.jar:/home/tharaka/.m2/repository/commons-logging/commons-logging/1.2/commons-logging-1.2.jar:/home/tharaka/.m2/repository/org/apache/httpcomponents/httpmime/4.5.2/httpmime-4.5.2.jar:/home/tharaka/.m2/repository/org/slf4j/slf4j-api/1.7.25/slf4j-api-1.7.25.jar:/home/tharaka/.m2/repository/com/google/code/gson/gson/2.8.5/gson-2.8.5.jar:/home/tharaka/.m2/repository/commons-codec/commons-codec/1.15/commons-codec-1.15.jar:/home/tharaka/.m2/repository/javax/validation/validation-api/2.0.1.Final/validation-api-2.0.1.Final.jar:/home/tharaka/.m2/repository/com/fasterxml/jackson/core/jackson-databind/2.11.4/jackson-databind-2.11.4.jar:/home/tharaka/.m2/repository/com/fasterxml/jackson/core/jackson-annotations/2.11.4/jackson-annotations-2.11.4.jar:/home/tharaka/.m2/repository/com/fasterxml/jackson/core/jackson-core/2.11.4/jackson-core-2.11.4.jar:/home/tharaka/.m2/repository/com/google/guava/guava/30.1-jre/guava-30.1-jre.jar:/home/tharaka/.m2/repository/com/google/guava/failureaccess/1.0.1/failureaccess-1.0.1.jar:/home/tharaka/.m2/repository/com/google/guava/listenablefuture/9999.0-empty-to-avoid-conflict-with-guava/listenablefuture-9999.0-empty-to-avoid-conflict-with-guava.jar:/home/tharaka/.m2/repository/com/google/code/findbugs/jsr305/3.0.2/jsr305-3.0.2.jar:/home/tharaka/.m2/repository/org/checkerframework/checker-qual/3.5.0/checker-qual-3.5.0.jar:/home/tharaka/.m2/repository/com/google/errorprone/error_prone_annotations/2.3.4/error_prone_annotations-2.3.4.jar:/home/tharaka/.m2/repository/com/google/j2objc/j2objc-annotations/1.3/j2objc-annotations-1.3.jar:/home/tharaka/.m2/repository/org/apache/tika/tika-core/1.22/tika-core-1.22.jar:/home/tharaka/.m2/repository/junit/junit/4.12/junit-4.12.jar:/home/tharaka/.m2/repository/org/hamcrest/hamcrest-core/1.3/hamcrest-core-1.3.jar:/home/tharaka/.m2/repository/org/mockito/mockito-core/3.2.0/mockito-core-3.2.0.jar:/home/tharaka/.m2/repository/net/bytebuddy/byte-buddy/1.10.3/byte-buddy-1.10.3.jar:/home/tharaka/.m2/repository/net/bytebuddy/byte-buddy-agent/1.10.3/byte-buddy-agent-1.10.3.jar:/home/tharaka/.m2/repository/org/objenesis/objenesis/2.6/objenesis-2.6.jar:/home/tharaka/.m2/repository/org/powermock/powermock-module-junit4/2.0.7/powermock-module-junit4-2.0.7.jar:/home/tharaka/.m2/repository/org/powermock/powermock-module-junit4-common/2.0.7/powermock-module-junit4-common-2.0.7.jar:/home/tharaka/.m2/repository/org/powermock/powermock-reflect/2.0.7/powermock-reflect-2.0.7.jar:/home/tharaka/.m2/repository/org/powermock/powermock-core/2.0.7/powermock-core-2.0.7.jar:/home/tharaka/.m2/repository/org/javassist/javassist/3.27.0-GA/javassist-3.27.0-GA.jar:/home/tharaka/.m2/repository/org/powermock/powermock-api-mockito2/2.0.7/powermock-api-mockito2-2.0.7.jar:/home/tharaka/.m2/repository/org/powermock/powermock-api-support/2.0.7/powermock-api-support-2.0.7.jar:/home/tharaka/.m2/repository/commons-io/commons-io/2.6/commons-io-2.6.jar:/home/tharaka/.m2/repository/io/railflow/testrail-client/2.1/testrail-client-2.1.jar:/home/tharaka/.m2/repository/io/railflow/testrail-client/2.1/testrail-client-2.1-tests.jar:/home/tharaka/.m2/repository/javax/xml/bind/jaxb-api/2.3.0/jaxb-api-2.3.0.jar:/home/tharaka/.m2/repository/com/sun/xml/bind/jaxb-core/2.3.0/jaxb-core-2.3.0.jar:/home/tharaka/.m2/repository/com/sun/xml/bind/jaxb-impl/2.3.0/jaxb-impl-2.3.0.jar:/home/tharaka/.m2/repository/javax/activation/activation/1.1.1/activation-1.1.1.jar:/home/tharaka/.m2/repository/io/qameta/allure/allure-plugin-api/2.13.10/allure-plugin-api-2.13.10.jar:/home/tharaka/.m2/repository/org/apache/commons/commons-csv/1.8/commons-csv-1.8.jar:/home/tharaka/.m2/repository/org/apache/commons/commons-collections4/4.4/commons-collections4-4.4.jar:/home/tharaka/.m2/repository/ch/qos/logback/logback-classic/1.2.3/logback-classic-1.2.3.jar:/home/tharaka/.m2/repository/ch/qos/logback/logback-core/1.2.3/logback-core-1.2.3.jar:"/>
    
    <property name="java.vm.vendor" value="Private Build"/>
    
    <property name="sun.arch.data.model" value="64"/>
    
    <property name="java.vendor.url" value="http://java.oracle.com/"/>
    
    <property name="user.timezone" value=""/>
    
    <property name="java.vm.specification.version" value="1.8"/>
    
    <property name="os.name" value="Linux"/>
    
    <property name="user.country" value="US"/>
    
    <property name="sun.java.launcher" value="SUN_STANDARD"/>
    
    <property name="sun.boot.library.path" value="/usr/lib/jvm/java-8-openjdk-amd64/jre/lib/amd64"/>
    
    <property name="sun.java.command" value="/home/tharaka/projects/agiletestware/teamcity_plugins/railflow-java/target/surefire/surefirebooter5615321071138040699.jar /home/tharaka/projects/agiletestware/teamcity_plugins/railflow-java/target/surefire 2022-02-04T09-29-42_375-jvmRun1 surefire3251150644889157875tmp surefire_03548316204226868521tmp"/>
    
    <property name="surefire.test.class.path" value="/home/tharaka/projects/agiletestware/teamcity_plugins/railflow-java/target/test-classes:/home/tharaka/projects/agiletestware/teamcity_plugins/railflow-java/target/classes:/home/tharaka/.m2/repository/io/railflow/license/1.0/license-1.0.jar:/home/tharaka/.m2/repository/io/railflow/commons/1.0/commons-1.0.jar:/home/tharaka/.m2/repository/org/apache/commons/commons-lang3/3.11/commons-lang3-3.11.jar:/home/tharaka/.m2/repository/org/apache/httpcomponents/httpclient/4.5.2/httpclient-4.5.2.jar:/home/tharaka/.m2/repository/org/apache/httpcomponents/httpcore/4.4.4/httpcore-4.4.4.jar:/home/tharaka/.m2/repository/commons-logging/commons-logging/1.2/commons-logging-1.2.jar:/home/tharaka/.m2/repository/org/apache/httpcomponents/httpmime/4.5.2/httpmime-4.5.2.jar:/home/tharaka/.m2/repository/org/slf4j/slf4j-api/1.7.25/slf4j-api-1.7.25.jar:/home/tharaka/.m2/repository/com/google/code/gson/gson/2.8.5/gson-2.8.5.jar:/home/tharaka/.m2/repository/commons-codec/commons-codec/1.15/commons-codec-1.15.jar:/home/tharaka/.m2/repository/javax/validation/validation-api/2.0.1.Final/validation-api-2.0.1.Final.jar:/home/tharaka/.m2/repository/com/fasterxml/jackson/core/jackson-databind/2.11.4/jackson-databind-2.11.4.jar:/home/tharaka/.m2/repository/com/fasterxml/jackson/core/jackson-annotations/2.11.4/jackson-annotations-2.11.4.jar:/home/tharaka/.m2/repository/com/fasterxml/jackson/core/jackson-core/2.11.4/jackson-core-2.11.4.jar:/home/tharaka/.m2/repository/com/google/guava/guava/30.1-jre/guava-30.1-jre.jar:/home/tharaka/.m2/repository/com/google/guava/failureaccess/1.0.1/failureaccess-1.0.1.jar:/home/tharaka/.m2/repository/com/google/guava/listenablefuture/9999.0-empty-to-avoid-conflict-with-guava/listenablefuture-9999.0-empty-to-avoid-conflict-with-guava.jar:/home/tharaka/.m2/repository/com/google/code/findbugs/jsr305/3.0.2/jsr305-3.0.2.jar:/home/tharaka/.m2/repository/org/checkerframework/checker-qual/3.5.0/checker-qual-3.5.0.jar:/home/tharaka/.m2/repository/com/google/errorprone/error_prone_annotations/2.3.4/error_prone_annotations-2.3.4.jar:/home/tharaka/.m2/repository/com/google/j2objc/j2objc-annotations/1.3/j2objc-annotations-1.3.jar:/home/tharaka/.m2/repository/org/apache/tika/tika-core/1.22/tika-core-1.22.jar:/home/tharaka/.m2/repository/junit/junit/4.12/junit-4.12.jar:/home/tharaka/.m2/repository/org/hamcrest/hamcrest-core/1.3/hamcrest-core-1.3.jar:/home/tharaka/.m2/repository/org/mockito/mockito-core/3.2.0/mockito-core-3.2.0.jar:/home/tharaka/.m2/repository/net/bytebuddy/byte-buddy/1.10.3/byte-buddy-1.10.3.jar:/home/tharaka/.m2/repository/net/bytebuddy/byte-buddy-agent/1.10.3/byte-buddy-agent-1.10.3.jar:/home/tharaka/.m2/repository/org/objenesis/objenesis/2.6/objenesis-2.6.jar:/home/tharaka/.m2/repository/org/powermock/powermock-module-junit4/2.0.7/powermock-module-junit4-2.0.7.jar:/home/tharaka/.m2/repository/org/powermock/powermock-module-junit4-common/2.0.7/powermock-module-junit4-common-2.0.7.jar:/home/tharaka/.m2/repository/org/powermock/powermock-reflect/2.0.7/powermock-reflect-2.0.7.jar:/home/tharaka/.m2/repository/org/powermock/powermock-core/2.0.7/powermock-core-2.0.7.jar:/home/tharaka/.m2/repository/org/javassist/javassist/3.27.0-GA/javassist-3.27.0-GA.jar:/home/tharaka/.m2/repository/org/powermock/powermock-api-mockito2/2.0.7/powermock-api-mockito2-2.0.7.jar:/home/tharaka/.m2/repository/org/powermock/powermock-api-support/2.0.7/powermock-api-support-2.0.7.jar:/home/tharaka/.m2/repository/commons-io/commons-io/2.6/commons-io-2.6.jar:/home/tharaka/.m2/repository/io/railflow/testrail-client/2.1/testrail-client-2.1.jar:/home/tharaka/.m2/repository/io/railflow/testrail-client/2.1/testrail-client-2.1-tests.jar:/home/tharaka/.m2/repository/javax/xml/bind/jaxb-api/2.3.0/jaxb-api-2.3.0.jar:/home/tharaka/.m2/repository/com/sun/xml/bind/jaxb-core/2.3.0/jaxb-core-2.3.0.jar:/home/tharaka/.m2/repository/com/sun/xml/bind/jaxb-impl/2.3.0/jaxb-impl-2.3.0.jar:/home/tharaka/.m2/repository/javax/activation/activation/1.1.1/activation-1.1.1.jar:/home/tharaka/.m2/repository/io/qameta/allure/allure-plugin-api/2.13.10/allure-plugin-api-2.13.10.jar:/home/tharaka/.m2/repository/org/apache/commons/commons-csv/1.8/commons-csv-1.8.jar:/home/tharaka/.m2/repository/org/apache/commons/commons-collections4/4.4/commons-collections4-4.4.jar:/home/tharaka/.m2/repository/ch/qos/logback/logback-classic/1.2.3/logback-classic-1.2.3.jar:/home/tharaka/.m2/repository/ch/qos/logback/logback-core/1.2.3/logback-core-1.2.3.jar:"/>
    
    <property name="sun.cpu.endian" value="little"/>
    
    <property name="user.home" value="/home/tharaka"/>
    
    <property name="user.language" value="en"/>
    
    <property name="java.specification.vendor" value="Oracle Corporation"/>
    
    <property name="java.home" value="/usr/lib/jvm/java-8-openjdk-amd64/jre"/>
    
    <property name="basedir" value="/home/tharaka/projects/agiletestware/teamcity_plugins/railflow-java"/>
    
    <property name="file.separator" value="/"/>
    
    <property name="line.separator" value="
"/>
    
    <property name="java.vm.specification.vendor" value="Oracle Corporation"/>
    
    <property name="java.specification.name" value="Java Platform API Specification"/>
    
    <property name="java.awt.graphicsenv" value="sun.awt.X11GraphicsEnvironment"/>
    
    <property name="surefire.real.class.path" value="/home/tharaka/projects/agiletestware/teamcity_plugins/railflow-java/target/surefire/surefirebooter5615321071138040699.jar:/home/tharaka/.m2/repository/org/jacoco/org.jacoco.agent/0.8.2/org.jacoco.agent-0.8.2-runtime.jar"/>
    
    <property name="sun.boot.class.path" value="/usr/lib/jvm/java-8-openjdk-amd64/jre/lib/resources.jar:/usr/lib/jvm/java-8-openjdk-amd64/jre/lib/rt.jar:/usr/lib/jvm/java-8-openjdk-amd64/jre/lib/sunrsasign.jar:/usr/lib/jvm/java-8-openjdk-amd64/jre/lib/jsse.jar:/usr/lib/jvm/java-8-openjdk-amd64/jre/lib/jce.jar:/usr/lib/jvm/java-8-openjdk-amd64/jre/lib/charsets.jar:/usr/lib/jvm/java-8-openjdk-amd64/jre/lib/jfr.jar:/usr/lib/jvm/java-8-openjdk-amd64/jre/classes"/>
    
    <property name="sun.management.compiler" value="HotSpot 64-Bit Tiered Compilers"/>
    
    <property name="java.runtime.version" value="1.8.0_312-8u312-b07-0ubuntu1~20.04-b07"/>
    
    <property name="user.name" value="tharaka"/>
    
    <property name="path.separator" value=":"/>
    
    <property name="os.version" value="5.13.0-28-generic"/>
    
    <property name="java.endorsed.dirs" value="/usr/lib/jvm/java-8-openjdk-amd64/jre/lib/endorsed"/>
    
    <property name="java.runtime.name" value="OpenJDK Runtime Environment"/>
    
    <property name="file.encoding" value="UTF-8"/>
    
    <property name="java.vm.name" value="OpenJDK 64-Bit Server VM"/>
    
    <property name="localRepository" value="/home/tharaka/.m2/repository"/>
    
    <property name="java.vendor.url.bug" value="http://bugreport.sun.com/bugreport/"/>
    
    <property name="java.io.tmpdir" value="/tmp"/>
    
    <property name="java.version" value="1.8.0_312"/>
    
    <property name="user.dir" value="/home/tharaka/projects/agiletestware/teamcity_plugins/railflow-java"/>
    
    <property name="os.arch" value="amd64"/>
    
    <property name="java.vm.specification.name" value="Java Virtual Machine Specification"/>
    
    <property name="java.awt.printerjob" value="sun.print.PSPrinterJob"/>
    
    <property name="sun.os.patch.level" value="unknown"/>
    
    <property name="java.library.path" value="/usr/java/packages/lib/amd64:/usr/lib/x86_64-linux-gnu/jni:/lib/x86_64-linux-gnu:/usr/lib/x86_64-linux-gnu:/usr/lib/jni:/lib:/usr/lib"/>
    
    <property name="java.vm.info" value="mixed mode"/>
    
    <property name="java.vendor" value="Private Build"/>
    
    <property name="java.vm.version" value="25.312-b07"/>
    
    <property name="java.ext.dirs" value="/usr/lib/jvm/java-8-openjdk-amd64/jre/lib/ext:/usr/java/packages/lib/ext"/>
    
    <property name="sun.io.unicode.encoding" value="UnicodeLittle"/>
    
    <property name="java.class.version" value="52.0"/>
    
  </properties>
  
  <testcase name="allMatches" classname="io.railflow.testrail.ConfigsProviderImplTest" time="0.216"/>
  
  <testcase name="matches_and_case_insensitive_groupName" classname="io.railflow.testrail.ConfigsProviderImplTest" time="0.015"/>
  
  <testcase name="matches_and_case_insensitive_configValue" classname="io.railflow.testrail.ConfigsProviderImplTest" time="0.016"/>
  
  <testcase name="create_group_only_once_if_repeated_with_different_config_values" classname="io.railflow.testrail.ConfigsProviderImplTest" time="0.124"/>
  
  <testcase name="projectWithNoId" classname="io.railflow.testrail.ConfigsProviderImplTest" time="0.173"/>
  
  <testcase name="case_insensitive_groupName_exists_no_matches_with_configValue" classname="io.railflow.testrail.ConfigsProviderImplTest" time="0.175"/>
  
  <testcase name="repoEmptyConfigurationsList" classname="io.railflow.testrail.ConfigsProviderImplTest" time="0.052"/>
  
  <testcase name="matches_and_mismatches_with_repo" classname="io.railflow.testrail.ConfigsProviderImplTest" time="0.016"/>
  
  <testcase name="case_insensitive_config_names" classname="io.railflow.testrail.ConfigsProviderImplTest" time="0.004"/>
  
  <testcase name="invalid_config_paths_only_group_provided" classname="io.railflow.testrail.ConfigsProviderImplTest" time="0.004"/>
  
  <testcase name="repoNullConfigurationsList" classname="io.railflow.testrail.ConfigsProviderImplTest" time="0.004"/>
  
  <testcase name="nullPathsList" classname="io.railflow.testrail.ConfigsProviderImplTest" time="0.001"/>
  
  <testcase name="noMatches" classname="io.railflow.testrail.ConfigsProviderImplTest" time="0.048"/>
  
  <testcase name="emptyPathsList" classname="io.railflow.testrail.ConfigsProviderImplTest" time="0.01"/>
  
  <testcase name="invalid_config_paths_only_multiple_configs_for_one_group" classname="io.railflow.testrail.ConfigsProviderImplTest" time="0.002"/>
  
</testsuite>
<testsuite xmlns:xsi="http://www.w3.org/2001/XMLSchema-instance" xsi:noNamespaceSchemaLocation="https://maven.apache.org/surefire/maven-surefire-plugin/xsd/surefire-test-report.xsd" name="io.railflow.testrail.ResultsUploaderImplTest" time="3.161" tests="1" errors="0" skipped="0" failures="0">
  
  <properties>
    
    <property name="sun.desktop" value="gnome"/>
    
    <property name="awt.toolkit" value="sun.awt.X11.XToolkit"/>
    
    <property name="file.encoding.pkg" value="sun.io"/>
    
    <property name="java.specification.version" value="1.8"/>
    
    <property name="sun.cpu.isalist" value=""/>
    
    <property name="sun.jnu.encoding" value="UTF-8"/>
    
    <property name="java.class.path" value="/home/tharaka/projects/agiletestware/teamcity_plugins/railflow-java/target/test-classes:/home/tharaka/projects/agiletestware/teamcity_plugins/railflow-java/target/classes:/home/tharaka/.m2/repository/io/railflow/license/1.0/license-1.0.jar:/home/tharaka/.m2/repository/io/railflow/commons/1.0/commons-1.0.jar:/home/tharaka/.m2/repository/org/apache/commons/commons-lang3/3.11/commons-lang3-3.11.jar:/home/tharaka/.m2/repository/org/apache/httpcomponents/httpclient/4.5.2/httpclient-4.5.2.jar:/home/tharaka/.m2/repository/org/apache/httpcomponents/httpcore/4.4.4/httpcore-4.4.4.jar:/home/tharaka/.m2/repository/commons-logging/commons-logging/1.2/commons-logging-1.2.jar:/home/tharaka/.m2/repository/org/apache/httpcomponents/httpmime/4.5.2/httpmime-4.5.2.jar:/home/tharaka/.m2/repository/org/slf4j/slf4j-api/1.7.25/slf4j-api-1.7.25.jar:/home/tharaka/.m2/repository/com/google/code/gson/gson/2.8.5/gson-2.8.5.jar:/home/tharaka/.m2/repository/commons-codec/commons-codec/1.15/commons-codec-1.15.jar:/home/tharaka/.m2/repository/javax/validation/validation-api/2.0.1.Final/validation-api-2.0.1.Final.jar:/home/tharaka/.m2/repository/com/fasterxml/jackson/core/jackson-databind/2.11.4/jackson-databind-2.11.4.jar:/home/tharaka/.m2/repository/com/fasterxml/jackson/core/jackson-annotations/2.11.4/jackson-annotations-2.11.4.jar:/home/tharaka/.m2/repository/com/fasterxml/jackson/core/jackson-core/2.11.4/jackson-core-2.11.4.jar:/home/tharaka/.m2/repository/com/google/guava/guava/30.1-jre/guava-30.1-jre.jar:/home/tharaka/.m2/repository/com/google/guava/failureaccess/1.0.1/failureaccess-1.0.1.jar:/home/tharaka/.m2/repository/com/google/guava/listenablefuture/9999.0-empty-to-avoid-conflict-with-guava/listenablefuture-9999.0-empty-to-avoid-conflict-with-guava.jar:/home/tharaka/.m2/repository/com/google/code/findbugs/jsr305/3.0.2/jsr305-3.0.2.jar:/home/tharaka/.m2/repository/org/checkerframework/checker-qual/3.5.0/checker-qual-3.5.0.jar:/home/tharaka/.m2/repository/com/google/errorprone/error_prone_annotations/2.3.4/error_prone_annotations-2.3.4.jar:/home/tharaka/.m2/repository/com/google/j2objc/j2objc-annotations/1.3/j2objc-annotations-1.3.jar:/home/tharaka/.m2/repository/org/apache/tika/tika-core/1.22/tika-core-1.22.jar:/home/tharaka/.m2/repository/junit/junit/4.12/junit-4.12.jar:/home/tharaka/.m2/repository/org/hamcrest/hamcrest-core/1.3/hamcrest-core-1.3.jar:/home/tharaka/.m2/repository/org/mockito/mockito-core/3.2.0/mockito-core-3.2.0.jar:/home/tharaka/.m2/repository/net/bytebuddy/byte-buddy/1.10.3/byte-buddy-1.10.3.jar:/home/tharaka/.m2/repository/net/bytebuddy/byte-buddy-agent/1.10.3/byte-buddy-agent-1.10.3.jar:/home/tharaka/.m2/repository/org/objenesis/objenesis/2.6/objenesis-2.6.jar:/home/tharaka/.m2/repository/org/powermock/powermock-module-junit4/2.0.7/powermock-module-junit4-2.0.7.jar:/home/tharaka/.m2/repository/org/powermock/powermock-module-junit4-common/2.0.7/powermock-module-junit4-common-2.0.7.jar:/home/tharaka/.m2/repository/org/powermock/powermock-reflect/2.0.7/powermock-reflect-2.0.7.jar:/home/tharaka/.m2/repository/org/powermock/powermock-core/2.0.7/powermock-core-2.0.7.jar:/home/tharaka/.m2/repository/org/javassist/javassist/3.27.0-GA/javassist-3.27.0-GA.jar:/home/tharaka/.m2/repository/org/powermock/powermock-api-mockito2/2.0.7/powermock-api-mockito2-2.0.7.jar:/home/tharaka/.m2/repository/org/powermock/powermock-api-support/2.0.7/powermock-api-support-2.0.7.jar:/home/tharaka/.m2/repository/commons-io/commons-io/2.6/commons-io-2.6.jar:/home/tharaka/.m2/repository/io/railflow/testrail-client/2.1/testrail-client-2.1.jar:/home/tharaka/.m2/repository/io/railflow/testrail-client/2.1/testrail-client-2.1-tests.jar:/home/tharaka/.m2/repository/javax/xml/bind/jaxb-api/2.3.0/jaxb-api-2.3.0.jar:/home/tharaka/.m2/repository/com/sun/xml/bind/jaxb-core/2.3.0/jaxb-core-2.3.0.jar:/home/tharaka/.m2/repository/com/sun/xml/bind/jaxb-impl/2.3.0/jaxb-impl-2.3.0.jar:/home/tharaka/.m2/repository/javax/activation/activation/1.1.1/activation-1.1.1.jar:/home/tharaka/.m2/repository/io/qameta/allure/allure-plugin-api/2.13.10/allure-plugin-api-2.13.10.jar:/home/tharaka/.m2/repository/org/apache/commons/commons-csv/1.8/commons-csv-1.8.jar:/home/tharaka/.m2/repository/org/apache/commons/commons-collections4/4.4/commons-collections4-4.4.jar:/home/tharaka/.m2/repository/ch/qos/logback/logback-classic/1.2.3/logback-classic-1.2.3.jar:/home/tharaka/.m2/repository/ch/qos/logback/logback-core/1.2.3/logback-core-1.2.3.jar:"/>
    
    <property name="java.vm.vendor" value="Private Build"/>
    
    <property name="sun.arch.data.model" value="64"/>
    
    <property name="java.vendor.url" value="http://java.oracle.com/"/>
    
    <property name="user.timezone" value=""/>
    
    <property name="java.vm.specification.version" value="1.8"/>
    
    <property name="os.name" value="Linux"/>
    
    <property name="user.country" value="US"/>
    
    <property name="sun.java.launcher" value="SUN_STANDARD"/>
    
    <property name="sun.boot.library.path" value="/usr/lib/jvm/java-8-openjdk-amd64/jre/lib/amd64"/>
    
    <property name="sun.java.command" value="/home/tharaka/projects/agiletestware/teamcity_plugins/railflow-java/target/surefire/surefirebooter5615321071138040699.jar /home/tharaka/projects/agiletestware/teamcity_plugins/railflow-java/target/surefire 2022-02-04T09-29-42_375-jvmRun1 surefire3251150644889157875tmp surefire_03548316204226868521tmp"/>
    
    <property name="surefire.test.class.path" value="/home/tharaka/projects/agiletestware/teamcity_plugins/railflow-java/target/test-classes:/home/tharaka/projects/agiletestware/teamcity_plugins/railflow-java/target/classes:/home/tharaka/.m2/repository/io/railflow/license/1.0/license-1.0.jar:/home/tharaka/.m2/repository/io/railflow/commons/1.0/commons-1.0.jar:/home/tharaka/.m2/repository/org/apache/commons/commons-lang3/3.11/commons-lang3-3.11.jar:/home/tharaka/.m2/repository/org/apache/httpcomponents/httpclient/4.5.2/httpclient-4.5.2.jar:/home/tharaka/.m2/repository/org/apache/httpcomponents/httpcore/4.4.4/httpcore-4.4.4.jar:/home/tharaka/.m2/repository/commons-logging/commons-logging/1.2/commons-logging-1.2.jar:/home/tharaka/.m2/repository/org/apache/httpcomponents/httpmime/4.5.2/httpmime-4.5.2.jar:/home/tharaka/.m2/repository/org/slf4j/slf4j-api/1.7.25/slf4j-api-1.7.25.jar:/home/tharaka/.m2/repository/com/google/code/gson/gson/2.8.5/gson-2.8.5.jar:/home/tharaka/.m2/repository/commons-codec/commons-codec/1.15/commons-codec-1.15.jar:/home/tharaka/.m2/repository/javax/validation/validation-api/2.0.1.Final/validation-api-2.0.1.Final.jar:/home/tharaka/.m2/repository/com/fasterxml/jackson/core/jackson-databind/2.11.4/jackson-databind-2.11.4.jar:/home/tharaka/.m2/repository/com/fasterxml/jackson/core/jackson-annotations/2.11.4/jackson-annotations-2.11.4.jar:/home/tharaka/.m2/repository/com/fasterxml/jackson/core/jackson-core/2.11.4/jackson-core-2.11.4.jar:/home/tharaka/.m2/repository/com/google/guava/guava/30.1-jre/guava-30.1-jre.jar:/home/tharaka/.m2/repository/com/google/guava/failureaccess/1.0.1/failureaccess-1.0.1.jar:/home/tharaka/.m2/repository/com/google/guava/listenablefuture/9999.0-empty-to-avoid-conflict-with-guava/listenablefuture-9999.0-empty-to-avoid-conflict-with-guava.jar:/home/tharaka/.m2/repository/com/google/code/findbugs/jsr305/3.0.2/jsr305-3.0.2.jar:/home/tharaka/.m2/repository/org/checkerframework/checker-qual/3.5.0/checker-qual-3.5.0.jar:/home/tharaka/.m2/repository/com/google/errorprone/error_prone_annotations/2.3.4/error_prone_annotations-2.3.4.jar:/home/tharaka/.m2/repository/com/google/j2objc/j2objc-annotations/1.3/j2objc-annotations-1.3.jar:/home/tharaka/.m2/repository/org/apache/tika/tika-core/1.22/tika-core-1.22.jar:/home/tharaka/.m2/repository/junit/junit/4.12/junit-4.12.jar:/home/tharaka/.m2/repository/org/hamcrest/hamcrest-core/1.3/hamcrest-core-1.3.jar:/home/tharaka/.m2/repository/org/mockito/mockito-core/3.2.0/mockito-core-3.2.0.jar:/home/tharaka/.m2/repository/net/bytebuddy/byte-buddy/1.10.3/byte-buddy-1.10.3.jar:/home/tharaka/.m2/repository/net/bytebuddy/byte-buddy-agent/1.10.3/byte-buddy-agent-1.10.3.jar:/home/tharaka/.m2/repository/org/objenesis/objenesis/2.6/objenesis-2.6.jar:/home/tharaka/.m2/repository/org/powermock/powermock-module-junit4/2.0.7/powermock-module-junit4-2.0.7.jar:/home/tharaka/.m2/repository/org/powermock/powermock-module-junit4-common/2.0.7/powermock-module-junit4-common-2.0.7.jar:/home/tharaka/.m2/repository/org/powermock/powermock-reflect/2.0.7/powermock-reflect-2.0.7.jar:/home/tharaka/.m2/repository/org/powermock/powermock-core/2.0.7/powermock-core-2.0.7.jar:/home/tharaka/.m2/repository/org/javassist/javassist/3.27.0-GA/javassist-3.27.0-GA.jar:/home/tharaka/.m2/repository/org/powermock/powermock-api-mockito2/2.0.7/powermock-api-mockito2-2.0.7.jar:/home/tharaka/.m2/repository/org/powermock/powermock-api-support/2.0.7/powermock-api-support-2.0.7.jar:/home/tharaka/.m2/repository/commons-io/commons-io/2.6/commons-io-2.6.jar:/home/tharaka/.m2/repository/io/railflow/testrail-client/2.1/testrail-client-2.1.jar:/home/tharaka/.m2/repository/io/railflow/testrail-client/2.1/testrail-client-2.1-tests.jar:/home/tharaka/.m2/repository/javax/xml/bind/jaxb-api/2.3.0/jaxb-api-2.3.0.jar:/home/tharaka/.m2/repository/com/sun/xml/bind/jaxb-core/2.3.0/jaxb-core-2.3.0.jar:/home/tharaka/.m2/repository/com/sun/xml/bind/jaxb-impl/2.3.0/jaxb-impl-2.3.0.jar:/home/tharaka/.m2/repository/javax/activation/activation/1.1.1/activation-1.1.1.jar:/home/tharaka/.m2/repository/io/qameta/allure/allure-plugin-api/2.13.10/allure-plugin-api-2.13.10.jar:/home/tharaka/.m2/repository/org/apache/commons/commons-csv/1.8/commons-csv-1.8.jar:/home/tharaka/.m2/repository/org/apache/commons/commons-collections4/4.4/commons-collections4-4.4.jar:/home/tharaka/.m2/repository/ch/qos/logback/logback-classic/1.2.3/logback-classic-1.2.3.jar:/home/tharaka/.m2/repository/ch/qos/logback/logback-core/1.2.3/logback-core-1.2.3.jar:"/>
    
    <property name="sun.cpu.endian" value="little"/>
    
    <property name="user.home" value="/home/tharaka"/>
    
    <property name="user.language" value="en"/>
    
    <property name="java.specification.vendor" value="Oracle Corporation"/>
    
    <property name="java.home" value="/usr/lib/jvm/java-8-openjdk-amd64/jre"/>
    
    <property name="basedir" value="/home/tharaka/projects/agiletestware/teamcity_plugins/railflow-java"/>
    
    <property name="file.separator" value="/"/>
    
    <property name="line.separator" value="
"/>
    
    <property name="java.vm.specification.vendor" value="Oracle Corporation"/>
    
    <property name="java.specification.name" value="Java Platform API Specification"/>
    
    <property name="java.awt.graphicsenv" value="sun.awt.X11GraphicsEnvironment"/>
    
    <property name="surefire.real.class.path" value="/home/tharaka/projects/agiletestware/teamcity_plugins/railflow-java/target/surefire/surefirebooter5615321071138040699.jar:/home/tharaka/.m2/repository/org/jacoco/org.jacoco.agent/0.8.2/org.jacoco.agent-0.8.2-runtime.jar"/>
    
    <property name="sun.boot.class.path" value="/usr/lib/jvm/java-8-openjdk-amd64/jre/lib/resources.jar:/usr/lib/jvm/java-8-openjdk-amd64/jre/lib/rt.jar:/usr/lib/jvm/java-8-openjdk-amd64/jre/lib/sunrsasign.jar:/usr/lib/jvm/java-8-openjdk-amd64/jre/lib/jsse.jar:/usr/lib/jvm/java-8-openjdk-amd64/jre/lib/jce.jar:/usr/lib/jvm/java-8-openjdk-amd64/jre/lib/charsets.jar:/usr/lib/jvm/java-8-openjdk-amd64/jre/lib/jfr.jar:/usr/lib/jvm/java-8-openjdk-amd64/jre/classes"/>
    
    <property name="sun.management.compiler" value="HotSpot 64-Bit Tiered Compilers"/>
    
    <property name="java.runtime.version" value="1.8.0_312-8u312-b07-0ubuntu1~20.04-b07"/>
    
    <property name="user.name" value="tharaka"/>
    
    <property name="path.separator" value=":"/>
    
    <property name="os.version" value="5.13.0-28-generic"/>
    
    <property name="java.endorsed.dirs" value="/usr/lib/jvm/java-8-openjdk-amd64/jre/lib/endorsed"/>
    
    <property name="java.runtime.name" value="OpenJDK Runtime Environment"/>
    
    <property name="file.encoding" value="UTF-8"/>
    
    <property name="java.vm.name" value="OpenJDK 64-Bit Server VM"/>
    
    <property name="localRepository" value="/home/tharaka/.m2/repository"/>
    
    <property name="java.vendor.url.bug" value="http://bugreport.sun.com/bugreport/"/>
    
    <property name="java.io.tmpdir" value="/tmp"/>
    
    <property name="java.version" value="1.8.0_312"/>
    
    <property name="user.dir" value="/home/tharaka/projects/agiletestware/teamcity_plugins/railflow-java"/>
    
    <property name="os.arch" value="amd64"/>
    
    <property name="java.vm.specification.name" value="Java Virtual Machine Specification"/>
    
    <property name="java.awt.printerjob" value="sun.print.PSPrinterJob"/>
    
    <property name="sun.os.patch.level" value="unknown"/>
    
    <property name="java.library.path" value="/usr/java/packages/lib/amd64:/usr/lib/x86_64-linux-gnu/jni:/lib/x86_64-linux-gnu:/usr/lib/x86_64-linux-gnu:/usr/lib/jni:/lib:/usr/lib"/>
    
    <property name="java.vm.info" value="mixed mode"/>
    
    <property name="java.vendor" value="Private Build"/>
    
    <property name="java.vm.version" value="25.312-b07"/>
    
    <property name="java.ext.dirs" value="/usr/lib/jvm/java-8-openjdk-amd64/jre/lib/ext:/usr/java/packages/lib/ext"/>
    
    <property name="sun.io.unicode.encoding" value="UnicodeLittle"/>
    
    <property name="java.class.version" value="52.0"/>
    
  </properties>
  
  <testcase name="testUploadResults" classname="io.railflow.testrail.ResultsUploaderImplTest" time="3.127"/>
  
</testsuite>
<testsuite xmlns:xsi="http://www.w3.org/2001/XMLSchema-instance" xsi:noNamespaceSchemaLocation="https://maven.apache.org/surefire/maven-surefire-plugin/xsd/surefire-test-report.xsd" name="io.railflow.testrail.RoundRobinAssigneesProviderTest" time="0.028" tests="3" errors="0" skipped="0" failures="0">
  
  <properties>
    
    <property name="sun.desktop" value="gnome"/>
    
    <property name="awt.toolkit" value="sun.awt.X11.XToolkit"/>
    
    <property name="file.encoding.pkg" value="sun.io"/>
    
    <property name="java.specification.version" value="1.8"/>
    
    <property name="sun.cpu.isalist" value=""/>
    
    <property name="sun.jnu.encoding" value="UTF-8"/>
    
    <property name="java.class.path" value="/home/tharaka/projects/agiletestware/teamcity_plugins/railflow-java/target/test-classes:/home/tharaka/projects/agiletestware/teamcity_plugins/railflow-java/target/classes:/home/tharaka/.m2/repository/io/railflow/license/1.0/license-1.0.jar:/home/tharaka/.m2/repository/io/railflow/commons/1.0/commons-1.0.jar:/home/tharaka/.m2/repository/org/apache/commons/commons-lang3/3.11/commons-lang3-3.11.jar:/home/tharaka/.m2/repository/org/apache/httpcomponents/httpclient/4.5.2/httpclient-4.5.2.jar:/home/tharaka/.m2/repository/org/apache/httpcomponents/httpcore/4.4.4/httpcore-4.4.4.jar:/home/tharaka/.m2/repository/commons-logging/commons-logging/1.2/commons-logging-1.2.jar:/home/tharaka/.m2/repository/org/apache/httpcomponents/httpmime/4.5.2/httpmime-4.5.2.jar:/home/tharaka/.m2/repository/org/slf4j/slf4j-api/1.7.25/slf4j-api-1.7.25.jar:/home/tharaka/.m2/repository/com/google/code/gson/gson/2.8.5/gson-2.8.5.jar:/home/tharaka/.m2/repository/commons-codec/commons-codec/1.15/commons-codec-1.15.jar:/home/tharaka/.m2/repository/javax/validation/validation-api/2.0.1.Final/validation-api-2.0.1.Final.jar:/home/tharaka/.m2/repository/com/fasterxml/jackson/core/jackson-databind/2.11.4/jackson-databind-2.11.4.jar:/home/tharaka/.m2/repository/com/fasterxml/jackson/core/jackson-annotations/2.11.4/jackson-annotations-2.11.4.jar:/home/tharaka/.m2/repository/com/fasterxml/jackson/core/jackson-core/2.11.4/jackson-core-2.11.4.jar:/home/tharaka/.m2/repository/com/google/guava/guava/30.1-jre/guava-30.1-jre.jar:/home/tharaka/.m2/repository/com/google/guava/failureaccess/1.0.1/failureaccess-1.0.1.jar:/home/tharaka/.m2/repository/com/google/guava/listenablefuture/9999.0-empty-to-avoid-conflict-with-guava/listenablefuture-9999.0-empty-to-avoid-conflict-with-guava.jar:/home/tharaka/.m2/repository/com/google/code/findbugs/jsr305/3.0.2/jsr305-3.0.2.jar:/home/tharaka/.m2/repository/org/checkerframework/checker-qual/3.5.0/checker-qual-3.5.0.jar:/home/tharaka/.m2/repository/com/google/errorprone/error_prone_annotations/2.3.4/error_prone_annotations-2.3.4.jar:/home/tharaka/.m2/repository/com/google/j2objc/j2objc-annotations/1.3/j2objc-annotations-1.3.jar:/home/tharaka/.m2/repository/org/apache/tika/tika-core/1.22/tika-core-1.22.jar:/home/tharaka/.m2/repository/junit/junit/4.12/junit-4.12.jar:/home/tharaka/.m2/repository/org/hamcrest/hamcrest-core/1.3/hamcrest-core-1.3.jar:/home/tharaka/.m2/repository/org/mockito/mockito-core/3.2.0/mockito-core-3.2.0.jar:/home/tharaka/.m2/repository/net/bytebuddy/byte-buddy/1.10.3/byte-buddy-1.10.3.jar:/home/tharaka/.m2/repository/net/bytebuddy/byte-buddy-agent/1.10.3/byte-buddy-agent-1.10.3.jar:/home/tharaka/.m2/repository/org/objenesis/objenesis/2.6/objenesis-2.6.jar:/home/tharaka/.m2/repository/org/powermock/powermock-module-junit4/2.0.7/powermock-module-junit4-2.0.7.jar:/home/tharaka/.m2/repository/org/powermock/powermock-module-junit4-common/2.0.7/powermock-module-junit4-common-2.0.7.jar:/home/tharaka/.m2/repository/org/powermock/powermock-reflect/2.0.7/powermock-reflect-2.0.7.jar:/home/tharaka/.m2/repository/org/powermock/powermock-core/2.0.7/powermock-core-2.0.7.jar:/home/tharaka/.m2/repository/org/javassist/javassist/3.27.0-GA/javassist-3.27.0-GA.jar:/home/tharaka/.m2/repository/org/powermock/powermock-api-mockito2/2.0.7/powermock-api-mockito2-2.0.7.jar:/home/tharaka/.m2/repository/org/powermock/powermock-api-support/2.0.7/powermock-api-support-2.0.7.jar:/home/tharaka/.m2/repository/commons-io/commons-io/2.6/commons-io-2.6.jar:/home/tharaka/.m2/repository/io/railflow/testrail-client/2.1/testrail-client-2.1.jar:/home/tharaka/.m2/repository/io/railflow/testrail-client/2.1/testrail-client-2.1-tests.jar:/home/tharaka/.m2/repository/javax/xml/bind/jaxb-api/2.3.0/jaxb-api-2.3.0.jar:/home/tharaka/.m2/repository/com/sun/xml/bind/jaxb-core/2.3.0/jaxb-core-2.3.0.jar:/home/tharaka/.m2/repository/com/sun/xml/bind/jaxb-impl/2.3.0/jaxb-impl-2.3.0.jar:/home/tharaka/.m2/repository/javax/activation/activation/1.1.1/activation-1.1.1.jar:/home/tharaka/.m2/repository/io/qameta/allure/allure-plugin-api/2.13.10/allure-plugin-api-2.13.10.jar:/home/tharaka/.m2/repository/org/apache/commons/commons-csv/1.8/commons-csv-1.8.jar:/home/tharaka/.m2/repository/org/apache/commons/commons-collections4/4.4/commons-collections4-4.4.jar:/home/tharaka/.m2/repository/ch/qos/logback/logback-classic/1.2.3/logback-classic-1.2.3.jar:/home/tharaka/.m2/repository/ch/qos/logback/logback-core/1.2.3/logback-core-1.2.3.jar:"/>
    
    <property name="java.vm.vendor" value="Private Build"/>
    
    <property name="sun.arch.data.model" value="64"/>
    
    <property name="java.vendor.url" value="http://java.oracle.com/"/>
    
    <property name="user.timezone" value=""/>
    
    <property name="java.vm.specification.version" value="1.8"/>
    
    <property name="os.name" value="Linux"/>
    
    <property name="user.country" value="US"/>
    
    <property name="sun.java.launcher" value="SUN_STANDARD"/>
    
    <property name="sun.boot.library.path" value="/usr/lib/jvm/java-8-openjdk-amd64/jre/lib/amd64"/>
    
    <property name="sun.java.command" value="/home/tharaka/projects/agiletestware/teamcity_plugins/railflow-java/target/surefire/surefirebooter5615321071138040699.jar /home/tharaka/projects/agiletestware/teamcity_plugins/railflow-java/target/surefire 2022-02-04T09-29-42_375-jvmRun1 surefire3251150644889157875tmp surefire_03548316204226868521tmp"/>
    
    <property name="surefire.test.class.path" value="/home/tharaka/projects/agiletestware/teamcity_plugins/railflow-java/target/test-classes:/home/tharaka/projects/agiletestware/teamcity_plugins/railflow-java/target/classes:/home/tharaka/.m2/repository/io/railflow/license/1.0/license-1.0.jar:/home/tharaka/.m2/repository/io/railflow/commons/1.0/commons-1.0.jar:/home/tharaka/.m2/repository/org/apache/commons/commons-lang3/3.11/commons-lang3-3.11.jar:/home/tharaka/.m2/repository/org/apache/httpcomponents/httpclient/4.5.2/httpclient-4.5.2.jar:/home/tharaka/.m2/repository/org/apache/httpcomponents/httpcore/4.4.4/httpcore-4.4.4.jar:/home/tharaka/.m2/repository/commons-logging/commons-logging/1.2/commons-logging-1.2.jar:/home/tharaka/.m2/repository/org/apache/httpcomponents/httpmime/4.5.2/httpmime-4.5.2.jar:/home/tharaka/.m2/repository/org/slf4j/slf4j-api/1.7.25/slf4j-api-1.7.25.jar:/home/tharaka/.m2/repository/com/google/code/gson/gson/2.8.5/gson-2.8.5.jar:/home/tharaka/.m2/repository/commons-codec/commons-codec/1.15/commons-codec-1.15.jar:/home/tharaka/.m2/repository/javax/validation/validation-api/2.0.1.Final/validation-api-2.0.1.Final.jar:/home/tharaka/.m2/repository/com/fasterxml/jackson/core/jackson-databind/2.11.4/jackson-databind-2.11.4.jar:/home/tharaka/.m2/repository/com/fasterxml/jackson/core/jackson-annotations/2.11.4/jackson-annotations-2.11.4.jar:/home/tharaka/.m2/repository/com/fasterxml/jackson/core/jackson-core/2.11.4/jackson-core-2.11.4.jar:/home/tharaka/.m2/repository/com/google/guava/guava/30.1-jre/guava-30.1-jre.jar:/home/tharaka/.m2/repository/com/google/guava/failureaccess/1.0.1/failureaccess-1.0.1.jar:/home/tharaka/.m2/repository/com/google/guava/listenablefuture/9999.0-empty-to-avoid-conflict-with-guava/listenablefuture-9999.0-empty-to-avoid-conflict-with-guava.jar:/home/tharaka/.m2/repository/com/google/code/findbugs/jsr305/3.0.2/jsr305-3.0.2.jar:/home/tharaka/.m2/repository/org/checkerframework/checker-qual/3.5.0/checker-qual-3.5.0.jar:/home/tharaka/.m2/repository/com/google/errorprone/error_prone_annotations/2.3.4/error_prone_annotations-2.3.4.jar:/home/tharaka/.m2/repository/com/google/j2objc/j2objc-annotations/1.3/j2objc-annotations-1.3.jar:/home/tharaka/.m2/repository/org/apache/tika/tika-core/1.22/tika-core-1.22.jar:/home/tharaka/.m2/repository/junit/junit/4.12/junit-4.12.jar:/home/tharaka/.m2/repository/org/hamcrest/hamcrest-core/1.3/hamcrest-core-1.3.jar:/home/tharaka/.m2/repository/org/mockito/mockito-core/3.2.0/mockito-core-3.2.0.jar:/home/tharaka/.m2/repository/net/bytebuddy/byte-buddy/1.10.3/byte-buddy-1.10.3.jar:/home/tharaka/.m2/repository/net/bytebuddy/byte-buddy-agent/1.10.3/byte-buddy-agent-1.10.3.jar:/home/tharaka/.m2/repository/org/objenesis/objenesis/2.6/objenesis-2.6.jar:/home/tharaka/.m2/repository/org/powermock/powermock-module-junit4/2.0.7/powermock-module-junit4-2.0.7.jar:/home/tharaka/.m2/repository/org/powermock/powermock-module-junit4-common/2.0.7/powermock-module-junit4-common-2.0.7.jar:/home/tharaka/.m2/repository/org/powermock/powermock-reflect/2.0.7/powermock-reflect-2.0.7.jar:/home/tharaka/.m2/repository/org/powermock/powermock-core/2.0.7/powermock-core-2.0.7.jar:/home/tharaka/.m2/repository/org/javassist/javassist/3.27.0-GA/javassist-3.27.0-GA.jar:/home/tharaka/.m2/repository/org/powermock/powermock-api-mockito2/2.0.7/powermock-api-mockito2-2.0.7.jar:/home/tharaka/.m2/repository/org/powermock/powermock-api-support/2.0.7/powermock-api-support-2.0.7.jar:/home/tharaka/.m2/repository/commons-io/commons-io/2.6/commons-io-2.6.jar:/home/tharaka/.m2/repository/io/railflow/testrail-client/2.1/testrail-client-2.1.jar:/home/tharaka/.m2/repository/io/railflow/testrail-client/2.1/testrail-client-2.1-tests.jar:/home/tharaka/.m2/repository/javax/xml/bind/jaxb-api/2.3.0/jaxb-api-2.3.0.jar:/home/tharaka/.m2/repository/com/sun/xml/bind/jaxb-core/2.3.0/jaxb-core-2.3.0.jar:/home/tharaka/.m2/repository/com/sun/xml/bind/jaxb-impl/2.3.0/jaxb-impl-2.3.0.jar:/home/tharaka/.m2/repository/javax/activation/activation/1.1.1/activation-1.1.1.jar:/home/tharaka/.m2/repository/io/qameta/allure/allure-plugin-api/2.13.10/allure-plugin-api-2.13.10.jar:/home/tharaka/.m2/repository/org/apache/commons/commons-csv/1.8/commons-csv-1.8.jar:/home/tharaka/.m2/repository/org/apache/commons/commons-collections4/4.4/commons-collections4-4.4.jar:/home/tharaka/.m2/repository/ch/qos/logback/logback-classic/1.2.3/logback-classic-1.2.3.jar:/home/tharaka/.m2/repository/ch/qos/logback/logback-core/1.2.3/logback-core-1.2.3.jar:"/>
    
    <property name="sun.cpu.endian" value="little"/>
    
    <property name="user.home" value="/home/tharaka"/>
    
    <property name="user.language" value="en"/>
    
    <property name="java.specification.vendor" value="Oracle Corporation"/>
    
    <property name="java.home" value="/usr/lib/jvm/java-8-openjdk-amd64/jre"/>
    
    <property name="basedir" value="/home/tharaka/projects/agiletestware/teamcity_plugins/railflow-java"/>
    
    <property name="file.separator" value="/"/>
    
    <property name="line.separator" value="
"/>
    
    <property name="java.vm.specification.vendor" value="Oracle Corporation"/>
    
    <property name="java.specification.name" value="Java Platform API Specification"/>
    
    <property name="java.awt.graphicsenv" value="sun.awt.X11GraphicsEnvironment"/>
    
    <property name="surefire.real.class.path" value="/home/tharaka/projects/agiletestware/teamcity_plugins/railflow-java/target/surefire/surefirebooter5615321071138040699.jar:/home/tharaka/.m2/repository/org/jacoco/org.jacoco.agent/0.8.2/org.jacoco.agent-0.8.2-runtime.jar"/>
    
    <property name="sun.boot.class.path" value="/usr/lib/jvm/java-8-openjdk-amd64/jre/lib/resources.jar:/usr/lib/jvm/java-8-openjdk-amd64/jre/lib/rt.jar:/usr/lib/jvm/java-8-openjdk-amd64/jre/lib/sunrsasign.jar:/usr/lib/jvm/java-8-openjdk-amd64/jre/lib/jsse.jar:/usr/lib/jvm/java-8-openjdk-amd64/jre/lib/jce.jar:/usr/lib/jvm/java-8-openjdk-amd64/jre/lib/charsets.jar:/usr/lib/jvm/java-8-openjdk-amd64/jre/lib/jfr.jar:/usr/lib/jvm/java-8-openjdk-amd64/jre/classes"/>
    
    <property name="sun.management.compiler" value="HotSpot 64-Bit Tiered Compilers"/>
    
    <property name="java.runtime.version" value="1.8.0_312-8u312-b07-0ubuntu1~20.04-b07"/>
    
    <property name="user.name" value="tharaka"/>
    
    <property name="path.separator" value=":"/>
    
    <property name="os.version" value="5.13.0-28-generic"/>
    
    <property name="java.endorsed.dirs" value="/usr/lib/jvm/java-8-openjdk-amd64/jre/lib/endorsed"/>
    
    <property name="java.runtime.name" value="OpenJDK Runtime Environment"/>
    
    <property name="file.encoding" value="UTF-8"/>
    
    <property name="java.vm.name" value="OpenJDK 64-Bit Server VM"/>
    
    <property name="localRepository" value="/home/tharaka/.m2/repository"/>
    
    <property name="java.vendor.url.bug" value="http://bugreport.sun.com/bugreport/"/>
    
    <property name="java.io.tmpdir" value="/tmp"/>
    
    <property name="java.version" value="1.8.0_312"/>
    
    <property name="user.dir" value="/home/tharaka/projects/agiletestware/teamcity_plugins/railflow-java"/>
    
    <property name="os.arch" value="amd64"/>
    
    <property name="java.vm.specification.name" value="Java Virtual Machine Specification"/>
    
    <property name="java.awt.printerjob" value="sun.print.PSPrinterJob"/>
    
    <property name="sun.os.patch.level" value="unknown"/>
    
    <property name="java.library.path" value="/usr/java/packages/lib/amd64:/usr/lib/x86_64-linux-gnu/jni:/lib/x86_64-linux-gnu:/usr/lib/x86_64-linux-gnu:/usr/lib/jni:/lib:/usr/lib"/>
    
    <property name="java.vm.info" value="mixed mode"/>
    
    <property name="java.vendor" value="Private Build"/>
    
    <property name="java.vm.version" value="25.312-b07"/>
    
    <property name="java.ext.dirs" value="/usr/lib/jvm/java-8-openjdk-amd64/jre/lib/ext:/usr/java/packages/lib/ext"/>
    
    <property name="sun.io.unicode.encoding" value="UnicodeLittle"/>
    
    <property name="java.class.version" value="52.0"/>
    
  </properties>
  
  <testcase name="testGetAssigneeWithEmpty" classname="io.railflow.testrail.RoundRobinAssigneesProviderTest" time="0"/>
  
  <testcase name="testGetAssigneeWithNull" classname="io.railflow.testrail.RoundRobinAssigneesProviderTest" time="0"/>
  
  <testcase name="testGetAssignee" classname="io.railflow.testrail.RoundRobinAssigneesProviderTest" time="0"/>
  
</testsuite>
<testsuite xmlns:xsi="http://www.w3.org/2001/XMLSchema-instance" xsi:noNamespaceSchemaLocation="https://maven.apache.org/surefire/maven-surefire-plugin/xsd/surefire-test-report.xsd" name="io.railflow.testreport.allure.AllureModelCreatorTest" time="2.558" tests="9" errors="0" skipped="0" failures="0">
  
  <properties>
    
    <property name="sun.desktop" value="gnome"/>
    
    <property name="awt.toolkit" value="sun.awt.X11.XToolkit"/>
    
    <property name="file.encoding.pkg" value="sun.io"/>
    
    <property name="java.specification.version" value="1.8"/>
    
    <property name="sun.cpu.isalist" value=""/>
    
    <property name="sun.jnu.encoding" value="UTF-8"/>
    
    <property name="java.class.path" value="/home/tharaka/projects/agiletestware/teamcity_plugins/railflow-java/target/test-classes:/home/tharaka/projects/agiletestware/teamcity_plugins/railflow-java/target/classes:/home/tharaka/.m2/repository/io/railflow/license/1.0/license-1.0.jar:/home/tharaka/.m2/repository/io/railflow/commons/1.0/commons-1.0.jar:/home/tharaka/.m2/repository/org/apache/commons/commons-lang3/3.11/commons-lang3-3.11.jar:/home/tharaka/.m2/repository/org/apache/httpcomponents/httpclient/4.5.2/httpclient-4.5.2.jar:/home/tharaka/.m2/repository/org/apache/httpcomponents/httpcore/4.4.4/httpcore-4.4.4.jar:/home/tharaka/.m2/repository/commons-logging/commons-logging/1.2/commons-logging-1.2.jar:/home/tharaka/.m2/repository/org/apache/httpcomponents/httpmime/4.5.2/httpmime-4.5.2.jar:/home/tharaka/.m2/repository/org/slf4j/slf4j-api/1.7.25/slf4j-api-1.7.25.jar:/home/tharaka/.m2/repository/com/google/code/gson/gson/2.8.5/gson-2.8.5.jar:/home/tharaka/.m2/repository/commons-codec/commons-codec/1.15/commons-codec-1.15.jar:/home/tharaka/.m2/repository/javax/validation/validation-api/2.0.1.Final/validation-api-2.0.1.Final.jar:/home/tharaka/.m2/repository/com/fasterxml/jackson/core/jackson-databind/2.11.4/jackson-databind-2.11.4.jar:/home/tharaka/.m2/repository/com/fasterxml/jackson/core/jackson-annotations/2.11.4/jackson-annotations-2.11.4.jar:/home/tharaka/.m2/repository/com/fasterxml/jackson/core/jackson-core/2.11.4/jackson-core-2.11.4.jar:/home/tharaka/.m2/repository/com/google/guava/guava/30.1-jre/guava-30.1-jre.jar:/home/tharaka/.m2/repository/com/google/guava/failureaccess/1.0.1/failureaccess-1.0.1.jar:/home/tharaka/.m2/repository/com/google/guava/listenablefuture/9999.0-empty-to-avoid-conflict-with-guava/listenablefuture-9999.0-empty-to-avoid-conflict-with-guava.jar:/home/tharaka/.m2/repository/com/google/code/findbugs/jsr305/3.0.2/jsr305-3.0.2.jar:/home/tharaka/.m2/repository/org/checkerframework/checker-qual/3.5.0/checker-qual-3.5.0.jar:/home/tharaka/.m2/repository/com/google/errorprone/error_prone_annotations/2.3.4/error_prone_annotations-2.3.4.jar:/home/tharaka/.m2/repository/com/google/j2objc/j2objc-annotations/1.3/j2objc-annotations-1.3.jar:/home/tharaka/.m2/repository/org/apache/tika/tika-core/1.22/tika-core-1.22.jar:/home/tharaka/.m2/repository/junit/junit/4.12/junit-4.12.jar:/home/tharaka/.m2/repository/org/hamcrest/hamcrest-core/1.3/hamcrest-core-1.3.jar:/home/tharaka/.m2/repository/org/mockito/mockito-core/3.2.0/mockito-core-3.2.0.jar:/home/tharaka/.m2/repository/net/bytebuddy/byte-buddy/1.10.3/byte-buddy-1.10.3.jar:/home/tharaka/.m2/repository/net/bytebuddy/byte-buddy-agent/1.10.3/byte-buddy-agent-1.10.3.jar:/home/tharaka/.m2/repository/org/objenesis/objenesis/2.6/objenesis-2.6.jar:/home/tharaka/.m2/repository/org/powermock/powermock-module-junit4/2.0.7/powermock-module-junit4-2.0.7.jar:/home/tharaka/.m2/repository/org/powermock/powermock-module-junit4-common/2.0.7/powermock-module-junit4-common-2.0.7.jar:/home/tharaka/.m2/repository/org/powermock/powermock-reflect/2.0.7/powermock-reflect-2.0.7.jar:/home/tharaka/.m2/repository/org/powermock/powermock-core/2.0.7/powermock-core-2.0.7.jar:/home/tharaka/.m2/repository/org/javassist/javassist/3.27.0-GA/javassist-3.27.0-GA.jar:/home/tharaka/.m2/repository/org/powermock/powermock-api-mockito2/2.0.7/powermock-api-mockito2-2.0.7.jar:/home/tharaka/.m2/repository/org/powermock/powermock-api-support/2.0.7/powermock-api-support-2.0.7.jar:/home/tharaka/.m2/repository/commons-io/commons-io/2.6/commons-io-2.6.jar:/home/tharaka/.m2/repository/io/railflow/testrail-client/2.1/testrail-client-2.1.jar:/home/tharaka/.m2/repository/io/railflow/testrail-client/2.1/testrail-client-2.1-tests.jar:/home/tharaka/.m2/repository/javax/xml/bind/jaxb-api/2.3.0/jaxb-api-2.3.0.jar:/home/tharaka/.m2/repository/com/sun/xml/bind/jaxb-core/2.3.0/jaxb-core-2.3.0.jar:/home/tharaka/.m2/repository/com/sun/xml/bind/jaxb-impl/2.3.0/jaxb-impl-2.3.0.jar:/home/tharaka/.m2/repository/javax/activation/activation/1.1.1/activation-1.1.1.jar:/home/tharaka/.m2/repository/io/qameta/allure/allure-plugin-api/2.13.10/allure-plugin-api-2.13.10.jar:/home/tharaka/.m2/repository/org/apache/commons/commons-csv/1.8/commons-csv-1.8.jar:/home/tharaka/.m2/repository/org/apache/commons/commons-collections4/4.4/commons-collections4-4.4.jar:/home/tharaka/.m2/repository/ch/qos/logback/logback-classic/1.2.3/logback-classic-1.2.3.jar:/home/tharaka/.m2/repository/ch/qos/logback/logback-core/1.2.3/logback-core-1.2.3.jar:"/>
    
    <property name="java.vm.vendor" value="Private Build"/>
    
    <property name="sun.arch.data.model" value="64"/>
    
    <property name="java.vendor.url" value="http://java.oracle.com/"/>
    
    <property name="user.timezone" value=""/>
    
    <property name="java.vm.specification.version" value="1.8"/>
    
    <property name="os.name" value="Linux"/>
    
    <property name="user.country" value="US"/>
    
    <property name="sun.java.launcher" value="SUN_STANDARD"/>
    
    <property name="sun.boot.library.path" value="/usr/lib/jvm/java-8-openjdk-amd64/jre/lib/amd64"/>
    
    <property name="sun.java.command" value="/home/tharaka/projects/agiletestware/teamcity_plugins/railflow-java/target/surefire/surefirebooter5615321071138040699.jar /home/tharaka/projects/agiletestware/teamcity_plugins/railflow-java/target/surefire 2022-02-04T09-29-42_375-jvmRun1 surefire3251150644889157875tmp surefire_03548316204226868521tmp"/>
    
    <property name="surefire.test.class.path" value="/home/tharaka/projects/agiletestware/teamcity_plugins/railflow-java/target/test-classes:/home/tharaka/projects/agiletestware/teamcity_plugins/railflow-java/target/classes:/home/tharaka/.m2/repository/io/railflow/license/1.0/license-1.0.jar:/home/tharaka/.m2/repository/io/railflow/commons/1.0/commons-1.0.jar:/home/tharaka/.m2/repository/org/apache/commons/commons-lang3/3.11/commons-lang3-3.11.jar:/home/tharaka/.m2/repository/org/apache/httpcomponents/httpclient/4.5.2/httpclient-4.5.2.jar:/home/tharaka/.m2/repository/org/apache/httpcomponents/httpcore/4.4.4/httpcore-4.4.4.jar:/home/tharaka/.m2/repository/commons-logging/commons-logging/1.2/commons-logging-1.2.jar:/home/tharaka/.m2/repository/org/apache/httpcomponents/httpmime/4.5.2/httpmime-4.5.2.jar:/home/tharaka/.m2/repository/org/slf4j/slf4j-api/1.7.25/slf4j-api-1.7.25.jar:/home/tharaka/.m2/repository/com/google/code/gson/gson/2.8.5/gson-2.8.5.jar:/home/tharaka/.m2/repository/commons-codec/commons-codec/1.15/commons-codec-1.15.jar:/home/tharaka/.m2/repository/javax/validation/validation-api/2.0.1.Final/validation-api-2.0.1.Final.jar:/home/tharaka/.m2/repository/com/fasterxml/jackson/core/jackson-databind/2.11.4/jackson-databind-2.11.4.jar:/home/tharaka/.m2/repository/com/fasterxml/jackson/core/jackson-annotations/2.11.4/jackson-annotations-2.11.4.jar:/home/tharaka/.m2/repository/com/fasterxml/jackson/core/jackson-core/2.11.4/jackson-core-2.11.4.jar:/home/tharaka/.m2/repository/com/google/guava/guava/30.1-jre/guava-30.1-jre.jar:/home/tharaka/.m2/repository/com/google/guava/failureaccess/1.0.1/failureaccess-1.0.1.jar:/home/tharaka/.m2/repository/com/google/guava/listenablefuture/9999.0-empty-to-avoid-conflict-with-guava/listenablefuture-9999.0-empty-to-avoid-conflict-with-guava.jar:/home/tharaka/.m2/repository/com/google/code/findbugs/jsr305/3.0.2/jsr305-3.0.2.jar:/home/tharaka/.m2/repository/org/checkerframework/checker-qual/3.5.0/checker-qual-3.5.0.jar:/home/tharaka/.m2/repository/com/google/errorprone/error_prone_annotations/2.3.4/error_prone_annotations-2.3.4.jar:/home/tharaka/.m2/repository/com/google/j2objc/j2objc-annotations/1.3/j2objc-annotations-1.3.jar:/home/tharaka/.m2/repository/org/apache/tika/tika-core/1.22/tika-core-1.22.jar:/home/tharaka/.m2/repository/junit/junit/4.12/junit-4.12.jar:/home/tharaka/.m2/repository/org/hamcrest/hamcrest-core/1.3/hamcrest-core-1.3.jar:/home/tharaka/.m2/repository/org/mockito/mockito-core/3.2.0/mockito-core-3.2.0.jar:/home/tharaka/.m2/repository/net/bytebuddy/byte-buddy/1.10.3/byte-buddy-1.10.3.jar:/home/tharaka/.m2/repository/net/bytebuddy/byte-buddy-agent/1.10.3/byte-buddy-agent-1.10.3.jar:/home/tharaka/.m2/repository/org/objenesis/objenesis/2.6/objenesis-2.6.jar:/home/tharaka/.m2/repository/org/powermock/powermock-module-junit4/2.0.7/powermock-module-junit4-2.0.7.jar:/home/tharaka/.m2/repository/org/powermock/powermock-module-junit4-common/2.0.7/powermock-module-junit4-common-2.0.7.jar:/home/tharaka/.m2/repository/org/powermock/powermock-reflect/2.0.7/powermock-reflect-2.0.7.jar:/home/tharaka/.m2/repository/org/powermock/powermock-core/2.0.7/powermock-core-2.0.7.jar:/home/tharaka/.m2/repository/org/javassist/javassist/3.27.0-GA/javassist-3.27.0-GA.jar:/home/tharaka/.m2/repository/org/powermock/powermock-api-mockito2/2.0.7/powermock-api-mockito2-2.0.7.jar:/home/tharaka/.m2/repository/org/powermock/powermock-api-support/2.0.7/powermock-api-support-2.0.7.jar:/home/tharaka/.m2/repository/commons-io/commons-io/2.6/commons-io-2.6.jar:/home/tharaka/.m2/repository/io/railflow/testrail-client/2.1/testrail-client-2.1.jar:/home/tharaka/.m2/repository/io/railflow/testrail-client/2.1/testrail-client-2.1-tests.jar:/home/tharaka/.m2/repository/javax/xml/bind/jaxb-api/2.3.0/jaxb-api-2.3.0.jar:/home/tharaka/.m2/repository/com/sun/xml/bind/jaxb-core/2.3.0/jaxb-core-2.3.0.jar:/home/tharaka/.m2/repository/com/sun/xml/bind/jaxb-impl/2.3.0/jaxb-impl-2.3.0.jar:/home/tharaka/.m2/repository/javax/activation/activation/1.1.1/activation-1.1.1.jar:/home/tharaka/.m2/repository/io/qameta/allure/allure-plugin-api/2.13.10/allure-plugin-api-2.13.10.jar:/home/tharaka/.m2/repository/org/apache/commons/commons-csv/1.8/commons-csv-1.8.jar:/home/tharaka/.m2/repository/org/apache/commons/commons-collections4/4.4/commons-collections4-4.4.jar:/home/tharaka/.m2/repository/ch/qos/logback/logback-classic/1.2.3/logback-classic-1.2.3.jar:/home/tharaka/.m2/repository/ch/qos/logback/logback-core/1.2.3/logback-core-1.2.3.jar:"/>
    
    <property name="sun.cpu.endian" value="little"/>
    
    <property name="user.home" value="/home/tharaka"/>
    
    <property name="user.language" value="en"/>
    
    <property name="java.specification.vendor" value="Oracle Corporation"/>
    
    <property name="java.home" value="/usr/lib/jvm/java-8-openjdk-amd64/jre"/>
    
    <property name="basedir" value="/home/tharaka/projects/agiletestware/teamcity_plugins/railflow-java"/>
    
    <property name="file.separator" value="/"/>
    
    <property name="line.separator" value="
"/>
    
    <property name="java.vm.specification.vendor" value="Oracle Corporation"/>
    
    <property name="java.specification.name" value="Java Platform API Specification"/>
    
    <property name="java.awt.graphicsenv" value="sun.awt.X11GraphicsEnvironment"/>
    
    <property name="surefire.real.class.path" value="/home/tharaka/projects/agiletestware/teamcity_plugins/railflow-java/target/surefire/surefirebooter5615321071138040699.jar:/home/tharaka/.m2/repository/org/jacoco/org.jacoco.agent/0.8.2/org.jacoco.agent-0.8.2-runtime.jar"/>
    
    <property name="sun.boot.class.path" value="/usr/lib/jvm/java-8-openjdk-amd64/jre/lib/resources.jar:/usr/lib/jvm/java-8-openjdk-amd64/jre/lib/rt.jar:/usr/lib/jvm/java-8-openjdk-amd64/jre/lib/sunrsasign.jar:/usr/lib/jvm/java-8-openjdk-amd64/jre/lib/jsse.jar:/usr/lib/jvm/java-8-openjdk-amd64/jre/lib/jce.jar:/usr/lib/jvm/java-8-openjdk-amd64/jre/lib/charsets.jar:/usr/lib/jvm/java-8-openjdk-amd64/jre/lib/jfr.jar:/usr/lib/jvm/java-8-openjdk-amd64/jre/classes"/>
    
    <property name="sun.management.compiler" value="HotSpot 64-Bit Tiered Compilers"/>
    
    <property name="java.runtime.version" value="1.8.0_312-8u312-b07-0ubuntu1~20.04-b07"/>
    
    <property name="user.name" value="tharaka"/>
    
    <property name="path.separator" value=":"/>
    
    <property name="os.version" value="5.13.0-28-generic"/>
    
    <property name="java.endorsed.dirs" value="/usr/lib/jvm/java-8-openjdk-amd64/jre/lib/endorsed"/>
    
    <property name="java.runtime.name" value="OpenJDK Runtime Environment"/>
    
    <property name="file.encoding" value="UTF-8"/>
    
    <property name="java.vm.name" value="OpenJDK 64-Bit Server VM"/>
    
    <property name="localRepository" value="/home/tharaka/.m2/repository"/>
    
    <property name="java.vendor.url.bug" value="http://bugreport.sun.com/bugreport/"/>
    
    <property name="java.io.tmpdir" value="/tmp"/>
    
    <property name="java.version" value="1.8.0_312"/>
    
    <property name="user.dir" value="/home/tharaka/projects/agiletestware/teamcity_plugins/railflow-java"/>
    
    <property name="os.arch" value="amd64"/>
    
    <property name="java.vm.specification.name" value="Java Virtual Machine Specification"/>
    
    <property name="java.awt.printerjob" value="sun.print.PSPrinterJob"/>
    
    <property name="sun.os.patch.level" value="unknown"/>
    
    <property name="java.library.path" value="/usr/java/packages/lib/amd64:/usr/lib/x86_64-linux-gnu/jni:/lib/x86_64-linux-gnu:/usr/lib/x86_64-linux-gnu:/usr/lib/jni:/lib:/usr/lib"/>
    
    <property name="java.vm.info" value="mixed mode"/>
    
    <property name="java.vendor" value="Private Build"/>
    
    <property name="java.vm.version" value="25.312-b07"/>
    
    <property name="java.ext.dirs" value="/usr/lib/jvm/java-8-openjdk-amd64/jre/lib/ext:/usr/java/packages/lib/ext"/>
    
    <property name="sun.io.unicode.encoding" value="UnicodeLittle"/>
    
    <property name="java.class.version" value="52.0"/>
    
  </properties>
  
  <testcase name="createProjectPassWithAttachmentTest" classname="io.railflow.testreport.allure.AllureModelCreatorTest" time="1.83"/>
  
  <testcase name="createProjectFailWithInvalidReportTest" classname="io.railflow.testreport.allure.AllureModelCreatorTest" time="0.058"/>
  
  <testcase name="createProjectPassWithSkippedStatusTest" classname="io.railflow.testreport.allure.AllureModelCreatorTest" time="0.172"/>
  
  <testcase name="modelCreatorInstanceTest" classname="io.railflow.testreport.allure.AllureModelCreatorTest" time="0.001"/>
  
  <testcase name="createProjectPassWithFailedStatusTest" classname="io.railflow.testreport.allure.AllureModelCreatorTest" time="0.187"/>
  
  <testcase name="createProjectPassWithPassedStatusTest" classname="io.railflow.testreport.allure.AllureModelCreatorTest" time="0.115"/>
  
  <testcase name="createProjectFailWithTestPathErrorFormatTest" classname="io.railflow.testreport.allure.AllureModelCreatorTest" time="0.002"/>
  
  <testcase name="createProjectPassWithPassedStatusAndBeforeAndAfterStepsTest" classname="io.railflow.testreport.allure.AllureModelCreatorTest" time="0.088"/>
  
  <testcase name="createProjectPassWithoutStepsTest" classname="io.railflow.testreport.allure.AllureModelCreatorTest" time="0.101"/>
  
</testsuite>
<testsuite xmlns:xsi="http://www.w3.org/2001/XMLSchema-instance" xsi:noNamespaceSchemaLocation="https://maven.apache.org/surefire/maven-surefire-plugin/xsd/surefire-test-report.xsd" name="io.railflow.testreport.cucumber.CucumberModelCreatorTest" time="1.239" tests="10" errors="0" skipped="0" failures="0">
  
  <properties>
    
    <property name="sun.desktop" value="gnome"/>
    
    <property name="awt.toolkit" value="sun.awt.X11.XToolkit"/>
    
    <property name="file.encoding.pkg" value="sun.io"/>
    
    <property name="java.specification.version" value="1.8"/>
    
    <property name="sun.cpu.isalist" value=""/>
    
    <property name="sun.jnu.encoding" value="UTF-8"/>
    
    <property name="java.class.path" value="/home/tharaka/projects/agiletestware/teamcity_plugins/railflow-java/target/test-classes:/home/tharaka/projects/agiletestware/teamcity_plugins/railflow-java/target/classes:/home/tharaka/.m2/repository/io/railflow/license/1.0/license-1.0.jar:/home/tharaka/.m2/repository/io/railflow/commons/1.0/commons-1.0.jar:/home/tharaka/.m2/repository/org/apache/commons/commons-lang3/3.11/commons-lang3-3.11.jar:/home/tharaka/.m2/repository/org/apache/httpcomponents/httpclient/4.5.2/httpclient-4.5.2.jar:/home/tharaka/.m2/repository/org/apache/httpcomponents/httpcore/4.4.4/httpcore-4.4.4.jar:/home/tharaka/.m2/repository/commons-logging/commons-logging/1.2/commons-logging-1.2.jar:/home/tharaka/.m2/repository/org/apache/httpcomponents/httpmime/4.5.2/httpmime-4.5.2.jar:/home/tharaka/.m2/repository/org/slf4j/slf4j-api/1.7.25/slf4j-api-1.7.25.jar:/home/tharaka/.m2/repository/com/google/code/gson/gson/2.8.5/gson-2.8.5.jar:/home/tharaka/.m2/repository/commons-codec/commons-codec/1.15/commons-codec-1.15.jar:/home/tharaka/.m2/repository/javax/validation/validation-api/2.0.1.Final/validation-api-2.0.1.Final.jar:/home/tharaka/.m2/repository/com/fasterxml/jackson/core/jackson-databind/2.11.4/jackson-databind-2.11.4.jar:/home/tharaka/.m2/repository/com/fasterxml/jackson/core/jackson-annotations/2.11.4/jackson-annotations-2.11.4.jar:/home/tharaka/.m2/repository/com/fasterxml/jackson/core/jackson-core/2.11.4/jackson-core-2.11.4.jar:/home/tharaka/.m2/repository/com/google/guava/guava/30.1-jre/guava-30.1-jre.jar:/home/tharaka/.m2/repository/com/google/guava/failureaccess/1.0.1/failureaccess-1.0.1.jar:/home/tharaka/.m2/repository/com/google/guava/listenablefuture/9999.0-empty-to-avoid-conflict-with-guava/listenablefuture-9999.0-empty-to-avoid-conflict-with-guava.jar:/home/tharaka/.m2/repository/com/google/code/findbugs/jsr305/3.0.2/jsr305-3.0.2.jar:/home/tharaka/.m2/repository/org/checkerframework/checker-qual/3.5.0/checker-qual-3.5.0.jar:/home/tharaka/.m2/repository/com/google/errorprone/error_prone_annotations/2.3.4/error_prone_annotations-2.3.4.jar:/home/tharaka/.m2/repository/com/google/j2objc/j2objc-annotations/1.3/j2objc-annotations-1.3.jar:/home/tharaka/.m2/repository/org/apache/tika/tika-core/1.22/tika-core-1.22.jar:/home/tharaka/.m2/repository/junit/junit/4.12/junit-4.12.jar:/home/tharaka/.m2/repository/org/hamcrest/hamcrest-core/1.3/hamcrest-core-1.3.jar:/home/tharaka/.m2/repository/org/mockito/mockito-core/3.2.0/mockito-core-3.2.0.jar:/home/tharaka/.m2/repository/net/bytebuddy/byte-buddy/1.10.3/byte-buddy-1.10.3.jar:/home/tharaka/.m2/repository/net/bytebuddy/byte-buddy-agent/1.10.3/byte-buddy-agent-1.10.3.jar:/home/tharaka/.m2/repository/org/objenesis/objenesis/2.6/objenesis-2.6.jar:/home/tharaka/.m2/repository/org/powermock/powermock-module-junit4/2.0.7/powermock-module-junit4-2.0.7.jar:/home/tharaka/.m2/repository/org/powermock/powermock-module-junit4-common/2.0.7/powermock-module-junit4-common-2.0.7.jar:/home/tharaka/.m2/repository/org/powermock/powermock-reflect/2.0.7/powermock-reflect-2.0.7.jar:/home/tharaka/.m2/repository/org/powermock/powermock-core/2.0.7/powermock-core-2.0.7.jar:/home/tharaka/.m2/repository/org/javassist/javassist/3.27.0-GA/javassist-3.27.0-GA.jar:/home/tharaka/.m2/repository/org/powermock/powermock-api-mockito2/2.0.7/powermock-api-mockito2-2.0.7.jar:/home/tharaka/.m2/repository/org/powermock/powermock-api-support/2.0.7/powermock-api-support-2.0.7.jar:/home/tharaka/.m2/repository/commons-io/commons-io/2.6/commons-io-2.6.jar:/home/tharaka/.m2/repository/io/railflow/testrail-client/2.1/testrail-client-2.1.jar:/home/tharaka/.m2/repository/io/railflow/testrail-client/2.1/testrail-client-2.1-tests.jar:/home/tharaka/.m2/repository/javax/xml/bind/jaxb-api/2.3.0/jaxb-api-2.3.0.jar:/home/tharaka/.m2/repository/com/sun/xml/bind/jaxb-core/2.3.0/jaxb-core-2.3.0.jar:/home/tharaka/.m2/repository/com/sun/xml/bind/jaxb-impl/2.3.0/jaxb-impl-2.3.0.jar:/home/tharaka/.m2/repository/javax/activation/activation/1.1.1/activation-1.1.1.jar:/home/tharaka/.m2/repository/io/qameta/allure/allure-plugin-api/2.13.10/allure-plugin-api-2.13.10.jar:/home/tharaka/.m2/repository/org/apache/commons/commons-csv/1.8/commons-csv-1.8.jar:/home/tharaka/.m2/repository/org/apache/commons/commons-collections4/4.4/commons-collections4-4.4.jar:/home/tharaka/.m2/repository/ch/qos/logback/logback-classic/1.2.3/logback-classic-1.2.3.jar:/home/tharaka/.m2/repository/ch/qos/logback/logback-core/1.2.3/logback-core-1.2.3.jar:"/>
    
    <property name="java.vm.vendor" value="Private Build"/>
    
    <property name="sun.arch.data.model" value="64"/>
    
    <property name="java.vendor.url" value="http://java.oracle.com/"/>
    
    <property name="user.timezone" value=""/>
    
    <property name="java.vm.specification.version" value="1.8"/>
    
    <property name="os.name" value="Linux"/>
    
    <property name="user.country" value="US"/>
    
    <property name="sun.java.launcher" value="SUN_STANDARD"/>
    
    <property name="sun.boot.library.path" value="/usr/lib/jvm/java-8-openjdk-amd64/jre/lib/amd64"/>
    
    <property name="sun.java.command" value="/home/tharaka/projects/agiletestware/teamcity_plugins/railflow-java/target/surefire/surefirebooter5615321071138040699.jar /home/tharaka/projects/agiletestware/teamcity_plugins/railflow-java/target/surefire 2022-02-04T09-29-42_375-jvmRun1 surefire3251150644889157875tmp surefire_03548316204226868521tmp"/>
    
    <property name="surefire.test.class.path" value="/home/tharaka/projects/agiletestware/teamcity_plugins/railflow-java/target/test-classes:/home/tharaka/projects/agiletestware/teamcity_plugins/railflow-java/target/classes:/home/tharaka/.m2/repository/io/railflow/license/1.0/license-1.0.jar:/home/tharaka/.m2/repository/io/railflow/commons/1.0/commons-1.0.jar:/home/tharaka/.m2/repository/org/apache/commons/commons-lang3/3.11/commons-lang3-3.11.jar:/home/tharaka/.m2/repository/org/apache/httpcomponents/httpclient/4.5.2/httpclient-4.5.2.jar:/home/tharaka/.m2/repository/org/apache/httpcomponents/httpcore/4.4.4/httpcore-4.4.4.jar:/home/tharaka/.m2/repository/commons-logging/commons-logging/1.2/commons-logging-1.2.jar:/home/tharaka/.m2/repository/org/apache/httpcomponents/httpmime/4.5.2/httpmime-4.5.2.jar:/home/tharaka/.m2/repository/org/slf4j/slf4j-api/1.7.25/slf4j-api-1.7.25.jar:/home/tharaka/.m2/repository/com/google/code/gson/gson/2.8.5/gson-2.8.5.jar:/home/tharaka/.m2/repository/commons-codec/commons-codec/1.15/commons-codec-1.15.jar:/home/tharaka/.m2/repository/javax/validation/validation-api/2.0.1.Final/validation-api-2.0.1.Final.jar:/home/tharaka/.m2/repository/com/fasterxml/jackson/core/jackson-databind/2.11.4/jackson-databind-2.11.4.jar:/home/tharaka/.m2/repository/com/fasterxml/jackson/core/jackson-annotations/2.11.4/jackson-annotations-2.11.4.jar:/home/tharaka/.m2/repository/com/fasterxml/jackson/core/jackson-core/2.11.4/jackson-core-2.11.4.jar:/home/tharaka/.m2/repository/com/google/guava/guava/30.1-jre/guava-30.1-jre.jar:/home/tharaka/.m2/repository/com/google/guava/failureaccess/1.0.1/failureaccess-1.0.1.jar:/home/tharaka/.m2/repository/com/google/guava/listenablefuture/9999.0-empty-to-avoid-conflict-with-guava/listenablefuture-9999.0-empty-to-avoid-conflict-with-guava.jar:/home/tharaka/.m2/repository/com/google/code/findbugs/jsr305/3.0.2/jsr305-3.0.2.jar:/home/tharaka/.m2/repository/org/checkerframework/checker-qual/3.5.0/checker-qual-3.5.0.jar:/home/tharaka/.m2/repository/com/google/errorprone/error_prone_annotations/2.3.4/error_prone_annotations-2.3.4.jar:/home/tharaka/.m2/repository/com/google/j2objc/j2objc-annotations/1.3/j2objc-annotations-1.3.jar:/home/tharaka/.m2/repository/org/apache/tika/tika-core/1.22/tika-core-1.22.jar:/home/tharaka/.m2/repository/junit/junit/4.12/junit-4.12.jar:/home/tharaka/.m2/repository/org/hamcrest/hamcrest-core/1.3/hamcrest-core-1.3.jar:/home/tharaka/.m2/repository/org/mockito/mockito-core/3.2.0/mockito-core-3.2.0.jar:/home/tharaka/.m2/repository/net/bytebuddy/byte-buddy/1.10.3/byte-buddy-1.10.3.jar:/home/tharaka/.m2/repository/net/bytebuddy/byte-buddy-agent/1.10.3/byte-buddy-agent-1.10.3.jar:/home/tharaka/.m2/repository/org/objenesis/objenesis/2.6/objenesis-2.6.jar:/home/tharaka/.m2/repository/org/powermock/powermock-module-junit4/2.0.7/powermock-module-junit4-2.0.7.jar:/home/tharaka/.m2/repository/org/powermock/powermock-module-junit4-common/2.0.7/powermock-module-junit4-common-2.0.7.jar:/home/tharaka/.m2/repository/org/powermock/powermock-reflect/2.0.7/powermock-reflect-2.0.7.jar:/home/tharaka/.m2/repository/org/powermock/powermock-core/2.0.7/powermock-core-2.0.7.jar:/home/tharaka/.m2/repository/org/javassist/javassist/3.27.0-GA/javassist-3.27.0-GA.jar:/home/tharaka/.m2/repository/org/powermock/powermock-api-mockito2/2.0.7/powermock-api-mockito2-2.0.7.jar:/home/tharaka/.m2/repository/org/powermock/powermock-api-support/2.0.7/powermock-api-support-2.0.7.jar:/home/tharaka/.m2/repository/commons-io/commons-io/2.6/commons-io-2.6.jar:/home/tharaka/.m2/repository/io/railflow/testrail-client/2.1/testrail-client-2.1.jar:/home/tharaka/.m2/repository/io/railflow/testrail-client/2.1/testrail-client-2.1-tests.jar:/home/tharaka/.m2/repository/javax/xml/bind/jaxb-api/2.3.0/jaxb-api-2.3.0.jar:/home/tharaka/.m2/repository/com/sun/xml/bind/jaxb-core/2.3.0/jaxb-core-2.3.0.jar:/home/tharaka/.m2/repository/com/sun/xml/bind/jaxb-impl/2.3.0/jaxb-impl-2.3.0.jar:/home/tharaka/.m2/repository/javax/activation/activation/1.1.1/activation-1.1.1.jar:/home/tharaka/.m2/repository/io/qameta/allure/allure-plugin-api/2.13.10/allure-plugin-api-2.13.10.jar:/home/tharaka/.m2/repository/org/apache/commons/commons-csv/1.8/commons-csv-1.8.jar:/home/tharaka/.m2/repository/org/apache/commons/commons-collections4/4.4/commons-collections4-4.4.jar:/home/tharaka/.m2/repository/ch/qos/logback/logback-classic/1.2.3/logback-classic-1.2.3.jar:/home/tharaka/.m2/repository/ch/qos/logback/logback-core/1.2.3/logback-core-1.2.3.jar:"/>
    
    <property name="sun.cpu.endian" value="little"/>
    
    <property name="user.home" value="/home/tharaka"/>
    
    <property name="user.language" value="en"/>
    
    <property name="java.specification.vendor" value="Oracle Corporation"/>
    
    <property name="java.home" value="/usr/lib/jvm/java-8-openjdk-amd64/jre"/>
    
    <property name="basedir" value="/home/tharaka/projects/agiletestware/teamcity_plugins/railflow-java"/>
    
    <property name="file.separator" value="/"/>
    
    <property name="line.separator" value="
"/>
    
    <property name="java.vm.specification.vendor" value="Oracle Corporation"/>
    
    <property name="java.specification.name" value="Java Platform API Specification"/>
    
    <property name="java.awt.graphicsenv" value="sun.awt.X11GraphicsEnvironment"/>
    
    <property name="surefire.real.class.path" value="/home/tharaka/projects/agiletestware/teamcity_plugins/railflow-java/target/surefire/surefirebooter5615321071138040699.jar:/home/tharaka/.m2/repository/org/jacoco/org.jacoco.agent/0.8.2/org.jacoco.agent-0.8.2-runtime.jar"/>
    
    <property name="sun.boot.class.path" value="/usr/lib/jvm/java-8-openjdk-amd64/jre/lib/resources.jar:/usr/lib/jvm/java-8-openjdk-amd64/jre/lib/rt.jar:/usr/lib/jvm/java-8-openjdk-amd64/jre/lib/sunrsasign.jar:/usr/lib/jvm/java-8-openjdk-amd64/jre/lib/jsse.jar:/usr/lib/jvm/java-8-openjdk-amd64/jre/lib/jce.jar:/usr/lib/jvm/java-8-openjdk-amd64/jre/lib/charsets.jar:/usr/lib/jvm/java-8-openjdk-amd64/jre/lib/jfr.jar:/usr/lib/jvm/java-8-openjdk-amd64/jre/classes"/>
    
    <property name="sun.management.compiler" value="HotSpot 64-Bit Tiered Compilers"/>
    
    <property name="java.runtime.version" value="1.8.0_312-8u312-b07-0ubuntu1~20.04-b07"/>
    
    <property name="user.name" value="tharaka"/>
    
    <property name="path.separator" value=":"/>
    
    <property name="os.version" value="5.13.0-28-generic"/>
    
    <property name="java.endorsed.dirs" value="/usr/lib/jvm/java-8-openjdk-amd64/jre/lib/endorsed"/>
    
    <property name="java.runtime.name" value="OpenJDK Runtime Environment"/>
    
    <property name="file.encoding" value="UTF-8"/>
    
    <property name="java.vm.name" value="OpenJDK 64-Bit Server VM"/>
    
    <property name="localRepository" value="/home/tharaka/.m2/repository"/>
    
    <property name="java.vendor.url.bug" value="http://bugreport.sun.com/bugreport/"/>
    
    <property name="java.io.tmpdir" value="/tmp"/>
    
    <property name="java.version" value="1.8.0_312"/>
    
    <property name="user.dir" value="/home/tharaka/projects/agiletestware/teamcity_plugins/railflow-java"/>
    
    <property name="os.arch" value="amd64"/>
    
    <property name="java.vm.specification.name" value="Java Virtual Machine Specification"/>
    
    <property name="java.awt.printerjob" value="sun.print.PSPrinterJob"/>
    
    <property name="sun.os.patch.level" value="unknown"/>
    
    <property name="java.library.path" value="/usr/java/packages/lib/amd64:/usr/lib/x86_64-linux-gnu/jni:/lib/x86_64-linux-gnu:/usr/lib/x86_64-linux-gnu:/usr/lib/jni:/lib:/usr/lib"/>
    
    <property name="java.vm.info" value="mixed mode"/>
    
    <property name="java.vendor" value="Private Build"/>
    
    <property name="java.vm.version" value="25.312-b07"/>
    
    <property name="java.ext.dirs" value="/usr/lib/jvm/java-8-openjdk-amd64/jre/lib/ext:/usr/java/packages/lib/ext"/>
    
    <property name="sun.io.unicode.encoding" value="UnicodeLittle"/>
    
    <property name="java.class.version" value="52.0"/>
    
  </properties>
  
  <testcase name="createProjectFailWithEmptyTestPathTest" classname="io.railflow.testreport.cucumber.CucumberModelCreatorTest" time="0.001"/>
  
  <testcase name="testGetElementStepsWithMultipleBeforeAndAfterSteps" classname="io.railflow.testreport.cucumber.CucumberModelCreatorTest" time="0"/>
  
  <testcase name="createProjectPassWithSkippedStatusTest" classname="io.railflow.testreport.cucumber.CucumberModelCreatorTest" time="0.863"/>
  
  <testcase name="modelCreatorInstanceTest" classname="io.railflow.testreport.cucumber.CucumberModelCreatorTest" time="0.001"/>
  
  <testcase name="createProjectPassWithFailedStatusTest" classname="io.railflow.testreport.cucumber.CucumberModelCreatorTest" time="0.061"/>
  
  <testcase name="createProjectPassWithSkippedStatusAndAttachmentsAndTagsTest" classname="io.railflow.testreport.cucumber.CucumberModelCreatorTest" time="0.178"/>
  
  <testcase name="testGetElementSteps" classname="io.railflow.testreport.cucumber.CucumberModelCreatorTest" time="0.003"/>
  
  <testcase name="createProjectPassWithPassedStatusTest" classname="io.railflow.testreport.cucumber.CucumberModelCreatorTest" time="0.068"/>
  
  <testcase name="createProjectFailWithTestPathErrorFormatTest" classname="io.railflow.testreport.cucumber.CucumberModelCreatorTest" time="0.006"/>
  
  <testcase name="createProjectPassWithPassedStatusAndBeforeAndAfterStepsTest" classname="io.railflow.testreport.cucumber.CucumberModelCreatorTest" time="0.051"/>
  
</testsuite>
<testsuite xmlns:xsi="http://www.w3.org/2001/XMLSchema-instance" xsi:noNamespaceSchemaLocation="https://maven.apache.org/surefire/maven-surefire-plugin/xsd/surefire-test-report.xsd" name="io.railflow.testreport.cucumber.FeatureJsonParserTest" time="0.067" tests="1" errors="0" skipped="0" failures="0">
  
  <properties>
    
    <property name="sun.desktop" value="gnome"/>
    
    <property name="awt.toolkit" value="sun.awt.X11.XToolkit"/>
    
    <property name="file.encoding.pkg" value="sun.io"/>
    
    <property name="java.specification.version" value="1.8"/>
    
    <property name="sun.cpu.isalist" value=""/>
    
    <property name="sun.jnu.encoding" value="UTF-8"/>
    
    <property name="java.class.path" value="/home/tharaka/projects/agiletestware/teamcity_plugins/railflow-java/target/test-classes:/home/tharaka/projects/agiletestware/teamcity_plugins/railflow-java/target/classes:/home/tharaka/.m2/repository/io/railflow/license/1.0/license-1.0.jar:/home/tharaka/.m2/repository/io/railflow/commons/1.0/commons-1.0.jar:/home/tharaka/.m2/repository/org/apache/commons/commons-lang3/3.11/commons-lang3-3.11.jar:/home/tharaka/.m2/repository/org/apache/httpcomponents/httpclient/4.5.2/httpclient-4.5.2.jar:/home/tharaka/.m2/repository/org/apache/httpcomponents/httpcore/4.4.4/httpcore-4.4.4.jar:/home/tharaka/.m2/repository/commons-logging/commons-logging/1.2/commons-logging-1.2.jar:/home/tharaka/.m2/repository/org/apache/httpcomponents/httpmime/4.5.2/httpmime-4.5.2.jar:/home/tharaka/.m2/repository/org/slf4j/slf4j-api/1.7.25/slf4j-api-1.7.25.jar:/home/tharaka/.m2/repository/com/google/code/gson/gson/2.8.5/gson-2.8.5.jar:/home/tharaka/.m2/repository/commons-codec/commons-codec/1.15/commons-codec-1.15.jar:/home/tharaka/.m2/repository/javax/validation/validation-api/2.0.1.Final/validation-api-2.0.1.Final.jar:/home/tharaka/.m2/repository/com/fasterxml/jackson/core/jackson-databind/2.11.4/jackson-databind-2.11.4.jar:/home/tharaka/.m2/repository/com/fasterxml/jackson/core/jackson-annotations/2.11.4/jackson-annotations-2.11.4.jar:/home/tharaka/.m2/repository/com/fasterxml/jackson/core/jackson-core/2.11.4/jackson-core-2.11.4.jar:/home/tharaka/.m2/repository/com/google/guava/guava/30.1-jre/guava-30.1-jre.jar:/home/tharaka/.m2/repository/com/google/guava/failureaccess/1.0.1/failureaccess-1.0.1.jar:/home/tharaka/.m2/repository/com/google/guava/listenablefuture/9999.0-empty-to-avoid-conflict-with-guava/listenablefuture-9999.0-empty-to-avoid-conflict-with-guava.jar:/home/tharaka/.m2/repository/com/google/code/findbugs/jsr305/3.0.2/jsr305-3.0.2.jar:/home/tharaka/.m2/repository/org/checkerframework/checker-qual/3.5.0/checker-qual-3.5.0.jar:/home/tharaka/.m2/repository/com/google/errorprone/error_prone_annotations/2.3.4/error_prone_annotations-2.3.4.jar:/home/tharaka/.m2/repository/com/google/j2objc/j2objc-annotations/1.3/j2objc-annotations-1.3.jar:/home/tharaka/.m2/repository/org/apache/tika/tika-core/1.22/tika-core-1.22.jar:/home/tharaka/.m2/repository/junit/junit/4.12/junit-4.12.jar:/home/tharaka/.m2/repository/org/hamcrest/hamcrest-core/1.3/hamcrest-core-1.3.jar:/home/tharaka/.m2/repository/org/mockito/mockito-core/3.2.0/mockito-core-3.2.0.jar:/home/tharaka/.m2/repository/net/bytebuddy/byte-buddy/1.10.3/byte-buddy-1.10.3.jar:/home/tharaka/.m2/repository/net/bytebuddy/byte-buddy-agent/1.10.3/byte-buddy-agent-1.10.3.jar:/home/tharaka/.m2/repository/org/objenesis/objenesis/2.6/objenesis-2.6.jar:/home/tharaka/.m2/repository/org/powermock/powermock-module-junit4/2.0.7/powermock-module-junit4-2.0.7.jar:/home/tharaka/.m2/repository/org/powermock/powermock-module-junit4-common/2.0.7/powermock-module-junit4-common-2.0.7.jar:/home/tharaka/.m2/repository/org/powermock/powermock-reflect/2.0.7/powermock-reflect-2.0.7.jar:/home/tharaka/.m2/repository/org/powermock/powermock-core/2.0.7/powermock-core-2.0.7.jar:/home/tharaka/.m2/repository/org/javassist/javassist/3.27.0-GA/javassist-3.27.0-GA.jar:/home/tharaka/.m2/repository/org/powermock/powermock-api-mockito2/2.0.7/powermock-api-mockito2-2.0.7.jar:/home/tharaka/.m2/repository/org/powermock/powermock-api-support/2.0.7/powermock-api-support-2.0.7.jar:/home/tharaka/.m2/repository/commons-io/commons-io/2.6/commons-io-2.6.jar:/home/tharaka/.m2/repository/io/railflow/testrail-client/2.1/testrail-client-2.1.jar:/home/tharaka/.m2/repository/io/railflow/testrail-client/2.1/testrail-client-2.1-tests.jar:/home/tharaka/.m2/repository/javax/xml/bind/jaxb-api/2.3.0/jaxb-api-2.3.0.jar:/home/tharaka/.m2/repository/com/sun/xml/bind/jaxb-core/2.3.0/jaxb-core-2.3.0.jar:/home/tharaka/.m2/repository/com/sun/xml/bind/jaxb-impl/2.3.0/jaxb-impl-2.3.0.jar:/home/tharaka/.m2/repository/javax/activation/activation/1.1.1/activation-1.1.1.jar:/home/tharaka/.m2/repository/io/qameta/allure/allure-plugin-api/2.13.10/allure-plugin-api-2.13.10.jar:/home/tharaka/.m2/repository/org/apache/commons/commons-csv/1.8/commons-csv-1.8.jar:/home/tharaka/.m2/repository/org/apache/commons/commons-collections4/4.4/commons-collections4-4.4.jar:/home/tharaka/.m2/repository/ch/qos/logback/logback-classic/1.2.3/logback-classic-1.2.3.jar:/home/tharaka/.m2/repository/ch/qos/logback/logback-core/1.2.3/logback-core-1.2.3.jar:"/>
    
    <property name="java.vm.vendor" value="Private Build"/>
    
    <property name="sun.arch.data.model" value="64"/>
    
    <property name="java.vendor.url" value="http://java.oracle.com/"/>
    
    <property name="user.timezone" value=""/>
    
    <property name="java.vm.specification.version" value="1.8"/>
    
    <property name="os.name" value="Linux"/>
    
    <property name="user.country" value="US"/>
    
    <property name="sun.java.launcher" value="SUN_STANDARD"/>
    
    <property name="sun.boot.library.path" value="/usr/lib/jvm/java-8-openjdk-amd64/jre/lib/amd64"/>
    
    <property name="sun.java.command" value="/home/tharaka/projects/agiletestware/teamcity_plugins/railflow-java/target/surefire/surefirebooter5615321071138040699.jar /home/tharaka/projects/agiletestware/teamcity_plugins/railflow-java/target/surefire 2022-02-04T09-29-42_375-jvmRun1 surefire3251150644889157875tmp surefire_03548316204226868521tmp"/>
    
    <property name="surefire.test.class.path" value="/home/tharaka/projects/agiletestware/teamcity_plugins/railflow-java/target/test-classes:/home/tharaka/projects/agiletestware/teamcity_plugins/railflow-java/target/classes:/home/tharaka/.m2/repository/io/railflow/license/1.0/license-1.0.jar:/home/tharaka/.m2/repository/io/railflow/commons/1.0/commons-1.0.jar:/home/tharaka/.m2/repository/org/apache/commons/commons-lang3/3.11/commons-lang3-3.11.jar:/home/tharaka/.m2/repository/org/apache/httpcomponents/httpclient/4.5.2/httpclient-4.5.2.jar:/home/tharaka/.m2/repository/org/apache/httpcomponents/httpcore/4.4.4/httpcore-4.4.4.jar:/home/tharaka/.m2/repository/commons-logging/commons-logging/1.2/commons-logging-1.2.jar:/home/tharaka/.m2/repository/org/apache/httpcomponents/httpmime/4.5.2/httpmime-4.5.2.jar:/home/tharaka/.m2/repository/org/slf4j/slf4j-api/1.7.25/slf4j-api-1.7.25.jar:/home/tharaka/.m2/repository/com/google/code/gson/gson/2.8.5/gson-2.8.5.jar:/home/tharaka/.m2/repository/commons-codec/commons-codec/1.15/commons-codec-1.15.jar:/home/tharaka/.m2/repository/javax/validation/validation-api/2.0.1.Final/validation-api-2.0.1.Final.jar:/home/tharaka/.m2/repository/com/fasterxml/jackson/core/jackson-databind/2.11.4/jackson-databind-2.11.4.jar:/home/tharaka/.m2/repository/com/fasterxml/jackson/core/jackson-annotations/2.11.4/jackson-annotations-2.11.4.jar:/home/tharaka/.m2/repository/com/fasterxml/jackson/core/jackson-core/2.11.4/jackson-core-2.11.4.jar:/home/tharaka/.m2/repository/com/google/guava/guava/30.1-jre/guava-30.1-jre.jar:/home/tharaka/.m2/repository/com/google/guava/failureaccess/1.0.1/failureaccess-1.0.1.jar:/home/tharaka/.m2/repository/com/google/guava/listenablefuture/9999.0-empty-to-avoid-conflict-with-guava/listenablefuture-9999.0-empty-to-avoid-conflict-with-guava.jar:/home/tharaka/.m2/repository/com/google/code/findbugs/jsr305/3.0.2/jsr305-3.0.2.jar:/home/tharaka/.m2/repository/org/checkerframework/checker-qual/3.5.0/checker-qual-3.5.0.jar:/home/tharaka/.m2/repository/com/google/errorprone/error_prone_annotations/2.3.4/error_prone_annotations-2.3.4.jar:/home/tharaka/.m2/repository/com/google/j2objc/j2objc-annotations/1.3/j2objc-annotations-1.3.jar:/home/tharaka/.m2/repository/org/apache/tika/tika-core/1.22/tika-core-1.22.jar:/home/tharaka/.m2/repository/junit/junit/4.12/junit-4.12.jar:/home/tharaka/.m2/repository/org/hamcrest/hamcrest-core/1.3/hamcrest-core-1.3.jar:/home/tharaka/.m2/repository/org/mockito/mockito-core/3.2.0/mockito-core-3.2.0.jar:/home/tharaka/.m2/repository/net/bytebuddy/byte-buddy/1.10.3/byte-buddy-1.10.3.jar:/home/tharaka/.m2/repository/net/bytebuddy/byte-buddy-agent/1.10.3/byte-buddy-agent-1.10.3.jar:/home/tharaka/.m2/repository/org/objenesis/objenesis/2.6/objenesis-2.6.jar:/home/tharaka/.m2/repository/org/powermock/powermock-module-junit4/2.0.7/powermock-module-junit4-2.0.7.jar:/home/tharaka/.m2/repository/org/powermock/powermock-module-junit4-common/2.0.7/powermock-module-junit4-common-2.0.7.jar:/home/tharaka/.m2/repository/org/powermock/powermock-reflect/2.0.7/powermock-reflect-2.0.7.jar:/home/tharaka/.m2/repository/org/powermock/powermock-core/2.0.7/powermock-core-2.0.7.jar:/home/tharaka/.m2/repository/org/javassist/javassist/3.27.0-GA/javassist-3.27.0-GA.jar:/home/tharaka/.m2/repository/org/powermock/powermock-api-mockito2/2.0.7/powermock-api-mockito2-2.0.7.jar:/home/tharaka/.m2/repository/org/powermock/powermock-api-support/2.0.7/powermock-api-support-2.0.7.jar:/home/tharaka/.m2/repository/commons-io/commons-io/2.6/commons-io-2.6.jar:/home/tharaka/.m2/repository/io/railflow/testrail-client/2.1/testrail-client-2.1.jar:/home/tharaka/.m2/repository/io/railflow/testrail-client/2.1/testrail-client-2.1-tests.jar:/home/tharaka/.m2/repository/javax/xml/bind/jaxb-api/2.3.0/jaxb-api-2.3.0.jar:/home/tharaka/.m2/repository/com/sun/xml/bind/jaxb-core/2.3.0/jaxb-core-2.3.0.jar:/home/tharaka/.m2/repository/com/sun/xml/bind/jaxb-impl/2.3.0/jaxb-impl-2.3.0.jar:/home/tharaka/.m2/repository/javax/activation/activation/1.1.1/activation-1.1.1.jar:/home/tharaka/.m2/repository/io/qameta/allure/allure-plugin-api/2.13.10/allure-plugin-api-2.13.10.jar:/home/tharaka/.m2/repository/org/apache/commons/commons-csv/1.8/commons-csv-1.8.jar:/home/tharaka/.m2/repository/org/apache/commons/commons-collections4/4.4/commons-collections4-4.4.jar:/home/tharaka/.m2/repository/ch/qos/logback/logback-classic/1.2.3/logback-classic-1.2.3.jar:/home/tharaka/.m2/repository/ch/qos/logback/logback-core/1.2.3/logback-core-1.2.3.jar:"/>
    
    <property name="sun.cpu.endian" value="little"/>
    
    <property name="user.home" value="/home/tharaka"/>
    
    <property name="user.language" value="en"/>
    
    <property name="java.specification.vendor" value="Oracle Corporation"/>
    
    <property name="java.home" value="/usr/lib/jvm/java-8-openjdk-amd64/jre"/>
    
    <property name="basedir" value="/home/tharaka/projects/agiletestware/teamcity_plugins/railflow-java"/>
    
    <property name="file.separator" value="/"/>
    
    <property name="line.separator" value="
"/>
    
    <property name="java.vm.specification.vendor" value="Oracle Corporation"/>
    
    <property name="java.specification.name" value="Java Platform API Specification"/>
    
    <property name="java.awt.graphicsenv" value="sun.awt.X11GraphicsEnvironment"/>
    
    <property name="surefire.real.class.path" value="/home/tharaka/projects/agiletestware/teamcity_plugins/railflow-java/target/surefire/surefirebooter5615321071138040699.jar:/home/tharaka/.m2/repository/org/jacoco/org.jacoco.agent/0.8.2/org.jacoco.agent-0.8.2-runtime.jar"/>
    
    <property name="sun.boot.class.path" value="/usr/lib/jvm/java-8-openjdk-amd64/jre/lib/resources.jar:/usr/lib/jvm/java-8-openjdk-amd64/jre/lib/rt.jar:/usr/lib/jvm/java-8-openjdk-amd64/jre/lib/sunrsasign.jar:/usr/lib/jvm/java-8-openjdk-amd64/jre/lib/jsse.jar:/usr/lib/jvm/java-8-openjdk-amd64/jre/lib/jce.jar:/usr/lib/jvm/java-8-openjdk-amd64/jre/lib/charsets.jar:/usr/lib/jvm/java-8-openjdk-amd64/jre/lib/jfr.jar:/usr/lib/jvm/java-8-openjdk-amd64/jre/classes"/>
    
    <property name="sun.management.compiler" value="HotSpot 64-Bit Tiered Compilers"/>
    
    <property name="java.runtime.version" value="1.8.0_312-8u312-b07-0ubuntu1~20.04-b07"/>
    
    <property name="user.name" value="tharaka"/>
    
    <property name="path.separator" value=":"/>
    
    <property name="os.version" value="5.13.0-28-generic"/>
    
    <property name="java.endorsed.dirs" value="/usr/lib/jvm/java-8-openjdk-amd64/jre/lib/endorsed"/>
    
    <property name="java.runtime.name" value="OpenJDK Runtime Environment"/>
    
    <property name="file.encoding" value="UTF-8"/>
    
    <property name="java.vm.name" value="OpenJDK 64-Bit Server VM"/>
    
    <property name="localRepository" value="/home/tharaka/.m2/repository"/>
    
    <property name="java.vendor.url.bug" value="http://bugreport.sun.com/bugreport/"/>
    
    <property name="java.io.tmpdir" value="/tmp"/>
    
    <property name="java.version" value="1.8.0_312"/>
    
    <property name="user.dir" value="/home/tharaka/projects/agiletestware/teamcity_plugins/railflow-java"/>
    
    <property name="os.arch" value="amd64"/>
    
    <property name="java.vm.specification.name" value="Java Virtual Machine Specification"/>
    
    <property name="java.awt.printerjob" value="sun.print.PSPrinterJob"/>
    
    <property name="sun.os.patch.level" value="unknown"/>
    
    <property name="java.library.path" value="/usr/java/packages/lib/amd64:/usr/lib/x86_64-linux-gnu/jni:/lib/x86_64-linux-gnu:/usr/lib/x86_64-linux-gnu:/usr/lib/jni:/lib:/usr/lib"/>
    
    <property name="java.vm.info" value="mixed mode"/>
    
    <property name="java.vendor" value="Private Build"/>
    
    <property name="java.vm.version" value="25.312-b07"/>
    
    <property name="java.ext.dirs" value="/usr/lib/jvm/java-8-openjdk-amd64/jre/lib/ext:/usr/java/packages/lib/ext"/>
    
    <property name="sun.io.unicode.encoding" value="UnicodeLittle"/>
    
    <property name="java.class.version" value="52.0"/>
    
  </properties>
  
  <testcase name="testParse" classname="io.railflow.testreport.cucumber.FeatureJsonParserTest" time="0.064"/>
  
</testsuite>
<testsuite xmlns:xsi="http://www.w3.org/2001/XMLSchema-instance" xsi:noNamespaceSchemaLocation="https://maven.apache.org/surefire/maven-surefire-plugin/xsd/surefire-test-report.xsd" name="io.railflow.testreport.junit.JunitModelCreatorTest" time="0.567" tests="20" errors="0" skipped="0" failures="5">
  
  <properties>
    
    <property name="sun.desktop" value="gnome"/>
    
    <property name="awt.toolkit" value="sun.awt.X11.XToolkit"/>
    
    <property name="file.encoding.pkg" value="sun.io"/>
    
    <property name="java.specification.version" value="1.8"/>
    
    <property name="sun.cpu.isalist" value=""/>
    
    <property name="sun.jnu.encoding" value="UTF-8"/>
    
    <property name="java.class.path" value="/home/tharaka/projects/agiletestware/teamcity_plugins/railflow-java/target/test-classes:/home/tharaka/projects/agiletestware/teamcity_plugins/railflow-java/target/classes:/home/tharaka/.m2/repository/io/railflow/license/1.0/license-1.0.jar:/home/tharaka/.m2/repository/io/railflow/commons/1.0/commons-1.0.jar:/home/tharaka/.m2/repository/org/apache/commons/commons-lang3/3.11/commons-lang3-3.11.jar:/home/tharaka/.m2/repository/org/apache/httpcomponents/httpclient/4.5.2/httpclient-4.5.2.jar:/home/tharaka/.m2/repository/org/apache/httpcomponents/httpcore/4.4.4/httpcore-4.4.4.jar:/home/tharaka/.m2/repository/commons-logging/commons-logging/1.2/commons-logging-1.2.jar:/home/tharaka/.m2/repository/org/apache/httpcomponents/httpmime/4.5.2/httpmime-4.5.2.jar:/home/tharaka/.m2/repository/org/slf4j/slf4j-api/1.7.25/slf4j-api-1.7.25.jar:/home/tharaka/.m2/repository/com/google/code/gson/gson/2.8.5/gson-2.8.5.jar:/home/tharaka/.m2/repository/commons-codec/commons-codec/1.15/commons-codec-1.15.jar:/home/tharaka/.m2/repository/javax/validation/validation-api/2.0.1.Final/validation-api-2.0.1.Final.jar:/home/tharaka/.m2/repository/com/fasterxml/jackson/core/jackson-databind/2.11.4/jackson-databind-2.11.4.jar:/home/tharaka/.m2/repository/com/fasterxml/jackson/core/jackson-annotations/2.11.4/jackson-annotations-2.11.4.jar:/home/tharaka/.m2/repository/com/fasterxml/jackson/core/jackson-core/2.11.4/jackson-core-2.11.4.jar:/home/tharaka/.m2/repository/com/google/guava/guava/30.1-jre/guava-30.1-jre.jar:/home/tharaka/.m2/repository/com/google/guava/failureaccess/1.0.1/failureaccess-1.0.1.jar:/home/tharaka/.m2/repository/com/google/guava/listenablefuture/9999.0-empty-to-avoid-conflict-with-guava/listenablefuture-9999.0-empty-to-avoid-conflict-with-guava.jar:/home/tharaka/.m2/repository/com/google/code/findbugs/jsr305/3.0.2/jsr305-3.0.2.jar:/home/tharaka/.m2/repository/org/checkerframework/checker-qual/3.5.0/checker-qual-3.5.0.jar:/home/tharaka/.m2/repository/com/google/errorprone/error_prone_annotations/2.3.4/error_prone_annotations-2.3.4.jar:/home/tharaka/.m2/repository/com/google/j2objc/j2objc-annotations/1.3/j2objc-annotations-1.3.jar:/home/tharaka/.m2/repository/org/apache/tika/tika-core/1.22/tika-core-1.22.jar:/home/tharaka/.m2/repository/junit/junit/4.12/junit-4.12.jar:/home/tharaka/.m2/repository/org/hamcrest/hamcrest-core/1.3/hamcrest-core-1.3.jar:/home/tharaka/.m2/repository/org/mockito/mockito-core/3.2.0/mockito-core-3.2.0.jar:/home/tharaka/.m2/repository/net/bytebuddy/byte-buddy/1.10.3/byte-buddy-1.10.3.jar:/home/tharaka/.m2/repository/net/bytebuddy/byte-buddy-agent/1.10.3/byte-buddy-agent-1.10.3.jar:/home/tharaka/.m2/repository/org/objenesis/objenesis/2.6/objenesis-2.6.jar:/home/tharaka/.m2/repository/org/powermock/powermock-module-junit4/2.0.7/powermock-module-junit4-2.0.7.jar:/home/tharaka/.m2/repository/org/powermock/powermock-module-junit4-common/2.0.7/powermock-module-junit4-common-2.0.7.jar:/home/tharaka/.m2/repository/org/powermock/powermock-reflect/2.0.7/powermock-reflect-2.0.7.jar:/home/tharaka/.m2/repository/org/powermock/powermock-core/2.0.7/powermock-core-2.0.7.jar:/home/tharaka/.m2/repository/org/javassist/javassist/3.27.0-GA/javassist-3.27.0-GA.jar:/home/tharaka/.m2/repository/org/powermock/powermock-api-mockito2/2.0.7/powermock-api-mockito2-2.0.7.jar:/home/tharaka/.m2/repository/org/powermock/powermock-api-support/2.0.7/powermock-api-support-2.0.7.jar:/home/tharaka/.m2/repository/commons-io/commons-io/2.6/commons-io-2.6.jar:/home/tharaka/.m2/repository/io/railflow/testrail-client/2.1/testrail-client-2.1.jar:/home/tharaka/.m2/repository/io/railflow/testrail-client/2.1/testrail-client-2.1-tests.jar:/home/tharaka/.m2/repository/javax/xml/bind/jaxb-api/2.3.0/jaxb-api-2.3.0.jar:/home/tharaka/.m2/repository/com/sun/xml/bind/jaxb-core/2.3.0/jaxb-core-2.3.0.jar:/home/tharaka/.m2/repository/com/sun/xml/bind/jaxb-impl/2.3.0/jaxb-impl-2.3.0.jar:/home/tharaka/.m2/repository/javax/activation/activation/1.1.1/activation-1.1.1.jar:/home/tharaka/.m2/repository/io/qameta/allure/allure-plugin-api/2.13.10/allure-plugin-api-2.13.10.jar:/home/tharaka/.m2/repository/org/apache/commons/commons-csv/1.8/commons-csv-1.8.jar:/home/tharaka/.m2/repository/org/apache/commons/commons-collections4/4.4/commons-collections4-4.4.jar:/home/tharaka/.m2/repository/ch/qos/logback/logback-classic/1.2.3/logback-classic-1.2.3.jar:/home/tharaka/.m2/repository/ch/qos/logback/logback-core/1.2.3/logback-core-1.2.3.jar:"/>
    
    <property name="java.vm.vendor" value="Private Build"/>
    
    <property name="sun.arch.data.model" value="64"/>
    
    <property name="java.vendor.url" value="http://java.oracle.com/"/>
    
    <property name="user.timezone" value=""/>
    
    <property name="java.vm.specification.version" value="1.8"/>
    
    <property name="os.name" value="Linux"/>
    
    <property name="user.country" value="US"/>
    
    <property name="sun.java.launcher" value="SUN_STANDARD"/>
    
    <property name="sun.boot.library.path" value="/usr/lib/jvm/java-8-openjdk-amd64/jre/lib/amd64"/>
    
    <property name="sun.java.command" value="/home/tharaka/projects/agiletestware/teamcity_plugins/railflow-java/target/surefire/surefirebooter5615321071138040699.jar /home/tharaka/projects/agiletestware/teamcity_plugins/railflow-java/target/surefire 2022-02-04T09-29-42_375-jvmRun1 surefire3251150644889157875tmp surefire_03548316204226868521tmp"/>
    
    <property name="surefire.test.class.path" value="/home/tharaka/projects/agiletestware/teamcity_plugins/railflow-java/target/test-classes:/home/tharaka/projects/agiletestware/teamcity_plugins/railflow-java/target/classes:/home/tharaka/.m2/repository/io/railflow/license/1.0/license-1.0.jar:/home/tharaka/.m2/repository/io/railflow/commons/1.0/commons-1.0.jar:/home/tharaka/.m2/repository/org/apache/commons/commons-lang3/3.11/commons-lang3-3.11.jar:/home/tharaka/.m2/repository/org/apache/httpcomponents/httpclient/4.5.2/httpclient-4.5.2.jar:/home/tharaka/.m2/repository/org/apache/httpcomponents/httpcore/4.4.4/httpcore-4.4.4.jar:/home/tharaka/.m2/repository/commons-logging/commons-logging/1.2/commons-logging-1.2.jar:/home/tharaka/.m2/repository/org/apache/httpcomponents/httpmime/4.5.2/httpmime-4.5.2.jar:/home/tharaka/.m2/repository/org/slf4j/slf4j-api/1.7.25/slf4j-api-1.7.25.jar:/home/tharaka/.m2/repository/com/google/code/gson/gson/2.8.5/gson-2.8.5.jar:/home/tharaka/.m2/repository/commons-codec/commons-codec/1.15/commons-codec-1.15.jar:/home/tharaka/.m2/repository/javax/validation/validation-api/2.0.1.Final/validation-api-2.0.1.Final.jar:/home/tharaka/.m2/repository/com/fasterxml/jackson/core/jackson-databind/2.11.4/jackson-databind-2.11.4.jar:/home/tharaka/.m2/repository/com/fasterxml/jackson/core/jackson-annotations/2.11.4/jackson-annotations-2.11.4.jar:/home/tharaka/.m2/repository/com/fasterxml/jackson/core/jackson-core/2.11.4/jackson-core-2.11.4.jar:/home/tharaka/.m2/repository/com/google/guava/guava/30.1-jre/guava-30.1-jre.jar:/home/tharaka/.m2/repository/com/google/guava/failureaccess/1.0.1/failureaccess-1.0.1.jar:/home/tharaka/.m2/repository/com/google/guava/listenablefuture/9999.0-empty-to-avoid-conflict-with-guava/listenablefuture-9999.0-empty-to-avoid-conflict-with-guava.jar:/home/tharaka/.m2/repository/com/google/code/findbugs/jsr305/3.0.2/jsr305-3.0.2.jar:/home/tharaka/.m2/repository/org/checkerframework/checker-qual/3.5.0/checker-qual-3.5.0.jar:/home/tharaka/.m2/repository/com/google/errorprone/error_prone_annotations/2.3.4/error_prone_annotations-2.3.4.jar:/home/tharaka/.m2/repository/com/google/j2objc/j2objc-annotations/1.3/j2objc-annotations-1.3.jar:/home/tharaka/.m2/repository/org/apache/tika/tika-core/1.22/tika-core-1.22.jar:/home/tharaka/.m2/repository/junit/junit/4.12/junit-4.12.jar:/home/tharaka/.m2/repository/org/hamcrest/hamcrest-core/1.3/hamcrest-core-1.3.jar:/home/tharaka/.m2/repository/org/mockito/mockito-core/3.2.0/mockito-core-3.2.0.jar:/home/tharaka/.m2/repository/net/bytebuddy/byte-buddy/1.10.3/byte-buddy-1.10.3.jar:/home/tharaka/.m2/repository/net/bytebuddy/byte-buddy-agent/1.10.3/byte-buddy-agent-1.10.3.jar:/home/tharaka/.m2/repository/org/objenesis/objenesis/2.6/objenesis-2.6.jar:/home/tharaka/.m2/repository/org/powermock/powermock-module-junit4/2.0.7/powermock-module-junit4-2.0.7.jar:/home/tharaka/.m2/repository/org/powermock/powermock-module-junit4-common/2.0.7/powermock-module-junit4-common-2.0.7.jar:/home/tharaka/.m2/repository/org/powermock/powermock-reflect/2.0.7/powermock-reflect-2.0.7.jar:/home/tharaka/.m2/repository/org/powermock/powermock-core/2.0.7/powermock-core-2.0.7.jar:/home/tharaka/.m2/repository/org/javassist/javassist/3.27.0-GA/javassist-3.27.0-GA.jar:/home/tharaka/.m2/repository/org/powermock/powermock-api-mockito2/2.0.7/powermock-api-mockito2-2.0.7.jar:/home/tharaka/.m2/repository/org/powermock/powermock-api-support/2.0.7/powermock-api-support-2.0.7.jar:/home/tharaka/.m2/repository/commons-io/commons-io/2.6/commons-io-2.6.jar:/home/tharaka/.m2/repository/io/railflow/testrail-client/2.1/testrail-client-2.1.jar:/home/tharaka/.m2/repository/io/railflow/testrail-client/2.1/testrail-client-2.1-tests.jar:/home/tharaka/.m2/repository/javax/xml/bind/jaxb-api/2.3.0/jaxb-api-2.3.0.jar:/home/tharaka/.m2/repository/com/sun/xml/bind/jaxb-core/2.3.0/jaxb-core-2.3.0.jar:/home/tharaka/.m2/repository/com/sun/xml/bind/jaxb-impl/2.3.0/jaxb-impl-2.3.0.jar:/home/tharaka/.m2/repository/javax/activation/activation/1.1.1/activation-1.1.1.jar:/home/tharaka/.m2/repository/io/qameta/allure/allure-plugin-api/2.13.10/allure-plugin-api-2.13.10.jar:/home/tharaka/.m2/repository/org/apache/commons/commons-csv/1.8/commons-csv-1.8.jar:/home/tharaka/.m2/repository/org/apache/commons/commons-collections4/4.4/commons-collections4-4.4.jar:/home/tharaka/.m2/repository/ch/qos/logback/logback-classic/1.2.3/logback-classic-1.2.3.jar:/home/tharaka/.m2/repository/ch/qos/logback/logback-core/1.2.3/logback-core-1.2.3.jar:"/>
    
    <property name="sun.cpu.endian" value="little"/>
    
    <property name="user.home" value="/home/tharaka"/>
    
    <property name="user.language" value="en"/>
    
    <property name="java.specification.vendor" value="Oracle Corporation"/>
    
    <property name="java.home" value="/usr/lib/jvm/java-8-openjdk-amd64/jre"/>
    
    <property name="basedir" value="/home/tharaka/projects/agiletestware/teamcity_plugins/railflow-java"/>
    
    <property name="file.separator" value="/"/>
    
    <property name="line.separator" value="
"/>
    
    <property name="java.vm.specification.vendor" value="Oracle Corporation"/>
    
    <property name="java.specification.name" value="Java Platform API Specification"/>
    
    <property name="java.awt.graphicsenv" value="sun.awt.X11GraphicsEnvironment"/>
    
    <property name="surefire.real.class.path" value="/home/tharaka/projects/agiletestware/teamcity_plugins/railflow-java/target/surefire/surefirebooter5615321071138040699.jar:/home/tharaka/.m2/repository/org/jacoco/org.jacoco.agent/0.8.2/org.jacoco.agent-0.8.2-runtime.jar"/>
    
    <property name="sun.boot.class.path" value="/usr/lib/jvm/java-8-openjdk-amd64/jre/lib/resources.jar:/usr/lib/jvm/java-8-openjdk-amd64/jre/lib/rt.jar:/usr/lib/jvm/java-8-openjdk-amd64/jre/lib/sunrsasign.jar:/usr/lib/jvm/java-8-openjdk-amd64/jre/lib/jsse.jar:/usr/lib/jvm/java-8-openjdk-amd64/jre/lib/jce.jar:/usr/lib/jvm/java-8-openjdk-amd64/jre/lib/charsets.jar:/usr/lib/jvm/java-8-openjdk-amd64/jre/lib/jfr.jar:/usr/lib/jvm/java-8-openjdk-amd64/jre/classes"/>
    
    <property name="sun.management.compiler" value="HotSpot 64-Bit Tiered Compilers"/>
    
    <property name="java.runtime.version" value="1.8.0_312-8u312-b07-0ubuntu1~20.04-b07"/>
    
    <property name="user.name" value="tharaka"/>
    
    <property name="path.separator" value=":"/>
    
    <property name="os.version" value="5.13.0-28-generic"/>
    
    <property name="java.endorsed.dirs" value="/usr/lib/jvm/java-8-openjdk-amd64/jre/lib/endorsed"/>
    
    <property name="java.runtime.name" value="OpenJDK Runtime Environment"/>
    
    <property name="file.encoding" value="UTF-8"/>
    
    <property name="java.vm.name" value="OpenJDK 64-Bit Server VM"/>
    
    <property name="localRepository" value="/home/tharaka/.m2/repository"/>
    
    <property name="java.vendor.url.bug" value="http://bugreport.sun.com/bugreport/"/>
    
    <property name="java.io.tmpdir" value="/tmp"/>
    
    <property name="java.version" value="1.8.0_312"/>
    
    <property name="user.dir" value="/home/tharaka/projects/agiletestware/teamcity_plugins/railflow-java"/>
    
    <property name="os.arch" value="amd64"/>
    
    <property name="java.vm.specification.name" value="Java Virtual Machine Specification"/>
    
    <property name="java.awt.printerjob" value="sun.print.PSPrinterJob"/>
    
    <property name="sun.os.patch.level" value="unknown"/>
    
    <property name="java.library.path" value="/usr/java/packages/lib/amd64:/usr/lib/x86_64-linux-gnu/jni:/lib/x86_64-linux-gnu:/usr/lib/x86_64-linux-gnu:/usr/lib/jni:/lib:/usr/lib"/>
    
    <property name="java.vm.info" value="mixed mode"/>
    
    <property name="java.vendor" value="Private Build"/>
    
    <property name="java.vm.version" value="25.312-b07"/>
    
    <property name="java.ext.dirs" value="/usr/lib/jvm/java-8-openjdk-amd64/jre/lib/ext:/usr/java/packages/lib/ext"/>
    
    <property name="sun.io.unicode.encoding" value="UnicodeLittle"/>
    
    <property name="java.class.version" value="52.0"/>
    
  </properties>
  
  <testcase name="test_create_project_with_railflow_configs_in_suite_level_multiple_testcases" classname="io.railflow.testreport.junit.JunitModelCreatorTest" time="0.049"/>
  
  <testcase name="testCreateJUnit5" classname="io.railflow.testreport.junit.JunitModelCreatorTest" time="0.023">
    
    <failure message="expected:&lt;suite[1]&gt; but was:&lt;suite[2]&gt;" type="org.junit.ComparisonFailure"><![CDATA[org.junit.ComparisonFailure: expected:<suite[1]> but was:<suite[2]>
	at io.railflow.testreport.junit.JunitModelCreatorTest.testCreateJUnit5(JunitModelCreatorTest.java:168)]]></failure>
    
    <system-out><![CDATA[09:30:05.838 [main] DEBUG io.railflow.testreport.model.CaseCreateParametersFactory - Setting case type/priority from report: Compatibility
09:30:05.839 [main] DEBUG io.railflow.testreport.model.CaseCreateParametersFactory - Setting case type/priority from report: High
09:30:05.841 [main] INFO io.railflow.testreport.model.ModelFromReportFileCreator - Parsing results file: /home/tharaka/projects/agiletestware/teamcity_plugins/railflow-java/target/test-classes/io/railflow/testreport/junit/junit-5-tests.xml]]></system-out>
    
  </testcase>
  
  <testcase name="createProjectFailWithEmptyTestPathTest" classname="io.railflow.testreport.junit.JunitModelCreatorTest" time="0.001"/>
  
  <testcase name="test_create_project_with_railflow_configs_in_test_level_with_testrail_ids" classname="io.railflow.testreport.junit.JunitModelCreatorTest" time="0.05"/>
  
  <testcase name="createProjectPassWithOnlySuiteNameTest" classname="io.railflow.testreport.junit.JunitModelCreatorTest" time="0.019"/>
  
  <testcase name="test_create_project_with_railflow_configs_in_both_suite_level_and_test_level" classname="io.railflow.testreport.junit.JunitModelCreatorTest" time="0.052"/>
  
  <testcase name="createProjectPassWithSkippedStatusTest" classname="io.railflow.testreport.junit.JunitModelCreatorTest" time="0.025"/>
  
  <testcase name="test_create_project_with_railflow_configs_missing_required_fields" classname="io.railflow.testreport.junit.JunitModelCreatorTest" time="0.031"/>
  
  <testcase name="test_create_project_with_multiple_attachment_in_system_out" classname="io.railflow.testreport.junit.JunitModelCreatorTest" time="0.024"/>
  
  <testcase name="create_project_with_missing_required_fields" classname="io.railflow.testreport.junit.JunitModelCreatorTest" time="0.002"/>
  
  <testcase name="createProjectPassWithFailureStatusTest" classname="io.railflow.testreport.junit.JunitModelCreatorTest" time="0.038">
    
    <failure message="expected:&lt;PASSED&gt; but was:&lt;FAILED&gt;" type="java.lang.AssertionError"><![CDATA[java.lang.AssertionError: expected:<PASSED> but was:<FAILED>
	at io.railflow.testreport.junit.JunitModelCreatorTest.createProjectPassWithFailureStatusTest(JunitModelCreatorTest.java:55)]]></failure>
    
    <system-out><![CDATA[09:30:06.169 [main] DEBUG io.railflow.testreport.model.CaseCreateParametersFactory - Setting case type/priority from report: Compatibility
09:30:06.170 [main] DEBUG io.railflow.testreport.model.CaseCreateParametersFactory - Setting case type/priority from report: High
09:30:06.175 [main] INFO io.railflow.testreport.model.ModelFromReportFileCreator - Parsing results file: /home/tharaka/projects/agiletestware/teamcity_plugins/railflow-java/target/test-classes/io/railflow/testreport/junit/result_with_testcase_failed_1.xml]]></system-out>
    
  </testcase>
  
  <testcase name="test_create_project_with_railflow_configs_in_suite_level_single_testcase" classname="io.railflow.testreport.junit.JunitModelCreatorTest" time="0.027"/>
  
  <testcase name="test_create_project_with_multiple_attachment_with_empty_attachment_in_system_out" classname="io.railflow.testreport.junit.JunitModelCreatorTest" time="0.028"/>
  
  <testcase name="createProjectPassWithPassedStatusTest" classname="io.railflow.testreport.junit.JunitModelCreatorTest" time="0.029">
    
    <failure message="expected:&lt;FAILED&gt; but was:&lt;PASSED&gt;" type="java.lang.AssertionError"><![CDATA[java.lang.AssertionError: expected:<FAILED> but was:<PASSED>
	at io.railflow.testreport.junit.JunitModelCreatorTest.createProjectPassWithPassedStatusTest(JunitModelCreatorTest.java:77)]]></failure>
    
    <system-out><![CDATA[09:30:06.262 [main] DEBUG io.railflow.testreport.model.CaseCreateParametersFactory - Setting case type/priority from report: Compatibility
09:30:06.263 [main] DEBUG io.railflow.testreport.model.CaseCreateParametersFactory - Setting case type/priority from report: High
09:30:06.265 [main] INFO io.railflow.testreport.model.ModelFromReportFileCreator - Parsing results file: /home/tharaka/projects/agiletestware/teamcity_plugins/railflow-java/target/test-classes/io/railflow/testreport/junit/result_with_testcase_passed.xml]]></system-out>
    
  </testcase>
  
  <testcase name="createProjectFailWithTestPathErrorFormatTest" classname="io.railflow.testreport.junit.JunitModelCreatorTest" time="0.015"/>
  
  <testcase name="test_create_project_with_a_single_attachment_in_system_out" classname="io.railflow.testreport.junit.JunitModelCreatorTest" time="0.026"/>
  
  <testcase name="createProjectFromMultipleFiles" classname="io.railflow.testreport.junit.JunitModelCreatorTest" time="0.022">
    
    <failure message="expected:&lt;sectionName[1]&gt; but was:&lt;sectionName[]&gt;" type="org.junit.ComparisonFailure"><![CDATA[org.junit.ComparisonFailure: expected:<sectionName[1]> but was:<sectionName[]>
	at io.railflow.testreport.junit.JunitModelCreatorTest.createProjectFromMultipleFiles(JunitModelCreatorTest.java:131)]]></failure>
    
    <system-out><![CDATA[09:30:06.332 [main] DEBUG io.railflow.testreport.model.CaseCreateParametersFactory - Setting case type/priority from report: Compatibility
09:30:06.333 [main] DEBUG io.railflow.testreport.model.CaseCreateParametersFactory - Setting case type/priority from report: High
09:30:06.334 [main] INFO io.railflow.testreport.model.ModelFromReportFileCreator - Parsing results file: /home/tharaka/projects/agiletestware/teamcity_plugins/railflow-java/target/test-classes/io/railflow/testreport/junit/result_with_suite1_as_name.xml
09:30:06.342 [main] INFO io.railflow.testreport.model.ModelFromReportFileCreator - Parsing results file: /home/tharaka/projects/agiletestware/teamcity_plugins/railflow-java/target/test-classes/io/railflow/testreport/junit/result_with_suite2_as_name.xml]]></system-out>
    
  </testcase>
  
  <testcase name="test_create_project_with_railflow_configs_in_both_suite_level_and_test_level_and_with_testrail_ids" classname="io.railflow.testreport.junit.JunitModelCreatorTest" time="0.037"/>
  
  <testcase name="createProjectPassWithFailureUntestedStatusTest" classname="io.railflow.testreport.junit.JunitModelCreatorTest" time="0.028">
    
    <failure message="expected:&lt;UNTESTED&gt; but was:&lt;FAILED&gt;" type="java.lang.AssertionError"><![CDATA[java.lang.AssertionError: expected:<UNTESTED> but was:<FAILED>
	at io.railflow.testreport.junit.JunitModelCreatorTest.createProjectPassWithFailureUntestedStatusTest(JunitModelCreatorTest.java:67)]]></failure>
    
    <system-out><![CDATA[09:30:06.395 [main] DEBUG io.railflow.testreport.model.CaseCreateParametersFactory - Setting case type/priority from report: Compatibility
09:30:06.402 [main] DEBUG io.railflow.testreport.model.CaseCreateParametersFactory - Setting case type/priority from report: High
09:30:06.404 [main] INFO io.railflow.testreport.model.ModelFromReportFileCreator - Parsing results file: /home/tharaka/projects/agiletestware/teamcity_plugins/railflow-java/target/test-classes/io/railflow/testreport/junit/result_with_testcase_failed_2.xml]]></system-out>
    
  </testcase>
  
  <testcase name="test_create_project_with_railflow_configs_in_test_level_without_testrail_ids" classname="io.railflow.testreport.junit.JunitModelCreatorTest" time="0.02"/>
  
</testsuite>
<testsuite xmlns:xsi="http://www.w3.org/2001/XMLSchema-instance" xsi:noNamespaceSchemaLocation="https://maven.apache.org/surefire/maven-surefire-plugin/xsd/surefire-test-report.xsd" name="io.railflow.testreport.model.CaseCreateParametersFactoryTest" time="0.641" tests="10" errors="0" skipped="0" failures="0">
  
  <properties>
    
    <property name="sun.desktop" value="gnome"/>
    
    <property name="awt.toolkit" value="sun.awt.X11.XToolkit"/>
    
    <property name="file.encoding.pkg" value="sun.io"/>
    
    <property name="java.specification.version" value="1.8"/>
    
    <property name="sun.cpu.isalist" value=""/>
    
    <property name="sun.jnu.encoding" value="UTF-8"/>
    
    <property name="java.class.path" value="/home/tharaka/projects/agiletestware/teamcity_plugins/railflow-java/target/test-classes:/home/tharaka/projects/agiletestware/teamcity_plugins/railflow-java/target/classes:/home/tharaka/.m2/repository/io/railflow/license/1.0/license-1.0.jar:/home/tharaka/.m2/repository/io/railflow/commons/1.0/commons-1.0.jar:/home/tharaka/.m2/repository/org/apache/commons/commons-lang3/3.11/commons-lang3-3.11.jar:/home/tharaka/.m2/repository/org/apache/httpcomponents/httpclient/4.5.2/httpclient-4.5.2.jar:/home/tharaka/.m2/repository/org/apache/httpcomponents/httpcore/4.4.4/httpcore-4.4.4.jar:/home/tharaka/.m2/repository/commons-logging/commons-logging/1.2/commons-logging-1.2.jar:/home/tharaka/.m2/repository/org/apache/httpcomponents/httpmime/4.5.2/httpmime-4.5.2.jar:/home/tharaka/.m2/repository/org/slf4j/slf4j-api/1.7.25/slf4j-api-1.7.25.jar:/home/tharaka/.m2/repository/com/google/code/gson/gson/2.8.5/gson-2.8.5.jar:/home/tharaka/.m2/repository/commons-codec/commons-codec/1.15/commons-codec-1.15.jar:/home/tharaka/.m2/repository/javax/validation/validation-api/2.0.1.Final/validation-api-2.0.1.Final.jar:/home/tharaka/.m2/repository/com/fasterxml/jackson/core/jackson-databind/2.11.4/jackson-databind-2.11.4.jar:/home/tharaka/.m2/repository/com/fasterxml/jackson/core/jackson-annotations/2.11.4/jackson-annotations-2.11.4.jar:/home/tharaka/.m2/repository/com/fasterxml/jackson/core/jackson-core/2.11.4/jackson-core-2.11.4.jar:/home/tharaka/.m2/repository/com/google/guava/guava/30.1-jre/guava-30.1-jre.jar:/home/tharaka/.m2/repository/com/google/guava/failureaccess/1.0.1/failureaccess-1.0.1.jar:/home/tharaka/.m2/repository/com/google/guava/listenablefuture/9999.0-empty-to-avoid-conflict-with-guava/listenablefuture-9999.0-empty-to-avoid-conflict-with-guava.jar:/home/tharaka/.m2/repository/com/google/code/findbugs/jsr305/3.0.2/jsr305-3.0.2.jar:/home/tharaka/.m2/repository/org/checkerframework/checker-qual/3.5.0/checker-qual-3.5.0.jar:/home/tharaka/.m2/repository/com/google/errorprone/error_prone_annotations/2.3.4/error_prone_annotations-2.3.4.jar:/home/tharaka/.m2/repository/com/google/j2objc/j2objc-annotations/1.3/j2objc-annotations-1.3.jar:/home/tharaka/.m2/repository/org/apache/tika/tika-core/1.22/tika-core-1.22.jar:/home/tharaka/.m2/repository/junit/junit/4.12/junit-4.12.jar:/home/tharaka/.m2/repository/org/hamcrest/hamcrest-core/1.3/hamcrest-core-1.3.jar:/home/tharaka/.m2/repository/org/mockito/mockito-core/3.2.0/mockito-core-3.2.0.jar:/home/tharaka/.m2/repository/net/bytebuddy/byte-buddy/1.10.3/byte-buddy-1.10.3.jar:/home/tharaka/.m2/repository/net/bytebuddy/byte-buddy-agent/1.10.3/byte-buddy-agent-1.10.3.jar:/home/tharaka/.m2/repository/org/objenesis/objenesis/2.6/objenesis-2.6.jar:/home/tharaka/.m2/repository/org/powermock/powermock-module-junit4/2.0.7/powermock-module-junit4-2.0.7.jar:/home/tharaka/.m2/repository/org/powermock/powermock-module-junit4-common/2.0.7/powermock-module-junit4-common-2.0.7.jar:/home/tharaka/.m2/repository/org/powermock/powermock-reflect/2.0.7/powermock-reflect-2.0.7.jar:/home/tharaka/.m2/repository/org/powermock/powermock-core/2.0.7/powermock-core-2.0.7.jar:/home/tharaka/.m2/repository/org/javassist/javassist/3.27.0-GA/javassist-3.27.0-GA.jar:/home/tharaka/.m2/repository/org/powermock/powermock-api-mockito2/2.0.7/powermock-api-mockito2-2.0.7.jar:/home/tharaka/.m2/repository/org/powermock/powermock-api-support/2.0.7/powermock-api-support-2.0.7.jar:/home/tharaka/.m2/repository/commons-io/commons-io/2.6/commons-io-2.6.jar:/home/tharaka/.m2/repository/io/railflow/testrail-client/2.1/testrail-client-2.1.jar:/home/tharaka/.m2/repository/io/railflow/testrail-client/2.1/testrail-client-2.1-tests.jar:/home/tharaka/.m2/repository/javax/xml/bind/jaxb-api/2.3.0/jaxb-api-2.3.0.jar:/home/tharaka/.m2/repository/com/sun/xml/bind/jaxb-core/2.3.0/jaxb-core-2.3.0.jar:/home/tharaka/.m2/repository/com/sun/xml/bind/jaxb-impl/2.3.0/jaxb-impl-2.3.0.jar:/home/tharaka/.m2/repository/javax/activation/activation/1.1.1/activation-1.1.1.jar:/home/tharaka/.m2/repository/io/qameta/allure/allure-plugin-api/2.13.10/allure-plugin-api-2.13.10.jar:/home/tharaka/.m2/repository/org/apache/commons/commons-csv/1.8/commons-csv-1.8.jar:/home/tharaka/.m2/repository/org/apache/commons/commons-collections4/4.4/commons-collections4-4.4.jar:/home/tharaka/.m2/repository/ch/qos/logback/logback-classic/1.2.3/logback-classic-1.2.3.jar:/home/tharaka/.m2/repository/ch/qos/logback/logback-core/1.2.3/logback-core-1.2.3.jar:"/>
    
    <property name="java.vm.vendor" value="Private Build"/>
    
    <property name="sun.arch.data.model" value="64"/>
    
    <property name="java.vendor.url" value="http://java.oracle.com/"/>
    
    <property name="user.timezone" value=""/>
    
    <property name="java.vm.specification.version" value="1.8"/>
    
    <property name="os.name" value="Linux"/>
    
    <property name="user.country" value="US"/>
    
    <property name="sun.java.launcher" value="SUN_STANDARD"/>
    
    <property name="sun.boot.library.path" value="/usr/lib/jvm/java-8-openjdk-amd64/jre/lib/amd64"/>
    
    <property name="sun.java.command" value="/home/tharaka/projects/agiletestware/teamcity_plugins/railflow-java/target/surefire/surefirebooter5615321071138040699.jar /home/tharaka/projects/agiletestware/teamcity_plugins/railflow-java/target/surefire 2022-02-04T09-29-42_375-jvmRun1 surefire3251150644889157875tmp surefire_03548316204226868521tmp"/>
    
    <property name="surefire.test.class.path" value="/home/tharaka/projects/agiletestware/teamcity_plugins/railflow-java/target/test-classes:/home/tharaka/projects/agiletestware/teamcity_plugins/railflow-java/target/classes:/home/tharaka/.m2/repository/io/railflow/license/1.0/license-1.0.jar:/home/tharaka/.m2/repository/io/railflow/commons/1.0/commons-1.0.jar:/home/tharaka/.m2/repository/org/apache/commons/commons-lang3/3.11/commons-lang3-3.11.jar:/home/tharaka/.m2/repository/org/apache/httpcomponents/httpclient/4.5.2/httpclient-4.5.2.jar:/home/tharaka/.m2/repository/org/apache/httpcomponents/httpcore/4.4.4/httpcore-4.4.4.jar:/home/tharaka/.m2/repository/commons-logging/commons-logging/1.2/commons-logging-1.2.jar:/home/tharaka/.m2/repository/org/apache/httpcomponents/httpmime/4.5.2/httpmime-4.5.2.jar:/home/tharaka/.m2/repository/org/slf4j/slf4j-api/1.7.25/slf4j-api-1.7.25.jar:/home/tharaka/.m2/repository/com/google/code/gson/gson/2.8.5/gson-2.8.5.jar:/home/tharaka/.m2/repository/commons-codec/commons-codec/1.15/commons-codec-1.15.jar:/home/tharaka/.m2/repository/javax/validation/validation-api/2.0.1.Final/validation-api-2.0.1.Final.jar:/home/tharaka/.m2/repository/com/fasterxml/jackson/core/jackson-databind/2.11.4/jackson-databind-2.11.4.jar:/home/tharaka/.m2/repository/com/fasterxml/jackson/core/jackson-annotations/2.11.4/jackson-annotations-2.11.4.jar:/home/tharaka/.m2/repository/com/fasterxml/jackson/core/jackson-core/2.11.4/jackson-core-2.11.4.jar:/home/tharaka/.m2/repository/com/google/guava/guava/30.1-jre/guava-30.1-jre.jar:/home/tharaka/.m2/repository/com/google/guava/failureaccess/1.0.1/failureaccess-1.0.1.jar:/home/tharaka/.m2/repository/com/google/guava/listenablefuture/9999.0-empty-to-avoid-conflict-with-guava/listenablefuture-9999.0-empty-to-avoid-conflict-with-guava.jar:/home/tharaka/.m2/repository/com/google/code/findbugs/jsr305/3.0.2/jsr305-3.0.2.jar:/home/tharaka/.m2/repository/org/checkerframework/checker-qual/3.5.0/checker-qual-3.5.0.jar:/home/tharaka/.m2/repository/com/google/errorprone/error_prone_annotations/2.3.4/error_prone_annotations-2.3.4.jar:/home/tharaka/.m2/repository/com/google/j2objc/j2objc-annotations/1.3/j2objc-annotations-1.3.jar:/home/tharaka/.m2/repository/org/apache/tika/tika-core/1.22/tika-core-1.22.jar:/home/tharaka/.m2/repository/junit/junit/4.12/junit-4.12.jar:/home/tharaka/.m2/repository/org/hamcrest/hamcrest-core/1.3/hamcrest-core-1.3.jar:/home/tharaka/.m2/repository/org/mockito/mockito-core/3.2.0/mockito-core-3.2.0.jar:/home/tharaka/.m2/repository/net/bytebuddy/byte-buddy/1.10.3/byte-buddy-1.10.3.jar:/home/tharaka/.m2/repository/net/bytebuddy/byte-buddy-agent/1.10.3/byte-buddy-agent-1.10.3.jar:/home/tharaka/.m2/repository/org/objenesis/objenesis/2.6/objenesis-2.6.jar:/home/tharaka/.m2/repository/org/powermock/powermock-module-junit4/2.0.7/powermock-module-junit4-2.0.7.jar:/home/tharaka/.m2/repository/org/powermock/powermock-module-junit4-common/2.0.7/powermock-module-junit4-common-2.0.7.jar:/home/tharaka/.m2/repository/org/powermock/powermock-reflect/2.0.7/powermock-reflect-2.0.7.jar:/home/tharaka/.m2/repository/org/powermock/powermock-core/2.0.7/powermock-core-2.0.7.jar:/home/tharaka/.m2/repository/org/javassist/javassist/3.27.0-GA/javassist-3.27.0-GA.jar:/home/tharaka/.m2/repository/org/powermock/powermock-api-mockito2/2.0.7/powermock-api-mockito2-2.0.7.jar:/home/tharaka/.m2/repository/org/powermock/powermock-api-support/2.0.7/powermock-api-support-2.0.7.jar:/home/tharaka/.m2/repository/commons-io/commons-io/2.6/commons-io-2.6.jar:/home/tharaka/.m2/repository/io/railflow/testrail-client/2.1/testrail-client-2.1.jar:/home/tharaka/.m2/repository/io/railflow/testrail-client/2.1/testrail-client-2.1-tests.jar:/home/tharaka/.m2/repository/javax/xml/bind/jaxb-api/2.3.0/jaxb-api-2.3.0.jar:/home/tharaka/.m2/repository/com/sun/xml/bind/jaxb-core/2.3.0/jaxb-core-2.3.0.jar:/home/tharaka/.m2/repository/com/sun/xml/bind/jaxb-impl/2.3.0/jaxb-impl-2.3.0.jar:/home/tharaka/.m2/repository/javax/activation/activation/1.1.1/activation-1.1.1.jar:/home/tharaka/.m2/repository/io/qameta/allure/allure-plugin-api/2.13.10/allure-plugin-api-2.13.10.jar:/home/tharaka/.m2/repository/org/apache/commons/commons-csv/1.8/commons-csv-1.8.jar:/home/tharaka/.m2/repository/org/apache/commons/commons-collections4/4.4/commons-collections4-4.4.jar:/home/tharaka/.m2/repository/ch/qos/logback/logback-classic/1.2.3/logback-classic-1.2.3.jar:/home/tharaka/.m2/repository/ch/qos/logback/logback-core/1.2.3/logback-core-1.2.3.jar:"/>
    
    <property name="sun.cpu.endian" value="little"/>
    
    <property name="user.home" value="/home/tharaka"/>
    
    <property name="user.language" value="en"/>
    
    <property name="java.specification.vendor" value="Oracle Corporation"/>
    
    <property name="java.home" value="/usr/lib/jvm/java-8-openjdk-amd64/jre"/>
    
    <property name="basedir" value="/home/tharaka/projects/agiletestware/teamcity_plugins/railflow-java"/>
    
    <property name="file.separator" value="/"/>
    
    <property name="line.separator" value="
"/>
    
    <property name="java.vm.specification.vendor" value="Oracle Corporation"/>
    
    <property name="java.specification.name" value="Java Platform API Specification"/>
    
    <property name="java.awt.graphicsenv" value="sun.awt.X11GraphicsEnvironment"/>
    
    <property name="surefire.real.class.path" value="/home/tharaka/projects/agiletestware/teamcity_plugins/railflow-java/target/surefire/surefirebooter5615321071138040699.jar:/home/tharaka/.m2/repository/org/jacoco/org.jacoco.agent/0.8.2/org.jacoco.agent-0.8.2-runtime.jar"/>
    
    <property name="sun.boot.class.path" value="/usr/lib/jvm/java-8-openjdk-amd64/jre/lib/resources.jar:/usr/lib/jvm/java-8-openjdk-amd64/jre/lib/rt.jar:/usr/lib/jvm/java-8-openjdk-amd64/jre/lib/sunrsasign.jar:/usr/lib/jvm/java-8-openjdk-amd64/jre/lib/jsse.jar:/usr/lib/jvm/java-8-openjdk-amd64/jre/lib/jce.jar:/usr/lib/jvm/java-8-openjdk-amd64/jre/lib/charsets.jar:/usr/lib/jvm/java-8-openjdk-amd64/jre/lib/jfr.jar:/usr/lib/jvm/java-8-openjdk-amd64/jre/classes"/>
    
    <property name="sun.management.compiler" value="HotSpot 64-Bit Tiered Compilers"/>
    
    <property name="java.runtime.version" value="1.8.0_312-8u312-b07-0ubuntu1~20.04-b07"/>
    
    <property name="user.name" value="tharaka"/>
    
    <property name="path.separator" value=":"/>
    
    <property name="os.version" value="5.13.0-28-generic"/>
    
    <property name="java.endorsed.dirs" value="/usr/lib/jvm/java-8-openjdk-amd64/jre/lib/endorsed"/>
    
    <property name="java.runtime.name" value="OpenJDK Runtime Environment"/>
    
    <property name="file.encoding" value="UTF-8"/>
    
    <property name="java.vm.name" value="OpenJDK 64-Bit Server VM"/>
    
    <property name="localRepository" value="/home/tharaka/.m2/repository"/>
    
    <property name="java.vendor.url.bug" value="http://bugreport.sun.com/bugreport/"/>
    
    <property name="java.io.tmpdir" value="/tmp"/>
    
    <property name="java.version" value="1.8.0_312"/>
    
    <property name="user.dir" value="/home/tharaka/projects/agiletestware/teamcity_plugins/railflow-java"/>
    
    <property name="os.arch" value="amd64"/>
    
    <property name="java.vm.specification.name" value="Java Virtual Machine Specification"/>
    
    <property name="java.awt.printerjob" value="sun.print.PSPrinterJob"/>
    
    <property name="sun.os.patch.level" value="unknown"/>
    
    <property name="java.library.path" value="/usr/java/packages/lib/amd64:/usr/lib/x86_64-linux-gnu/jni:/lib/x86_64-linux-gnu:/usr/lib/x86_64-linux-gnu:/usr/lib/jni:/lib:/usr/lib"/>
    
    <property name="java.vm.info" value="mixed mode"/>
    
    <property name="java.vendor" value="Private Build"/>
    
    <property name="java.vm.version" value="25.312-b07"/>
    
    <property name="java.ext.dirs" value="/usr/lib/jvm/java-8-openjdk-amd64/jre/lib/ext:/usr/java/packages/lib/ext"/>
    
    <property name="sun.io.unicode.encoding" value="UnicodeLittle"/>
    
    <property name="java.class.version" value="52.0"/>
    
  </properties>
  
  <testcase name="create_with_caseCreateParameters_smartFailureAssignment_customAssigneesProvider" classname="io.railflow.testreport.model.CaseCreateParametersFactoryTest" time="0.316"/>
  
  <testcase name="create_with_uploadParameters_required_fields_are_missing" classname="io.railflow.testreport.model.CaseCreateParametersFactoryTest" time="0.007"/>
  
  <testcase name="create_with_caseCreateParameters_smartFailureAssignment_emptyProvider" classname="io.railflow.testreport.model.CaseCreateParametersFactoryTest" time="0.021"/>
  
  <testcase name="create_with_caseCreateParameters_steps_fields_are_required" classname="io.railflow.testreport.model.CaseCreateParametersFactoryTest" time="0.027"/>
  
  <testcase name="create_with_caseCreateParameters_requiredCaseFieldsNotProvided_error" classname="io.railflow.testreport.model.CaseCreateParametersFactoryTest" time="0.046"/>
  
  <testcase name="create_with_uploadParameters_steps_fields_are_required" classname="io.railflow.testreport.model.CaseCreateParametersFactoryTest" time="0"/>
  
  <testcase name="create_with_caseCreateParameters" classname="io.railflow.testreport.model.CaseCreateParametersFactoryTest" time="0.142"/>
  
  <testcase name="create_with_caseCreateParameters_smartFailureAssignment_null_provider" classname="io.railflow.testreport.model.CaseCreateParametersFactoryTest" time="0.012"/>
  
  <testcase name="create_with_caseCreateParameters_smartFailureAssignment_nullAssignmentProvider" classname="io.railflow.testreport.model.CaseCreateParametersFactoryTest" time="0.024"/>
  
  <testcase name="create_with_uploadParameters" classname="io.railflow.testreport.model.CaseCreateParametersFactoryTest" time="0.014"/>
  
</testsuite>
<testsuite xmlns:xsi="http://www.w3.org/2001/XMLSchema-instance" xsi:noNamespaceSchemaLocation="https://maven.apache.org/surefire/maven-surefire-plugin/xsd/surefire-test-report.xsd" name="io.railflow.testreport.model.EmptySectionFilterTest" time="0.082" tests="3" errors="0" skipped="0" failures="0">
  
  <properties>
    
    <property name="sun.desktop" value="gnome"/>
    
    <property name="awt.toolkit" value="sun.awt.X11.XToolkit"/>
    
    <property name="file.encoding.pkg" value="sun.io"/>
    
    <property name="java.specification.version" value="1.8"/>
    
    <property name="sun.cpu.isalist" value=""/>
    
    <property name="sun.jnu.encoding" value="UTF-8"/>
    
    <property name="java.class.path" value="/home/tharaka/projects/agiletestware/teamcity_plugins/railflow-java/target/test-classes:/home/tharaka/projects/agiletestware/teamcity_plugins/railflow-java/target/classes:/home/tharaka/.m2/repository/io/railflow/license/1.0/license-1.0.jar:/home/tharaka/.m2/repository/io/railflow/commons/1.0/commons-1.0.jar:/home/tharaka/.m2/repository/org/apache/commons/commons-lang3/3.11/commons-lang3-3.11.jar:/home/tharaka/.m2/repository/org/apache/httpcomponents/httpclient/4.5.2/httpclient-4.5.2.jar:/home/tharaka/.m2/repository/org/apache/httpcomponents/httpcore/4.4.4/httpcore-4.4.4.jar:/home/tharaka/.m2/repository/commons-logging/commons-logging/1.2/commons-logging-1.2.jar:/home/tharaka/.m2/repository/org/apache/httpcomponents/httpmime/4.5.2/httpmime-4.5.2.jar:/home/tharaka/.m2/repository/org/slf4j/slf4j-api/1.7.25/slf4j-api-1.7.25.jar:/home/tharaka/.m2/repository/com/google/code/gson/gson/2.8.5/gson-2.8.5.jar:/home/tharaka/.m2/repository/commons-codec/commons-codec/1.15/commons-codec-1.15.jar:/home/tharaka/.m2/repository/javax/validation/validation-api/2.0.1.Final/validation-api-2.0.1.Final.jar:/home/tharaka/.m2/repository/com/fasterxml/jackson/core/jackson-databind/2.11.4/jackson-databind-2.11.4.jar:/home/tharaka/.m2/repository/com/fasterxml/jackson/core/jackson-annotations/2.11.4/jackson-annotations-2.11.4.jar:/home/tharaka/.m2/repository/com/fasterxml/jackson/core/jackson-core/2.11.4/jackson-core-2.11.4.jar:/home/tharaka/.m2/repository/com/google/guava/guava/30.1-jre/guava-30.1-jre.jar:/home/tharaka/.m2/repository/com/google/guava/failureaccess/1.0.1/failureaccess-1.0.1.jar:/home/tharaka/.m2/repository/com/google/guava/listenablefuture/9999.0-empty-to-avoid-conflict-with-guava/listenablefuture-9999.0-empty-to-avoid-conflict-with-guava.jar:/home/tharaka/.m2/repository/com/google/code/findbugs/jsr305/3.0.2/jsr305-3.0.2.jar:/home/tharaka/.m2/repository/org/checkerframework/checker-qual/3.5.0/checker-qual-3.5.0.jar:/home/tharaka/.m2/repository/com/google/errorprone/error_prone_annotations/2.3.4/error_prone_annotations-2.3.4.jar:/home/tharaka/.m2/repository/com/google/j2objc/j2objc-annotations/1.3/j2objc-annotations-1.3.jar:/home/tharaka/.m2/repository/org/apache/tika/tika-core/1.22/tika-core-1.22.jar:/home/tharaka/.m2/repository/junit/junit/4.12/junit-4.12.jar:/home/tharaka/.m2/repository/org/hamcrest/hamcrest-core/1.3/hamcrest-core-1.3.jar:/home/tharaka/.m2/repository/org/mockito/mockito-core/3.2.0/mockito-core-3.2.0.jar:/home/tharaka/.m2/repository/net/bytebuddy/byte-buddy/1.10.3/byte-buddy-1.10.3.jar:/home/tharaka/.m2/repository/net/bytebuddy/byte-buddy-agent/1.10.3/byte-buddy-agent-1.10.3.jar:/home/tharaka/.m2/repository/org/objenesis/objenesis/2.6/objenesis-2.6.jar:/home/tharaka/.m2/repository/org/powermock/powermock-module-junit4/2.0.7/powermock-module-junit4-2.0.7.jar:/home/tharaka/.m2/repository/org/powermock/powermock-module-junit4-common/2.0.7/powermock-module-junit4-common-2.0.7.jar:/home/tharaka/.m2/repository/org/powermock/powermock-reflect/2.0.7/powermock-reflect-2.0.7.jar:/home/tharaka/.m2/repository/org/powermock/powermock-core/2.0.7/powermock-core-2.0.7.jar:/home/tharaka/.m2/repository/org/javassist/javassist/3.27.0-GA/javassist-3.27.0-GA.jar:/home/tharaka/.m2/repository/org/powermock/powermock-api-mockito2/2.0.7/powermock-api-mockito2-2.0.7.jar:/home/tharaka/.m2/repository/org/powermock/powermock-api-support/2.0.7/powermock-api-support-2.0.7.jar:/home/tharaka/.m2/repository/commons-io/commons-io/2.6/commons-io-2.6.jar:/home/tharaka/.m2/repository/io/railflow/testrail-client/2.1/testrail-client-2.1.jar:/home/tharaka/.m2/repository/io/railflow/testrail-client/2.1/testrail-client-2.1-tests.jar:/home/tharaka/.m2/repository/javax/xml/bind/jaxb-api/2.3.0/jaxb-api-2.3.0.jar:/home/tharaka/.m2/repository/com/sun/xml/bind/jaxb-core/2.3.0/jaxb-core-2.3.0.jar:/home/tharaka/.m2/repository/com/sun/xml/bind/jaxb-impl/2.3.0/jaxb-impl-2.3.0.jar:/home/tharaka/.m2/repository/javax/activation/activation/1.1.1/activation-1.1.1.jar:/home/tharaka/.m2/repository/io/qameta/allure/allure-plugin-api/2.13.10/allure-plugin-api-2.13.10.jar:/home/tharaka/.m2/repository/org/apache/commons/commons-csv/1.8/commons-csv-1.8.jar:/home/tharaka/.m2/repository/org/apache/commons/commons-collections4/4.4/commons-collections4-4.4.jar:/home/tharaka/.m2/repository/ch/qos/logback/logback-classic/1.2.3/logback-classic-1.2.3.jar:/home/tharaka/.m2/repository/ch/qos/logback/logback-core/1.2.3/logback-core-1.2.3.jar:"/>
    
    <property name="java.vm.vendor" value="Private Build"/>
    
    <property name="sun.arch.data.model" value="64"/>
    
    <property name="java.vendor.url" value="http://java.oracle.com/"/>
    
    <property name="user.timezone" value=""/>
    
    <property name="java.vm.specification.version" value="1.8"/>
    
    <property name="os.name" value="Linux"/>
    
    <property name="user.country" value="US"/>
    
    <property name="sun.java.launcher" value="SUN_STANDARD"/>
    
    <property name="sun.boot.library.path" value="/usr/lib/jvm/java-8-openjdk-amd64/jre/lib/amd64"/>
    
    <property name="sun.java.command" value="/home/tharaka/projects/agiletestware/teamcity_plugins/railflow-java/target/surefire/surefirebooter5615321071138040699.jar /home/tharaka/projects/agiletestware/teamcity_plugins/railflow-java/target/surefire 2022-02-04T09-29-42_375-jvmRun1 surefire3251150644889157875tmp surefire_03548316204226868521tmp"/>
    
    <property name="surefire.test.class.path" value="/home/tharaka/projects/agiletestware/teamcity_plugins/railflow-java/target/test-classes:/home/tharaka/projects/agiletestware/teamcity_plugins/railflow-java/target/classes:/home/tharaka/.m2/repository/io/railflow/license/1.0/license-1.0.jar:/home/tharaka/.m2/repository/io/railflow/commons/1.0/commons-1.0.jar:/home/tharaka/.m2/repository/org/apache/commons/commons-lang3/3.11/commons-lang3-3.11.jar:/home/tharaka/.m2/repository/org/apache/httpcomponents/httpclient/4.5.2/httpclient-4.5.2.jar:/home/tharaka/.m2/repository/org/apache/httpcomponents/httpcore/4.4.4/httpcore-4.4.4.jar:/home/tharaka/.m2/repository/commons-logging/commons-logging/1.2/commons-logging-1.2.jar:/home/tharaka/.m2/repository/org/apache/httpcomponents/httpmime/4.5.2/httpmime-4.5.2.jar:/home/tharaka/.m2/repository/org/slf4j/slf4j-api/1.7.25/slf4j-api-1.7.25.jar:/home/tharaka/.m2/repository/com/google/code/gson/gson/2.8.5/gson-2.8.5.jar:/home/tharaka/.m2/repository/commons-codec/commons-codec/1.15/commons-codec-1.15.jar:/home/tharaka/.m2/repository/javax/validation/validation-api/2.0.1.Final/validation-api-2.0.1.Final.jar:/home/tharaka/.m2/repository/com/fasterxml/jackson/core/jackson-databind/2.11.4/jackson-databind-2.11.4.jar:/home/tharaka/.m2/repository/com/fasterxml/jackson/core/jackson-annotations/2.11.4/jackson-annotations-2.11.4.jar:/home/tharaka/.m2/repository/com/fasterxml/jackson/core/jackson-core/2.11.4/jackson-core-2.11.4.jar:/home/tharaka/.m2/repository/com/google/guava/guava/30.1-jre/guava-30.1-jre.jar:/home/tharaka/.m2/repository/com/google/guava/failureaccess/1.0.1/failureaccess-1.0.1.jar:/home/tharaka/.m2/repository/com/google/guava/listenablefuture/9999.0-empty-to-avoid-conflict-with-guava/listenablefuture-9999.0-empty-to-avoid-conflict-with-guava.jar:/home/tharaka/.m2/repository/com/google/code/findbugs/jsr305/3.0.2/jsr305-3.0.2.jar:/home/tharaka/.m2/repository/org/checkerframework/checker-qual/3.5.0/checker-qual-3.5.0.jar:/home/tharaka/.m2/repository/com/google/errorprone/error_prone_annotations/2.3.4/error_prone_annotations-2.3.4.jar:/home/tharaka/.m2/repository/com/google/j2objc/j2objc-annotations/1.3/j2objc-annotations-1.3.jar:/home/tharaka/.m2/repository/org/apache/tika/tika-core/1.22/tika-core-1.22.jar:/home/tharaka/.m2/repository/junit/junit/4.12/junit-4.12.jar:/home/tharaka/.m2/repository/org/hamcrest/hamcrest-core/1.3/hamcrest-core-1.3.jar:/home/tharaka/.m2/repository/org/mockito/mockito-core/3.2.0/mockito-core-3.2.0.jar:/home/tharaka/.m2/repository/net/bytebuddy/byte-buddy/1.10.3/byte-buddy-1.10.3.jar:/home/tharaka/.m2/repository/net/bytebuddy/byte-buddy-agent/1.10.3/byte-buddy-agent-1.10.3.jar:/home/tharaka/.m2/repository/org/objenesis/objenesis/2.6/objenesis-2.6.jar:/home/tharaka/.m2/repository/org/powermock/powermock-module-junit4/2.0.7/powermock-module-junit4-2.0.7.jar:/home/tharaka/.m2/repository/org/powermock/powermock-module-junit4-common/2.0.7/powermock-module-junit4-common-2.0.7.jar:/home/tharaka/.m2/repository/org/powermock/powermock-reflect/2.0.7/powermock-reflect-2.0.7.jar:/home/tharaka/.m2/repository/org/powermock/powermock-core/2.0.7/powermock-core-2.0.7.jar:/home/tharaka/.m2/repository/org/javassist/javassist/3.27.0-GA/javassist-3.27.0-GA.jar:/home/tharaka/.m2/repository/org/powermock/powermock-api-mockito2/2.0.7/powermock-api-mockito2-2.0.7.jar:/home/tharaka/.m2/repository/org/powermock/powermock-api-support/2.0.7/powermock-api-support-2.0.7.jar:/home/tharaka/.m2/repository/commons-io/commons-io/2.6/commons-io-2.6.jar:/home/tharaka/.m2/repository/io/railflow/testrail-client/2.1/testrail-client-2.1.jar:/home/tharaka/.m2/repository/io/railflow/testrail-client/2.1/testrail-client-2.1-tests.jar:/home/tharaka/.m2/repository/javax/xml/bind/jaxb-api/2.3.0/jaxb-api-2.3.0.jar:/home/tharaka/.m2/repository/com/sun/xml/bind/jaxb-core/2.3.0/jaxb-core-2.3.0.jar:/home/tharaka/.m2/repository/com/sun/xml/bind/jaxb-impl/2.3.0/jaxb-impl-2.3.0.jar:/home/tharaka/.m2/repository/javax/activation/activation/1.1.1/activation-1.1.1.jar:/home/tharaka/.m2/repository/io/qameta/allure/allure-plugin-api/2.13.10/allure-plugin-api-2.13.10.jar:/home/tharaka/.m2/repository/org/apache/commons/commons-csv/1.8/commons-csv-1.8.jar:/home/tharaka/.m2/repository/org/apache/commons/commons-collections4/4.4/commons-collections4-4.4.jar:/home/tharaka/.m2/repository/ch/qos/logback/logback-classic/1.2.3/logback-classic-1.2.3.jar:/home/tharaka/.m2/repository/ch/qos/logback/logback-core/1.2.3/logback-core-1.2.3.jar:"/>
    
    <property name="sun.cpu.endian" value="little"/>
    
    <property name="user.home" value="/home/tharaka"/>
    
    <property name="user.language" value="en"/>
    
    <property name="java.specification.vendor" value="Oracle Corporation"/>
    
    <property name="java.home" value="/usr/lib/jvm/java-8-openjdk-amd64/jre"/>
    
    <property name="basedir" value="/home/tharaka/projects/agiletestware/teamcity_plugins/railflow-java"/>
    
    <property name="file.separator" value="/"/>
    
    <property name="line.separator" value="
"/>
    
    <property name="java.vm.specification.vendor" value="Oracle Corporation"/>
    
    <property name="java.specification.name" value="Java Platform API Specification"/>
    
    <property name="java.awt.graphicsenv" value="sun.awt.X11GraphicsEnvironment"/>
    
    <property name="surefire.real.class.path" value="/home/tharaka/projects/agiletestware/teamcity_plugins/railflow-java/target/surefire/surefirebooter5615321071138040699.jar:/home/tharaka/.m2/repository/org/jacoco/org.jacoco.agent/0.8.2/org.jacoco.agent-0.8.2-runtime.jar"/>
    
    <property name="sun.boot.class.path" value="/usr/lib/jvm/java-8-openjdk-amd64/jre/lib/resources.jar:/usr/lib/jvm/java-8-openjdk-amd64/jre/lib/rt.jar:/usr/lib/jvm/java-8-openjdk-amd64/jre/lib/sunrsasign.jar:/usr/lib/jvm/java-8-openjdk-amd64/jre/lib/jsse.jar:/usr/lib/jvm/java-8-openjdk-amd64/jre/lib/jce.jar:/usr/lib/jvm/java-8-openjdk-amd64/jre/lib/charsets.jar:/usr/lib/jvm/java-8-openjdk-amd64/jre/lib/jfr.jar:/usr/lib/jvm/java-8-openjdk-amd64/jre/classes"/>
    
    <property name="sun.management.compiler" value="HotSpot 64-Bit Tiered Compilers"/>
    
    <property name="java.runtime.version" value="1.8.0_312-8u312-b07-0ubuntu1~20.04-b07"/>
    
    <property name="user.name" value="tharaka"/>
    
    <property name="path.separator" value=":"/>
    
    <property name="os.version" value="5.13.0-28-generic"/>
    
    <property name="java.endorsed.dirs" value="/usr/lib/jvm/java-8-openjdk-amd64/jre/lib/endorsed"/>
    
    <property name="java.runtime.name" value="OpenJDK Runtime Environment"/>
    
    <property name="file.encoding" value="UTF-8"/>
    
    <property name="java.vm.name" value="OpenJDK 64-Bit Server VM"/>
    
    <property name="localRepository" value="/home/tharaka/.m2/repository"/>
    
    <property name="java.vendor.url.bug" value="http://bugreport.sun.com/bugreport/"/>
    
    <property name="java.io.tmpdir" value="/tmp"/>
    
    <property name="java.version" value="1.8.0_312"/>
    
    <property name="user.dir" value="/home/tharaka/projects/agiletestware/teamcity_plugins/railflow-java"/>
    
    <property name="os.arch" value="amd64"/>
    
    <property name="java.vm.specification.name" value="Java Virtual Machine Specification"/>
    
    <property name="java.awt.printerjob" value="sun.print.PSPrinterJob"/>
    
    <property name="sun.os.patch.level" value="unknown"/>
    
    <property name="java.library.path" value="/usr/java/packages/lib/amd64:/usr/lib/x86_64-linux-gnu/jni:/lib/x86_64-linux-gnu:/usr/lib/x86_64-linux-gnu:/usr/lib/jni:/lib:/usr/lib"/>
    
    <property name="java.vm.info" value="mixed mode"/>
    
    <property name="java.vendor" value="Private Build"/>
    
    <property name="java.vm.version" value="25.312-b07"/>
    
    <property name="java.ext.dirs" value="/usr/lib/jvm/java-8-openjdk-amd64/jre/lib/ext:/usr/java/packages/lib/ext"/>
    
    <property name="sun.io.unicode.encoding" value="UnicodeLittle"/>
    
    <property name="java.class.version" value="52.0"/>
    
  </properties>
  
  <testcase name="filter_sections_with_part_empty_sections" classname="io.railflow.testreport.model.EmptySectionFilterTest" time="0.001"/>
  
  <testcase name="filter_sections_without_empty_section" classname="io.railflow.testreport.model.EmptySectionFilterTest" time="0.022"/>
  
  <testcase name="filter_sections_with_all_the_sections_are_empty" classname="io.railflow.testreport.model.EmptySectionFilterTest" time="0.004"/>
  
</testsuite>
<testsuite xmlns:xsi="http://www.w3.org/2001/XMLSchema-instance" xsi:noNamespaceSchemaLocation="https://maven.apache.org/surefire/maven-surefire-plugin/xsd/surefire-test-report.xsd" name="io.railflow.testreport.model.ModelCreatorsForMappedCasesTest" time="2.315" tests="6" errors="0" skipped="0" failures="0">
  
  <properties>
    
    <property name="sun.desktop" value="gnome"/>
    
    <property name="awt.toolkit" value="sun.awt.X11.XToolkit"/>
    
    <property name="file.encoding.pkg" value="sun.io"/>
    
    <property name="java.specification.version" value="1.8"/>
    
    <property name="sun.cpu.isalist" value=""/>
    
    <property name="sun.jnu.encoding" value="UTF-8"/>
    
    <property name="java.class.path" value="/home/tharaka/projects/agiletestware/teamcity_plugins/railflow-java/target/test-classes:/home/tharaka/projects/agiletestware/teamcity_plugins/railflow-java/target/classes:/home/tharaka/.m2/repository/io/railflow/license/1.0/license-1.0.jar:/home/tharaka/.m2/repository/io/railflow/commons/1.0/commons-1.0.jar:/home/tharaka/.m2/repository/org/apache/commons/commons-lang3/3.11/commons-lang3-3.11.jar:/home/tharaka/.m2/repository/org/apache/httpcomponents/httpclient/4.5.2/httpclient-4.5.2.jar:/home/tharaka/.m2/repository/org/apache/httpcomponents/httpcore/4.4.4/httpcore-4.4.4.jar:/home/tharaka/.m2/repository/commons-logging/commons-logging/1.2/commons-logging-1.2.jar:/home/tharaka/.m2/repository/org/apache/httpcomponents/httpmime/4.5.2/httpmime-4.5.2.jar:/home/tharaka/.m2/repository/org/slf4j/slf4j-api/1.7.25/slf4j-api-1.7.25.jar:/home/tharaka/.m2/repository/com/google/code/gson/gson/2.8.5/gson-2.8.5.jar:/home/tharaka/.m2/repository/commons-codec/commons-codec/1.15/commons-codec-1.15.jar:/home/tharaka/.m2/repository/javax/validation/validation-api/2.0.1.Final/validation-api-2.0.1.Final.jar:/home/tharaka/.m2/repository/com/fasterxml/jackson/core/jackson-databind/2.11.4/jackson-databind-2.11.4.jar:/home/tharaka/.m2/repository/com/fasterxml/jackson/core/jackson-annotations/2.11.4/jackson-annotations-2.11.4.jar:/home/tharaka/.m2/repository/com/fasterxml/jackson/core/jackson-core/2.11.4/jackson-core-2.11.4.jar:/home/tharaka/.m2/repository/com/google/guava/guava/30.1-jre/guava-30.1-jre.jar:/home/tharaka/.m2/repository/com/google/guava/failureaccess/1.0.1/failureaccess-1.0.1.jar:/home/tharaka/.m2/repository/com/google/guava/listenablefuture/9999.0-empty-to-avoid-conflict-with-guava/listenablefuture-9999.0-empty-to-avoid-conflict-with-guava.jar:/home/tharaka/.m2/repository/com/google/code/findbugs/jsr305/3.0.2/jsr305-3.0.2.jar:/home/tharaka/.m2/repository/org/checkerframework/checker-qual/3.5.0/checker-qual-3.5.0.jar:/home/tharaka/.m2/repository/com/google/errorprone/error_prone_annotations/2.3.4/error_prone_annotations-2.3.4.jar:/home/tharaka/.m2/repository/com/google/j2objc/j2objc-annotations/1.3/j2objc-annotations-1.3.jar:/home/tharaka/.m2/repository/org/apache/tika/tika-core/1.22/tika-core-1.22.jar:/home/tharaka/.m2/repository/junit/junit/4.12/junit-4.12.jar:/home/tharaka/.m2/repository/org/hamcrest/hamcrest-core/1.3/hamcrest-core-1.3.jar:/home/tharaka/.m2/repository/org/mockito/mockito-core/3.2.0/mockito-core-3.2.0.jar:/home/tharaka/.m2/repository/net/bytebuddy/byte-buddy/1.10.3/byte-buddy-1.10.3.jar:/home/tharaka/.m2/repository/net/bytebuddy/byte-buddy-agent/1.10.3/byte-buddy-agent-1.10.3.jar:/home/tharaka/.m2/repository/org/objenesis/objenesis/2.6/objenesis-2.6.jar:/home/tharaka/.m2/repository/org/powermock/powermock-module-junit4/2.0.7/powermock-module-junit4-2.0.7.jar:/home/tharaka/.m2/repository/org/powermock/powermock-module-junit4-common/2.0.7/powermock-module-junit4-common-2.0.7.jar:/home/tharaka/.m2/repository/org/powermock/powermock-reflect/2.0.7/powermock-reflect-2.0.7.jar:/home/tharaka/.m2/repository/org/powermock/powermock-core/2.0.7/powermock-core-2.0.7.jar:/home/tharaka/.m2/repository/org/javassist/javassist/3.27.0-GA/javassist-3.27.0-GA.jar:/home/tharaka/.m2/repository/org/powermock/powermock-api-mockito2/2.0.7/powermock-api-mockito2-2.0.7.jar:/home/tharaka/.m2/repository/org/powermock/powermock-api-support/2.0.7/powermock-api-support-2.0.7.jar:/home/tharaka/.m2/repository/commons-io/commons-io/2.6/commons-io-2.6.jar:/home/tharaka/.m2/repository/io/railflow/testrail-client/2.1/testrail-client-2.1.jar:/home/tharaka/.m2/repository/io/railflow/testrail-client/2.1/testrail-client-2.1-tests.jar:/home/tharaka/.m2/repository/javax/xml/bind/jaxb-api/2.3.0/jaxb-api-2.3.0.jar:/home/tharaka/.m2/repository/com/sun/xml/bind/jaxb-core/2.3.0/jaxb-core-2.3.0.jar:/home/tharaka/.m2/repository/com/sun/xml/bind/jaxb-impl/2.3.0/jaxb-impl-2.3.0.jar:/home/tharaka/.m2/repository/javax/activation/activation/1.1.1/activation-1.1.1.jar:/home/tharaka/.m2/repository/io/qameta/allure/allure-plugin-api/2.13.10/allure-plugin-api-2.13.10.jar:/home/tharaka/.m2/repository/org/apache/commons/commons-csv/1.8/commons-csv-1.8.jar:/home/tharaka/.m2/repository/org/apache/commons/commons-collections4/4.4/commons-collections4-4.4.jar:/home/tharaka/.m2/repository/ch/qos/logback/logback-classic/1.2.3/logback-classic-1.2.3.jar:/home/tharaka/.m2/repository/ch/qos/logback/logback-core/1.2.3/logback-core-1.2.3.jar:"/>
    
    <property name="java.vm.vendor" value="Private Build"/>
    
    <property name="sun.arch.data.model" value="64"/>
    
    <property name="java.vendor.url" value="http://java.oracle.com/"/>
    
    <property name="user.timezone" value=""/>
    
    <property name="java.vm.specification.version" value="1.8"/>
    
    <property name="os.name" value="Linux"/>
    
    <property name="user.country" value="US"/>
    
    <property name="sun.java.launcher" value="SUN_STANDARD"/>
    
    <property name="sun.boot.library.path" value="/usr/lib/jvm/java-8-openjdk-amd64/jre/lib/amd64"/>
    
    <property name="sun.java.command" value="/home/tharaka/projects/agiletestware/teamcity_plugins/railflow-java/target/surefire/surefirebooter5615321071138040699.jar /home/tharaka/projects/agiletestware/teamcity_plugins/railflow-java/target/surefire 2022-02-04T09-29-42_375-jvmRun1 surefire3251150644889157875tmp surefire_03548316204226868521tmp"/>
    
    <property name="surefire.test.class.path" value="/home/tharaka/projects/agiletestware/teamcity_plugins/railflow-java/target/test-classes:/home/tharaka/projects/agiletestware/teamcity_plugins/railflow-java/target/classes:/home/tharaka/.m2/repository/io/railflow/license/1.0/license-1.0.jar:/home/tharaka/.m2/repository/io/railflow/commons/1.0/commons-1.0.jar:/home/tharaka/.m2/repository/org/apache/commons/commons-lang3/3.11/commons-lang3-3.11.jar:/home/tharaka/.m2/repository/org/apache/httpcomponents/httpclient/4.5.2/httpclient-4.5.2.jar:/home/tharaka/.m2/repository/org/apache/httpcomponents/httpcore/4.4.4/httpcore-4.4.4.jar:/home/tharaka/.m2/repository/commons-logging/commons-logging/1.2/commons-logging-1.2.jar:/home/tharaka/.m2/repository/org/apache/httpcomponents/httpmime/4.5.2/httpmime-4.5.2.jar:/home/tharaka/.m2/repository/org/slf4j/slf4j-api/1.7.25/slf4j-api-1.7.25.jar:/home/tharaka/.m2/repository/com/google/code/gson/gson/2.8.5/gson-2.8.5.jar:/home/tharaka/.m2/repository/commons-codec/commons-codec/1.15/commons-codec-1.15.jar:/home/tharaka/.m2/repository/javax/validation/validation-api/2.0.1.Final/validation-api-2.0.1.Final.jar:/home/tharaka/.m2/repository/com/fasterxml/jackson/core/jackson-databind/2.11.4/jackson-databind-2.11.4.jar:/home/tharaka/.m2/repository/com/fasterxml/jackson/core/jackson-annotations/2.11.4/jackson-annotations-2.11.4.jar:/home/tharaka/.m2/repository/com/fasterxml/jackson/core/jackson-core/2.11.4/jackson-core-2.11.4.jar:/home/tharaka/.m2/repository/com/google/guava/guava/30.1-jre/guava-30.1-jre.jar:/home/tharaka/.m2/repository/com/google/guava/failureaccess/1.0.1/failureaccess-1.0.1.jar:/home/tharaka/.m2/repository/com/google/guava/listenablefuture/9999.0-empty-to-avoid-conflict-with-guava/listenablefuture-9999.0-empty-to-avoid-conflict-with-guava.jar:/home/tharaka/.m2/repository/com/google/code/findbugs/jsr305/3.0.2/jsr305-3.0.2.jar:/home/tharaka/.m2/repository/org/checkerframework/checker-qual/3.5.0/checker-qual-3.5.0.jar:/home/tharaka/.m2/repository/com/google/errorprone/error_prone_annotations/2.3.4/error_prone_annotations-2.3.4.jar:/home/tharaka/.m2/repository/com/google/j2objc/j2objc-annotations/1.3/j2objc-annotations-1.3.jar:/home/tharaka/.m2/repository/org/apache/tika/tika-core/1.22/tika-core-1.22.jar:/home/tharaka/.m2/repository/junit/junit/4.12/junit-4.12.jar:/home/tharaka/.m2/repository/org/hamcrest/hamcrest-core/1.3/hamcrest-core-1.3.jar:/home/tharaka/.m2/repository/org/mockito/mockito-core/3.2.0/mockito-core-3.2.0.jar:/home/tharaka/.m2/repository/net/bytebuddy/byte-buddy/1.10.3/byte-buddy-1.10.3.jar:/home/tharaka/.m2/repository/net/bytebuddy/byte-buddy-agent/1.10.3/byte-buddy-agent-1.10.3.jar:/home/tharaka/.m2/repository/org/objenesis/objenesis/2.6/objenesis-2.6.jar:/home/tharaka/.m2/repository/org/powermock/powermock-module-junit4/2.0.7/powermock-module-junit4-2.0.7.jar:/home/tharaka/.m2/repository/org/powermock/powermock-module-junit4-common/2.0.7/powermock-module-junit4-common-2.0.7.jar:/home/tharaka/.m2/repository/org/powermock/powermock-reflect/2.0.7/powermock-reflect-2.0.7.jar:/home/tharaka/.m2/repository/org/powermock/powermock-core/2.0.7/powermock-core-2.0.7.jar:/home/tharaka/.m2/repository/org/javassist/javassist/3.27.0-GA/javassist-3.27.0-GA.jar:/home/tharaka/.m2/repository/org/powermock/powermock-api-mockito2/2.0.7/powermock-api-mockito2-2.0.7.jar:/home/tharaka/.m2/repository/org/powermock/powermock-api-support/2.0.7/powermock-api-support-2.0.7.jar:/home/tharaka/.m2/repository/commons-io/commons-io/2.6/commons-io-2.6.jar:/home/tharaka/.m2/repository/io/railflow/testrail-client/2.1/testrail-client-2.1.jar:/home/tharaka/.m2/repository/io/railflow/testrail-client/2.1/testrail-client-2.1-tests.jar:/home/tharaka/.m2/repository/javax/xml/bind/jaxb-api/2.3.0/jaxb-api-2.3.0.jar:/home/tharaka/.m2/repository/com/sun/xml/bind/jaxb-core/2.3.0/jaxb-core-2.3.0.jar:/home/tharaka/.m2/repository/com/sun/xml/bind/jaxb-impl/2.3.0/jaxb-impl-2.3.0.jar:/home/tharaka/.m2/repository/javax/activation/activation/1.1.1/activation-1.1.1.jar:/home/tharaka/.m2/repository/io/qameta/allure/allure-plugin-api/2.13.10/allure-plugin-api-2.13.10.jar:/home/tharaka/.m2/repository/org/apache/commons/commons-csv/1.8/commons-csv-1.8.jar:/home/tharaka/.m2/repository/org/apache/commons/commons-collections4/4.4/commons-collections4-4.4.jar:/home/tharaka/.m2/repository/ch/qos/logback/logback-classic/1.2.3/logback-classic-1.2.3.jar:/home/tharaka/.m2/repository/ch/qos/logback/logback-core/1.2.3/logback-core-1.2.3.jar:"/>
    
    <property name="sun.cpu.endian" value="little"/>
    
    <property name="user.home" value="/home/tharaka"/>
    
    <property name="user.language" value="en"/>
    
    <property name="java.specification.vendor" value="Oracle Corporation"/>
    
    <property name="java.home" value="/usr/lib/jvm/java-8-openjdk-amd64/jre"/>
    
    <property name="basedir" value="/home/tharaka/projects/agiletestware/teamcity_plugins/railflow-java"/>
    
    <property name="file.separator" value="/"/>
    
    <property name="line.separator" value="
"/>
    
    <property name="java.vm.specification.vendor" value="Oracle Corporation"/>
    
    <property name="java.specification.name" value="Java Platform API Specification"/>
    
    <property name="java.awt.graphicsenv" value="sun.awt.X11GraphicsEnvironment"/>
    
    <property name="surefire.real.class.path" value="/home/tharaka/projects/agiletestware/teamcity_plugins/railflow-java/target/surefire/surefirebooter5615321071138040699.jar:/home/tharaka/.m2/repository/org/jacoco/org.jacoco.agent/0.8.2/org.jacoco.agent-0.8.2-runtime.jar"/>
    
    <property name="sun.boot.class.path" value="/usr/lib/jvm/java-8-openjdk-amd64/jre/lib/resources.jar:/usr/lib/jvm/java-8-openjdk-amd64/jre/lib/rt.jar:/usr/lib/jvm/java-8-openjdk-amd64/jre/lib/sunrsasign.jar:/usr/lib/jvm/java-8-openjdk-amd64/jre/lib/jsse.jar:/usr/lib/jvm/java-8-openjdk-amd64/jre/lib/jce.jar:/usr/lib/jvm/java-8-openjdk-amd64/jre/lib/charsets.jar:/usr/lib/jvm/java-8-openjdk-amd64/jre/lib/jfr.jar:/usr/lib/jvm/java-8-openjdk-amd64/jre/classes"/>
    
    <property name="sun.management.compiler" value="HotSpot 64-Bit Tiered Compilers"/>
    
    <property name="java.runtime.version" value="1.8.0_312-8u312-b07-0ubuntu1~20.04-b07"/>
    
    <property name="user.name" value="tharaka"/>
    
    <property name="path.separator" value=":"/>
    
    <property name="os.version" value="5.13.0-28-generic"/>
    
    <property name="java.endorsed.dirs" value="/usr/lib/jvm/java-8-openjdk-amd64/jre/lib/endorsed"/>
    
    <property name="java.runtime.name" value="OpenJDK Runtime Environment"/>
    
    <property name="file.encoding" value="UTF-8"/>
    
    <property name="java.vm.name" value="OpenJDK 64-Bit Server VM"/>
    
    <property name="localRepository" value="/home/tharaka/.m2/repository"/>
    
    <property name="java.vendor.url.bug" value="http://bugreport.sun.com/bugreport/"/>
    
    <property name="java.io.tmpdir" value="/tmp"/>
    
    <property name="java.version" value="1.8.0_312"/>
    
    <property name="user.dir" value="/home/tharaka/projects/agiletestware/teamcity_plugins/railflow-java"/>
    
    <property name="os.arch" value="amd64"/>
    
    <property name="java.vm.specification.name" value="Java Virtual Machine Specification"/>
    
    <property name="java.awt.printerjob" value="sun.print.PSPrinterJob"/>
    
    <property name="sun.os.patch.level" value="unknown"/>
    
    <property name="java.library.path" value="/usr/java/packages/lib/amd64:/usr/lib/x86_64-linux-gnu/jni:/lib/x86_64-linux-gnu:/usr/lib/x86_64-linux-gnu:/usr/lib/jni:/lib:/usr/lib"/>
    
    <property name="java.vm.info" value="mixed mode"/>
    
    <property name="java.vendor" value="Private Build"/>
    
    <property name="java.vm.version" value="25.312-b07"/>
    
    <property name="java.ext.dirs" value="/usr/lib/jvm/java-8-openjdk-amd64/jre/lib/ext:/usr/java/packages/lib/ext"/>
    
    <property name="sun.io.unicode.encoding" value="UnicodeLittle"/>
    
    <property name="java.class.version" value="52.0"/>
    
  </properties>
  
  <testcase name="testTrx" classname="io.railflow.testreport.model.ModelCreatorsForMappedCasesTest" time="1.806"/>
  
  <testcase name="testJUnit" classname="io.railflow.testreport.model.ModelCreatorsForMappedCasesTest" time="0.086"/>
  
  <testcase name="testNUnit" classname="io.railflow.testreport.model.ModelCreatorsForMappedCasesTest" time="0.156"/>
  
  <testcase name="testRobot" classname="io.railflow.testreport.model.ModelCreatorsForMappedCasesTest" time="0.058"/>
  
  <testcase name="testCucumber" classname="io.railflow.testreport.model.ModelCreatorsForMappedCasesTest" time="0.131"/>
  
  <testcase name="testTestNg" classname="io.railflow.testreport.model.ModelCreatorsForMappedCasesTest" time="0.075"/>
  
</testsuite>
<testsuite xmlns:xsi="http://www.w3.org/2001/XMLSchema-instance" xsi:noNamespaceSchemaLocation="https://maven.apache.org/surefire/maven-surefire-plugin/xsd/surefire-test-report.xsd" name="io.railflow.testreport.model.ModelFromReportFileCreatorTest" time="0.325" tests="8" errors="0" skipped="0" failures="0">
  
  <properties>
    
    <property name="sun.desktop" value="gnome"/>
    
    <property name="awt.toolkit" value="sun.awt.X11.XToolkit"/>
    
    <property name="file.encoding.pkg" value="sun.io"/>
    
    <property name="java.specification.version" value="1.8"/>
    
    <property name="sun.cpu.isalist" value=""/>
    
    <property name="sun.jnu.encoding" value="UTF-8"/>
    
    <property name="java.class.path" value="/home/tharaka/projects/agiletestware/teamcity_plugins/railflow-java/target/test-classes:/home/tharaka/projects/agiletestware/teamcity_plugins/railflow-java/target/classes:/home/tharaka/.m2/repository/io/railflow/license/1.0/license-1.0.jar:/home/tharaka/.m2/repository/io/railflow/commons/1.0/commons-1.0.jar:/home/tharaka/.m2/repository/org/apache/commons/commons-lang3/3.11/commons-lang3-3.11.jar:/home/tharaka/.m2/repository/org/apache/httpcomponents/httpclient/4.5.2/httpclient-4.5.2.jar:/home/tharaka/.m2/repository/org/apache/httpcomponents/httpcore/4.4.4/httpcore-4.4.4.jar:/home/tharaka/.m2/repository/commons-logging/commons-logging/1.2/commons-logging-1.2.jar:/home/tharaka/.m2/repository/org/apache/httpcomponents/httpmime/4.5.2/httpmime-4.5.2.jar:/home/tharaka/.m2/repository/org/slf4j/slf4j-api/1.7.25/slf4j-api-1.7.25.jar:/home/tharaka/.m2/repository/com/google/code/gson/gson/2.8.5/gson-2.8.5.jar:/home/tharaka/.m2/repository/commons-codec/commons-codec/1.15/commons-codec-1.15.jar:/home/tharaka/.m2/repository/javax/validation/validation-api/2.0.1.Final/validation-api-2.0.1.Final.jar:/home/tharaka/.m2/repository/com/fasterxml/jackson/core/jackson-databind/2.11.4/jackson-databind-2.11.4.jar:/home/tharaka/.m2/repository/com/fasterxml/jackson/core/jackson-annotations/2.11.4/jackson-annotations-2.11.4.jar:/home/tharaka/.m2/repository/com/fasterxml/jackson/core/jackson-core/2.11.4/jackson-core-2.11.4.jar:/home/tharaka/.m2/repository/com/google/guava/guava/30.1-jre/guava-30.1-jre.jar:/home/tharaka/.m2/repository/com/google/guava/failureaccess/1.0.1/failureaccess-1.0.1.jar:/home/tharaka/.m2/repository/com/google/guava/listenablefuture/9999.0-empty-to-avoid-conflict-with-guava/listenablefuture-9999.0-empty-to-avoid-conflict-with-guava.jar:/home/tharaka/.m2/repository/com/google/code/findbugs/jsr305/3.0.2/jsr305-3.0.2.jar:/home/tharaka/.m2/repository/org/checkerframework/checker-qual/3.5.0/checker-qual-3.5.0.jar:/home/tharaka/.m2/repository/com/google/errorprone/error_prone_annotations/2.3.4/error_prone_annotations-2.3.4.jar:/home/tharaka/.m2/repository/com/google/j2objc/j2objc-annotations/1.3/j2objc-annotations-1.3.jar:/home/tharaka/.m2/repository/org/apache/tika/tika-core/1.22/tika-core-1.22.jar:/home/tharaka/.m2/repository/junit/junit/4.12/junit-4.12.jar:/home/tharaka/.m2/repository/org/hamcrest/hamcrest-core/1.3/hamcrest-core-1.3.jar:/home/tharaka/.m2/repository/org/mockito/mockito-core/3.2.0/mockito-core-3.2.0.jar:/home/tharaka/.m2/repository/net/bytebuddy/byte-buddy/1.10.3/byte-buddy-1.10.3.jar:/home/tharaka/.m2/repository/net/bytebuddy/byte-buddy-agent/1.10.3/byte-buddy-agent-1.10.3.jar:/home/tharaka/.m2/repository/org/objenesis/objenesis/2.6/objenesis-2.6.jar:/home/tharaka/.m2/repository/org/powermock/powermock-module-junit4/2.0.7/powermock-module-junit4-2.0.7.jar:/home/tharaka/.m2/repository/org/powermock/powermock-module-junit4-common/2.0.7/powermock-module-junit4-common-2.0.7.jar:/home/tharaka/.m2/repository/org/powermock/powermock-reflect/2.0.7/powermock-reflect-2.0.7.jar:/home/tharaka/.m2/repository/org/powermock/powermock-core/2.0.7/powermock-core-2.0.7.jar:/home/tharaka/.m2/repository/org/javassist/javassist/3.27.0-GA/javassist-3.27.0-GA.jar:/home/tharaka/.m2/repository/org/powermock/powermock-api-mockito2/2.0.7/powermock-api-mockito2-2.0.7.jar:/home/tharaka/.m2/repository/org/powermock/powermock-api-support/2.0.7/powermock-api-support-2.0.7.jar:/home/tharaka/.m2/repository/commons-io/commons-io/2.6/commons-io-2.6.jar:/home/tharaka/.m2/repository/io/railflow/testrail-client/2.1/testrail-client-2.1.jar:/home/tharaka/.m2/repository/io/railflow/testrail-client/2.1/testrail-client-2.1-tests.jar:/home/tharaka/.m2/repository/javax/xml/bind/jaxb-api/2.3.0/jaxb-api-2.3.0.jar:/home/tharaka/.m2/repository/com/sun/xml/bind/jaxb-core/2.3.0/jaxb-core-2.3.0.jar:/home/tharaka/.m2/repository/com/sun/xml/bind/jaxb-impl/2.3.0/jaxb-impl-2.3.0.jar:/home/tharaka/.m2/repository/javax/activation/activation/1.1.1/activation-1.1.1.jar:/home/tharaka/.m2/repository/io/qameta/allure/allure-plugin-api/2.13.10/allure-plugin-api-2.13.10.jar:/home/tharaka/.m2/repository/org/apache/commons/commons-csv/1.8/commons-csv-1.8.jar:/home/tharaka/.m2/repository/org/apache/commons/commons-collections4/4.4/commons-collections4-4.4.jar:/home/tharaka/.m2/repository/ch/qos/logback/logback-classic/1.2.3/logback-classic-1.2.3.jar:/home/tharaka/.m2/repository/ch/qos/logback/logback-core/1.2.3/logback-core-1.2.3.jar:"/>
    
    <property name="java.vm.vendor" value="Private Build"/>
    
    <property name="sun.arch.data.model" value="64"/>
    
    <property name="java.vendor.url" value="http://java.oracle.com/"/>
    
    <property name="user.timezone" value=""/>
    
    <property name="java.vm.specification.version" value="1.8"/>
    
    <property name="os.name" value="Linux"/>
    
    <property name="user.country" value="US"/>
    
    <property name="sun.java.launcher" value="SUN_STANDARD"/>
    
    <property name="sun.boot.library.path" value="/usr/lib/jvm/java-8-openjdk-amd64/jre/lib/amd64"/>
    
    <property name="sun.java.command" value="/home/tharaka/projects/agiletestware/teamcity_plugins/railflow-java/target/surefire/surefirebooter5615321071138040699.jar /home/tharaka/projects/agiletestware/teamcity_plugins/railflow-java/target/surefire 2022-02-04T09-29-42_375-jvmRun1 surefire3251150644889157875tmp surefire_03548316204226868521tmp"/>
    
    <property name="surefire.test.class.path" value="/home/tharaka/projects/agiletestware/teamcity_plugins/railflow-java/target/test-classes:/home/tharaka/projects/agiletestware/teamcity_plugins/railflow-java/target/classes:/home/tharaka/.m2/repository/io/railflow/license/1.0/license-1.0.jar:/home/tharaka/.m2/repository/io/railflow/commons/1.0/commons-1.0.jar:/home/tharaka/.m2/repository/org/apache/commons/commons-lang3/3.11/commons-lang3-3.11.jar:/home/tharaka/.m2/repository/org/apache/httpcomponents/httpclient/4.5.2/httpclient-4.5.2.jar:/home/tharaka/.m2/repository/org/apache/httpcomponents/httpcore/4.4.4/httpcore-4.4.4.jar:/home/tharaka/.m2/repository/commons-logging/commons-logging/1.2/commons-logging-1.2.jar:/home/tharaka/.m2/repository/org/apache/httpcomponents/httpmime/4.5.2/httpmime-4.5.2.jar:/home/tharaka/.m2/repository/org/slf4j/slf4j-api/1.7.25/slf4j-api-1.7.25.jar:/home/tharaka/.m2/repository/com/google/code/gson/gson/2.8.5/gson-2.8.5.jar:/home/tharaka/.m2/repository/commons-codec/commons-codec/1.15/commons-codec-1.15.jar:/home/tharaka/.m2/repository/javax/validation/validation-api/2.0.1.Final/validation-api-2.0.1.Final.jar:/home/tharaka/.m2/repository/com/fasterxml/jackson/core/jackson-databind/2.11.4/jackson-databind-2.11.4.jar:/home/tharaka/.m2/repository/com/fasterxml/jackson/core/jackson-annotations/2.11.4/jackson-annotations-2.11.4.jar:/home/tharaka/.m2/repository/com/fasterxml/jackson/core/jackson-core/2.11.4/jackson-core-2.11.4.jar:/home/tharaka/.m2/repository/com/google/guava/guava/30.1-jre/guava-30.1-jre.jar:/home/tharaka/.m2/repository/com/google/guava/failureaccess/1.0.1/failureaccess-1.0.1.jar:/home/tharaka/.m2/repository/com/google/guava/listenablefuture/9999.0-empty-to-avoid-conflict-with-guava/listenablefuture-9999.0-empty-to-avoid-conflict-with-guava.jar:/home/tharaka/.m2/repository/com/google/code/findbugs/jsr305/3.0.2/jsr305-3.0.2.jar:/home/tharaka/.m2/repository/org/checkerframework/checker-qual/3.5.0/checker-qual-3.5.0.jar:/home/tharaka/.m2/repository/com/google/errorprone/error_prone_annotations/2.3.4/error_prone_annotations-2.3.4.jar:/home/tharaka/.m2/repository/com/google/j2objc/j2objc-annotations/1.3/j2objc-annotations-1.3.jar:/home/tharaka/.m2/repository/org/apache/tika/tika-core/1.22/tika-core-1.22.jar:/home/tharaka/.m2/repository/junit/junit/4.12/junit-4.12.jar:/home/tharaka/.m2/repository/org/hamcrest/hamcrest-core/1.3/hamcrest-core-1.3.jar:/home/tharaka/.m2/repository/org/mockito/mockito-core/3.2.0/mockito-core-3.2.0.jar:/home/tharaka/.m2/repository/net/bytebuddy/byte-buddy/1.10.3/byte-buddy-1.10.3.jar:/home/tharaka/.m2/repository/net/bytebuddy/byte-buddy-agent/1.10.3/byte-buddy-agent-1.10.3.jar:/home/tharaka/.m2/repository/org/objenesis/objenesis/2.6/objenesis-2.6.jar:/home/tharaka/.m2/repository/org/powermock/powermock-module-junit4/2.0.7/powermock-module-junit4-2.0.7.jar:/home/tharaka/.m2/repository/org/powermock/powermock-module-junit4-common/2.0.7/powermock-module-junit4-common-2.0.7.jar:/home/tharaka/.m2/repository/org/powermock/powermock-reflect/2.0.7/powermock-reflect-2.0.7.jar:/home/tharaka/.m2/repository/org/powermock/powermock-core/2.0.7/powermock-core-2.0.7.jar:/home/tharaka/.m2/repository/org/javassist/javassist/3.27.0-GA/javassist-3.27.0-GA.jar:/home/tharaka/.m2/repository/org/powermock/powermock-api-mockito2/2.0.7/powermock-api-mockito2-2.0.7.jar:/home/tharaka/.m2/repository/org/powermock/powermock-api-support/2.0.7/powermock-api-support-2.0.7.jar:/home/tharaka/.m2/repository/commons-io/commons-io/2.6/commons-io-2.6.jar:/home/tharaka/.m2/repository/io/railflow/testrail-client/2.1/testrail-client-2.1.jar:/home/tharaka/.m2/repository/io/railflow/testrail-client/2.1/testrail-client-2.1-tests.jar:/home/tharaka/.m2/repository/javax/xml/bind/jaxb-api/2.3.0/jaxb-api-2.3.0.jar:/home/tharaka/.m2/repository/com/sun/xml/bind/jaxb-core/2.3.0/jaxb-core-2.3.0.jar:/home/tharaka/.m2/repository/com/sun/xml/bind/jaxb-impl/2.3.0/jaxb-impl-2.3.0.jar:/home/tharaka/.m2/repository/javax/activation/activation/1.1.1/activation-1.1.1.jar:/home/tharaka/.m2/repository/io/qameta/allure/allure-plugin-api/2.13.10/allure-plugin-api-2.13.10.jar:/home/tharaka/.m2/repository/org/apache/commons/commons-csv/1.8/commons-csv-1.8.jar:/home/tharaka/.m2/repository/org/apache/commons/commons-collections4/4.4/commons-collections4-4.4.jar:/home/tharaka/.m2/repository/ch/qos/logback/logback-classic/1.2.3/logback-classic-1.2.3.jar:/home/tharaka/.m2/repository/ch/qos/logback/logback-core/1.2.3/logback-core-1.2.3.jar:"/>
    
    <property name="sun.cpu.endian" value="little"/>
    
    <property name="user.home" value="/home/tharaka"/>
    
    <property name="user.language" value="en"/>
    
    <property name="java.specification.vendor" value="Oracle Corporation"/>
    
    <property name="java.home" value="/usr/lib/jvm/java-8-openjdk-amd64/jre"/>
    
    <property name="basedir" value="/home/tharaka/projects/agiletestware/teamcity_plugins/railflow-java"/>
    
    <property name="file.separator" value="/"/>
    
    <property name="line.separator" value="
"/>
    
    <property name="java.vm.specification.vendor" value="Oracle Corporation"/>
    
    <property name="java.specification.name" value="Java Platform API Specification"/>
    
    <property name="java.awt.graphicsenv" value="sun.awt.X11GraphicsEnvironment"/>
    
    <property name="surefire.real.class.path" value="/home/tharaka/projects/agiletestware/teamcity_plugins/railflow-java/target/surefire/surefirebooter5615321071138040699.jar:/home/tharaka/.m2/repository/org/jacoco/org.jacoco.agent/0.8.2/org.jacoco.agent-0.8.2-runtime.jar"/>
    
    <property name="sun.boot.class.path" value="/usr/lib/jvm/java-8-openjdk-amd64/jre/lib/resources.jar:/usr/lib/jvm/java-8-openjdk-amd64/jre/lib/rt.jar:/usr/lib/jvm/java-8-openjdk-amd64/jre/lib/sunrsasign.jar:/usr/lib/jvm/java-8-openjdk-amd64/jre/lib/jsse.jar:/usr/lib/jvm/java-8-openjdk-amd64/jre/lib/jce.jar:/usr/lib/jvm/java-8-openjdk-amd64/jre/lib/charsets.jar:/usr/lib/jvm/java-8-openjdk-amd64/jre/lib/jfr.jar:/usr/lib/jvm/java-8-openjdk-amd64/jre/classes"/>
    
    <property name="sun.management.compiler" value="HotSpot 64-Bit Tiered Compilers"/>
    
    <property name="java.runtime.version" value="1.8.0_312-8u312-b07-0ubuntu1~20.04-b07"/>
    
    <property name="user.name" value="tharaka"/>
    
    <property name="path.separator" value=":"/>
    
    <property name="os.version" value="5.13.0-28-generic"/>
    
    <property name="java.endorsed.dirs" value="/usr/lib/jvm/java-8-openjdk-amd64/jre/lib/endorsed"/>
    
    <property name="java.runtime.name" value="OpenJDK Runtime Environment"/>
    
    <property name="file.encoding" value="UTF-8"/>
    
    <property name="java.vm.name" value="OpenJDK 64-Bit Server VM"/>
    
    <property name="localRepository" value="/home/tharaka/.m2/repository"/>
    
    <property name="java.vendor.url.bug" value="http://bugreport.sun.com/bugreport/"/>
    
    <property name="java.io.tmpdir" value="/tmp"/>
    
    <property name="java.version" value="1.8.0_312"/>
    
    <property name="user.dir" value="/home/tharaka/projects/agiletestware/teamcity_plugins/railflow-java"/>
    
    <property name="os.arch" value="amd64"/>
    
    <property name="java.vm.specification.name" value="Java Virtual Machine Specification"/>
    
    <property name="java.awt.printerjob" value="sun.print.PSPrinterJob"/>
    
    <property name="sun.os.patch.level" value="unknown"/>
    
    <property name="java.library.path" value="/usr/java/packages/lib/amd64:/usr/lib/x86_64-linux-gnu/jni:/lib/x86_64-linux-gnu:/usr/lib/x86_64-linux-gnu:/usr/lib/jni:/lib:/usr/lib"/>
    
    <property name="java.vm.info" value="mixed mode"/>
    
    <property name="java.vendor" value="Private Build"/>
    
    <property name="java.vm.version" value="25.312-b07"/>
    
    <property name="java.ext.dirs" value="/usr/lib/jvm/java-8-openjdk-amd64/jre/lib/ext:/usr/java/packages/lib/ext"/>
    
    <property name="sun.io.unicode.encoding" value="UnicodeLittle"/>
    
    <property name="java.class.version" value="52.0"/>
    
  </properties>
  
  <testcase name="testOnlyRootCases" classname="io.railflow.testreport.model.ModelFromReportFileCreatorTest" time="0.211"/>
  
  <testcase name="testSuiteWithAllMappedCases" classname="io.railflow.testreport.model.ModelFromReportFileCreatorTest" time="0.023"/>
  
  <testcase name="testDisableGrouping_noSection_error" classname="io.railflow.testreport.model.ModelFromReportFileCreatorTest" time="0.004"/>
  
  <testcase name="testDisableGrouping_rootCases" classname="io.railflow.testreport.model.ModelFromReportFileCreatorTest" time="0.009"/>
  
  <testcase name="testRegularCasesAndMappedCases" classname="io.railflow.testreport.model.ModelFromReportFileCreatorTest" time="0.012"/>
  
  <testcase name="testDisableGrouping" classname="io.railflow.testreport.model.ModelFromReportFileCreatorTest" time="0.01"/>
  
  <testcase name="testNoMappedCases" classname="io.railflow.testreport.model.ModelFromReportFileCreatorTest" time="0.012"/>
  
  <testcase name="testOnlyRootCases_noSection" classname="io.railflow.testreport.model.ModelFromReportFileCreatorTest" time="0.017"/>
  
</testsuite>
<testsuite xmlns:xsi="http://www.w3.org/2001/XMLSchema-instance" xsi:noNamespaceSchemaLocation="https://maven.apache.org/surefire/maven-surefire-plugin/xsd/surefire-test-report.xsd" name="io.railflow.testreport.model.railflow.RailflowValuesGetterTest" time="0.092" tests="22" errors="0" skipped="0" failures="0">
  
  <properties>
    
    <property name="sun.desktop" value="gnome"/>
    
    <property name="awt.toolkit" value="sun.awt.X11.XToolkit"/>
    
    <property name="file.encoding.pkg" value="sun.io"/>
    
    <property name="java.specification.version" value="1.8"/>
    
    <property name="sun.cpu.isalist" value=""/>
    
    <property name="sun.jnu.encoding" value="UTF-8"/>
    
    <property name="java.class.path" value="/home/tharaka/projects/agiletestware/teamcity_plugins/railflow-java/target/test-classes:/home/tharaka/projects/agiletestware/teamcity_plugins/railflow-java/target/classes:/home/tharaka/.m2/repository/io/railflow/license/1.0/license-1.0.jar:/home/tharaka/.m2/repository/io/railflow/commons/1.0/commons-1.0.jar:/home/tharaka/.m2/repository/org/apache/commons/commons-lang3/3.11/commons-lang3-3.11.jar:/home/tharaka/.m2/repository/org/apache/httpcomponents/httpclient/4.5.2/httpclient-4.5.2.jar:/home/tharaka/.m2/repository/org/apache/httpcomponents/httpcore/4.4.4/httpcore-4.4.4.jar:/home/tharaka/.m2/repository/commons-logging/commons-logging/1.2/commons-logging-1.2.jar:/home/tharaka/.m2/repository/org/apache/httpcomponents/httpmime/4.5.2/httpmime-4.5.2.jar:/home/tharaka/.m2/repository/org/slf4j/slf4j-api/1.7.25/slf4j-api-1.7.25.jar:/home/tharaka/.m2/repository/com/google/code/gson/gson/2.8.5/gson-2.8.5.jar:/home/tharaka/.m2/repository/commons-codec/commons-codec/1.15/commons-codec-1.15.jar:/home/tharaka/.m2/repository/javax/validation/validation-api/2.0.1.Final/validation-api-2.0.1.Final.jar:/home/tharaka/.m2/repository/com/fasterxml/jackson/core/jackson-databind/2.11.4/jackson-databind-2.11.4.jar:/home/tharaka/.m2/repository/com/fasterxml/jackson/core/jackson-annotations/2.11.4/jackson-annotations-2.11.4.jar:/home/tharaka/.m2/repository/com/fasterxml/jackson/core/jackson-core/2.11.4/jackson-core-2.11.4.jar:/home/tharaka/.m2/repository/com/google/guava/guava/30.1-jre/guava-30.1-jre.jar:/home/tharaka/.m2/repository/com/google/guava/failureaccess/1.0.1/failureaccess-1.0.1.jar:/home/tharaka/.m2/repository/com/google/guava/listenablefuture/9999.0-empty-to-avoid-conflict-with-guava/listenablefuture-9999.0-empty-to-avoid-conflict-with-guava.jar:/home/tharaka/.m2/repository/com/google/code/findbugs/jsr305/3.0.2/jsr305-3.0.2.jar:/home/tharaka/.m2/repository/org/checkerframework/checker-qual/3.5.0/checker-qual-3.5.0.jar:/home/tharaka/.m2/repository/com/google/errorprone/error_prone_annotations/2.3.4/error_prone_annotations-2.3.4.jar:/home/tharaka/.m2/repository/com/google/j2objc/j2objc-annotations/1.3/j2objc-annotations-1.3.jar:/home/tharaka/.m2/repository/org/apache/tika/tika-core/1.22/tika-core-1.22.jar:/home/tharaka/.m2/repository/junit/junit/4.12/junit-4.12.jar:/home/tharaka/.m2/repository/org/hamcrest/hamcrest-core/1.3/hamcrest-core-1.3.jar:/home/tharaka/.m2/repository/org/mockito/mockito-core/3.2.0/mockito-core-3.2.0.jar:/home/tharaka/.m2/repository/net/bytebuddy/byte-buddy/1.10.3/byte-buddy-1.10.3.jar:/home/tharaka/.m2/repository/net/bytebuddy/byte-buddy-agent/1.10.3/byte-buddy-agent-1.10.3.jar:/home/tharaka/.m2/repository/org/objenesis/objenesis/2.6/objenesis-2.6.jar:/home/tharaka/.m2/repository/org/powermock/powermock-module-junit4/2.0.7/powermock-module-junit4-2.0.7.jar:/home/tharaka/.m2/repository/org/powermock/powermock-module-junit4-common/2.0.7/powermock-module-junit4-common-2.0.7.jar:/home/tharaka/.m2/repository/org/powermock/powermock-reflect/2.0.7/powermock-reflect-2.0.7.jar:/home/tharaka/.m2/repository/org/powermock/powermock-core/2.0.7/powermock-core-2.0.7.jar:/home/tharaka/.m2/repository/org/javassist/javassist/3.27.0-GA/javassist-3.27.0-GA.jar:/home/tharaka/.m2/repository/org/powermock/powermock-api-mockito2/2.0.7/powermock-api-mockito2-2.0.7.jar:/home/tharaka/.m2/repository/org/powermock/powermock-api-support/2.0.7/powermock-api-support-2.0.7.jar:/home/tharaka/.m2/repository/commons-io/commons-io/2.6/commons-io-2.6.jar:/home/tharaka/.m2/repository/io/railflow/testrail-client/2.1/testrail-client-2.1.jar:/home/tharaka/.m2/repository/io/railflow/testrail-client/2.1/testrail-client-2.1-tests.jar:/home/tharaka/.m2/repository/javax/xml/bind/jaxb-api/2.3.0/jaxb-api-2.3.0.jar:/home/tharaka/.m2/repository/com/sun/xml/bind/jaxb-core/2.3.0/jaxb-core-2.3.0.jar:/home/tharaka/.m2/repository/com/sun/xml/bind/jaxb-impl/2.3.0/jaxb-impl-2.3.0.jar:/home/tharaka/.m2/repository/javax/activation/activation/1.1.1/activation-1.1.1.jar:/home/tharaka/.m2/repository/io/qameta/allure/allure-plugin-api/2.13.10/allure-plugin-api-2.13.10.jar:/home/tharaka/.m2/repository/org/apache/commons/commons-csv/1.8/commons-csv-1.8.jar:/home/tharaka/.m2/repository/org/apache/commons/commons-collections4/4.4/commons-collections4-4.4.jar:/home/tharaka/.m2/repository/ch/qos/logback/logback-classic/1.2.3/logback-classic-1.2.3.jar:/home/tharaka/.m2/repository/ch/qos/logback/logback-core/1.2.3/logback-core-1.2.3.jar:"/>
    
    <property name="java.vm.vendor" value="Private Build"/>
    
    <property name="sun.arch.data.model" value="64"/>
    
    <property name="java.vendor.url" value="http://java.oracle.com/"/>
    
    <property name="user.timezone" value=""/>
    
    <property name="java.vm.specification.version" value="1.8"/>
    
    <property name="os.name" value="Linux"/>
    
    <property name="user.country" value="US"/>
    
    <property name="sun.java.launcher" value="SUN_STANDARD"/>
    
    <property name="sun.boot.library.path" value="/usr/lib/jvm/java-8-openjdk-amd64/jre/lib/amd64"/>
    
    <property name="sun.java.command" value="/home/tharaka/projects/agiletestware/teamcity_plugins/railflow-java/target/surefire/surefirebooter5615321071138040699.jar /home/tharaka/projects/agiletestware/teamcity_plugins/railflow-java/target/surefire 2022-02-04T09-29-42_375-jvmRun1 surefire3251150644889157875tmp surefire_03548316204226868521tmp"/>
    
    <property name="surefire.test.class.path" value="/home/tharaka/projects/agiletestware/teamcity_plugins/railflow-java/target/test-classes:/home/tharaka/projects/agiletestware/teamcity_plugins/railflow-java/target/classes:/home/tharaka/.m2/repository/io/railflow/license/1.0/license-1.0.jar:/home/tharaka/.m2/repository/io/railflow/commons/1.0/commons-1.0.jar:/home/tharaka/.m2/repository/org/apache/commons/commons-lang3/3.11/commons-lang3-3.11.jar:/home/tharaka/.m2/repository/org/apache/httpcomponents/httpclient/4.5.2/httpclient-4.5.2.jar:/home/tharaka/.m2/repository/org/apache/httpcomponents/httpcore/4.4.4/httpcore-4.4.4.jar:/home/tharaka/.m2/repository/commons-logging/commons-logging/1.2/commons-logging-1.2.jar:/home/tharaka/.m2/repository/org/apache/httpcomponents/httpmime/4.5.2/httpmime-4.5.2.jar:/home/tharaka/.m2/repository/org/slf4j/slf4j-api/1.7.25/slf4j-api-1.7.25.jar:/home/tharaka/.m2/repository/com/google/code/gson/gson/2.8.5/gson-2.8.5.jar:/home/tharaka/.m2/repository/commons-codec/commons-codec/1.15/commons-codec-1.15.jar:/home/tharaka/.m2/repository/javax/validation/validation-api/2.0.1.Final/validation-api-2.0.1.Final.jar:/home/tharaka/.m2/repository/com/fasterxml/jackson/core/jackson-databind/2.11.4/jackson-databind-2.11.4.jar:/home/tharaka/.m2/repository/com/fasterxml/jackson/core/jackson-annotations/2.11.4/jackson-annotations-2.11.4.jar:/home/tharaka/.m2/repository/com/fasterxml/jackson/core/jackson-core/2.11.4/jackson-core-2.11.4.jar:/home/tharaka/.m2/repository/com/google/guava/guava/30.1-jre/guava-30.1-jre.jar:/home/tharaka/.m2/repository/com/google/guava/failureaccess/1.0.1/failureaccess-1.0.1.jar:/home/tharaka/.m2/repository/com/google/guava/listenablefuture/9999.0-empty-to-avoid-conflict-with-guava/listenablefuture-9999.0-empty-to-avoid-conflict-with-guava.jar:/home/tharaka/.m2/repository/com/google/code/findbugs/jsr305/3.0.2/jsr305-3.0.2.jar:/home/tharaka/.m2/repository/org/checkerframework/checker-qual/3.5.0/checker-qual-3.5.0.jar:/home/tharaka/.m2/repository/com/google/errorprone/error_prone_annotations/2.3.4/error_prone_annotations-2.3.4.jar:/home/tharaka/.m2/repository/com/google/j2objc/j2objc-annotations/1.3/j2objc-annotations-1.3.jar:/home/tharaka/.m2/repository/org/apache/tika/tika-core/1.22/tika-core-1.22.jar:/home/tharaka/.m2/repository/junit/junit/4.12/junit-4.12.jar:/home/tharaka/.m2/repository/org/hamcrest/hamcrest-core/1.3/hamcrest-core-1.3.jar:/home/tharaka/.m2/repository/org/mockito/mockito-core/3.2.0/mockito-core-3.2.0.jar:/home/tharaka/.m2/repository/net/bytebuddy/byte-buddy/1.10.3/byte-buddy-1.10.3.jar:/home/tharaka/.m2/repository/net/bytebuddy/byte-buddy-agent/1.10.3/byte-buddy-agent-1.10.3.jar:/home/tharaka/.m2/repository/org/objenesis/objenesis/2.6/objenesis-2.6.jar:/home/tharaka/.m2/repository/org/powermock/powermock-module-junit4/2.0.7/powermock-module-junit4-2.0.7.jar:/home/tharaka/.m2/repository/org/powermock/powermock-module-junit4-common/2.0.7/powermock-module-junit4-common-2.0.7.jar:/home/tharaka/.m2/repository/org/powermock/powermock-reflect/2.0.7/powermock-reflect-2.0.7.jar:/home/tharaka/.m2/repository/org/powermock/powermock-core/2.0.7/powermock-core-2.0.7.jar:/home/tharaka/.m2/repository/org/javassist/javassist/3.27.0-GA/javassist-3.27.0-GA.jar:/home/tharaka/.m2/repository/org/powermock/powermock-api-mockito2/2.0.7/powermock-api-mockito2-2.0.7.jar:/home/tharaka/.m2/repository/org/powermock/powermock-api-support/2.0.7/powermock-api-support-2.0.7.jar:/home/tharaka/.m2/repository/commons-io/commons-io/2.6/commons-io-2.6.jar:/home/tharaka/.m2/repository/io/railflow/testrail-client/2.1/testrail-client-2.1.jar:/home/tharaka/.m2/repository/io/railflow/testrail-client/2.1/testrail-client-2.1-tests.jar:/home/tharaka/.m2/repository/javax/xml/bind/jaxb-api/2.3.0/jaxb-api-2.3.0.jar:/home/tharaka/.m2/repository/com/sun/xml/bind/jaxb-core/2.3.0/jaxb-core-2.3.0.jar:/home/tharaka/.m2/repository/com/sun/xml/bind/jaxb-impl/2.3.0/jaxb-impl-2.3.0.jar:/home/tharaka/.m2/repository/javax/activation/activation/1.1.1/activation-1.1.1.jar:/home/tharaka/.m2/repository/io/qameta/allure/allure-plugin-api/2.13.10/allure-plugin-api-2.13.10.jar:/home/tharaka/.m2/repository/org/apache/commons/commons-csv/1.8/commons-csv-1.8.jar:/home/tharaka/.m2/repository/org/apache/commons/commons-collections4/4.4/commons-collections4-4.4.jar:/home/tharaka/.m2/repository/ch/qos/logback/logback-classic/1.2.3/logback-classic-1.2.3.jar:/home/tharaka/.m2/repository/ch/qos/logback/logback-core/1.2.3/logback-core-1.2.3.jar:"/>
    
    <property name="sun.cpu.endian" value="little"/>
    
    <property name="user.home" value="/home/tharaka"/>
    
    <property name="user.language" value="en"/>
    
    <property name="java.specification.vendor" value="Oracle Corporation"/>
    
    <property name="java.home" value="/usr/lib/jvm/java-8-openjdk-amd64/jre"/>
    
    <property name="basedir" value="/home/tharaka/projects/agiletestware/teamcity_plugins/railflow-java"/>
    
    <property name="file.separator" value="/"/>
    
    <property name="line.separator" value="
"/>
    
    <property name="java.vm.specification.vendor" value="Oracle Corporation"/>
    
    <property name="java.specification.name" value="Java Platform API Specification"/>
    
    <property name="java.awt.graphicsenv" value="sun.awt.X11GraphicsEnvironment"/>
    
    <property name="surefire.real.class.path" value="/home/tharaka/projects/agiletestware/teamcity_plugins/railflow-java/target/surefire/surefirebooter5615321071138040699.jar:/home/tharaka/.m2/repository/org/jacoco/org.jacoco.agent/0.8.2/org.jacoco.agent-0.8.2-runtime.jar"/>
    
    <property name="sun.boot.class.path" value="/usr/lib/jvm/java-8-openjdk-amd64/jre/lib/resources.jar:/usr/lib/jvm/java-8-openjdk-amd64/jre/lib/rt.jar:/usr/lib/jvm/java-8-openjdk-amd64/jre/lib/sunrsasign.jar:/usr/lib/jvm/java-8-openjdk-amd64/jre/lib/jsse.jar:/usr/lib/jvm/java-8-openjdk-amd64/jre/lib/jce.jar:/usr/lib/jvm/java-8-openjdk-amd64/jre/lib/charsets.jar:/usr/lib/jvm/java-8-openjdk-amd64/jre/lib/jfr.jar:/usr/lib/jvm/java-8-openjdk-amd64/jre/classes"/>
    
    <property name="sun.management.compiler" value="HotSpot 64-Bit Tiered Compilers"/>
    
    <property name="java.runtime.version" value="1.8.0_312-8u312-b07-0ubuntu1~20.04-b07"/>
    
    <property name="user.name" value="tharaka"/>
    
    <property name="path.separator" value=":"/>
    
    <property name="os.version" value="5.13.0-28-generic"/>
    
    <property name="java.endorsed.dirs" value="/usr/lib/jvm/java-8-openjdk-amd64/jre/lib/endorsed"/>
    
    <property name="java.runtime.name" value="OpenJDK Runtime Environment"/>
    
    <property name="file.encoding" value="UTF-8"/>
    
    <property name="java.vm.name" value="OpenJDK 64-Bit Server VM"/>
    
    <property name="localRepository" value="/home/tharaka/.m2/repository"/>
    
    <property name="java.vendor.url.bug" value="http://bugreport.sun.com/bugreport/"/>
    
    <property name="java.io.tmpdir" value="/tmp"/>
    
    <property name="java.version" value="1.8.0_312"/>
    
    <property name="user.dir" value="/home/tharaka/projects/agiletestware/teamcity_plugins/railflow-java"/>
    
    <property name="os.arch" value="amd64"/>
    
    <property name="java.vm.specification.name" value="Java Virtual Machine Specification"/>
    
    <property name="java.awt.printerjob" value="sun.print.PSPrinterJob"/>
    
    <property name="sun.os.patch.level" value="unknown"/>
    
    <property name="java.library.path" value="/usr/java/packages/lib/amd64:/usr/lib/x86_64-linux-gnu/jni:/lib/x86_64-linux-gnu:/usr/lib/x86_64-linux-gnu:/usr/lib/jni:/lib:/usr/lib"/>
    
    <property name="java.vm.info" value="mixed mode"/>
    
    <property name="java.vendor" value="Private Build"/>
    
    <property name="java.vm.version" value="25.312-b07"/>
    
    <property name="java.ext.dirs" value="/usr/lib/jvm/java-8-openjdk-amd64/jre/lib/ext:/usr/java/packages/lib/ext"/>
    
    <property name="sun.io.unicode.encoding" value="UnicodeLittle"/>
    
    <property name="java.class.version" value="52.0"/>
    
  </properties>
  
  <testcase name="getTestRailIds_value_set_on_method_only" classname="io.railflow.testreport.model.railflow.RailflowValuesGetterTest" time="0.004"/>
  
  <testcase name="getCaseType_value_set_on_class_level" classname="io.railflow.testreport.model.railflow.RailflowValuesGetterTest" time="0"/>
  
  <testcase name="getCaseFields_value_set_on_method_level" classname="io.railflow.testreport.model.railflow.RailflowValuesGetterTest" time="0.002"/>
  
  <testcase name="getTitle_value_not_defined" classname="io.railflow.testreport.model.railflow.RailflowValuesGetterTest" time="0.001"/>
  
  <testcase name="getTitle_value_defined" classname="io.railflow.testreport.model.railflow.RailflowValuesGetterTest" time="0.007"/>
  
  <testcase name="getCaseFields_values_set_on_both_levels" classname="io.railflow.testreport.model.railflow.RailflowValuesGetterTest" time="0"/>
  
  <testcase name="getJiraIds_value_set_on_method_levels" classname="io.railflow.testreport.model.railflow.RailflowValuesGetterTest" time="0.001"/>
  
  <testcase name="getTestRailIds_values_set_on_both_levels" classname="io.railflow.testreport.model.railflow.RailflowValuesGetterTest" time="0.001"/>
  
  <testcase name="getJiraIds_value_set_on_class_levels" classname="io.railflow.testreport.model.railflow.RailflowValuesGetterTest" time="0"/>
  
  <testcase name="getCaseType_value_set_on_method_level" classname="io.railflow.testreport.model.railflow.RailflowValuesGetterTest" time="0.004"/>
  
  <testcase name="getTitle_railflow_null" classname="io.railflow.testreport.model.railflow.RailflowValuesGetterTest" time="0.003"/>
  
  <testcase name="getResultFields_value_set_on_class_level" classname="io.railflow.testreport.model.railflow.RailflowValuesGetterTest" time="0.002"/>
  
  <testcase name="getCaseType_values_set_on_both_levels" classname="io.railflow.testreport.model.railflow.RailflowValuesGetterTest" time="0"/>
  
  <testcase name="getCasePriority_value_set_on_method_level" classname="io.railflow.testreport.model.railflow.RailflowValuesGetterTest" time="0"/>
  
  <testcase name="getCasePriority_values_set_on_both_levels" classname="io.railflow.testreport.model.railflow.RailflowValuesGetterTest" time="0.004"/>
  
  <testcase name="getResultFields_value_set_on_method_level" classname="io.railflow.testreport.model.railflow.RailflowValuesGetterTest" time="0.004"/>
  
  <testcase name="getResultFields_values_set_on_both_levels" classname="io.railflow.testreport.model.railflow.RailflowValuesGetterTest" time="0"/>
  
  <testcase name="getCasePriority_value_set_on_class_level" classname="io.railflow.testreport.model.railflow.RailflowValuesGetterTest" time="0"/>
  
  <testcase name="getTestRailIds_value_set_on_class_only" classname="io.railflow.testreport.model.railflow.RailflowValuesGetterTest" time="0.001"/>
  
  <testcase name="getJiraIds_values_set_on_both_levels" classname="io.railflow.testreport.model.railflow.RailflowValuesGetterTest" time="0.001"/>
  
  <testcase name="constructor_nullReportFormat" classname="io.railflow.testreport.model.railflow.RailflowValuesGetterTest" time="0.001"/>
  
  <testcase name="getCaseFields_value_set_on_class_level" classname="io.railflow.testreport.model.railflow.RailflowValuesGetterTest" time="0.001"/>
  
</testsuite>
<testsuite xmlns:xsi="http://www.w3.org/2001/XMLSchema-instance" xsi:noNamespaceSchemaLocation="https://maven.apache.org/surefire/maven-surefire-plugin/xsd/surefire-test-report.xsd" name="io.railflow.testreport.nunit.NunitModelCreatorTest" time="0.499" tests="14" errors="0" skipped="0" failures="0">
  
  <properties>
    
    <property name="sun.desktop" value="gnome"/>
    
    <property name="awt.toolkit" value="sun.awt.X11.XToolkit"/>
    
    <property name="file.encoding.pkg" value="sun.io"/>
    
    <property name="java.specification.version" value="1.8"/>
    
    <property name="sun.cpu.isalist" value=""/>
    
    <property name="sun.jnu.encoding" value="UTF-8"/>
    
    <property name="java.class.path" value="/home/tharaka/projects/agiletestware/teamcity_plugins/railflow-java/target/test-classes:/home/tharaka/projects/agiletestware/teamcity_plugins/railflow-java/target/classes:/home/tharaka/.m2/repository/io/railflow/license/1.0/license-1.0.jar:/home/tharaka/.m2/repository/io/railflow/commons/1.0/commons-1.0.jar:/home/tharaka/.m2/repository/org/apache/commons/commons-lang3/3.11/commons-lang3-3.11.jar:/home/tharaka/.m2/repository/org/apache/httpcomponents/httpclient/4.5.2/httpclient-4.5.2.jar:/home/tharaka/.m2/repository/org/apache/httpcomponents/httpcore/4.4.4/httpcore-4.4.4.jar:/home/tharaka/.m2/repository/commons-logging/commons-logging/1.2/commons-logging-1.2.jar:/home/tharaka/.m2/repository/org/apache/httpcomponents/httpmime/4.5.2/httpmime-4.5.2.jar:/home/tharaka/.m2/repository/org/slf4j/slf4j-api/1.7.25/slf4j-api-1.7.25.jar:/home/tharaka/.m2/repository/com/google/code/gson/gson/2.8.5/gson-2.8.5.jar:/home/tharaka/.m2/repository/commons-codec/commons-codec/1.15/commons-codec-1.15.jar:/home/tharaka/.m2/repository/javax/validation/validation-api/2.0.1.Final/validation-api-2.0.1.Final.jar:/home/tharaka/.m2/repository/com/fasterxml/jackson/core/jackson-databind/2.11.4/jackson-databind-2.11.4.jar:/home/tharaka/.m2/repository/com/fasterxml/jackson/core/jackson-annotations/2.11.4/jackson-annotations-2.11.4.jar:/home/tharaka/.m2/repository/com/fasterxml/jackson/core/jackson-core/2.11.4/jackson-core-2.11.4.jar:/home/tharaka/.m2/repository/com/google/guava/guava/30.1-jre/guava-30.1-jre.jar:/home/tharaka/.m2/repository/com/google/guava/failureaccess/1.0.1/failureaccess-1.0.1.jar:/home/tharaka/.m2/repository/com/google/guava/listenablefuture/9999.0-empty-to-avoid-conflict-with-guava/listenablefuture-9999.0-empty-to-avoid-conflict-with-guava.jar:/home/tharaka/.m2/repository/com/google/code/findbugs/jsr305/3.0.2/jsr305-3.0.2.jar:/home/tharaka/.m2/repository/org/checkerframework/checker-qual/3.5.0/checker-qual-3.5.0.jar:/home/tharaka/.m2/repository/com/google/errorprone/error_prone_annotations/2.3.4/error_prone_annotations-2.3.4.jar:/home/tharaka/.m2/repository/com/google/j2objc/j2objc-annotations/1.3/j2objc-annotations-1.3.jar:/home/tharaka/.m2/repository/org/apache/tika/tika-core/1.22/tika-core-1.22.jar:/home/tharaka/.m2/repository/junit/junit/4.12/junit-4.12.jar:/home/tharaka/.m2/repository/org/hamcrest/hamcrest-core/1.3/hamcrest-core-1.3.jar:/home/tharaka/.m2/repository/org/mockito/mockito-core/3.2.0/mockito-core-3.2.0.jar:/home/tharaka/.m2/repository/net/bytebuddy/byte-buddy/1.10.3/byte-buddy-1.10.3.jar:/home/tharaka/.m2/repository/net/bytebuddy/byte-buddy-agent/1.10.3/byte-buddy-agent-1.10.3.jar:/home/tharaka/.m2/repository/org/objenesis/objenesis/2.6/objenesis-2.6.jar:/home/tharaka/.m2/repository/org/powermock/powermock-module-junit4/2.0.7/powermock-module-junit4-2.0.7.jar:/home/tharaka/.m2/repository/org/powermock/powermock-module-junit4-common/2.0.7/powermock-module-junit4-common-2.0.7.jar:/home/tharaka/.m2/repository/org/powermock/powermock-reflect/2.0.7/powermock-reflect-2.0.7.jar:/home/tharaka/.m2/repository/org/powermock/powermock-core/2.0.7/powermock-core-2.0.7.jar:/home/tharaka/.m2/repository/org/javassist/javassist/3.27.0-GA/javassist-3.27.0-GA.jar:/home/tharaka/.m2/repository/org/powermock/powermock-api-mockito2/2.0.7/powermock-api-mockito2-2.0.7.jar:/home/tharaka/.m2/repository/org/powermock/powermock-api-support/2.0.7/powermock-api-support-2.0.7.jar:/home/tharaka/.m2/repository/commons-io/commons-io/2.6/commons-io-2.6.jar:/home/tharaka/.m2/repository/io/railflow/testrail-client/2.1/testrail-client-2.1.jar:/home/tharaka/.m2/repository/io/railflow/testrail-client/2.1/testrail-client-2.1-tests.jar:/home/tharaka/.m2/repository/javax/xml/bind/jaxb-api/2.3.0/jaxb-api-2.3.0.jar:/home/tharaka/.m2/repository/com/sun/xml/bind/jaxb-core/2.3.0/jaxb-core-2.3.0.jar:/home/tharaka/.m2/repository/com/sun/xml/bind/jaxb-impl/2.3.0/jaxb-impl-2.3.0.jar:/home/tharaka/.m2/repository/javax/activation/activation/1.1.1/activation-1.1.1.jar:/home/tharaka/.m2/repository/io/qameta/allure/allure-plugin-api/2.13.10/allure-plugin-api-2.13.10.jar:/home/tharaka/.m2/repository/org/apache/commons/commons-csv/1.8/commons-csv-1.8.jar:/home/tharaka/.m2/repository/org/apache/commons/commons-collections4/4.4/commons-collections4-4.4.jar:/home/tharaka/.m2/repository/ch/qos/logback/logback-classic/1.2.3/logback-classic-1.2.3.jar:/home/tharaka/.m2/repository/ch/qos/logback/logback-core/1.2.3/logback-core-1.2.3.jar:"/>
    
    <property name="java.vm.vendor" value="Private Build"/>
    
    <property name="sun.arch.data.model" value="64"/>
    
    <property name="java.vendor.url" value="http://java.oracle.com/"/>
    
    <property name="user.timezone" value=""/>
    
    <property name="java.vm.specification.version" value="1.8"/>
    
    <property name="os.name" value="Linux"/>
    
    <property name="user.country" value="US"/>
    
    <property name="sun.java.launcher" value="SUN_STANDARD"/>
    
    <property name="sun.boot.library.path" value="/usr/lib/jvm/java-8-openjdk-amd64/jre/lib/amd64"/>
    
    <property name="sun.java.command" value="/home/tharaka/projects/agiletestware/teamcity_plugins/railflow-java/target/surefire/surefirebooter5615321071138040699.jar /home/tharaka/projects/agiletestware/teamcity_plugins/railflow-java/target/surefire 2022-02-04T09-29-42_375-jvmRun1 surefire3251150644889157875tmp surefire_03548316204226868521tmp"/>
    
    <property name="surefire.test.class.path" value="/home/tharaka/projects/agiletestware/teamcity_plugins/railflow-java/target/test-classes:/home/tharaka/projects/agiletestware/teamcity_plugins/railflow-java/target/classes:/home/tharaka/.m2/repository/io/railflow/license/1.0/license-1.0.jar:/home/tharaka/.m2/repository/io/railflow/commons/1.0/commons-1.0.jar:/home/tharaka/.m2/repository/org/apache/commons/commons-lang3/3.11/commons-lang3-3.11.jar:/home/tharaka/.m2/repository/org/apache/httpcomponents/httpclient/4.5.2/httpclient-4.5.2.jar:/home/tharaka/.m2/repository/org/apache/httpcomponents/httpcore/4.4.4/httpcore-4.4.4.jar:/home/tharaka/.m2/repository/commons-logging/commons-logging/1.2/commons-logging-1.2.jar:/home/tharaka/.m2/repository/org/apache/httpcomponents/httpmime/4.5.2/httpmime-4.5.2.jar:/home/tharaka/.m2/repository/org/slf4j/slf4j-api/1.7.25/slf4j-api-1.7.25.jar:/home/tharaka/.m2/repository/com/google/code/gson/gson/2.8.5/gson-2.8.5.jar:/home/tharaka/.m2/repository/commons-codec/commons-codec/1.15/commons-codec-1.15.jar:/home/tharaka/.m2/repository/javax/validation/validation-api/2.0.1.Final/validation-api-2.0.1.Final.jar:/home/tharaka/.m2/repository/com/fasterxml/jackson/core/jackson-databind/2.11.4/jackson-databind-2.11.4.jar:/home/tharaka/.m2/repository/com/fasterxml/jackson/core/jackson-annotations/2.11.4/jackson-annotations-2.11.4.jar:/home/tharaka/.m2/repository/com/fasterxml/jackson/core/jackson-core/2.11.4/jackson-core-2.11.4.jar:/home/tharaka/.m2/repository/com/google/guava/guava/30.1-jre/guava-30.1-jre.jar:/home/tharaka/.m2/repository/com/google/guava/failureaccess/1.0.1/failureaccess-1.0.1.jar:/home/tharaka/.m2/repository/com/google/guava/listenablefuture/9999.0-empty-to-avoid-conflict-with-guava/listenablefuture-9999.0-empty-to-avoid-conflict-with-guava.jar:/home/tharaka/.m2/repository/com/google/code/findbugs/jsr305/3.0.2/jsr305-3.0.2.jar:/home/tharaka/.m2/repository/org/checkerframework/checker-qual/3.5.0/checker-qual-3.5.0.jar:/home/tharaka/.m2/repository/com/google/errorprone/error_prone_annotations/2.3.4/error_prone_annotations-2.3.4.jar:/home/tharaka/.m2/repository/com/google/j2objc/j2objc-annotations/1.3/j2objc-annotations-1.3.jar:/home/tharaka/.m2/repository/org/apache/tika/tika-core/1.22/tika-core-1.22.jar:/home/tharaka/.m2/repository/junit/junit/4.12/junit-4.12.jar:/home/tharaka/.m2/repository/org/hamcrest/hamcrest-core/1.3/hamcrest-core-1.3.jar:/home/tharaka/.m2/repository/org/mockito/mockito-core/3.2.0/mockito-core-3.2.0.jar:/home/tharaka/.m2/repository/net/bytebuddy/byte-buddy/1.10.3/byte-buddy-1.10.3.jar:/home/tharaka/.m2/repository/net/bytebuddy/byte-buddy-agent/1.10.3/byte-buddy-agent-1.10.3.jar:/home/tharaka/.m2/repository/org/objenesis/objenesis/2.6/objenesis-2.6.jar:/home/tharaka/.m2/repository/org/powermock/powermock-module-junit4/2.0.7/powermock-module-junit4-2.0.7.jar:/home/tharaka/.m2/repository/org/powermock/powermock-module-junit4-common/2.0.7/powermock-module-junit4-common-2.0.7.jar:/home/tharaka/.m2/repository/org/powermock/powermock-reflect/2.0.7/powermock-reflect-2.0.7.jar:/home/tharaka/.m2/repository/org/powermock/powermock-core/2.0.7/powermock-core-2.0.7.jar:/home/tharaka/.m2/repository/org/javassist/javassist/3.27.0-GA/javassist-3.27.0-GA.jar:/home/tharaka/.m2/repository/org/powermock/powermock-api-mockito2/2.0.7/powermock-api-mockito2-2.0.7.jar:/home/tharaka/.m2/repository/org/powermock/powermock-api-support/2.0.7/powermock-api-support-2.0.7.jar:/home/tharaka/.m2/repository/commons-io/commons-io/2.6/commons-io-2.6.jar:/home/tharaka/.m2/repository/io/railflow/testrail-client/2.1/testrail-client-2.1.jar:/home/tharaka/.m2/repository/io/railflow/testrail-client/2.1/testrail-client-2.1-tests.jar:/home/tharaka/.m2/repository/javax/xml/bind/jaxb-api/2.3.0/jaxb-api-2.3.0.jar:/home/tharaka/.m2/repository/com/sun/xml/bind/jaxb-core/2.3.0/jaxb-core-2.3.0.jar:/home/tharaka/.m2/repository/com/sun/xml/bind/jaxb-impl/2.3.0/jaxb-impl-2.3.0.jar:/home/tharaka/.m2/repository/javax/activation/activation/1.1.1/activation-1.1.1.jar:/home/tharaka/.m2/repository/io/qameta/allure/allure-plugin-api/2.13.10/allure-plugin-api-2.13.10.jar:/home/tharaka/.m2/repository/org/apache/commons/commons-csv/1.8/commons-csv-1.8.jar:/home/tharaka/.m2/repository/org/apache/commons/commons-collections4/4.4/commons-collections4-4.4.jar:/home/tharaka/.m2/repository/ch/qos/logback/logback-classic/1.2.3/logback-classic-1.2.3.jar:/home/tharaka/.m2/repository/ch/qos/logback/logback-core/1.2.3/logback-core-1.2.3.jar:"/>
    
    <property name="sun.cpu.endian" value="little"/>
    
    <property name="user.home" value="/home/tharaka"/>
    
    <property name="user.language" value="en"/>
    
    <property name="java.specification.vendor" value="Oracle Corporation"/>
    
    <property name="java.home" value="/usr/lib/jvm/java-8-openjdk-amd64/jre"/>
    
    <property name="basedir" value="/home/tharaka/projects/agiletestware/teamcity_plugins/railflow-java"/>
    
    <property name="file.separator" value="/"/>
    
    <property name="line.separator" value="
"/>
    
    <property name="java.vm.specification.vendor" value="Oracle Corporation"/>
    
    <property name="java.specification.name" value="Java Platform API Specification"/>
    
    <property name="java.awt.graphicsenv" value="sun.awt.X11GraphicsEnvironment"/>
    
    <property name="surefire.real.class.path" value="/home/tharaka/projects/agiletestware/teamcity_plugins/railflow-java/target/surefire/surefirebooter5615321071138040699.jar:/home/tharaka/.m2/repository/org/jacoco/org.jacoco.agent/0.8.2/org.jacoco.agent-0.8.2-runtime.jar"/>
    
    <property name="sun.boot.class.path" value="/usr/lib/jvm/java-8-openjdk-amd64/jre/lib/resources.jar:/usr/lib/jvm/java-8-openjdk-amd64/jre/lib/rt.jar:/usr/lib/jvm/java-8-openjdk-amd64/jre/lib/sunrsasign.jar:/usr/lib/jvm/java-8-openjdk-amd64/jre/lib/jsse.jar:/usr/lib/jvm/java-8-openjdk-amd64/jre/lib/jce.jar:/usr/lib/jvm/java-8-openjdk-amd64/jre/lib/charsets.jar:/usr/lib/jvm/java-8-openjdk-amd64/jre/lib/jfr.jar:/usr/lib/jvm/java-8-openjdk-amd64/jre/classes"/>
    
    <property name="sun.management.compiler" value="HotSpot 64-Bit Tiered Compilers"/>
    
    <property name="java.runtime.version" value="1.8.0_312-8u312-b07-0ubuntu1~20.04-b07"/>
    
    <property name="user.name" value="tharaka"/>
    
    <property name="path.separator" value=":"/>
    
    <property name="os.version" value="5.13.0-28-generic"/>
    
    <property name="java.endorsed.dirs" value="/usr/lib/jvm/java-8-openjdk-amd64/jre/lib/endorsed"/>
    
    <property name="java.runtime.name" value="OpenJDK Runtime Environment"/>
    
    <property name="file.encoding" value="UTF-8"/>
    
    <property name="java.vm.name" value="OpenJDK 64-Bit Server VM"/>
    
    <property name="localRepository" value="/home/tharaka/.m2/repository"/>
    
    <property name="java.vendor.url.bug" value="http://bugreport.sun.com/bugreport/"/>
    
    <property name="java.io.tmpdir" value="/tmp"/>
    
    <property name="java.version" value="1.8.0_312"/>
    
    <property name="user.dir" value="/home/tharaka/projects/agiletestware/teamcity_plugins/railflow-java"/>
    
    <property name="os.arch" value="amd64"/>
    
    <property name="java.vm.specification.name" value="Java Virtual Machine Specification"/>
    
    <property name="java.awt.printerjob" value="sun.print.PSPrinterJob"/>
    
    <property name="sun.os.patch.level" value="unknown"/>
    
    <property name="java.library.path" value="/usr/java/packages/lib/amd64:/usr/lib/x86_64-linux-gnu/jni:/lib/x86_64-linux-gnu:/usr/lib/x86_64-linux-gnu:/usr/lib/jni:/lib:/usr/lib"/>
    
    <property name="java.vm.info" value="mixed mode"/>
    
    <property name="java.vendor" value="Private Build"/>
    
    <property name="java.vm.version" value="25.312-b07"/>
    
    <property name="java.ext.dirs" value="/usr/lib/jvm/java-8-openjdk-amd64/jre/lib/ext:/usr/java/packages/lib/ext"/>
    
    <property name="sun.io.unicode.encoding" value="UnicodeLittle"/>
    
    <property name="java.class.version" value="52.0"/>
    
  </properties>
  
  <testcase name="create_project_with_missing_attachments" classname="io.railflow.testreport.nunit.NunitModelCreatorTest" time="0.036"/>
  
  <testcase name="create_project_with_railflow_elements_with_testrail_ids_in_test_case_level_with_attachments" classname="io.railflow.testreport.nunit.NunitModelCreatorTest" time="0.053"/>
  
  <testcase name="createProjectWithoutTestCasesTest" classname="io.railflow.testreport.nunit.NunitModelCreatorTest" time="0.027"/>
  
  <testcase name="createProjectFailWithEmptyTestPathTest" classname="io.railflow.testreport.nunit.NunitModelCreatorTest" time="0.01"/>
  
  <testcase name="create_project_with_railflow_elements_in_test_case_level_with_attachments" classname="io.railflow.testreport.nunit.NunitModelCreatorTest" time="0.067"/>
  
  <testcase name="createProjectPassWithAttachmentTest" classname="io.railflow.testreport.nunit.NunitModelCreatorTest" time="0.024"/>
  
  <testcase name="createProjectPassWithOnlySuiteNameTest" classname="io.railflow.testreport.nunit.NunitModelCreatorTest" time="0.02"/>
  
  <testcase name="createProjectWithMultipleTestCases" classname="io.railflow.testreport.nunit.NunitModelCreatorTest" time="0.019"/>
  
  <testcase name="createProjectPassWithSkippedStatusTest" classname="io.railflow.testreport.nunit.NunitModelCreatorTest" time="0.064"/>
  
  <testcase name="createProjectPassWithErrorStatusTest" classname="io.railflow.testreport.nunit.NunitModelCreatorTest" time="0.026"/>
  
  <testcase name="createProjectPassWithPassedStatusTest" classname="io.railflow.testreport.nunit.NunitModelCreatorTest" time="0.036"/>
  
  <testcase name="createProjectWithMultipleCasesTest" classname="io.railflow.testreport.nunit.NunitModelCreatorTest" time="0.019"/>
  
  <testcase name="createProjectFailWithTestPathErrorFormatTest" classname="io.railflow.testreport.nunit.NunitModelCreatorTest" time="0.029"/>
  
  <testcase name="createProjectFromMultipleFiles" classname="io.railflow.testreport.nunit.NunitModelCreatorTest" time="0.041"/>
  
</testsuite>
<testsuite xmlns:xsi="http://www.w3.org/2001/XMLSchema-instance" xsi:noNamespaceSchemaLocation="https://maven.apache.org/surefire/maven-surefire-plugin/xsd/surefire-test-report.xsd" name="io.railflow.testreport.pytest.PytestModelCreatorTest" time="0.304" tests="6" errors="0" skipped="0" failures="2">
  
  <properties>
    
    <property name="sun.desktop" value="gnome"/>
    
    <property name="awt.toolkit" value="sun.awt.X11.XToolkit"/>
    
    <property name="file.encoding.pkg" value="sun.io"/>
    
    <property name="java.specification.version" value="1.8"/>
    
    <property name="sun.cpu.isalist" value=""/>
    
    <property name="sun.jnu.encoding" value="UTF-8"/>
    
    <property name="java.class.path" value="/home/tharaka/projects/agiletestware/teamcity_plugins/railflow-java/target/test-classes:/home/tharaka/projects/agiletestware/teamcity_plugins/railflow-java/target/classes:/home/tharaka/.m2/repository/io/railflow/license/1.0/license-1.0.jar:/home/tharaka/.m2/repository/io/railflow/commons/1.0/commons-1.0.jar:/home/tharaka/.m2/repository/org/apache/commons/commons-lang3/3.11/commons-lang3-3.11.jar:/home/tharaka/.m2/repository/org/apache/httpcomponents/httpclient/4.5.2/httpclient-4.5.2.jar:/home/tharaka/.m2/repository/org/apache/httpcomponents/httpcore/4.4.4/httpcore-4.4.4.jar:/home/tharaka/.m2/repository/commons-logging/commons-logging/1.2/commons-logging-1.2.jar:/home/tharaka/.m2/repository/org/apache/httpcomponents/httpmime/4.5.2/httpmime-4.5.2.jar:/home/tharaka/.m2/repository/org/slf4j/slf4j-api/1.7.25/slf4j-api-1.7.25.jar:/home/tharaka/.m2/repository/com/google/code/gson/gson/2.8.5/gson-2.8.5.jar:/home/tharaka/.m2/repository/commons-codec/commons-codec/1.15/commons-codec-1.15.jar:/home/tharaka/.m2/repository/javax/validation/validation-api/2.0.1.Final/validation-api-2.0.1.Final.jar:/home/tharaka/.m2/repository/com/fasterxml/jackson/core/jackson-databind/2.11.4/jackson-databind-2.11.4.jar:/home/tharaka/.m2/repository/com/fasterxml/jackson/core/jackson-annotations/2.11.4/jackson-annotations-2.11.4.jar:/home/tharaka/.m2/repository/com/fasterxml/jackson/core/jackson-core/2.11.4/jackson-core-2.11.4.jar:/home/tharaka/.m2/repository/com/google/guava/guava/30.1-jre/guava-30.1-jre.jar:/home/tharaka/.m2/repository/com/google/guava/failureaccess/1.0.1/failureaccess-1.0.1.jar:/home/tharaka/.m2/repository/com/google/guava/listenablefuture/9999.0-empty-to-avoid-conflict-with-guava/listenablefuture-9999.0-empty-to-avoid-conflict-with-guava.jar:/home/tharaka/.m2/repository/com/google/code/findbugs/jsr305/3.0.2/jsr305-3.0.2.jar:/home/tharaka/.m2/repository/org/checkerframework/checker-qual/3.5.0/checker-qual-3.5.0.jar:/home/tharaka/.m2/repository/com/google/errorprone/error_prone_annotations/2.3.4/error_prone_annotations-2.3.4.jar:/home/tharaka/.m2/repository/com/google/j2objc/j2objc-annotations/1.3/j2objc-annotations-1.3.jar:/home/tharaka/.m2/repository/org/apache/tika/tika-core/1.22/tika-core-1.22.jar:/home/tharaka/.m2/repository/junit/junit/4.12/junit-4.12.jar:/home/tharaka/.m2/repository/org/hamcrest/hamcrest-core/1.3/hamcrest-core-1.3.jar:/home/tharaka/.m2/repository/org/mockito/mockito-core/3.2.0/mockito-core-3.2.0.jar:/home/tharaka/.m2/repository/net/bytebuddy/byte-buddy/1.10.3/byte-buddy-1.10.3.jar:/home/tharaka/.m2/repository/net/bytebuddy/byte-buddy-agent/1.10.3/byte-buddy-agent-1.10.3.jar:/home/tharaka/.m2/repository/org/objenesis/objenesis/2.6/objenesis-2.6.jar:/home/tharaka/.m2/repository/org/powermock/powermock-module-junit4/2.0.7/powermock-module-junit4-2.0.7.jar:/home/tharaka/.m2/repository/org/powermock/powermock-module-junit4-common/2.0.7/powermock-module-junit4-common-2.0.7.jar:/home/tharaka/.m2/repository/org/powermock/powermock-reflect/2.0.7/powermock-reflect-2.0.7.jar:/home/tharaka/.m2/repository/org/powermock/powermock-core/2.0.7/powermock-core-2.0.7.jar:/home/tharaka/.m2/repository/org/javassist/javassist/3.27.0-GA/javassist-3.27.0-GA.jar:/home/tharaka/.m2/repository/org/powermock/powermock-api-mockito2/2.0.7/powermock-api-mockito2-2.0.7.jar:/home/tharaka/.m2/repository/org/powermock/powermock-api-support/2.0.7/powermock-api-support-2.0.7.jar:/home/tharaka/.m2/repository/commons-io/commons-io/2.6/commons-io-2.6.jar:/home/tharaka/.m2/repository/io/railflow/testrail-client/2.1/testrail-client-2.1.jar:/home/tharaka/.m2/repository/io/railflow/testrail-client/2.1/testrail-client-2.1-tests.jar:/home/tharaka/.m2/repository/javax/xml/bind/jaxb-api/2.3.0/jaxb-api-2.3.0.jar:/home/tharaka/.m2/repository/com/sun/xml/bind/jaxb-core/2.3.0/jaxb-core-2.3.0.jar:/home/tharaka/.m2/repository/com/sun/xml/bind/jaxb-impl/2.3.0/jaxb-impl-2.3.0.jar:/home/tharaka/.m2/repository/javax/activation/activation/1.1.1/activation-1.1.1.jar:/home/tharaka/.m2/repository/io/qameta/allure/allure-plugin-api/2.13.10/allure-plugin-api-2.13.10.jar:/home/tharaka/.m2/repository/org/apache/commons/commons-csv/1.8/commons-csv-1.8.jar:/home/tharaka/.m2/repository/org/apache/commons/commons-collections4/4.4/commons-collections4-4.4.jar:/home/tharaka/.m2/repository/ch/qos/logback/logback-classic/1.2.3/logback-classic-1.2.3.jar:/home/tharaka/.m2/repository/ch/qos/logback/logback-core/1.2.3/logback-core-1.2.3.jar:"/>
    
    <property name="java.vm.vendor" value="Private Build"/>
    
    <property name="sun.arch.data.model" value="64"/>
    
    <property name="java.vendor.url" value="http://java.oracle.com/"/>
    
    <property name="user.timezone" value=""/>
    
    <property name="java.vm.specification.version" value="1.8"/>
    
    <property name="os.name" value="Linux"/>
    
    <property name="user.country" value="US"/>
    
    <property name="sun.java.launcher" value="SUN_STANDARD"/>
    
    <property name="sun.boot.library.path" value="/usr/lib/jvm/java-8-openjdk-amd64/jre/lib/amd64"/>
    
    <property name="sun.java.command" value="/home/tharaka/projects/agiletestware/teamcity_plugins/railflow-java/target/surefire/surefirebooter5615321071138040699.jar /home/tharaka/projects/agiletestware/teamcity_plugins/railflow-java/target/surefire 2022-02-04T09-29-42_375-jvmRun1 surefire3251150644889157875tmp surefire_03548316204226868521tmp"/>
    
    <property name="surefire.test.class.path" value="/home/tharaka/projects/agiletestware/teamcity_plugins/railflow-java/target/test-classes:/home/tharaka/projects/agiletestware/teamcity_plugins/railflow-java/target/classes:/home/tharaka/.m2/repository/io/railflow/license/1.0/license-1.0.jar:/home/tharaka/.m2/repository/io/railflow/commons/1.0/commons-1.0.jar:/home/tharaka/.m2/repository/org/apache/commons/commons-lang3/3.11/commons-lang3-3.11.jar:/home/tharaka/.m2/repository/org/apache/httpcomponents/httpclient/4.5.2/httpclient-4.5.2.jar:/home/tharaka/.m2/repository/org/apache/httpcomponents/httpcore/4.4.4/httpcore-4.4.4.jar:/home/tharaka/.m2/repository/commons-logging/commons-logging/1.2/commons-logging-1.2.jar:/home/tharaka/.m2/repository/org/apache/httpcomponents/httpmime/4.5.2/httpmime-4.5.2.jar:/home/tharaka/.m2/repository/org/slf4j/slf4j-api/1.7.25/slf4j-api-1.7.25.jar:/home/tharaka/.m2/repository/com/google/code/gson/gson/2.8.5/gson-2.8.5.jar:/home/tharaka/.m2/repository/commons-codec/commons-codec/1.15/commons-codec-1.15.jar:/home/tharaka/.m2/repository/javax/validation/validation-api/2.0.1.Final/validation-api-2.0.1.Final.jar:/home/tharaka/.m2/repository/com/fasterxml/jackson/core/jackson-databind/2.11.4/jackson-databind-2.11.4.jar:/home/tharaka/.m2/repository/com/fasterxml/jackson/core/jackson-annotations/2.11.4/jackson-annotations-2.11.4.jar:/home/tharaka/.m2/repository/com/fasterxml/jackson/core/jackson-core/2.11.4/jackson-core-2.11.4.jar:/home/tharaka/.m2/repository/com/google/guava/guava/30.1-jre/guava-30.1-jre.jar:/home/tharaka/.m2/repository/com/google/guava/failureaccess/1.0.1/failureaccess-1.0.1.jar:/home/tharaka/.m2/repository/com/google/guava/listenablefuture/9999.0-empty-to-avoid-conflict-with-guava/listenablefuture-9999.0-empty-to-avoid-conflict-with-guava.jar:/home/tharaka/.m2/repository/com/google/code/findbugs/jsr305/3.0.2/jsr305-3.0.2.jar:/home/tharaka/.m2/repository/org/checkerframework/checker-qual/3.5.0/checker-qual-3.5.0.jar:/home/tharaka/.m2/repository/com/google/errorprone/error_prone_annotations/2.3.4/error_prone_annotations-2.3.4.jar:/home/tharaka/.m2/repository/com/google/j2objc/j2objc-annotations/1.3/j2objc-annotations-1.3.jar:/home/tharaka/.m2/repository/org/apache/tika/tika-core/1.22/tika-core-1.22.jar:/home/tharaka/.m2/repository/junit/junit/4.12/junit-4.12.jar:/home/tharaka/.m2/repository/org/hamcrest/hamcrest-core/1.3/hamcrest-core-1.3.jar:/home/tharaka/.m2/repository/org/mockito/mockito-core/3.2.0/mockito-core-3.2.0.jar:/home/tharaka/.m2/repository/net/bytebuddy/byte-buddy/1.10.3/byte-buddy-1.10.3.jar:/home/tharaka/.m2/repository/net/bytebuddy/byte-buddy-agent/1.10.3/byte-buddy-agent-1.10.3.jar:/home/tharaka/.m2/repository/org/objenesis/objenesis/2.6/objenesis-2.6.jar:/home/tharaka/.m2/repository/org/powermock/powermock-module-junit4/2.0.7/powermock-module-junit4-2.0.7.jar:/home/tharaka/.m2/repository/org/powermock/powermock-module-junit4-common/2.0.7/powermock-module-junit4-common-2.0.7.jar:/home/tharaka/.m2/repository/org/powermock/powermock-reflect/2.0.7/powermock-reflect-2.0.7.jar:/home/tharaka/.m2/repository/org/powermock/powermock-core/2.0.7/powermock-core-2.0.7.jar:/home/tharaka/.m2/repository/org/javassist/javassist/3.27.0-GA/javassist-3.27.0-GA.jar:/home/tharaka/.m2/repository/org/powermock/powermock-api-mockito2/2.0.7/powermock-api-mockito2-2.0.7.jar:/home/tharaka/.m2/repository/org/powermock/powermock-api-support/2.0.7/powermock-api-support-2.0.7.jar:/home/tharaka/.m2/repository/commons-io/commons-io/2.6/commons-io-2.6.jar:/home/tharaka/.m2/repository/io/railflow/testrail-client/2.1/testrail-client-2.1.jar:/home/tharaka/.m2/repository/io/railflow/testrail-client/2.1/testrail-client-2.1-tests.jar:/home/tharaka/.m2/repository/javax/xml/bind/jaxb-api/2.3.0/jaxb-api-2.3.0.jar:/home/tharaka/.m2/repository/com/sun/xml/bind/jaxb-core/2.3.0/jaxb-core-2.3.0.jar:/home/tharaka/.m2/repository/com/sun/xml/bind/jaxb-impl/2.3.0/jaxb-impl-2.3.0.jar:/home/tharaka/.m2/repository/javax/activation/activation/1.1.1/activation-1.1.1.jar:/home/tharaka/.m2/repository/io/qameta/allure/allure-plugin-api/2.13.10/allure-plugin-api-2.13.10.jar:/home/tharaka/.m2/repository/org/apache/commons/commons-csv/1.8/commons-csv-1.8.jar:/home/tharaka/.m2/repository/org/apache/commons/commons-collections4/4.4/commons-collections4-4.4.jar:/home/tharaka/.m2/repository/ch/qos/logback/logback-classic/1.2.3/logback-classic-1.2.3.jar:/home/tharaka/.m2/repository/ch/qos/logback/logback-core/1.2.3/logback-core-1.2.3.jar:"/>
    
    <property name="sun.cpu.endian" value="little"/>
    
    <property name="user.home" value="/home/tharaka"/>
    
    <property name="user.language" value="en"/>
    
    <property name="java.specification.vendor" value="Oracle Corporation"/>
    
    <property name="java.home" value="/usr/lib/jvm/java-8-openjdk-amd64/jre"/>
    
    <property name="basedir" value="/home/tharaka/projects/agiletestware/teamcity_plugins/railflow-java"/>
    
    <property name="file.separator" value="/"/>
    
    <property name="line.separator" value="
"/>
    
    <property name="java.vm.specification.vendor" value="Oracle Corporation"/>
    
    <property name="java.specification.name" value="Java Platform API Specification"/>
    
    <property name="java.awt.graphicsenv" value="sun.awt.X11GraphicsEnvironment"/>
    
    <property name="surefire.real.class.path" value="/home/tharaka/projects/agiletestware/teamcity_plugins/railflow-java/target/surefire/surefirebooter5615321071138040699.jar:/home/tharaka/.m2/repository/org/jacoco/org.jacoco.agent/0.8.2/org.jacoco.agent-0.8.2-runtime.jar"/>
    
    <property name="sun.boot.class.path" value="/usr/lib/jvm/java-8-openjdk-amd64/jre/lib/resources.jar:/usr/lib/jvm/java-8-openjdk-amd64/jre/lib/rt.jar:/usr/lib/jvm/java-8-openjdk-amd64/jre/lib/sunrsasign.jar:/usr/lib/jvm/java-8-openjdk-amd64/jre/lib/jsse.jar:/usr/lib/jvm/java-8-openjdk-amd64/jre/lib/jce.jar:/usr/lib/jvm/java-8-openjdk-amd64/jre/lib/charsets.jar:/usr/lib/jvm/java-8-openjdk-amd64/jre/lib/jfr.jar:/usr/lib/jvm/java-8-openjdk-amd64/jre/classes"/>
    
    <property name="sun.management.compiler" value="HotSpot 64-Bit Tiered Compilers"/>
    
    <property name="java.runtime.version" value="1.8.0_312-8u312-b07-0ubuntu1~20.04-b07"/>
    
    <property name="user.name" value="tharaka"/>
    
    <property name="path.separator" value=":"/>
    
    <property name="os.version" value="5.13.0-28-generic"/>
    
    <property name="java.endorsed.dirs" value="/usr/lib/jvm/java-8-openjdk-amd64/jre/lib/endorsed"/>
    
    <property name="java.runtime.name" value="OpenJDK Runtime Environment"/>
    
    <property name="file.encoding" value="UTF-8"/>
    
    <property name="java.vm.name" value="OpenJDK 64-Bit Server VM"/>
    
    <property name="localRepository" value="/home/tharaka/.m2/repository"/>
    
    <property name="java.vendor.url.bug" value="http://bugreport.sun.com/bugreport/"/>
    
    <property name="java.io.tmpdir" value="/tmp"/>
    
    <property name="java.version" value="1.8.0_312"/>
    
    <property name="user.dir" value="/home/tharaka/projects/agiletestware/teamcity_plugins/railflow-java"/>
    
    <property name="os.arch" value="amd64"/>
    
    <property name="java.vm.specification.name" value="Java Virtual Machine Specification"/>
    
    <property name="java.awt.printerjob" value="sun.print.PSPrinterJob"/>
    
    <property name="sun.os.patch.level" value="unknown"/>
    
    <property name="java.library.path" value="/usr/java/packages/lib/amd64:/usr/lib/x86_64-linux-gnu/jni:/lib/x86_64-linux-gnu:/usr/lib/x86_64-linux-gnu:/usr/lib/jni:/lib:/usr/lib"/>
    
    <property name="java.vm.info" value="mixed mode"/>
    
    <property name="java.vendor" value="Private Build"/>
    
    <property name="java.vm.version" value="25.312-b07"/>
    
    <property name="java.ext.dirs" value="/usr/lib/jvm/java-8-openjdk-amd64/jre/lib/ext:/usr/java/packages/lib/ext"/>
    
    <property name="sun.io.unicode.encoding" value="UnicodeLittle"/>
    
    <property name="java.class.version" value="52.0"/>
    
  </properties>
  
  <testcase name="create_project_pass_with_failed_status_test_with_details_and_railflow" classname="io.railflow.testreport.pytest.PytestModelCreatorTest" time="0.073"/>
  
  <testcase name="create_project_pass_with_passed_status_test_without_details_and_railflow" classname="io.railflow.testreport.pytest.PytestModelCreatorTest" time="0.003"/>
  
  <testcase name="create_project_pass_with_passed_status_test_with_class_and_railflow_and_attachment" classname="io.railflow.testreport.pytest.PytestModelCreatorTest" time="0.098">
    
    <failure message="expected:&lt;{result-system-name1=value1}&gt; but was:&lt;{result-system-name=value1}&gt;" type="java.lang.AssertionError"><![CDATA[java.lang.AssertionError: expected:<{result-system-name1=value1}> but was:<{result-system-name=value1}>
	at io.railflow.testreport.pytest.PytestModelCreatorTest.create_project_pass_with_passed_status_test_with_class_and_railflow_and_attachment(PytestModelCreatorTest.java:132)]]></failure>
    
    <system-out><![CDATA[09:30:05.568 [main] DEBUG io.railflow.testreport.model.CaseCreateParametersFactory - Setting case type/priority from report: Compatibility
09:30:05.568 [main] DEBUG io.railflow.testreport.model.CaseCreateParametersFactory - Setting case type/priority from report: High
09:30:05.568 [main] INFO io.railflow.testreport.model.ModelFromReportFileCreator - Parsing results file: /home/tharaka/projects/agiletestware/teamcity_plugins/railflow-java/target/test-classes/io/railflow/testreport/pytest/result_with_testmethod_passed_with_railflow_and_attachment.json
09:30:05.581 [main] WARN io.railflow.testresults.ErrorsCollector - Could not find a user with email ID: user1@gmail.com in the project
09:30:05.581 [main] WARN io.railflow.testresults.ErrorsCollector - Could not find a user with email ID: user2@gmail.com in the project
09:30:05.581 [main] DEBUG io.railflow.testreport.model.CaseCreateParametersFactory - Set case fields from report
09:30:05.589 [main] DEBUG io.railflow.testreport.model.CaseCreateParametersFactory - Set result fields from report
09:30:05.589 [main] DEBUG io.railflow.testreport.model.CaseCreateParametersFactory - Setting case type/priority from report: Compatibility
09:30:05.589 [main] DEBUG io.railflow.testreport.model.CaseCreateParametersFactory - Setting case type/priority from report: High
09:30:05.589 [main] DEBUG io.railflow.testreport.model.CaseCreateParametersFactory - Set assignees provider from the report file]]></system-out>
    
  </testcase>
  
  <testcase name="create_project_pass_with_passed_status_tests_with_multiple_classes_and_railflow" classname="io.railflow.testreport.pytest.PytestModelCreatorTest" time="0.055">
    
    <failure message="expected:&lt;{system-name1=value1}&gt; but was:&lt;{system-name=value1}&gt;" type="java.lang.AssertionError"><![CDATA[java.lang.AssertionError: expected:<{system-name1=value1}> but was:<{system-name=value1}>
	at io.railflow.testreport.pytest.PytestModelCreatorTest.assertCaseWithComplementedConfigs(PytestModelCreatorTest.java:145)
	at io.railflow.testreport.pytest.PytestModelCreatorTest.create_project_pass_with_passed_status_tests_with_multiple_classes_and_railflow(PytestModelCreatorTest.java:113)]]></failure>
    
    <system-out><![CDATA[09:30:05.668 [main] DEBUG io.railflow.testreport.model.CaseCreateParametersFactory - Setting case type/priority from report: Compatibility
09:30:05.671 [main] DEBUG io.railflow.testreport.model.CaseCreateParametersFactory - Setting case type/priority from report: High
09:30:05.688 [main] INFO io.railflow.testreport.model.ModelFromReportFileCreator - Parsing results file: /home/tharaka/projects/agiletestware/teamcity_plugins/railflow-java/target/test-classes/io/railflow/testreport/pytest/result_with_testmethod_passed_with_multiple_classes_and_railflow.json
09:30:05.695 [main] WARN io.railflow.testresults.ErrorsCollector - Could not find a user with email ID: user1@gmail.com in the project
09:30:05.697 [main] WARN io.railflow.testresults.ErrorsCollector - Could not find a user with email ID: user2@gmail.com in the project
09:30:05.698 [main] DEBUG io.railflow.testreport.model.CaseCreateParametersFactory - Set case fields from report
09:30:05.699 [main] DEBUG io.railflow.testreport.model.CaseCreateParametersFactory - Set result fields from report
09:30:05.701 [main] DEBUG io.railflow.testreport.model.CaseCreateParametersFactory - Setting case type/priority from report: Compatibility
09:30:05.703 [main] DEBUG io.railflow.testreport.model.CaseCreateParametersFactory - Setting case type/priority from report: High
09:30:05.704 [main] DEBUG io.railflow.testreport.model.CaseCreateParametersFactory - Set assignees provider from the report file
09:30:05.705 [main] WARN io.railflow.testresults.ErrorsCollector - Could not find a user with email ID: user1@gmail.com in the project
09:30:05.706 [main] WARN io.railflow.testresults.ErrorsCollector - Could not find a user with email ID: user2@gmail.com in the project
09:30:05.707 [main] DEBUG io.railflow.testreport.model.CaseCreateParametersFactory - Set case fields from report
09:30:05.709 [main] DEBUG io.railflow.testreport.model.CaseCreateParametersFactory - Set result fields from report
09:30:05.710 [main] DEBUG io.railflow.testreport.model.CaseCreateParametersFactory - Setting case type/priority from report: Compatibility
09:30:05.711 [main] DEBUG io.railflow.testreport.model.CaseCreateParametersFactory - Setting case type/priority from report: High
09:30:05.711 [main] DEBUG io.railflow.testreport.model.CaseCreateParametersFactory - Set assignees provider from the report file]]></system-out>
    
  </testcase>
  
  <testcase name="create_project_pass_with_passed_status_test_with_details_and_railflow" classname="io.railflow.testreport.pytest.PytestModelCreatorTest" time="0.024"/>
  
  <testcase name="create_project_pass_with_passed_status_test_with_class_and_railflow" classname="io.railflow.testreport.pytest.PytestModelCreatorTest" time="0.041"/>
  
</testsuite>
<testsuite xmlns:xsi="http://www.w3.org/2001/XMLSchema-instance" xsi:noNamespaceSchemaLocation="https://maven.apache.org/surefire/maven-surefire-plugin/xsd/surefire-test-report.xsd" name="io.railflow.testreport.robot.RobotModelCreatorTest" time="0.192" tests="8" errors="0" skipped="0" failures="0">
  
  <properties>
    
    <property name="sun.desktop" value="gnome"/>
    
    <property name="awt.toolkit" value="sun.awt.X11.XToolkit"/>
    
    <property name="file.encoding.pkg" value="sun.io"/>
    
    <property name="java.specification.version" value="1.8"/>
    
    <property name="sun.cpu.isalist" value=""/>
    
    <property name="sun.jnu.encoding" value="UTF-8"/>
    
    <property name="java.class.path" value="/home/tharaka/projects/agiletestware/teamcity_plugins/railflow-java/target/test-classes:/home/tharaka/projects/agiletestware/teamcity_plugins/railflow-java/target/classes:/home/tharaka/.m2/repository/io/railflow/license/1.0/license-1.0.jar:/home/tharaka/.m2/repository/io/railflow/commons/1.0/commons-1.0.jar:/home/tharaka/.m2/repository/org/apache/commons/commons-lang3/3.11/commons-lang3-3.11.jar:/home/tharaka/.m2/repository/org/apache/httpcomponents/httpclient/4.5.2/httpclient-4.5.2.jar:/home/tharaka/.m2/repository/org/apache/httpcomponents/httpcore/4.4.4/httpcore-4.4.4.jar:/home/tharaka/.m2/repository/commons-logging/commons-logging/1.2/commons-logging-1.2.jar:/home/tharaka/.m2/repository/org/apache/httpcomponents/httpmime/4.5.2/httpmime-4.5.2.jar:/home/tharaka/.m2/repository/org/slf4j/slf4j-api/1.7.25/slf4j-api-1.7.25.jar:/home/tharaka/.m2/repository/com/google/code/gson/gson/2.8.5/gson-2.8.5.jar:/home/tharaka/.m2/repository/commons-codec/commons-codec/1.15/commons-codec-1.15.jar:/home/tharaka/.m2/repository/javax/validation/validation-api/2.0.1.Final/validation-api-2.0.1.Final.jar:/home/tharaka/.m2/repository/com/fasterxml/jackson/core/jackson-databind/2.11.4/jackson-databind-2.11.4.jar:/home/tharaka/.m2/repository/com/fasterxml/jackson/core/jackson-annotations/2.11.4/jackson-annotations-2.11.4.jar:/home/tharaka/.m2/repository/com/fasterxml/jackson/core/jackson-core/2.11.4/jackson-core-2.11.4.jar:/home/tharaka/.m2/repository/com/google/guava/guava/30.1-jre/guava-30.1-jre.jar:/home/tharaka/.m2/repository/com/google/guava/failureaccess/1.0.1/failureaccess-1.0.1.jar:/home/tharaka/.m2/repository/com/google/guava/listenablefuture/9999.0-empty-to-avoid-conflict-with-guava/listenablefuture-9999.0-empty-to-avoid-conflict-with-guava.jar:/home/tharaka/.m2/repository/com/google/code/findbugs/jsr305/3.0.2/jsr305-3.0.2.jar:/home/tharaka/.m2/repository/org/checkerframework/checker-qual/3.5.0/checker-qual-3.5.0.jar:/home/tharaka/.m2/repository/com/google/errorprone/error_prone_annotations/2.3.4/error_prone_annotations-2.3.4.jar:/home/tharaka/.m2/repository/com/google/j2objc/j2objc-annotations/1.3/j2objc-annotations-1.3.jar:/home/tharaka/.m2/repository/org/apache/tika/tika-core/1.22/tika-core-1.22.jar:/home/tharaka/.m2/repository/junit/junit/4.12/junit-4.12.jar:/home/tharaka/.m2/repository/org/hamcrest/hamcrest-core/1.3/hamcrest-core-1.3.jar:/home/tharaka/.m2/repository/org/mockito/mockito-core/3.2.0/mockito-core-3.2.0.jar:/home/tharaka/.m2/repository/net/bytebuddy/byte-buddy/1.10.3/byte-buddy-1.10.3.jar:/home/tharaka/.m2/repository/net/bytebuddy/byte-buddy-agent/1.10.3/byte-buddy-agent-1.10.3.jar:/home/tharaka/.m2/repository/org/objenesis/objenesis/2.6/objenesis-2.6.jar:/home/tharaka/.m2/repository/org/powermock/powermock-module-junit4/2.0.7/powermock-module-junit4-2.0.7.jar:/home/tharaka/.m2/repository/org/powermock/powermock-module-junit4-common/2.0.7/powermock-module-junit4-common-2.0.7.jar:/home/tharaka/.m2/repository/org/powermock/powermock-reflect/2.0.7/powermock-reflect-2.0.7.jar:/home/tharaka/.m2/repository/org/powermock/powermock-core/2.0.7/powermock-core-2.0.7.jar:/home/tharaka/.m2/repository/org/javassist/javassist/3.27.0-GA/javassist-3.27.0-GA.jar:/home/tharaka/.m2/repository/org/powermock/powermock-api-mockito2/2.0.7/powermock-api-mockito2-2.0.7.jar:/home/tharaka/.m2/repository/org/powermock/powermock-api-support/2.0.7/powermock-api-support-2.0.7.jar:/home/tharaka/.m2/repository/commons-io/commons-io/2.6/commons-io-2.6.jar:/home/tharaka/.m2/repository/io/railflow/testrail-client/2.1/testrail-client-2.1.jar:/home/tharaka/.m2/repository/io/railflow/testrail-client/2.1/testrail-client-2.1-tests.jar:/home/tharaka/.m2/repository/javax/xml/bind/jaxb-api/2.3.0/jaxb-api-2.3.0.jar:/home/tharaka/.m2/repository/com/sun/xml/bind/jaxb-core/2.3.0/jaxb-core-2.3.0.jar:/home/tharaka/.m2/repository/com/sun/xml/bind/jaxb-impl/2.3.0/jaxb-impl-2.3.0.jar:/home/tharaka/.m2/repository/javax/activation/activation/1.1.1/activation-1.1.1.jar:/home/tharaka/.m2/repository/io/qameta/allure/allure-plugin-api/2.13.10/allure-plugin-api-2.13.10.jar:/home/tharaka/.m2/repository/org/apache/commons/commons-csv/1.8/commons-csv-1.8.jar:/home/tharaka/.m2/repository/org/apache/commons/commons-collections4/4.4/commons-collections4-4.4.jar:/home/tharaka/.m2/repository/ch/qos/logback/logback-classic/1.2.3/logback-classic-1.2.3.jar:/home/tharaka/.m2/repository/ch/qos/logback/logback-core/1.2.3/logback-core-1.2.3.jar:"/>
    
    <property name="java.vm.vendor" value="Private Build"/>
    
    <property name="sun.arch.data.model" value="64"/>
    
    <property name="java.vendor.url" value="http://java.oracle.com/"/>
    
    <property name="user.timezone" value=""/>
    
    <property name="java.vm.specification.version" value="1.8"/>
    
    <property name="os.name" value="Linux"/>
    
    <property name="user.country" value="US"/>
    
    <property name="sun.java.launcher" value="SUN_STANDARD"/>
    
    <property name="sun.boot.library.path" value="/usr/lib/jvm/java-8-openjdk-amd64/jre/lib/amd64"/>
    
    <property name="sun.java.command" value="/home/tharaka/projects/agiletestware/teamcity_plugins/railflow-java/target/surefire/surefirebooter5615321071138040699.jar /home/tharaka/projects/agiletestware/teamcity_plugins/railflow-java/target/surefire 2022-02-04T09-29-42_375-jvmRun1 surefire3251150644889157875tmp surefire_03548316204226868521tmp"/>
    
    <property name="surefire.test.class.path" value="/home/tharaka/projects/agiletestware/teamcity_plugins/railflow-java/target/test-classes:/home/tharaka/projects/agiletestware/teamcity_plugins/railflow-java/target/classes:/home/tharaka/.m2/repository/io/railflow/license/1.0/license-1.0.jar:/home/tharaka/.m2/repository/io/railflow/commons/1.0/commons-1.0.jar:/home/tharaka/.m2/repository/org/apache/commons/commons-lang3/3.11/commons-lang3-3.11.jar:/home/tharaka/.m2/repository/org/apache/httpcomponents/httpclient/4.5.2/httpclient-4.5.2.jar:/home/tharaka/.m2/repository/org/apache/httpcomponents/httpcore/4.4.4/httpcore-4.4.4.jar:/home/tharaka/.m2/repository/commons-logging/commons-logging/1.2/commons-logging-1.2.jar:/home/tharaka/.m2/repository/org/apache/httpcomponents/httpmime/4.5.2/httpmime-4.5.2.jar:/home/tharaka/.m2/repository/org/slf4j/slf4j-api/1.7.25/slf4j-api-1.7.25.jar:/home/tharaka/.m2/repository/com/google/code/gson/gson/2.8.5/gson-2.8.5.jar:/home/tharaka/.m2/repository/commons-codec/commons-codec/1.15/commons-codec-1.15.jar:/home/tharaka/.m2/repository/javax/validation/validation-api/2.0.1.Final/validation-api-2.0.1.Final.jar:/home/tharaka/.m2/repository/com/fasterxml/jackson/core/jackson-databind/2.11.4/jackson-databind-2.11.4.jar:/home/tharaka/.m2/repository/com/fasterxml/jackson/core/jackson-annotations/2.11.4/jackson-annotations-2.11.4.jar:/home/tharaka/.m2/repository/com/fasterxml/jackson/core/jackson-core/2.11.4/jackson-core-2.11.4.jar:/home/tharaka/.m2/repository/com/google/guava/guava/30.1-jre/guava-30.1-jre.jar:/home/tharaka/.m2/repository/com/google/guava/failureaccess/1.0.1/failureaccess-1.0.1.jar:/home/tharaka/.m2/repository/com/google/guava/listenablefuture/9999.0-empty-to-avoid-conflict-with-guava/listenablefuture-9999.0-empty-to-avoid-conflict-with-guava.jar:/home/tharaka/.m2/repository/com/google/code/findbugs/jsr305/3.0.2/jsr305-3.0.2.jar:/home/tharaka/.m2/repository/org/checkerframework/checker-qual/3.5.0/checker-qual-3.5.0.jar:/home/tharaka/.m2/repository/com/google/errorprone/error_prone_annotations/2.3.4/error_prone_annotations-2.3.4.jar:/home/tharaka/.m2/repository/com/google/j2objc/j2objc-annotations/1.3/j2objc-annotations-1.3.jar:/home/tharaka/.m2/repository/org/apache/tika/tika-core/1.22/tika-core-1.22.jar:/home/tharaka/.m2/repository/junit/junit/4.12/junit-4.12.jar:/home/tharaka/.m2/repository/org/hamcrest/hamcrest-core/1.3/hamcrest-core-1.3.jar:/home/tharaka/.m2/repository/org/mockito/mockito-core/3.2.0/mockito-core-3.2.0.jar:/home/tharaka/.m2/repository/net/bytebuddy/byte-buddy/1.10.3/byte-buddy-1.10.3.jar:/home/tharaka/.m2/repository/net/bytebuddy/byte-buddy-agent/1.10.3/byte-buddy-agent-1.10.3.jar:/home/tharaka/.m2/repository/org/objenesis/objenesis/2.6/objenesis-2.6.jar:/home/tharaka/.m2/repository/org/powermock/powermock-module-junit4/2.0.7/powermock-module-junit4-2.0.7.jar:/home/tharaka/.m2/repository/org/powermock/powermock-module-junit4-common/2.0.7/powermock-module-junit4-common-2.0.7.jar:/home/tharaka/.m2/repository/org/powermock/powermock-reflect/2.0.7/powermock-reflect-2.0.7.jar:/home/tharaka/.m2/repository/org/powermock/powermock-core/2.0.7/powermock-core-2.0.7.jar:/home/tharaka/.m2/repository/org/javassist/javassist/3.27.0-GA/javassist-3.27.0-GA.jar:/home/tharaka/.m2/repository/org/powermock/powermock-api-mockito2/2.0.7/powermock-api-mockito2-2.0.7.jar:/home/tharaka/.m2/repository/org/powermock/powermock-api-support/2.0.7/powermock-api-support-2.0.7.jar:/home/tharaka/.m2/repository/commons-io/commons-io/2.6/commons-io-2.6.jar:/home/tharaka/.m2/repository/io/railflow/testrail-client/2.1/testrail-client-2.1.jar:/home/tharaka/.m2/repository/io/railflow/testrail-client/2.1/testrail-client-2.1-tests.jar:/home/tharaka/.m2/repository/javax/xml/bind/jaxb-api/2.3.0/jaxb-api-2.3.0.jar:/home/tharaka/.m2/repository/com/sun/xml/bind/jaxb-core/2.3.0/jaxb-core-2.3.0.jar:/home/tharaka/.m2/repository/com/sun/xml/bind/jaxb-impl/2.3.0/jaxb-impl-2.3.0.jar:/home/tharaka/.m2/repository/javax/activation/activation/1.1.1/activation-1.1.1.jar:/home/tharaka/.m2/repository/io/qameta/allure/allure-plugin-api/2.13.10/allure-plugin-api-2.13.10.jar:/home/tharaka/.m2/repository/org/apache/commons/commons-csv/1.8/commons-csv-1.8.jar:/home/tharaka/.m2/repository/org/apache/commons/commons-collections4/4.4/commons-collections4-4.4.jar:/home/tharaka/.m2/repository/ch/qos/logback/logback-classic/1.2.3/logback-classic-1.2.3.jar:/home/tharaka/.m2/repository/ch/qos/logback/logback-core/1.2.3/logback-core-1.2.3.jar:"/>
    
    <property name="sun.cpu.endian" value="little"/>
    
    <property name="user.home" value="/home/tharaka"/>
    
    <property name="user.language" value="en"/>
    
    <property name="java.specification.vendor" value="Oracle Corporation"/>
    
    <property name="java.home" value="/usr/lib/jvm/java-8-openjdk-amd64/jre"/>
    
    <property name="basedir" value="/home/tharaka/projects/agiletestware/teamcity_plugins/railflow-java"/>
    
    <property name="file.separator" value="/"/>
    
    <property name="line.separator" value="
"/>
    
    <property name="java.vm.specification.vendor" value="Oracle Corporation"/>
    
    <property name="java.specification.name" value="Java Platform API Specification"/>
    
    <property name="java.awt.graphicsenv" value="sun.awt.X11GraphicsEnvironment"/>
    
    <property name="surefire.real.class.path" value="/home/tharaka/projects/agiletestware/teamcity_plugins/railflow-java/target/surefire/surefirebooter5615321071138040699.jar:/home/tharaka/.m2/repository/org/jacoco/org.jacoco.agent/0.8.2/org.jacoco.agent-0.8.2-runtime.jar"/>
    
    <property name="sun.boot.class.path" value="/usr/lib/jvm/java-8-openjdk-amd64/jre/lib/resources.jar:/usr/lib/jvm/java-8-openjdk-amd64/jre/lib/rt.jar:/usr/lib/jvm/java-8-openjdk-amd64/jre/lib/sunrsasign.jar:/usr/lib/jvm/java-8-openjdk-amd64/jre/lib/jsse.jar:/usr/lib/jvm/java-8-openjdk-amd64/jre/lib/jce.jar:/usr/lib/jvm/java-8-openjdk-amd64/jre/lib/charsets.jar:/usr/lib/jvm/java-8-openjdk-amd64/jre/lib/jfr.jar:/usr/lib/jvm/java-8-openjdk-amd64/jre/classes"/>
    
    <property name="sun.management.compiler" value="HotSpot 64-Bit Tiered Compilers"/>
    
    <property name="java.runtime.version" value="1.8.0_312-8u312-b07-0ubuntu1~20.04-b07"/>
    
    <property name="user.name" value="tharaka"/>
    
    <property name="path.separator" value=":"/>
    
    <property name="os.version" value="5.13.0-28-generic"/>
    
    <property name="java.endorsed.dirs" value="/usr/lib/jvm/java-8-openjdk-amd64/jre/lib/endorsed"/>
    
    <property name="java.runtime.name" value="OpenJDK Runtime Environment"/>
    
    <property name="file.encoding" value="UTF-8"/>
    
    <property name="java.vm.name" value="OpenJDK 64-Bit Server VM"/>
    
    <property name="localRepository" value="/home/tharaka/.m2/repository"/>
    
    <property name="java.vendor.url.bug" value="http://bugreport.sun.com/bugreport/"/>
    
    <property name="java.io.tmpdir" value="/tmp"/>
    
    <property name="java.version" value="1.8.0_312"/>
    
    <property name="user.dir" value="/home/tharaka/projects/agiletestware/teamcity_plugins/railflow-java"/>
    
    <property name="os.arch" value="amd64"/>
    
    <property name="java.vm.specification.name" value="Java Virtual Machine Specification"/>
    
    <property name="java.awt.printerjob" value="sun.print.PSPrinterJob"/>
    
    <property name="sun.os.patch.level" value="unknown"/>
    
    <property name="java.library.path" value="/usr/java/packages/lib/amd64:/usr/lib/x86_64-linux-gnu/jni:/lib/x86_64-linux-gnu:/usr/lib/x86_64-linux-gnu:/usr/lib/jni:/lib:/usr/lib"/>
    
    <property name="java.vm.info" value="mixed mode"/>
    
    <property name="java.vendor" value="Private Build"/>
    
    <property name="java.vm.version" value="25.312-b07"/>
    
    <property name="java.ext.dirs" value="/usr/lib/jvm/java-8-openjdk-amd64/jre/lib/ext:/usr/java/packages/lib/ext"/>
    
    <property name="sun.io.unicode.encoding" value="UnicodeLittle"/>
    
    <property name="java.class.version" value="52.0"/>
    
  </properties>
  
  <testcase name="createProjectFailWithEmptyTestPathTest" classname="io.railflow.testreport.robot.RobotModelCreatorTest" time="0.02"/>
  
  <testcase name="createProjectPassWithOnlySuiteNameTest" classname="io.railflow.testreport.robot.RobotModelCreatorTest" time="0.014"/>
  
  <testcase name="createProjectPassWithSkippedStatusTest" classname="io.railflow.testreport.robot.RobotModelCreatorTest" time="0.021"/>
  
  <testcase name="createProjectPassWithErrorStatusTest" classname="io.railflow.testreport.robot.RobotModelCreatorTest" time="0.019"/>
  
  <testcase name="createProjectPassWithFailureStatusTest" classname="io.railflow.testreport.robot.RobotModelCreatorTest" time="0.047"/>
  
  <testcase name="createProjectPassWithPassedStatusTest" classname="io.railflow.testreport.robot.RobotModelCreatorTest" time="0.03"/>
  
  <testcase name="createProjectFailWithTestPathErrorFormatTest" classname="io.railflow.testreport.robot.RobotModelCreatorTest" time="0.012"/>
  
  <testcase name="createProjectFromMultipleFiles" classname="io.railflow.testreport.robot.RobotModelCreatorTest" time="0.021"/>
  
</testsuite>
<testsuite xmlns:xsi="http://www.w3.org/2001/XMLSchema-instance" xsi:noNamespaceSchemaLocation="https://maven.apache.org/surefire/maven-surefire-plugin/xsd/surefire-test-report.xsd" name="io.railflow.testreport.testng.AbstractStepCreatorTest" time="0.053" tests="9" errors="0" skipped="0" failures="0">
  
  <properties>
    
    <property name="sun.desktop" value="gnome"/>
    
    <property name="awt.toolkit" value="sun.awt.X11.XToolkit"/>
    
    <property name="file.encoding.pkg" value="sun.io"/>
    
    <property name="java.specification.version" value="1.8"/>
    
    <property name="sun.cpu.isalist" value=""/>
    
    <property name="sun.jnu.encoding" value="UTF-8"/>
    
    <property name="java.class.path" value="/home/tharaka/projects/agiletestware/teamcity_plugins/railflow-java/target/test-classes:/home/tharaka/projects/agiletestware/teamcity_plugins/railflow-java/target/classes:/home/tharaka/.m2/repository/io/railflow/license/1.0/license-1.0.jar:/home/tharaka/.m2/repository/io/railflow/commons/1.0/commons-1.0.jar:/home/tharaka/.m2/repository/org/apache/commons/commons-lang3/3.11/commons-lang3-3.11.jar:/home/tharaka/.m2/repository/org/apache/httpcomponents/httpclient/4.5.2/httpclient-4.5.2.jar:/home/tharaka/.m2/repository/org/apache/httpcomponents/httpcore/4.4.4/httpcore-4.4.4.jar:/home/tharaka/.m2/repository/commons-logging/commons-logging/1.2/commons-logging-1.2.jar:/home/tharaka/.m2/repository/org/apache/httpcomponents/httpmime/4.5.2/httpmime-4.5.2.jar:/home/tharaka/.m2/repository/org/slf4j/slf4j-api/1.7.25/slf4j-api-1.7.25.jar:/home/tharaka/.m2/repository/com/google/code/gson/gson/2.8.5/gson-2.8.5.jar:/home/tharaka/.m2/repository/commons-codec/commons-codec/1.15/commons-codec-1.15.jar:/home/tharaka/.m2/repository/javax/validation/validation-api/2.0.1.Final/validation-api-2.0.1.Final.jar:/home/tharaka/.m2/repository/com/fasterxml/jackson/core/jackson-databind/2.11.4/jackson-databind-2.11.4.jar:/home/tharaka/.m2/repository/com/fasterxml/jackson/core/jackson-annotations/2.11.4/jackson-annotations-2.11.4.jar:/home/tharaka/.m2/repository/com/fasterxml/jackson/core/jackson-core/2.11.4/jackson-core-2.11.4.jar:/home/tharaka/.m2/repository/com/google/guava/guava/30.1-jre/guava-30.1-jre.jar:/home/tharaka/.m2/repository/com/google/guava/failureaccess/1.0.1/failureaccess-1.0.1.jar:/home/tharaka/.m2/repository/com/google/guava/listenablefuture/9999.0-empty-to-avoid-conflict-with-guava/listenablefuture-9999.0-empty-to-avoid-conflict-with-guava.jar:/home/tharaka/.m2/repository/com/google/code/findbugs/jsr305/3.0.2/jsr305-3.0.2.jar:/home/tharaka/.m2/repository/org/checkerframework/checker-qual/3.5.0/checker-qual-3.5.0.jar:/home/tharaka/.m2/repository/com/google/errorprone/error_prone_annotations/2.3.4/error_prone_annotations-2.3.4.jar:/home/tharaka/.m2/repository/com/google/j2objc/j2objc-annotations/1.3/j2objc-annotations-1.3.jar:/home/tharaka/.m2/repository/org/apache/tika/tika-core/1.22/tika-core-1.22.jar:/home/tharaka/.m2/repository/junit/junit/4.12/junit-4.12.jar:/home/tharaka/.m2/repository/org/hamcrest/hamcrest-core/1.3/hamcrest-core-1.3.jar:/home/tharaka/.m2/repository/org/mockito/mockito-core/3.2.0/mockito-core-3.2.0.jar:/home/tharaka/.m2/repository/net/bytebuddy/byte-buddy/1.10.3/byte-buddy-1.10.3.jar:/home/tharaka/.m2/repository/net/bytebuddy/byte-buddy-agent/1.10.3/byte-buddy-agent-1.10.3.jar:/home/tharaka/.m2/repository/org/objenesis/objenesis/2.6/objenesis-2.6.jar:/home/tharaka/.m2/repository/org/powermock/powermock-module-junit4/2.0.7/powermock-module-junit4-2.0.7.jar:/home/tharaka/.m2/repository/org/powermock/powermock-module-junit4-common/2.0.7/powermock-module-junit4-common-2.0.7.jar:/home/tharaka/.m2/repository/org/powermock/powermock-reflect/2.0.7/powermock-reflect-2.0.7.jar:/home/tharaka/.m2/repository/org/powermock/powermock-core/2.0.7/powermock-core-2.0.7.jar:/home/tharaka/.m2/repository/org/javassist/javassist/3.27.0-GA/javassist-3.27.0-GA.jar:/home/tharaka/.m2/repository/org/powermock/powermock-api-mockito2/2.0.7/powermock-api-mockito2-2.0.7.jar:/home/tharaka/.m2/repository/org/powermock/powermock-api-support/2.0.7/powermock-api-support-2.0.7.jar:/home/tharaka/.m2/repository/commons-io/commons-io/2.6/commons-io-2.6.jar:/home/tharaka/.m2/repository/io/railflow/testrail-client/2.1/testrail-client-2.1.jar:/home/tharaka/.m2/repository/io/railflow/testrail-client/2.1/testrail-client-2.1-tests.jar:/home/tharaka/.m2/repository/javax/xml/bind/jaxb-api/2.3.0/jaxb-api-2.3.0.jar:/home/tharaka/.m2/repository/com/sun/xml/bind/jaxb-core/2.3.0/jaxb-core-2.3.0.jar:/home/tharaka/.m2/repository/com/sun/xml/bind/jaxb-impl/2.3.0/jaxb-impl-2.3.0.jar:/home/tharaka/.m2/repository/javax/activation/activation/1.1.1/activation-1.1.1.jar:/home/tharaka/.m2/repository/io/qameta/allure/allure-plugin-api/2.13.10/allure-plugin-api-2.13.10.jar:/home/tharaka/.m2/repository/org/apache/commons/commons-csv/1.8/commons-csv-1.8.jar:/home/tharaka/.m2/repository/org/apache/commons/commons-collections4/4.4/commons-collections4-4.4.jar:/home/tharaka/.m2/repository/ch/qos/logback/logback-classic/1.2.3/logback-classic-1.2.3.jar:/home/tharaka/.m2/repository/ch/qos/logback/logback-core/1.2.3/logback-core-1.2.3.jar:"/>
    
    <property name="java.vm.vendor" value="Private Build"/>
    
    <property name="sun.arch.data.model" value="64"/>
    
    <property name="java.vendor.url" value="http://java.oracle.com/"/>
    
    <property name="user.timezone" value=""/>
    
    <property name="java.vm.specification.version" value="1.8"/>
    
    <property name="os.name" value="Linux"/>
    
    <property name="user.country" value="US"/>
    
    <property name="sun.java.launcher" value="SUN_STANDARD"/>
    
    <property name="sun.boot.library.path" value="/usr/lib/jvm/java-8-openjdk-amd64/jre/lib/amd64"/>
    
    <property name="sun.java.command" value="/home/tharaka/projects/agiletestware/teamcity_plugins/railflow-java/target/surefire/surefirebooter5615321071138040699.jar /home/tharaka/projects/agiletestware/teamcity_plugins/railflow-java/target/surefire 2022-02-04T09-29-42_375-jvmRun1 surefire3251150644889157875tmp surefire_03548316204226868521tmp"/>
    
    <property name="surefire.test.class.path" value="/home/tharaka/projects/agiletestware/teamcity_plugins/railflow-java/target/test-classes:/home/tharaka/projects/agiletestware/teamcity_plugins/railflow-java/target/classes:/home/tharaka/.m2/repository/io/railflow/license/1.0/license-1.0.jar:/home/tharaka/.m2/repository/io/railflow/commons/1.0/commons-1.0.jar:/home/tharaka/.m2/repository/org/apache/commons/commons-lang3/3.11/commons-lang3-3.11.jar:/home/tharaka/.m2/repository/org/apache/httpcomponents/httpclient/4.5.2/httpclient-4.5.2.jar:/home/tharaka/.m2/repository/org/apache/httpcomponents/httpcore/4.4.4/httpcore-4.4.4.jar:/home/tharaka/.m2/repository/commons-logging/commons-logging/1.2/commons-logging-1.2.jar:/home/tharaka/.m2/repository/org/apache/httpcomponents/httpmime/4.5.2/httpmime-4.5.2.jar:/home/tharaka/.m2/repository/org/slf4j/slf4j-api/1.7.25/slf4j-api-1.7.25.jar:/home/tharaka/.m2/repository/com/google/code/gson/gson/2.8.5/gson-2.8.5.jar:/home/tharaka/.m2/repository/commons-codec/commons-codec/1.15/commons-codec-1.15.jar:/home/tharaka/.m2/repository/javax/validation/validation-api/2.0.1.Final/validation-api-2.0.1.Final.jar:/home/tharaka/.m2/repository/com/fasterxml/jackson/core/jackson-databind/2.11.4/jackson-databind-2.11.4.jar:/home/tharaka/.m2/repository/com/fasterxml/jackson/core/jackson-annotations/2.11.4/jackson-annotations-2.11.4.jar:/home/tharaka/.m2/repository/com/fasterxml/jackson/core/jackson-core/2.11.4/jackson-core-2.11.4.jar:/home/tharaka/.m2/repository/com/google/guava/guava/30.1-jre/guava-30.1-jre.jar:/home/tharaka/.m2/repository/com/google/guava/failureaccess/1.0.1/failureaccess-1.0.1.jar:/home/tharaka/.m2/repository/com/google/guava/listenablefuture/9999.0-empty-to-avoid-conflict-with-guava/listenablefuture-9999.0-empty-to-avoid-conflict-with-guava.jar:/home/tharaka/.m2/repository/com/google/code/findbugs/jsr305/3.0.2/jsr305-3.0.2.jar:/home/tharaka/.m2/repository/org/checkerframework/checker-qual/3.5.0/checker-qual-3.5.0.jar:/home/tharaka/.m2/repository/com/google/errorprone/error_prone_annotations/2.3.4/error_prone_annotations-2.3.4.jar:/home/tharaka/.m2/repository/com/google/j2objc/j2objc-annotations/1.3/j2objc-annotations-1.3.jar:/home/tharaka/.m2/repository/org/apache/tika/tika-core/1.22/tika-core-1.22.jar:/home/tharaka/.m2/repository/junit/junit/4.12/junit-4.12.jar:/home/tharaka/.m2/repository/org/hamcrest/hamcrest-core/1.3/hamcrest-core-1.3.jar:/home/tharaka/.m2/repository/org/mockito/mockito-core/3.2.0/mockito-core-3.2.0.jar:/home/tharaka/.m2/repository/net/bytebuddy/byte-buddy/1.10.3/byte-buddy-1.10.3.jar:/home/tharaka/.m2/repository/net/bytebuddy/byte-buddy-agent/1.10.3/byte-buddy-agent-1.10.3.jar:/home/tharaka/.m2/repository/org/objenesis/objenesis/2.6/objenesis-2.6.jar:/home/tharaka/.m2/repository/org/powermock/powermock-module-junit4/2.0.7/powermock-module-junit4-2.0.7.jar:/home/tharaka/.m2/repository/org/powermock/powermock-module-junit4-common/2.0.7/powermock-module-junit4-common-2.0.7.jar:/home/tharaka/.m2/repository/org/powermock/powermock-reflect/2.0.7/powermock-reflect-2.0.7.jar:/home/tharaka/.m2/repository/org/powermock/powermock-core/2.0.7/powermock-core-2.0.7.jar:/home/tharaka/.m2/repository/org/javassist/javassist/3.27.0-GA/javassist-3.27.0-GA.jar:/home/tharaka/.m2/repository/org/powermock/powermock-api-mockito2/2.0.7/powermock-api-mockito2-2.0.7.jar:/home/tharaka/.m2/repository/org/powermock/powermock-api-support/2.0.7/powermock-api-support-2.0.7.jar:/home/tharaka/.m2/repository/commons-io/commons-io/2.6/commons-io-2.6.jar:/home/tharaka/.m2/repository/io/railflow/testrail-client/2.1/testrail-client-2.1.jar:/home/tharaka/.m2/repository/io/railflow/testrail-client/2.1/testrail-client-2.1-tests.jar:/home/tharaka/.m2/repository/javax/xml/bind/jaxb-api/2.3.0/jaxb-api-2.3.0.jar:/home/tharaka/.m2/repository/com/sun/xml/bind/jaxb-core/2.3.0/jaxb-core-2.3.0.jar:/home/tharaka/.m2/repository/com/sun/xml/bind/jaxb-impl/2.3.0/jaxb-impl-2.3.0.jar:/home/tharaka/.m2/repository/javax/activation/activation/1.1.1/activation-1.1.1.jar:/home/tharaka/.m2/repository/io/qameta/allure/allure-plugin-api/2.13.10/allure-plugin-api-2.13.10.jar:/home/tharaka/.m2/repository/org/apache/commons/commons-csv/1.8/commons-csv-1.8.jar:/home/tharaka/.m2/repository/org/apache/commons/commons-collections4/4.4/commons-collections4-4.4.jar:/home/tharaka/.m2/repository/ch/qos/logback/logback-classic/1.2.3/logback-classic-1.2.3.jar:/home/tharaka/.m2/repository/ch/qos/logback/logback-core/1.2.3/logback-core-1.2.3.jar:"/>
    
    <property name="sun.cpu.endian" value="little"/>
    
    <property name="user.home" value="/home/tharaka"/>
    
    <property name="user.language" value="en"/>
    
    <property name="java.specification.vendor" value="Oracle Corporation"/>
    
    <property name="java.home" value="/usr/lib/jvm/java-8-openjdk-amd64/jre"/>
    
    <property name="basedir" value="/home/tharaka/projects/agiletestware/teamcity_plugins/railflow-java"/>
    
    <property name="file.separator" value="/"/>
    
    <property name="line.separator" value="
"/>
    
    <property name="java.vm.specification.vendor" value="Oracle Corporation"/>
    
    <property name="java.specification.name" value="Java Platform API Specification"/>
    
    <property name="java.awt.graphicsenv" value="sun.awt.X11GraphicsEnvironment"/>
    
    <property name="surefire.real.class.path" value="/home/tharaka/projects/agiletestware/teamcity_plugins/railflow-java/target/surefire/surefirebooter5615321071138040699.jar:/home/tharaka/.m2/repository/org/jacoco/org.jacoco.agent/0.8.2/org.jacoco.agent-0.8.2-runtime.jar"/>
    
    <property name="sun.boot.class.path" value="/usr/lib/jvm/java-8-openjdk-amd64/jre/lib/resources.jar:/usr/lib/jvm/java-8-openjdk-amd64/jre/lib/rt.jar:/usr/lib/jvm/java-8-openjdk-amd64/jre/lib/sunrsasign.jar:/usr/lib/jvm/java-8-openjdk-amd64/jre/lib/jsse.jar:/usr/lib/jvm/java-8-openjdk-amd64/jre/lib/jce.jar:/usr/lib/jvm/java-8-openjdk-amd64/jre/lib/charsets.jar:/usr/lib/jvm/java-8-openjdk-amd64/jre/lib/jfr.jar:/usr/lib/jvm/java-8-openjdk-amd64/jre/classes"/>
    
    <property name="sun.management.compiler" value="HotSpot 64-Bit Tiered Compilers"/>
    
    <property name="java.runtime.version" value="1.8.0_312-8u312-b07-0ubuntu1~20.04-b07"/>
    
    <property name="user.name" value="tharaka"/>
    
    <property name="path.separator" value=":"/>
    
    <property name="os.version" value="5.13.0-28-generic"/>
    
    <property name="java.endorsed.dirs" value="/usr/lib/jvm/java-8-openjdk-amd64/jre/lib/endorsed"/>
    
    <property name="java.runtime.name" value="OpenJDK Runtime Environment"/>
    
    <property name="file.encoding" value="UTF-8"/>
    
    <property name="java.vm.name" value="OpenJDK 64-Bit Server VM"/>
    
    <property name="localRepository" value="/home/tharaka/.m2/repository"/>
    
    <property name="java.vendor.url.bug" value="http://bugreport.sun.com/bugreport/"/>
    
    <property name="java.io.tmpdir" value="/tmp"/>
    
    <property name="java.version" value="1.8.0_312"/>
    
    <property name="user.dir" value="/home/tharaka/projects/agiletestware/teamcity_plugins/railflow-java"/>
    
    <property name="os.arch" value="amd64"/>
    
    <property name="java.vm.specification.name" value="Java Virtual Machine Specification"/>
    
    <property name="java.awt.printerjob" value="sun.print.PSPrinterJob"/>
    
    <property name="sun.os.patch.level" value="unknown"/>
    
    <property name="java.library.path" value="/usr/java/packages/lib/amd64:/usr/lib/x86_64-linux-gnu/jni:/lib/x86_64-linux-gnu:/usr/lib/x86_64-linux-gnu:/usr/lib/jni:/lib:/usr/lib"/>
    
    <property name="java.vm.info" value="mixed mode"/>
    
    <property name="java.vendor" value="Private Build"/>
    
    <property name="java.vm.version" value="25.312-b07"/>
    
    <property name="java.ext.dirs" value="/usr/lib/jvm/java-8-openjdk-amd64/jre/lib/ext:/usr/java/packages/lib/ext"/>
    
    <property name="sun.io.unicode.encoding" value="UnicodeLittle"/>
    
    <property name="java.class.version" value="52.0"/>
    
  </properties>
  
  <testcase name="create_with_params_and_exception" classname="io.railflow.testreport.testng.AbstractStepCreatorTest" time="0"/>
  
  <testcase name="create_with_attachments" classname="io.railflow.testreport.testng.AbstractStepCreatorTest" time="0.015"/>
  
  <testcase name="create_unknown" classname="io.railflow.testreport.testng.AbstractStepCreatorTest" time="0"/>
  
  <testcase name="create_fail" classname="io.railflow.testreport.testng.AbstractStepCreatorTest" time="0.008"/>
  
  <testcase name="create_null" classname="io.railflow.testreport.testng.AbstractStepCreatorTest" time="0"/>
  
  <testcase name="create_pass" classname="io.railflow.testreport.testng.AbstractStepCreatorTest" time="0"/>
  
  <testcase name="create_skip" classname="io.railflow.testreport.testng.AbstractStepCreatorTest" time="0.016"/>
  
  <testcase name="create_with_missing_attachment" classname="io.railflow.testreport.testng.AbstractStepCreatorTest" time="0.004"/>
  
  <testcase name="create_with_params" classname="io.railflow.testreport.testng.AbstractStepCreatorTest" time="0.004"/>
  
</testsuite>
<testsuite xmlns:xsi="http://www.w3.org/2001/XMLSchema-instance" xsi:noNamespaceSchemaLocation="https://maven.apache.org/surefire/maven-surefire-plugin/xsd/surefire-test-report.xsd" name="io.railflow.testreport.testng.DynamicNameStepCreatorTest" time="0.003" tests="2" errors="0" skipped="0" failures="0">
  
  <properties>
    
    <property name="sun.desktop" value="gnome"/>
    
    <property name="awt.toolkit" value="sun.awt.X11.XToolkit"/>
    
    <property name="file.encoding.pkg" value="sun.io"/>
    
    <property name="java.specification.version" value="1.8"/>
    
    <property name="sun.cpu.isalist" value=""/>
    
    <property name="sun.jnu.encoding" value="UTF-8"/>
    
    <property name="java.class.path" value="/home/tharaka/projects/agiletestware/teamcity_plugins/railflow-java/target/test-classes:/home/tharaka/projects/agiletestware/teamcity_plugins/railflow-java/target/classes:/home/tharaka/.m2/repository/io/railflow/license/1.0/license-1.0.jar:/home/tharaka/.m2/repository/io/railflow/commons/1.0/commons-1.0.jar:/home/tharaka/.m2/repository/org/apache/commons/commons-lang3/3.11/commons-lang3-3.11.jar:/home/tharaka/.m2/repository/org/apache/httpcomponents/httpclient/4.5.2/httpclient-4.5.2.jar:/home/tharaka/.m2/repository/org/apache/httpcomponents/httpcore/4.4.4/httpcore-4.4.4.jar:/home/tharaka/.m2/repository/commons-logging/commons-logging/1.2/commons-logging-1.2.jar:/home/tharaka/.m2/repository/org/apache/httpcomponents/httpmime/4.5.2/httpmime-4.5.2.jar:/home/tharaka/.m2/repository/org/slf4j/slf4j-api/1.7.25/slf4j-api-1.7.25.jar:/home/tharaka/.m2/repository/com/google/code/gson/gson/2.8.5/gson-2.8.5.jar:/home/tharaka/.m2/repository/commons-codec/commons-codec/1.15/commons-codec-1.15.jar:/home/tharaka/.m2/repository/javax/validation/validation-api/2.0.1.Final/validation-api-2.0.1.Final.jar:/home/tharaka/.m2/repository/com/fasterxml/jackson/core/jackson-databind/2.11.4/jackson-databind-2.11.4.jar:/home/tharaka/.m2/repository/com/fasterxml/jackson/core/jackson-annotations/2.11.4/jackson-annotations-2.11.4.jar:/home/tharaka/.m2/repository/com/fasterxml/jackson/core/jackson-core/2.11.4/jackson-core-2.11.4.jar:/home/tharaka/.m2/repository/com/google/guava/guava/30.1-jre/guava-30.1-jre.jar:/home/tharaka/.m2/repository/com/google/guava/failureaccess/1.0.1/failureaccess-1.0.1.jar:/home/tharaka/.m2/repository/com/google/guava/listenablefuture/9999.0-empty-to-avoid-conflict-with-guava/listenablefuture-9999.0-empty-to-avoid-conflict-with-guava.jar:/home/tharaka/.m2/repository/com/google/code/findbugs/jsr305/3.0.2/jsr305-3.0.2.jar:/home/tharaka/.m2/repository/org/checkerframework/checker-qual/3.5.0/checker-qual-3.5.0.jar:/home/tharaka/.m2/repository/com/google/errorprone/error_prone_annotations/2.3.4/error_prone_annotations-2.3.4.jar:/home/tharaka/.m2/repository/com/google/j2objc/j2objc-annotations/1.3/j2objc-annotations-1.3.jar:/home/tharaka/.m2/repository/org/apache/tika/tika-core/1.22/tika-core-1.22.jar:/home/tharaka/.m2/repository/junit/junit/4.12/junit-4.12.jar:/home/tharaka/.m2/repository/org/hamcrest/hamcrest-core/1.3/hamcrest-core-1.3.jar:/home/tharaka/.m2/repository/org/mockito/mockito-core/3.2.0/mockito-core-3.2.0.jar:/home/tharaka/.m2/repository/net/bytebuddy/byte-buddy/1.10.3/byte-buddy-1.10.3.jar:/home/tharaka/.m2/repository/net/bytebuddy/byte-buddy-agent/1.10.3/byte-buddy-agent-1.10.3.jar:/home/tharaka/.m2/repository/org/objenesis/objenesis/2.6/objenesis-2.6.jar:/home/tharaka/.m2/repository/org/powermock/powermock-module-junit4/2.0.7/powermock-module-junit4-2.0.7.jar:/home/tharaka/.m2/repository/org/powermock/powermock-module-junit4-common/2.0.7/powermock-module-junit4-common-2.0.7.jar:/home/tharaka/.m2/repository/org/powermock/powermock-reflect/2.0.7/powermock-reflect-2.0.7.jar:/home/tharaka/.m2/repository/org/powermock/powermock-core/2.0.7/powermock-core-2.0.7.jar:/home/tharaka/.m2/repository/org/javassist/javassist/3.27.0-GA/javassist-3.27.0-GA.jar:/home/tharaka/.m2/repository/org/powermock/powermock-api-mockito2/2.0.7/powermock-api-mockito2-2.0.7.jar:/home/tharaka/.m2/repository/org/powermock/powermock-api-support/2.0.7/powermock-api-support-2.0.7.jar:/home/tharaka/.m2/repository/commons-io/commons-io/2.6/commons-io-2.6.jar:/home/tharaka/.m2/repository/io/railflow/testrail-client/2.1/testrail-client-2.1.jar:/home/tharaka/.m2/repository/io/railflow/testrail-client/2.1/testrail-client-2.1-tests.jar:/home/tharaka/.m2/repository/javax/xml/bind/jaxb-api/2.3.0/jaxb-api-2.3.0.jar:/home/tharaka/.m2/repository/com/sun/xml/bind/jaxb-core/2.3.0/jaxb-core-2.3.0.jar:/home/tharaka/.m2/repository/com/sun/xml/bind/jaxb-impl/2.3.0/jaxb-impl-2.3.0.jar:/home/tharaka/.m2/repository/javax/activation/activation/1.1.1/activation-1.1.1.jar:/home/tharaka/.m2/repository/io/qameta/allure/allure-plugin-api/2.13.10/allure-plugin-api-2.13.10.jar:/home/tharaka/.m2/repository/org/apache/commons/commons-csv/1.8/commons-csv-1.8.jar:/home/tharaka/.m2/repository/org/apache/commons/commons-collections4/4.4/commons-collections4-4.4.jar:/home/tharaka/.m2/repository/ch/qos/logback/logback-classic/1.2.3/logback-classic-1.2.3.jar:/home/tharaka/.m2/repository/ch/qos/logback/logback-core/1.2.3/logback-core-1.2.3.jar:"/>
    
    <property name="java.vm.vendor" value="Private Build"/>
    
    <property name="sun.arch.data.model" value="64"/>
    
    <property name="java.vendor.url" value="http://java.oracle.com/"/>
    
    <property name="user.timezone" value=""/>
    
    <property name="java.vm.specification.version" value="1.8"/>
    
    <property name="os.name" value="Linux"/>
    
    <property name="user.country" value="US"/>
    
    <property name="sun.java.launcher" value="SUN_STANDARD"/>
    
    <property name="sun.boot.library.path" value="/usr/lib/jvm/java-8-openjdk-amd64/jre/lib/amd64"/>
    
    <property name="sun.java.command" value="/home/tharaka/projects/agiletestware/teamcity_plugins/railflow-java/target/surefire/surefirebooter5615321071138040699.jar /home/tharaka/projects/agiletestware/teamcity_plugins/railflow-java/target/surefire 2022-02-04T09-29-42_375-jvmRun1 surefire3251150644889157875tmp surefire_03548316204226868521tmp"/>
    
    <property name="surefire.test.class.path" value="/home/tharaka/projects/agiletestware/teamcity_plugins/railflow-java/target/test-classes:/home/tharaka/projects/agiletestware/teamcity_plugins/railflow-java/target/classes:/home/tharaka/.m2/repository/io/railflow/license/1.0/license-1.0.jar:/home/tharaka/.m2/repository/io/railflow/commons/1.0/commons-1.0.jar:/home/tharaka/.m2/repository/org/apache/commons/commons-lang3/3.11/commons-lang3-3.11.jar:/home/tharaka/.m2/repository/org/apache/httpcomponents/httpclient/4.5.2/httpclient-4.5.2.jar:/home/tharaka/.m2/repository/org/apache/httpcomponents/httpcore/4.4.4/httpcore-4.4.4.jar:/home/tharaka/.m2/repository/commons-logging/commons-logging/1.2/commons-logging-1.2.jar:/home/tharaka/.m2/repository/org/apache/httpcomponents/httpmime/4.5.2/httpmime-4.5.2.jar:/home/tharaka/.m2/repository/org/slf4j/slf4j-api/1.7.25/slf4j-api-1.7.25.jar:/home/tharaka/.m2/repository/com/google/code/gson/gson/2.8.5/gson-2.8.5.jar:/home/tharaka/.m2/repository/commons-codec/commons-codec/1.15/commons-codec-1.15.jar:/home/tharaka/.m2/repository/javax/validation/validation-api/2.0.1.Final/validation-api-2.0.1.Final.jar:/home/tharaka/.m2/repository/com/fasterxml/jackson/core/jackson-databind/2.11.4/jackson-databind-2.11.4.jar:/home/tharaka/.m2/repository/com/fasterxml/jackson/core/jackson-annotations/2.11.4/jackson-annotations-2.11.4.jar:/home/tharaka/.m2/repository/com/fasterxml/jackson/core/jackson-core/2.11.4/jackson-core-2.11.4.jar:/home/tharaka/.m2/repository/com/google/guava/guava/30.1-jre/guava-30.1-jre.jar:/home/tharaka/.m2/repository/com/google/guava/failureaccess/1.0.1/failureaccess-1.0.1.jar:/home/tharaka/.m2/repository/com/google/guava/listenablefuture/9999.0-empty-to-avoid-conflict-with-guava/listenablefuture-9999.0-empty-to-avoid-conflict-with-guava.jar:/home/tharaka/.m2/repository/com/google/code/findbugs/jsr305/3.0.2/jsr305-3.0.2.jar:/home/tharaka/.m2/repository/org/checkerframework/checker-qual/3.5.0/checker-qual-3.5.0.jar:/home/tharaka/.m2/repository/com/google/errorprone/error_prone_annotations/2.3.4/error_prone_annotations-2.3.4.jar:/home/tharaka/.m2/repository/com/google/j2objc/j2objc-annotations/1.3/j2objc-annotations-1.3.jar:/home/tharaka/.m2/repository/org/apache/tika/tika-core/1.22/tika-core-1.22.jar:/home/tharaka/.m2/repository/junit/junit/4.12/junit-4.12.jar:/home/tharaka/.m2/repository/org/hamcrest/hamcrest-core/1.3/hamcrest-core-1.3.jar:/home/tharaka/.m2/repository/org/mockito/mockito-core/3.2.0/mockito-core-3.2.0.jar:/home/tharaka/.m2/repository/net/bytebuddy/byte-buddy/1.10.3/byte-buddy-1.10.3.jar:/home/tharaka/.m2/repository/net/bytebuddy/byte-buddy-agent/1.10.3/byte-buddy-agent-1.10.3.jar:/home/tharaka/.m2/repository/org/objenesis/objenesis/2.6/objenesis-2.6.jar:/home/tharaka/.m2/repository/org/powermock/powermock-module-junit4/2.0.7/powermock-module-junit4-2.0.7.jar:/home/tharaka/.m2/repository/org/powermock/powermock-module-junit4-common/2.0.7/powermock-module-junit4-common-2.0.7.jar:/home/tharaka/.m2/repository/org/powermock/powermock-reflect/2.0.7/powermock-reflect-2.0.7.jar:/home/tharaka/.m2/repository/org/powermock/powermock-core/2.0.7/powermock-core-2.0.7.jar:/home/tharaka/.m2/repository/org/javassist/javassist/3.27.0-GA/javassist-3.27.0-GA.jar:/home/tharaka/.m2/repository/org/powermock/powermock-api-mockito2/2.0.7/powermock-api-mockito2-2.0.7.jar:/home/tharaka/.m2/repository/org/powermock/powermock-api-support/2.0.7/powermock-api-support-2.0.7.jar:/home/tharaka/.m2/repository/commons-io/commons-io/2.6/commons-io-2.6.jar:/home/tharaka/.m2/repository/io/railflow/testrail-client/2.1/testrail-client-2.1.jar:/home/tharaka/.m2/repository/io/railflow/testrail-client/2.1/testrail-client-2.1-tests.jar:/home/tharaka/.m2/repository/javax/xml/bind/jaxb-api/2.3.0/jaxb-api-2.3.0.jar:/home/tharaka/.m2/repository/com/sun/xml/bind/jaxb-core/2.3.0/jaxb-core-2.3.0.jar:/home/tharaka/.m2/repository/com/sun/xml/bind/jaxb-impl/2.3.0/jaxb-impl-2.3.0.jar:/home/tharaka/.m2/repository/javax/activation/activation/1.1.1/activation-1.1.1.jar:/home/tharaka/.m2/repository/io/qameta/allure/allure-plugin-api/2.13.10/allure-plugin-api-2.13.10.jar:/home/tharaka/.m2/repository/org/apache/commons/commons-csv/1.8/commons-csv-1.8.jar:/home/tharaka/.m2/repository/org/apache/commons/commons-collections4/4.4/commons-collections4-4.4.jar:/home/tharaka/.m2/repository/ch/qos/logback/logback-classic/1.2.3/logback-classic-1.2.3.jar:/home/tharaka/.m2/repository/ch/qos/logback/logback-core/1.2.3/logback-core-1.2.3.jar:"/>
    
    <property name="sun.cpu.endian" value="little"/>
    
    <property name="user.home" value="/home/tharaka"/>
    
    <property name="user.language" value="en"/>
    
    <property name="java.specification.vendor" value="Oracle Corporation"/>
    
    <property name="java.home" value="/usr/lib/jvm/java-8-openjdk-amd64/jre"/>
    
    <property name="basedir" value="/home/tharaka/projects/agiletestware/teamcity_plugins/railflow-java"/>
    
    <property name="file.separator" value="/"/>
    
    <property name="line.separator" value="
"/>
    
    <property name="java.vm.specification.vendor" value="Oracle Corporation"/>
    
    <property name="java.specification.name" value="Java Platform API Specification"/>
    
    <property name="java.awt.graphicsenv" value="sun.awt.X11GraphicsEnvironment"/>
    
    <property name="surefire.real.class.path" value="/home/tharaka/projects/agiletestware/teamcity_plugins/railflow-java/target/surefire/surefirebooter5615321071138040699.jar:/home/tharaka/.m2/repository/org/jacoco/org.jacoco.agent/0.8.2/org.jacoco.agent-0.8.2-runtime.jar"/>
    
    <property name="sun.boot.class.path" value="/usr/lib/jvm/java-8-openjdk-amd64/jre/lib/resources.jar:/usr/lib/jvm/java-8-openjdk-amd64/jre/lib/rt.jar:/usr/lib/jvm/java-8-openjdk-amd64/jre/lib/sunrsasign.jar:/usr/lib/jvm/java-8-openjdk-amd64/jre/lib/jsse.jar:/usr/lib/jvm/java-8-openjdk-amd64/jre/lib/jce.jar:/usr/lib/jvm/java-8-openjdk-amd64/jre/lib/charsets.jar:/usr/lib/jvm/java-8-openjdk-amd64/jre/lib/jfr.jar:/usr/lib/jvm/java-8-openjdk-amd64/jre/classes"/>
    
    <property name="sun.management.compiler" value="HotSpot 64-Bit Tiered Compilers"/>
    
    <property name="java.runtime.version" value="1.8.0_312-8u312-b07-0ubuntu1~20.04-b07"/>
    
    <property name="user.name" value="tharaka"/>
    
    <property name="path.separator" value=":"/>
    
    <property name="os.version" value="5.13.0-28-generic"/>
    
    <property name="java.endorsed.dirs" value="/usr/lib/jvm/java-8-openjdk-amd64/jre/lib/endorsed"/>
    
    <property name="java.runtime.name" value="OpenJDK Runtime Environment"/>
    
    <property name="file.encoding" value="UTF-8"/>
    
    <property name="java.vm.name" value="OpenJDK 64-Bit Server VM"/>
    
    <property name="localRepository" value="/home/tharaka/.m2/repository"/>
    
    <property name="java.vendor.url.bug" value="http://bugreport.sun.com/bugreport/"/>
    
    <property name="java.io.tmpdir" value="/tmp"/>
    
    <property name="java.version" value="1.8.0_312"/>
    
    <property name="user.dir" value="/home/tharaka/projects/agiletestware/teamcity_plugins/railflow-java"/>
    
    <property name="os.arch" value="amd64"/>
    
    <property name="java.vm.specification.name" value="Java Virtual Machine Specification"/>
    
    <property name="java.awt.printerjob" value="sun.print.PSPrinterJob"/>
    
    <property name="sun.os.patch.level" value="unknown"/>
    
    <property name="java.library.path" value="/usr/java/packages/lib/amd64:/usr/lib/x86_64-linux-gnu/jni:/lib/x86_64-linux-gnu:/usr/lib/x86_64-linux-gnu:/usr/lib/jni:/lib:/usr/lib"/>
    
    <property name="java.vm.info" value="mixed mode"/>
    
    <property name="java.vendor" value="Private Build"/>
    
    <property name="java.vm.version" value="25.312-b07"/>
    
    <property name="java.ext.dirs" value="/usr/lib/jvm/java-8-openjdk-amd64/jre/lib/ext:/usr/java/packages/lib/ext"/>
    
    <property name="sun.io.unicode.encoding" value="UnicodeLittle"/>
    
    <property name="java.class.version" value="52.0"/>
    
  </properties>
  
  <testcase name="createTestStepName_with_method_name" classname="io.railflow.testreport.testng.DynamicNameStepCreatorTest" time="0"/>
  
  <testcase name="createTestStepName_with_annotation_title" classname="io.railflow.testreport.testng.DynamicNameStepCreatorTest" time="0"/>
  
</testsuite>
<testsuite xmlns:xsi="http://www.w3.org/2001/XMLSchema-instance" xsi:noNamespaceSchemaLocation="https://maven.apache.org/surefire/maven-surefire-plugin/xsd/surefire-test-report.xsd" name="io.railflow.testreport.testng.MethodsAsCasesCreatorTest" time="0.179" tests="6" errors="0" skipped="0" failures="0">
  
  <properties>
    
    <property name="sun.desktop" value="gnome"/>
    
    <property name="awt.toolkit" value="sun.awt.X11.XToolkit"/>
    
    <property name="file.encoding.pkg" value="sun.io"/>
    
    <property name="java.specification.version" value="1.8"/>
    
    <property name="sun.cpu.isalist" value=""/>
    
    <property name="sun.jnu.encoding" value="UTF-8"/>
    
    <property name="java.class.path" value="/home/tharaka/projects/agiletestware/teamcity_plugins/railflow-java/target/test-classes:/home/tharaka/projects/agiletestware/teamcity_plugins/railflow-java/target/classes:/home/tharaka/.m2/repository/io/railflow/license/1.0/license-1.0.jar:/home/tharaka/.m2/repository/io/railflow/commons/1.0/commons-1.0.jar:/home/tharaka/.m2/repository/org/apache/commons/commons-lang3/3.11/commons-lang3-3.11.jar:/home/tharaka/.m2/repository/org/apache/httpcomponents/httpclient/4.5.2/httpclient-4.5.2.jar:/home/tharaka/.m2/repository/org/apache/httpcomponents/httpcore/4.4.4/httpcore-4.4.4.jar:/home/tharaka/.m2/repository/commons-logging/commons-logging/1.2/commons-logging-1.2.jar:/home/tharaka/.m2/repository/org/apache/httpcomponents/httpmime/4.5.2/httpmime-4.5.2.jar:/home/tharaka/.m2/repository/org/slf4j/slf4j-api/1.7.25/slf4j-api-1.7.25.jar:/home/tharaka/.m2/repository/com/google/code/gson/gson/2.8.5/gson-2.8.5.jar:/home/tharaka/.m2/repository/commons-codec/commons-codec/1.15/commons-codec-1.15.jar:/home/tharaka/.m2/repository/javax/validation/validation-api/2.0.1.Final/validation-api-2.0.1.Final.jar:/home/tharaka/.m2/repository/com/fasterxml/jackson/core/jackson-databind/2.11.4/jackson-databind-2.11.4.jar:/home/tharaka/.m2/repository/com/fasterxml/jackson/core/jackson-annotations/2.11.4/jackson-annotations-2.11.4.jar:/home/tharaka/.m2/repository/com/fasterxml/jackson/core/jackson-core/2.11.4/jackson-core-2.11.4.jar:/home/tharaka/.m2/repository/com/google/guava/guava/30.1-jre/guava-30.1-jre.jar:/home/tharaka/.m2/repository/com/google/guava/failureaccess/1.0.1/failureaccess-1.0.1.jar:/home/tharaka/.m2/repository/com/google/guava/listenablefuture/9999.0-empty-to-avoid-conflict-with-guava/listenablefuture-9999.0-empty-to-avoid-conflict-with-guava.jar:/home/tharaka/.m2/repository/com/google/code/findbugs/jsr305/3.0.2/jsr305-3.0.2.jar:/home/tharaka/.m2/repository/org/checkerframework/checker-qual/3.5.0/checker-qual-3.5.0.jar:/home/tharaka/.m2/repository/com/google/errorprone/error_prone_annotations/2.3.4/error_prone_annotations-2.3.4.jar:/home/tharaka/.m2/repository/com/google/j2objc/j2objc-annotations/1.3/j2objc-annotations-1.3.jar:/home/tharaka/.m2/repository/org/apache/tika/tika-core/1.22/tika-core-1.22.jar:/home/tharaka/.m2/repository/junit/junit/4.12/junit-4.12.jar:/home/tharaka/.m2/repository/org/hamcrest/hamcrest-core/1.3/hamcrest-core-1.3.jar:/home/tharaka/.m2/repository/org/mockito/mockito-core/3.2.0/mockito-core-3.2.0.jar:/home/tharaka/.m2/repository/net/bytebuddy/byte-buddy/1.10.3/byte-buddy-1.10.3.jar:/home/tharaka/.m2/repository/net/bytebuddy/byte-buddy-agent/1.10.3/byte-buddy-agent-1.10.3.jar:/home/tharaka/.m2/repository/org/objenesis/objenesis/2.6/objenesis-2.6.jar:/home/tharaka/.m2/repository/org/powermock/powermock-module-junit4/2.0.7/powermock-module-junit4-2.0.7.jar:/home/tharaka/.m2/repository/org/powermock/powermock-module-junit4-common/2.0.7/powermock-module-junit4-common-2.0.7.jar:/home/tharaka/.m2/repository/org/powermock/powermock-reflect/2.0.7/powermock-reflect-2.0.7.jar:/home/tharaka/.m2/repository/org/powermock/powermock-core/2.0.7/powermock-core-2.0.7.jar:/home/tharaka/.m2/repository/org/javassist/javassist/3.27.0-GA/javassist-3.27.0-GA.jar:/home/tharaka/.m2/repository/org/powermock/powermock-api-mockito2/2.0.7/powermock-api-mockito2-2.0.7.jar:/home/tharaka/.m2/repository/org/powermock/powermock-api-support/2.0.7/powermock-api-support-2.0.7.jar:/home/tharaka/.m2/repository/commons-io/commons-io/2.6/commons-io-2.6.jar:/home/tharaka/.m2/repository/io/railflow/testrail-client/2.1/testrail-client-2.1.jar:/home/tharaka/.m2/repository/io/railflow/testrail-client/2.1/testrail-client-2.1-tests.jar:/home/tharaka/.m2/repository/javax/xml/bind/jaxb-api/2.3.0/jaxb-api-2.3.0.jar:/home/tharaka/.m2/repository/com/sun/xml/bind/jaxb-core/2.3.0/jaxb-core-2.3.0.jar:/home/tharaka/.m2/repository/com/sun/xml/bind/jaxb-impl/2.3.0/jaxb-impl-2.3.0.jar:/home/tharaka/.m2/repository/javax/activation/activation/1.1.1/activation-1.1.1.jar:/home/tharaka/.m2/repository/io/qameta/allure/allure-plugin-api/2.13.10/allure-plugin-api-2.13.10.jar:/home/tharaka/.m2/repository/org/apache/commons/commons-csv/1.8/commons-csv-1.8.jar:/home/tharaka/.m2/repository/org/apache/commons/commons-collections4/4.4/commons-collections4-4.4.jar:/home/tharaka/.m2/repository/ch/qos/logback/logback-classic/1.2.3/logback-classic-1.2.3.jar:/home/tharaka/.m2/repository/ch/qos/logback/logback-core/1.2.3/logback-core-1.2.3.jar:"/>
    
    <property name="java.vm.vendor" value="Private Build"/>
    
    <property name="sun.arch.data.model" value="64"/>
    
    <property name="java.vendor.url" value="http://java.oracle.com/"/>
    
    <property name="user.timezone" value=""/>
    
    <property name="java.vm.specification.version" value="1.8"/>
    
    <property name="os.name" value="Linux"/>
    
    <property name="user.country" value="US"/>
    
    <property name="sun.java.launcher" value="SUN_STANDARD"/>
    
    <property name="sun.boot.library.path" value="/usr/lib/jvm/java-8-openjdk-amd64/jre/lib/amd64"/>
    
    <property name="sun.java.command" value="/home/tharaka/projects/agiletestware/teamcity_plugins/railflow-java/target/surefire/surefirebooter5615321071138040699.jar /home/tharaka/projects/agiletestware/teamcity_plugins/railflow-java/target/surefire 2022-02-04T09-29-42_375-jvmRun1 surefire3251150644889157875tmp surefire_03548316204226868521tmp"/>
    
    <property name="surefire.test.class.path" value="/home/tharaka/projects/agiletestware/teamcity_plugins/railflow-java/target/test-classes:/home/tharaka/projects/agiletestware/teamcity_plugins/railflow-java/target/classes:/home/tharaka/.m2/repository/io/railflow/license/1.0/license-1.0.jar:/home/tharaka/.m2/repository/io/railflow/commons/1.0/commons-1.0.jar:/home/tharaka/.m2/repository/org/apache/commons/commons-lang3/3.11/commons-lang3-3.11.jar:/home/tharaka/.m2/repository/org/apache/httpcomponents/httpclient/4.5.2/httpclient-4.5.2.jar:/home/tharaka/.m2/repository/org/apache/httpcomponents/httpcore/4.4.4/httpcore-4.4.4.jar:/home/tharaka/.m2/repository/commons-logging/commons-logging/1.2/commons-logging-1.2.jar:/home/tharaka/.m2/repository/org/apache/httpcomponents/httpmime/4.5.2/httpmime-4.5.2.jar:/home/tharaka/.m2/repository/org/slf4j/slf4j-api/1.7.25/slf4j-api-1.7.25.jar:/home/tharaka/.m2/repository/com/google/code/gson/gson/2.8.5/gson-2.8.5.jar:/home/tharaka/.m2/repository/commons-codec/commons-codec/1.15/commons-codec-1.15.jar:/home/tharaka/.m2/repository/javax/validation/validation-api/2.0.1.Final/validation-api-2.0.1.Final.jar:/home/tharaka/.m2/repository/com/fasterxml/jackson/core/jackson-databind/2.11.4/jackson-databind-2.11.4.jar:/home/tharaka/.m2/repository/com/fasterxml/jackson/core/jackson-annotations/2.11.4/jackson-annotations-2.11.4.jar:/home/tharaka/.m2/repository/com/fasterxml/jackson/core/jackson-core/2.11.4/jackson-core-2.11.4.jar:/home/tharaka/.m2/repository/com/google/guava/guava/30.1-jre/guava-30.1-jre.jar:/home/tharaka/.m2/repository/com/google/guava/failureaccess/1.0.1/failureaccess-1.0.1.jar:/home/tharaka/.m2/repository/com/google/guava/listenablefuture/9999.0-empty-to-avoid-conflict-with-guava/listenablefuture-9999.0-empty-to-avoid-conflict-with-guava.jar:/home/tharaka/.m2/repository/com/google/code/findbugs/jsr305/3.0.2/jsr305-3.0.2.jar:/home/tharaka/.m2/repository/org/checkerframework/checker-qual/3.5.0/checker-qual-3.5.0.jar:/home/tharaka/.m2/repository/com/google/errorprone/error_prone_annotations/2.3.4/error_prone_annotations-2.3.4.jar:/home/tharaka/.m2/repository/com/google/j2objc/j2objc-annotations/1.3/j2objc-annotations-1.3.jar:/home/tharaka/.m2/repository/org/apache/tika/tika-core/1.22/tika-core-1.22.jar:/home/tharaka/.m2/repository/junit/junit/4.12/junit-4.12.jar:/home/tharaka/.m2/repository/org/hamcrest/hamcrest-core/1.3/hamcrest-core-1.3.jar:/home/tharaka/.m2/repository/org/mockito/mockito-core/3.2.0/mockito-core-3.2.0.jar:/home/tharaka/.m2/repository/net/bytebuddy/byte-buddy/1.10.3/byte-buddy-1.10.3.jar:/home/tharaka/.m2/repository/net/bytebuddy/byte-buddy-agent/1.10.3/byte-buddy-agent-1.10.3.jar:/home/tharaka/.m2/repository/org/objenesis/objenesis/2.6/objenesis-2.6.jar:/home/tharaka/.m2/repository/org/powermock/powermock-module-junit4/2.0.7/powermock-module-junit4-2.0.7.jar:/home/tharaka/.m2/repository/org/powermock/powermock-module-junit4-common/2.0.7/powermock-module-junit4-common-2.0.7.jar:/home/tharaka/.m2/repository/org/powermock/powermock-reflect/2.0.7/powermock-reflect-2.0.7.jar:/home/tharaka/.m2/repository/org/powermock/powermock-core/2.0.7/powermock-core-2.0.7.jar:/home/tharaka/.m2/repository/org/javassist/javassist/3.27.0-GA/javassist-3.27.0-GA.jar:/home/tharaka/.m2/repository/org/powermock/powermock-api-mockito2/2.0.7/powermock-api-mockito2-2.0.7.jar:/home/tharaka/.m2/repository/org/powermock/powermock-api-support/2.0.7/powermock-api-support-2.0.7.jar:/home/tharaka/.m2/repository/commons-io/commons-io/2.6/commons-io-2.6.jar:/home/tharaka/.m2/repository/io/railflow/testrail-client/2.1/testrail-client-2.1.jar:/home/tharaka/.m2/repository/io/railflow/testrail-client/2.1/testrail-client-2.1-tests.jar:/home/tharaka/.m2/repository/javax/xml/bind/jaxb-api/2.3.0/jaxb-api-2.3.0.jar:/home/tharaka/.m2/repository/com/sun/xml/bind/jaxb-core/2.3.0/jaxb-core-2.3.0.jar:/home/tharaka/.m2/repository/com/sun/xml/bind/jaxb-impl/2.3.0/jaxb-impl-2.3.0.jar:/home/tharaka/.m2/repository/javax/activation/activation/1.1.1/activation-1.1.1.jar:/home/tharaka/.m2/repository/io/qameta/allure/allure-plugin-api/2.13.10/allure-plugin-api-2.13.10.jar:/home/tharaka/.m2/repository/org/apache/commons/commons-csv/1.8/commons-csv-1.8.jar:/home/tharaka/.m2/repository/org/apache/commons/commons-collections4/4.4/commons-collections4-4.4.jar:/home/tharaka/.m2/repository/ch/qos/logback/logback-classic/1.2.3/logback-classic-1.2.3.jar:/home/tharaka/.m2/repository/ch/qos/logback/logback-core/1.2.3/logback-core-1.2.3.jar:"/>
    
    <property name="sun.cpu.endian" value="little"/>
    
    <property name="user.home" value="/home/tharaka"/>
    
    <property name="user.language" value="en"/>
    
    <property name="java.specification.vendor" value="Oracle Corporation"/>
    
    <property name="java.home" value="/usr/lib/jvm/java-8-openjdk-amd64/jre"/>
    
    <property name="basedir" value="/home/tharaka/projects/agiletestware/teamcity_plugins/railflow-java"/>
    
    <property name="file.separator" value="/"/>
    
    <property name="line.separator" value="
"/>
    
    <property name="java.vm.specification.vendor" value="Oracle Corporation"/>
    
    <property name="java.specification.name" value="Java Platform API Specification"/>
    
    <property name="java.awt.graphicsenv" value="sun.awt.X11GraphicsEnvironment"/>
    
    <property name="surefire.real.class.path" value="/home/tharaka/projects/agiletestware/teamcity_plugins/railflow-java/target/surefire/surefirebooter5615321071138040699.jar:/home/tharaka/.m2/repository/org/jacoco/org.jacoco.agent/0.8.2/org.jacoco.agent-0.8.2-runtime.jar"/>
    
    <property name="sun.boot.class.path" value="/usr/lib/jvm/java-8-openjdk-amd64/jre/lib/resources.jar:/usr/lib/jvm/java-8-openjdk-amd64/jre/lib/rt.jar:/usr/lib/jvm/java-8-openjdk-amd64/jre/lib/sunrsasign.jar:/usr/lib/jvm/java-8-openjdk-amd64/jre/lib/jsse.jar:/usr/lib/jvm/java-8-openjdk-amd64/jre/lib/jce.jar:/usr/lib/jvm/java-8-openjdk-amd64/jre/lib/charsets.jar:/usr/lib/jvm/java-8-openjdk-amd64/jre/lib/jfr.jar:/usr/lib/jvm/java-8-openjdk-amd64/jre/classes"/>
    
    <property name="sun.management.compiler" value="HotSpot 64-Bit Tiered Compilers"/>
    
    <property name="java.runtime.version" value="1.8.0_312-8u312-b07-0ubuntu1~20.04-b07"/>
    
    <property name="user.name" value="tharaka"/>
    
    <property name="path.separator" value=":"/>
    
    <property name="os.version" value="5.13.0-28-generic"/>
    
    <property name="java.endorsed.dirs" value="/usr/lib/jvm/java-8-openjdk-amd64/jre/lib/endorsed"/>
    
    <property name="java.runtime.name" value="OpenJDK Runtime Environment"/>
    
    <property name="file.encoding" value="UTF-8"/>
    
    <property name="java.vm.name" value="OpenJDK 64-Bit Server VM"/>
    
    <property name="localRepository" value="/home/tharaka/.m2/repository"/>
    
    <property name="java.vendor.url.bug" value="http://bugreport.sun.com/bugreport/"/>
    
    <property name="java.io.tmpdir" value="/tmp"/>
    
    <property name="java.version" value="1.8.0_312"/>
    
    <property name="user.dir" value="/home/tharaka/projects/agiletestware/teamcity_plugins/railflow-java"/>
    
    <property name="os.arch" value="amd64"/>
    
    <property name="java.vm.specification.name" value="Java Virtual Machine Specification"/>
    
    <property name="java.awt.printerjob" value="sun.print.PSPrinterJob"/>
    
    <property name="sun.os.patch.level" value="unknown"/>
    
    <property name="java.library.path" value="/usr/java/packages/lib/amd64:/usr/lib/x86_64-linux-gnu/jni:/lib/x86_64-linux-gnu:/usr/lib/x86_64-linux-gnu:/usr/lib/jni:/lib:/usr/lib"/>
    
    <property name="java.vm.info" value="mixed mode"/>
    
    <property name="java.vendor" value="Private Build"/>
    
    <property name="java.vm.version" value="25.312-b07"/>
    
    <property name="java.ext.dirs" value="/usr/lib/jvm/java-8-openjdk-amd64/jre/lib/ext:/usr/java/packages/lib/ext"/>
    
    <property name="sun.io.unicode.encoding" value="UnicodeLittle"/>
    
    <property name="java.class.version" value="52.0"/>
    
  </properties>
  
  <testcase name="create_with_railflow_class_and_method" classname="io.railflow.testreport.testng.MethodsAsCasesCreatorTest" time="0.021"/>
  
  <testcase name="create_with_railflow_method" classname="io.railflow.testreport.testng.MethodsAsCasesCreatorTest" time="0.012"/>
  
  <testcase name="create_with_railflow_class_and_method_and_testrail_ids" classname="io.railflow.testreport.testng.MethodsAsCasesCreatorTest" time="0.022"/>
  
  <testcase name="create_with_railflow_method_and_testrail_ids" classname="io.railflow.testreport.testng.MethodsAsCasesCreatorTest" time="0.017"/>
  
  <testcase name="create_with_railflow_class_and_method_and_smartUserAssignment" classname="io.railflow.testreport.testng.MethodsAsCasesCreatorTest" time="0.074"/>
  
  <testcase name="create_with_railflow_class_and_testrail_ids" classname="io.railflow.testreport.testng.MethodsAsCasesCreatorTest" time="0.025"/>
  
</testsuite>
<testsuite xmlns:xsi="http://www.w3.org/2001/XMLSchema-instance" xsi:noNamespaceSchemaLocation="https://maven.apache.org/surefire/maven-surefire-plugin/xsd/surefire-test-report.xsd" name="io.railflow.testreport.testng.MethodsAsStepsCreatorTest" time="0.121" tests="8" errors="0" skipped="0" failures="0">
  
  <properties>
    
    <property name="sun.desktop" value="gnome"/>
    
    <property name="awt.toolkit" value="sun.awt.X11.XToolkit"/>
    
    <property name="file.encoding.pkg" value="sun.io"/>
    
    <property name="java.specification.version" value="1.8"/>
    
    <property name="sun.cpu.isalist" value=""/>
    
    <property name="sun.jnu.encoding" value="UTF-8"/>
    
    <property name="java.class.path" value="/home/tharaka/projects/agiletestware/teamcity_plugins/railflow-java/target/test-classes:/home/tharaka/projects/agiletestware/teamcity_plugins/railflow-java/target/classes:/home/tharaka/.m2/repository/io/railflow/license/1.0/license-1.0.jar:/home/tharaka/.m2/repository/io/railflow/commons/1.0/commons-1.0.jar:/home/tharaka/.m2/repository/org/apache/commons/commons-lang3/3.11/commons-lang3-3.11.jar:/home/tharaka/.m2/repository/org/apache/httpcomponents/httpclient/4.5.2/httpclient-4.5.2.jar:/home/tharaka/.m2/repository/org/apache/httpcomponents/httpcore/4.4.4/httpcore-4.4.4.jar:/home/tharaka/.m2/repository/commons-logging/commons-logging/1.2/commons-logging-1.2.jar:/home/tharaka/.m2/repository/org/apache/httpcomponents/httpmime/4.5.2/httpmime-4.5.2.jar:/home/tharaka/.m2/repository/org/slf4j/slf4j-api/1.7.25/slf4j-api-1.7.25.jar:/home/tharaka/.m2/repository/com/google/code/gson/gson/2.8.5/gson-2.8.5.jar:/home/tharaka/.m2/repository/commons-codec/commons-codec/1.15/commons-codec-1.15.jar:/home/tharaka/.m2/repository/javax/validation/validation-api/2.0.1.Final/validation-api-2.0.1.Final.jar:/home/tharaka/.m2/repository/com/fasterxml/jackson/core/jackson-databind/2.11.4/jackson-databind-2.11.4.jar:/home/tharaka/.m2/repository/com/fasterxml/jackson/core/jackson-annotations/2.11.4/jackson-annotations-2.11.4.jar:/home/tharaka/.m2/repository/com/fasterxml/jackson/core/jackson-core/2.11.4/jackson-core-2.11.4.jar:/home/tharaka/.m2/repository/com/google/guava/guava/30.1-jre/guava-30.1-jre.jar:/home/tharaka/.m2/repository/com/google/guava/failureaccess/1.0.1/failureaccess-1.0.1.jar:/home/tharaka/.m2/repository/com/google/guava/listenablefuture/9999.0-empty-to-avoid-conflict-with-guava/listenablefuture-9999.0-empty-to-avoid-conflict-with-guava.jar:/home/tharaka/.m2/repository/com/google/code/findbugs/jsr305/3.0.2/jsr305-3.0.2.jar:/home/tharaka/.m2/repository/org/checkerframework/checker-qual/3.5.0/checker-qual-3.5.0.jar:/home/tharaka/.m2/repository/com/google/errorprone/error_prone_annotations/2.3.4/error_prone_annotations-2.3.4.jar:/home/tharaka/.m2/repository/com/google/j2objc/j2objc-annotations/1.3/j2objc-annotations-1.3.jar:/home/tharaka/.m2/repository/org/apache/tika/tika-core/1.22/tika-core-1.22.jar:/home/tharaka/.m2/repository/junit/junit/4.12/junit-4.12.jar:/home/tharaka/.m2/repository/org/hamcrest/hamcrest-core/1.3/hamcrest-core-1.3.jar:/home/tharaka/.m2/repository/org/mockito/mockito-core/3.2.0/mockito-core-3.2.0.jar:/home/tharaka/.m2/repository/net/bytebuddy/byte-buddy/1.10.3/byte-buddy-1.10.3.jar:/home/tharaka/.m2/repository/net/bytebuddy/byte-buddy-agent/1.10.3/byte-buddy-agent-1.10.3.jar:/home/tharaka/.m2/repository/org/objenesis/objenesis/2.6/objenesis-2.6.jar:/home/tharaka/.m2/repository/org/powermock/powermock-module-junit4/2.0.7/powermock-module-junit4-2.0.7.jar:/home/tharaka/.m2/repository/org/powermock/powermock-module-junit4-common/2.0.7/powermock-module-junit4-common-2.0.7.jar:/home/tharaka/.m2/repository/org/powermock/powermock-reflect/2.0.7/powermock-reflect-2.0.7.jar:/home/tharaka/.m2/repository/org/powermock/powermock-core/2.0.7/powermock-core-2.0.7.jar:/home/tharaka/.m2/repository/org/javassist/javassist/3.27.0-GA/javassist-3.27.0-GA.jar:/home/tharaka/.m2/repository/org/powermock/powermock-api-mockito2/2.0.7/powermock-api-mockito2-2.0.7.jar:/home/tharaka/.m2/repository/org/powermock/powermock-api-support/2.0.7/powermock-api-support-2.0.7.jar:/home/tharaka/.m2/repository/commons-io/commons-io/2.6/commons-io-2.6.jar:/home/tharaka/.m2/repository/io/railflow/testrail-client/2.1/testrail-client-2.1.jar:/home/tharaka/.m2/repository/io/railflow/testrail-client/2.1/testrail-client-2.1-tests.jar:/home/tharaka/.m2/repository/javax/xml/bind/jaxb-api/2.3.0/jaxb-api-2.3.0.jar:/home/tharaka/.m2/repository/com/sun/xml/bind/jaxb-core/2.3.0/jaxb-core-2.3.0.jar:/home/tharaka/.m2/repository/com/sun/xml/bind/jaxb-impl/2.3.0/jaxb-impl-2.3.0.jar:/home/tharaka/.m2/repository/javax/activation/activation/1.1.1/activation-1.1.1.jar:/home/tharaka/.m2/repository/io/qameta/allure/allure-plugin-api/2.13.10/allure-plugin-api-2.13.10.jar:/home/tharaka/.m2/repository/org/apache/commons/commons-csv/1.8/commons-csv-1.8.jar:/home/tharaka/.m2/repository/org/apache/commons/commons-collections4/4.4/commons-collections4-4.4.jar:/home/tharaka/.m2/repository/ch/qos/logback/logback-classic/1.2.3/logback-classic-1.2.3.jar:/home/tharaka/.m2/repository/ch/qos/logback/logback-core/1.2.3/logback-core-1.2.3.jar:"/>
    
    <property name="java.vm.vendor" value="Private Build"/>
    
    <property name="sun.arch.data.model" value="64"/>
    
    <property name="java.vendor.url" value="http://java.oracle.com/"/>
    
    <property name="user.timezone" value=""/>
    
    <property name="java.vm.specification.version" value="1.8"/>
    
    <property name="os.name" value="Linux"/>
    
    <property name="user.country" value="US"/>
    
    <property name="sun.java.launcher" value="SUN_STANDARD"/>
    
    <property name="sun.boot.library.path" value="/usr/lib/jvm/java-8-openjdk-amd64/jre/lib/amd64"/>
    
    <property name="sun.java.command" value="/home/tharaka/projects/agiletestware/teamcity_plugins/railflow-java/target/surefire/surefirebooter5615321071138040699.jar /home/tharaka/projects/agiletestware/teamcity_plugins/railflow-java/target/surefire 2022-02-04T09-29-42_375-jvmRun1 surefire3251150644889157875tmp surefire_03548316204226868521tmp"/>
    
    <property name="surefire.test.class.path" value="/home/tharaka/projects/agiletestware/teamcity_plugins/railflow-java/target/test-classes:/home/tharaka/projects/agiletestware/teamcity_plugins/railflow-java/target/classes:/home/tharaka/.m2/repository/io/railflow/license/1.0/license-1.0.jar:/home/tharaka/.m2/repository/io/railflow/commons/1.0/commons-1.0.jar:/home/tharaka/.m2/repository/org/apache/commons/commons-lang3/3.11/commons-lang3-3.11.jar:/home/tharaka/.m2/repository/org/apache/httpcomponents/httpclient/4.5.2/httpclient-4.5.2.jar:/home/tharaka/.m2/repository/org/apache/httpcomponents/httpcore/4.4.4/httpcore-4.4.4.jar:/home/tharaka/.m2/repository/commons-logging/commons-logging/1.2/commons-logging-1.2.jar:/home/tharaka/.m2/repository/org/apache/httpcomponents/httpmime/4.5.2/httpmime-4.5.2.jar:/home/tharaka/.m2/repository/org/slf4j/slf4j-api/1.7.25/slf4j-api-1.7.25.jar:/home/tharaka/.m2/repository/com/google/code/gson/gson/2.8.5/gson-2.8.5.jar:/home/tharaka/.m2/repository/commons-codec/commons-codec/1.15/commons-codec-1.15.jar:/home/tharaka/.m2/repository/javax/validation/validation-api/2.0.1.Final/validation-api-2.0.1.Final.jar:/home/tharaka/.m2/repository/com/fasterxml/jackson/core/jackson-databind/2.11.4/jackson-databind-2.11.4.jar:/home/tharaka/.m2/repository/com/fasterxml/jackson/core/jackson-annotations/2.11.4/jackson-annotations-2.11.4.jar:/home/tharaka/.m2/repository/com/fasterxml/jackson/core/jackson-core/2.11.4/jackson-core-2.11.4.jar:/home/tharaka/.m2/repository/com/google/guava/guava/30.1-jre/guava-30.1-jre.jar:/home/tharaka/.m2/repository/com/google/guava/failureaccess/1.0.1/failureaccess-1.0.1.jar:/home/tharaka/.m2/repository/com/google/guava/listenablefuture/9999.0-empty-to-avoid-conflict-with-guava/listenablefuture-9999.0-empty-to-avoid-conflict-with-guava.jar:/home/tharaka/.m2/repository/com/google/code/findbugs/jsr305/3.0.2/jsr305-3.0.2.jar:/home/tharaka/.m2/repository/org/checkerframework/checker-qual/3.5.0/checker-qual-3.5.0.jar:/home/tharaka/.m2/repository/com/google/errorprone/error_prone_annotations/2.3.4/error_prone_annotations-2.3.4.jar:/home/tharaka/.m2/repository/com/google/j2objc/j2objc-annotations/1.3/j2objc-annotations-1.3.jar:/home/tharaka/.m2/repository/org/apache/tika/tika-core/1.22/tika-core-1.22.jar:/home/tharaka/.m2/repository/junit/junit/4.12/junit-4.12.jar:/home/tharaka/.m2/repository/org/hamcrest/hamcrest-core/1.3/hamcrest-core-1.3.jar:/home/tharaka/.m2/repository/org/mockito/mockito-core/3.2.0/mockito-core-3.2.0.jar:/home/tharaka/.m2/repository/net/bytebuddy/byte-buddy/1.10.3/byte-buddy-1.10.3.jar:/home/tharaka/.m2/repository/net/bytebuddy/byte-buddy-agent/1.10.3/byte-buddy-agent-1.10.3.jar:/home/tharaka/.m2/repository/org/objenesis/objenesis/2.6/objenesis-2.6.jar:/home/tharaka/.m2/repository/org/powermock/powermock-module-junit4/2.0.7/powermock-module-junit4-2.0.7.jar:/home/tharaka/.m2/repository/org/powermock/powermock-module-junit4-common/2.0.7/powermock-module-junit4-common-2.0.7.jar:/home/tharaka/.m2/repository/org/powermock/powermock-reflect/2.0.7/powermock-reflect-2.0.7.jar:/home/tharaka/.m2/repository/org/powermock/powermock-core/2.0.7/powermock-core-2.0.7.jar:/home/tharaka/.m2/repository/org/javassist/javassist/3.27.0-GA/javassist-3.27.0-GA.jar:/home/tharaka/.m2/repository/org/powermock/powermock-api-mockito2/2.0.7/powermock-api-mockito2-2.0.7.jar:/home/tharaka/.m2/repository/org/powermock/powermock-api-support/2.0.7/powermock-api-support-2.0.7.jar:/home/tharaka/.m2/repository/commons-io/commons-io/2.6/commons-io-2.6.jar:/home/tharaka/.m2/repository/io/railflow/testrail-client/2.1/testrail-client-2.1.jar:/home/tharaka/.m2/repository/io/railflow/testrail-client/2.1/testrail-client-2.1-tests.jar:/home/tharaka/.m2/repository/javax/xml/bind/jaxb-api/2.3.0/jaxb-api-2.3.0.jar:/home/tharaka/.m2/repository/com/sun/xml/bind/jaxb-core/2.3.0/jaxb-core-2.3.0.jar:/home/tharaka/.m2/repository/com/sun/xml/bind/jaxb-impl/2.3.0/jaxb-impl-2.3.0.jar:/home/tharaka/.m2/repository/javax/activation/activation/1.1.1/activation-1.1.1.jar:/home/tharaka/.m2/repository/io/qameta/allure/allure-plugin-api/2.13.10/allure-plugin-api-2.13.10.jar:/home/tharaka/.m2/repository/org/apache/commons/commons-csv/1.8/commons-csv-1.8.jar:/home/tharaka/.m2/repository/org/apache/commons/commons-collections4/4.4/commons-collections4-4.4.jar:/home/tharaka/.m2/repository/ch/qos/logback/logback-classic/1.2.3/logback-classic-1.2.3.jar:/home/tharaka/.m2/repository/ch/qos/logback/logback-core/1.2.3/logback-core-1.2.3.jar:"/>
    
    <property name="sun.cpu.endian" value="little"/>
    
    <property name="user.home" value="/home/tharaka"/>
    
    <property name="user.language" value="en"/>
    
    <property name="java.specification.vendor" value="Oracle Corporation"/>
    
    <property name="java.home" value="/usr/lib/jvm/java-8-openjdk-amd64/jre"/>
    
    <property name="basedir" value="/home/tharaka/projects/agiletestware/teamcity_plugins/railflow-java"/>
    
    <property name="file.separator" value="/"/>
    
    <property name="line.separator" value="
"/>
    
    <property name="java.vm.specification.vendor" value="Oracle Corporation"/>
    
    <property name="java.specification.name" value="Java Platform API Specification"/>
    
    <property name="java.awt.graphicsenv" value="sun.awt.X11GraphicsEnvironment"/>
    
    <property name="surefire.real.class.path" value="/home/tharaka/projects/agiletestware/teamcity_plugins/railflow-java/target/surefire/surefirebooter5615321071138040699.jar:/home/tharaka/.m2/repository/org/jacoco/org.jacoco.agent/0.8.2/org.jacoco.agent-0.8.2-runtime.jar"/>
    
    <property name="sun.boot.class.path" value="/usr/lib/jvm/java-8-openjdk-amd64/jre/lib/resources.jar:/usr/lib/jvm/java-8-openjdk-amd64/jre/lib/rt.jar:/usr/lib/jvm/java-8-openjdk-amd64/jre/lib/sunrsasign.jar:/usr/lib/jvm/java-8-openjdk-amd64/jre/lib/jsse.jar:/usr/lib/jvm/java-8-openjdk-amd64/jre/lib/jce.jar:/usr/lib/jvm/java-8-openjdk-amd64/jre/lib/charsets.jar:/usr/lib/jvm/java-8-openjdk-amd64/jre/lib/jfr.jar:/usr/lib/jvm/java-8-openjdk-amd64/jre/classes"/>
    
    <property name="sun.management.compiler" value="HotSpot 64-Bit Tiered Compilers"/>
    
    <property name="java.runtime.version" value="1.8.0_312-8u312-b07-0ubuntu1~20.04-b07"/>
    
    <property name="user.name" value="tharaka"/>
    
    <property name="path.separator" value=":"/>
    
    <property name="os.version" value="5.13.0-28-generic"/>
    
    <property name="java.endorsed.dirs" value="/usr/lib/jvm/java-8-openjdk-amd64/jre/lib/endorsed"/>
    
    <property name="java.runtime.name" value="OpenJDK Runtime Environment"/>
    
    <property name="file.encoding" value="UTF-8"/>
    
    <property name="java.vm.name" value="OpenJDK 64-Bit Server VM"/>
    
    <property name="localRepository" value="/home/tharaka/.m2/repository"/>
    
    <property name="java.vendor.url.bug" value="http://bugreport.sun.com/bugreport/"/>
    
    <property name="java.io.tmpdir" value="/tmp"/>
    
    <property name="java.version" value="1.8.0_312"/>
    
    <property name="user.dir" value="/home/tharaka/projects/agiletestware/teamcity_plugins/railflow-java"/>
    
    <property name="os.arch" value="amd64"/>
    
    <property name="java.vm.specification.name" value="Java Virtual Machine Specification"/>
    
    <property name="java.awt.printerjob" value="sun.print.PSPrinterJob"/>
    
    <property name="sun.os.patch.level" value="unknown"/>
    
    <property name="java.library.path" value="/usr/java/packages/lib/amd64:/usr/lib/x86_64-linux-gnu/jni:/lib/x86_64-linux-gnu:/usr/lib/x86_64-linux-gnu:/usr/lib/jni:/lib:/usr/lib"/>
    
    <property name="java.vm.info" value="mixed mode"/>
    
    <property name="java.vendor" value="Private Build"/>
    
    <property name="java.vm.version" value="25.312-b07"/>
    
    <property name="java.ext.dirs" value="/usr/lib/jvm/java-8-openjdk-amd64/jre/lib/ext:/usr/java/packages/lib/ext"/>
    
    <property name="sun.io.unicode.encoding" value="UnicodeLittle"/>
    
    <property name="java.class.version" value="52.0"/>
    
  </properties>
  
  <testcase name="create_someUntested_noMapped" classname="io.railflow.testreport.testng.MethodsAsStepsCreatorTest" time="0.007"/>
  
  <testcase name="create_allPass_mapped" classname="io.railflow.testreport.testng.MethodsAsStepsCreatorTest" time="0.027"/>
  
  <testcase name="create_allNull_noMapped" classname="io.railflow.testreport.testng.MethodsAsStepsCreatorTest" time="0.005"/>
  
  <testcase name="create_allPass_noMapped" classname="io.railflow.testreport.testng.MethodsAsStepsCreatorTest" time="0.016"/>
  
  <testcase name="create_allUntested_noMapped" classname="io.railflow.testreport.testng.MethodsAsStepsCreatorTest" time="0.002"/>
  
  <testcase name="create_with_annotation_class_and_testrail_ids" classname="io.railflow.testreport.testng.MethodsAsStepsCreatorTest" time="0.009"/>
  
  <testcase name="create_with_annotation_class" classname="io.railflow.testreport.testng.MethodsAsStepsCreatorTest" time="0.005"/>
  
  <testcase name="create_someFail_noMapped" classname="io.railflow.testreport.testng.MethodsAsStepsCreatorTest" time="0.023"/>
  
</testsuite>
<testsuite xmlns:xsi="http://www.w3.org/2001/XMLSchema-instance" xsi:noNamespaceSchemaLocation="https://maven.apache.org/surefire/maven-surefire-plugin/xsd/surefire-test-report.xsd" name="io.railflow.testreport.testng.TestNgModelCreatorTest" time="1.162" tests="24" errors="0" skipped="0" failures="0">
  
  <properties>
    
    <property name="sun.desktop" value="gnome"/>
    
    <property name="awt.toolkit" value="sun.awt.X11.XToolkit"/>
    
    <property name="file.encoding.pkg" value="sun.io"/>
    
    <property name="java.specification.version" value="1.8"/>
    
    <property name="sun.cpu.isalist" value=""/>
    
    <property name="sun.jnu.encoding" value="UTF-8"/>
    
    <property name="java.class.path" value="/home/tharaka/projects/agiletestware/teamcity_plugins/railflow-java/target/test-classes:/home/tharaka/projects/agiletestware/teamcity_plugins/railflow-java/target/classes:/home/tharaka/.m2/repository/io/railflow/license/1.0/license-1.0.jar:/home/tharaka/.m2/repository/io/railflow/commons/1.0/commons-1.0.jar:/home/tharaka/.m2/repository/org/apache/commons/commons-lang3/3.11/commons-lang3-3.11.jar:/home/tharaka/.m2/repository/org/apache/httpcomponents/httpclient/4.5.2/httpclient-4.5.2.jar:/home/tharaka/.m2/repository/org/apache/httpcomponents/httpcore/4.4.4/httpcore-4.4.4.jar:/home/tharaka/.m2/repository/commons-logging/commons-logging/1.2/commons-logging-1.2.jar:/home/tharaka/.m2/repository/org/apache/httpcomponents/httpmime/4.5.2/httpmime-4.5.2.jar:/home/tharaka/.m2/repository/org/slf4j/slf4j-api/1.7.25/slf4j-api-1.7.25.jar:/home/tharaka/.m2/repository/com/google/code/gson/gson/2.8.5/gson-2.8.5.jar:/home/tharaka/.m2/repository/commons-codec/commons-codec/1.15/commons-codec-1.15.jar:/home/tharaka/.m2/repository/javax/validation/validation-api/2.0.1.Final/validation-api-2.0.1.Final.jar:/home/tharaka/.m2/repository/com/fasterxml/jackson/core/jackson-databind/2.11.4/jackson-databind-2.11.4.jar:/home/tharaka/.m2/repository/com/fasterxml/jackson/core/jackson-annotations/2.11.4/jackson-annotations-2.11.4.jar:/home/tharaka/.m2/repository/com/fasterxml/jackson/core/jackson-core/2.11.4/jackson-core-2.11.4.jar:/home/tharaka/.m2/repository/com/google/guava/guava/30.1-jre/guava-30.1-jre.jar:/home/tharaka/.m2/repository/com/google/guava/failureaccess/1.0.1/failureaccess-1.0.1.jar:/home/tharaka/.m2/repository/com/google/guava/listenablefuture/9999.0-empty-to-avoid-conflict-with-guava/listenablefuture-9999.0-empty-to-avoid-conflict-with-guava.jar:/home/tharaka/.m2/repository/com/google/code/findbugs/jsr305/3.0.2/jsr305-3.0.2.jar:/home/tharaka/.m2/repository/org/checkerframework/checker-qual/3.5.0/checker-qual-3.5.0.jar:/home/tharaka/.m2/repository/com/google/errorprone/error_prone_annotations/2.3.4/error_prone_annotations-2.3.4.jar:/home/tharaka/.m2/repository/com/google/j2objc/j2objc-annotations/1.3/j2objc-annotations-1.3.jar:/home/tharaka/.m2/repository/org/apache/tika/tika-core/1.22/tika-core-1.22.jar:/home/tharaka/.m2/repository/junit/junit/4.12/junit-4.12.jar:/home/tharaka/.m2/repository/org/hamcrest/hamcrest-core/1.3/hamcrest-core-1.3.jar:/home/tharaka/.m2/repository/org/mockito/mockito-core/3.2.0/mockito-core-3.2.0.jar:/home/tharaka/.m2/repository/net/bytebuddy/byte-buddy/1.10.3/byte-buddy-1.10.3.jar:/home/tharaka/.m2/repository/net/bytebuddy/byte-buddy-agent/1.10.3/byte-buddy-agent-1.10.3.jar:/home/tharaka/.m2/repository/org/objenesis/objenesis/2.6/objenesis-2.6.jar:/home/tharaka/.m2/repository/org/powermock/powermock-module-junit4/2.0.7/powermock-module-junit4-2.0.7.jar:/home/tharaka/.m2/repository/org/powermock/powermock-module-junit4-common/2.0.7/powermock-module-junit4-common-2.0.7.jar:/home/tharaka/.m2/repository/org/powermock/powermock-reflect/2.0.7/powermock-reflect-2.0.7.jar:/home/tharaka/.m2/repository/org/powermock/powermock-core/2.0.7/powermock-core-2.0.7.jar:/home/tharaka/.m2/repository/org/javassist/javassist/3.27.0-GA/javassist-3.27.0-GA.jar:/home/tharaka/.m2/repository/org/powermock/powermock-api-mockito2/2.0.7/powermock-api-mockito2-2.0.7.jar:/home/tharaka/.m2/repository/org/powermock/powermock-api-support/2.0.7/powermock-api-support-2.0.7.jar:/home/tharaka/.m2/repository/commons-io/commons-io/2.6/commons-io-2.6.jar:/home/tharaka/.m2/repository/io/railflow/testrail-client/2.1/testrail-client-2.1.jar:/home/tharaka/.m2/repository/io/railflow/testrail-client/2.1/testrail-client-2.1-tests.jar:/home/tharaka/.m2/repository/javax/xml/bind/jaxb-api/2.3.0/jaxb-api-2.3.0.jar:/home/tharaka/.m2/repository/com/sun/xml/bind/jaxb-core/2.3.0/jaxb-core-2.3.0.jar:/home/tharaka/.m2/repository/com/sun/xml/bind/jaxb-impl/2.3.0/jaxb-impl-2.3.0.jar:/home/tharaka/.m2/repository/javax/activation/activation/1.1.1/activation-1.1.1.jar:/home/tharaka/.m2/repository/io/qameta/allure/allure-plugin-api/2.13.10/allure-plugin-api-2.13.10.jar:/home/tharaka/.m2/repository/org/apache/commons/commons-csv/1.8/commons-csv-1.8.jar:/home/tharaka/.m2/repository/org/apache/commons/commons-collections4/4.4/commons-collections4-4.4.jar:/home/tharaka/.m2/repository/ch/qos/logback/logback-classic/1.2.3/logback-classic-1.2.3.jar:/home/tharaka/.m2/repository/ch/qos/logback/logback-core/1.2.3/logback-core-1.2.3.jar:"/>
    
    <property name="java.vm.vendor" value="Private Build"/>
    
    <property name="sun.arch.data.model" value="64"/>
    
    <property name="java.vendor.url" value="http://java.oracle.com/"/>
    
    <property name="user.timezone" value=""/>
    
    <property name="java.vm.specification.version" value="1.8"/>
    
    <property name="os.name" value="Linux"/>
    
    <property name="user.country" value="US"/>
    
    <property name="sun.java.launcher" value="SUN_STANDARD"/>
    
    <property name="sun.boot.library.path" value="/usr/lib/jvm/java-8-openjdk-amd64/jre/lib/amd64"/>
    
    <property name="sun.java.command" value="/home/tharaka/projects/agiletestware/teamcity_plugins/railflow-java/target/surefire/surefirebooter5615321071138040699.jar /home/tharaka/projects/agiletestware/teamcity_plugins/railflow-java/target/surefire 2022-02-04T09-29-42_375-jvmRun1 surefire3251150644889157875tmp surefire_03548316204226868521tmp"/>
    
    <property name="surefire.test.class.path" value="/home/tharaka/projects/agiletestware/teamcity_plugins/railflow-java/target/test-classes:/home/tharaka/projects/agiletestware/teamcity_plugins/railflow-java/target/classes:/home/tharaka/.m2/repository/io/railflow/license/1.0/license-1.0.jar:/home/tharaka/.m2/repository/io/railflow/commons/1.0/commons-1.0.jar:/home/tharaka/.m2/repository/org/apache/commons/commons-lang3/3.11/commons-lang3-3.11.jar:/home/tharaka/.m2/repository/org/apache/httpcomponents/httpclient/4.5.2/httpclient-4.5.2.jar:/home/tharaka/.m2/repository/org/apache/httpcomponents/httpcore/4.4.4/httpcore-4.4.4.jar:/home/tharaka/.m2/repository/commons-logging/commons-logging/1.2/commons-logging-1.2.jar:/home/tharaka/.m2/repository/org/apache/httpcomponents/httpmime/4.5.2/httpmime-4.5.2.jar:/home/tharaka/.m2/repository/org/slf4j/slf4j-api/1.7.25/slf4j-api-1.7.25.jar:/home/tharaka/.m2/repository/com/google/code/gson/gson/2.8.5/gson-2.8.5.jar:/home/tharaka/.m2/repository/commons-codec/commons-codec/1.15/commons-codec-1.15.jar:/home/tharaka/.m2/repository/javax/validation/validation-api/2.0.1.Final/validation-api-2.0.1.Final.jar:/home/tharaka/.m2/repository/com/fasterxml/jackson/core/jackson-databind/2.11.4/jackson-databind-2.11.4.jar:/home/tharaka/.m2/repository/com/fasterxml/jackson/core/jackson-annotations/2.11.4/jackson-annotations-2.11.4.jar:/home/tharaka/.m2/repository/com/fasterxml/jackson/core/jackson-core/2.11.4/jackson-core-2.11.4.jar:/home/tharaka/.m2/repository/com/google/guava/guava/30.1-jre/guava-30.1-jre.jar:/home/tharaka/.m2/repository/com/google/guava/failureaccess/1.0.1/failureaccess-1.0.1.jar:/home/tharaka/.m2/repository/com/google/guava/listenablefuture/9999.0-empty-to-avoid-conflict-with-guava/listenablefuture-9999.0-empty-to-avoid-conflict-with-guava.jar:/home/tharaka/.m2/repository/com/google/code/findbugs/jsr305/3.0.2/jsr305-3.0.2.jar:/home/tharaka/.m2/repository/org/checkerframework/checker-qual/3.5.0/checker-qual-3.5.0.jar:/home/tharaka/.m2/repository/com/google/errorprone/error_prone_annotations/2.3.4/error_prone_annotations-2.3.4.jar:/home/tharaka/.m2/repository/com/google/j2objc/j2objc-annotations/1.3/j2objc-annotations-1.3.jar:/home/tharaka/.m2/repository/org/apache/tika/tika-core/1.22/tika-core-1.22.jar:/home/tharaka/.m2/repository/junit/junit/4.12/junit-4.12.jar:/home/tharaka/.m2/repository/org/hamcrest/hamcrest-core/1.3/hamcrest-core-1.3.jar:/home/tharaka/.m2/repository/org/mockito/mockito-core/3.2.0/mockito-core-3.2.0.jar:/home/tharaka/.m2/repository/net/bytebuddy/byte-buddy/1.10.3/byte-buddy-1.10.3.jar:/home/tharaka/.m2/repository/net/bytebuddy/byte-buddy-agent/1.10.3/byte-buddy-agent-1.10.3.jar:/home/tharaka/.m2/repository/org/objenesis/objenesis/2.6/objenesis-2.6.jar:/home/tharaka/.m2/repository/org/powermock/powermock-module-junit4/2.0.7/powermock-module-junit4-2.0.7.jar:/home/tharaka/.m2/repository/org/powermock/powermock-module-junit4-common/2.0.7/powermock-module-junit4-common-2.0.7.jar:/home/tharaka/.m2/repository/org/powermock/powermock-reflect/2.0.7/powermock-reflect-2.0.7.jar:/home/tharaka/.m2/repository/org/powermock/powermock-core/2.0.7/powermock-core-2.0.7.jar:/home/tharaka/.m2/repository/org/javassist/javassist/3.27.0-GA/javassist-3.27.0-GA.jar:/home/tharaka/.m2/repository/org/powermock/powermock-api-mockito2/2.0.7/powermock-api-mockito2-2.0.7.jar:/home/tharaka/.m2/repository/org/powermock/powermock-api-support/2.0.7/powermock-api-support-2.0.7.jar:/home/tharaka/.m2/repository/commons-io/commons-io/2.6/commons-io-2.6.jar:/home/tharaka/.m2/repository/io/railflow/testrail-client/2.1/testrail-client-2.1.jar:/home/tharaka/.m2/repository/io/railflow/testrail-client/2.1/testrail-client-2.1-tests.jar:/home/tharaka/.m2/repository/javax/xml/bind/jaxb-api/2.3.0/jaxb-api-2.3.0.jar:/home/tharaka/.m2/repository/com/sun/xml/bind/jaxb-core/2.3.0/jaxb-core-2.3.0.jar:/home/tharaka/.m2/repository/com/sun/xml/bind/jaxb-impl/2.3.0/jaxb-impl-2.3.0.jar:/home/tharaka/.m2/repository/javax/activation/activation/1.1.1/activation-1.1.1.jar:/home/tharaka/.m2/repository/io/qameta/allure/allure-plugin-api/2.13.10/allure-plugin-api-2.13.10.jar:/home/tharaka/.m2/repository/org/apache/commons/commons-csv/1.8/commons-csv-1.8.jar:/home/tharaka/.m2/repository/org/apache/commons/commons-collections4/4.4/commons-collections4-4.4.jar:/home/tharaka/.m2/repository/ch/qos/logback/logback-classic/1.2.3/logback-classic-1.2.3.jar:/home/tharaka/.m2/repository/ch/qos/logback/logback-core/1.2.3/logback-core-1.2.3.jar:"/>
    
    <property name="sun.cpu.endian" value="little"/>
    
    <property name="user.home" value="/home/tharaka"/>
    
    <property name="user.language" value="en"/>
    
    <property name="java.specification.vendor" value="Oracle Corporation"/>
    
    <property name="java.home" value="/usr/lib/jvm/java-8-openjdk-amd64/jre"/>
    
    <property name="basedir" value="/home/tharaka/projects/agiletestware/teamcity_plugins/railflow-java"/>
    
    <property name="file.separator" value="/"/>
    
    <property name="line.separator" value="
"/>
    
    <property name="java.vm.specification.vendor" value="Oracle Corporation"/>
    
    <property name="java.specification.name" value="Java Platform API Specification"/>
    
    <property name="java.awt.graphicsenv" value="sun.awt.X11GraphicsEnvironment"/>
    
    <property name="surefire.real.class.path" value="/home/tharaka/projects/agiletestware/teamcity_plugins/railflow-java/target/surefire/surefirebooter5615321071138040699.jar:/home/tharaka/.m2/repository/org/jacoco/org.jacoco.agent/0.8.2/org.jacoco.agent-0.8.2-runtime.jar"/>
    
    <property name="sun.boot.class.path" value="/usr/lib/jvm/java-8-openjdk-amd64/jre/lib/resources.jar:/usr/lib/jvm/java-8-openjdk-amd64/jre/lib/rt.jar:/usr/lib/jvm/java-8-openjdk-amd64/jre/lib/sunrsasign.jar:/usr/lib/jvm/java-8-openjdk-amd64/jre/lib/jsse.jar:/usr/lib/jvm/java-8-openjdk-amd64/jre/lib/jce.jar:/usr/lib/jvm/java-8-openjdk-amd64/jre/lib/charsets.jar:/usr/lib/jvm/java-8-openjdk-amd64/jre/lib/jfr.jar:/usr/lib/jvm/java-8-openjdk-amd64/jre/classes"/>
    
    <property name="sun.management.compiler" value="HotSpot 64-Bit Tiered Compilers"/>
    
    <property name="java.runtime.version" value="1.8.0_312-8u312-b07-0ubuntu1~20.04-b07"/>
    
    <property name="user.name" value="tharaka"/>
    
    <property name="path.separator" value=":"/>
    
    <property name="os.version" value="5.13.0-28-generic"/>
    
    <property name="java.endorsed.dirs" value="/usr/lib/jvm/java-8-openjdk-amd64/jre/lib/endorsed"/>
    
    <property name="java.runtime.name" value="OpenJDK Runtime Environment"/>
    
    <property name="file.encoding" value="UTF-8"/>
    
    <property name="java.vm.name" value="OpenJDK 64-Bit Server VM"/>
    
    <property name="localRepository" value="/home/tharaka/.m2/repository"/>
    
    <property name="java.vendor.url.bug" value="http://bugreport.sun.com/bugreport/"/>
    
    <property name="java.io.tmpdir" value="/tmp"/>
    
    <property name="java.version" value="1.8.0_312"/>
    
    <property name="user.dir" value="/home/tharaka/projects/agiletestware/teamcity_plugins/railflow-java"/>
    
    <property name="os.arch" value="amd64"/>
    
    <property name="java.vm.specification.name" value="Java Virtual Machine Specification"/>
    
    <property name="java.awt.printerjob" value="sun.print.PSPrinterJob"/>
    
    <property name="sun.os.patch.level" value="unknown"/>
    
    <property name="java.library.path" value="/usr/java/packages/lib/amd64:/usr/lib/x86_64-linux-gnu/jni:/lib/x86_64-linux-gnu:/usr/lib/x86_64-linux-gnu:/usr/lib/jni:/lib:/usr/lib"/>
    
    <property name="java.vm.info" value="mixed mode"/>
    
    <property name="java.vendor" value="Private Build"/>
    
    <property name="java.vm.version" value="25.312-b07"/>
    
    <property name="java.ext.dirs" value="/usr/lib/jvm/java-8-openjdk-amd64/jre/lib/ext:/usr/java/packages/lib/ext"/>
    
    <property name="sun.io.unicode.encoding" value="UnicodeLittle"/>
    
    <property name="java.class.version" value="52.0"/>
    
  </properties>
  
  <testcase name="createProjectWithNoSuites" classname="io.railflow.testreport.testng.TestNgModelCreatorTest" time="0.005"/>
  
  <testcase name="createProject_disableGrouping_false_with_single_suite_testng_steps" classname="io.railflow.testreport.testng.TestNgModelCreatorTest" time="0.018"/>
  
  <testcase name="createProject_disableGrouping_true_with_multiple_suites_multiple_tests_testng_steps" classname="io.railflow.testreport.testng.TestNgModelCreatorTest" time="0.111"/>
  
  <testcase name="createProjectFailWithEmptyTestPathTest" classname="io.railflow.testreport.testng.TestNgModelCreatorTest" time="0.013"/>
  
  <testcase name="createProjectWithNoTests" classname="io.railflow.testreport.testng.TestNgModelCreatorTest" time="0.008"/>
  
  <testcase name="createProjectWithSuiteRoot" classname="io.railflow.testreport.testng.TestNgModelCreatorTest" time="0.031"/>
  
  <testcase name="createProject_disableGrouping_false_with_single_suite_multiple_tests_testng" classname="io.railflow.testreport.testng.TestNgModelCreatorTest" time="0.05"/>
  
  <testcase name="createProjectPassWithOnlySuiteNameTest" classname="io.railflow.testreport.testng.TestNgModelCreatorTest" time="0.03"/>
  
  <testcase name="createProject_disableGrouping_true_with_single_suite_testng_steps" classname="io.railflow.testreport.testng.TestNgModelCreatorTest" time="0.032"/>
  
  <testcase name="createProject_disableGrouping_true_with_multiple_suites_multiple_tests_testng" classname="io.railflow.testreport.testng.TestNgModelCreatorTest" time="0.09"/>
  
  <testcase name="createProjectPassWithSkippedStatusTest" classname="io.railflow.testreport.testng.TestNgModelCreatorTest" time="0.021"/>
  
  <testcase name="createProject_disableGrouping_true_with_single_suite_multiple_tests_testng" classname="io.railflow.testreport.testng.TestNgModelCreatorTest" time="0.07"/>
  
  <testcase name="createProjectPassWithErrorStatusTest" classname="io.railflow.testreport.testng.TestNgModelCreatorTest" time="0.007"/>
  
  <testcase name="createProjectPassWithFailedStatusTest" classname="io.railflow.testreport.testng.TestNgModelCreatorTest" time="0.026"/>
  
  <testcase name="createProject_invalid_root_name" classname="io.railflow.testreport.testng.TestNgModelCreatorTest" time="0.048"/>
  
  <testcase name="createProjectWithMultipleTests" classname="io.railflow.testreport.testng.TestNgModelCreatorTest" time="0.117"/>
  
  <testcase name="createProjectWithSeveralSuitesAndTests" classname="io.railflow.testreport.testng.TestNgModelCreatorTest" time="0.094"/>
  
  <testcase name="createProject_disableGrouping_true_with_single_suite_testng" classname="io.railflow.testreport.testng.TestNgModelCreatorTest" time="0.02"/>
  
  <testcase name="createProjectPassWithPassedStatusTest" classname="io.railflow.testreport.testng.TestNgModelCreatorTest" time="0.03"/>
  
  <testcase name="createProjectFailWithTestPathErrorFormatTest" classname="io.railflow.testreport.testng.TestNgModelCreatorTest" time="0.005"/>
  
  <testcase name="createProjectFromMultipleFiles" classname="io.railflow.testreport.testng.TestNgModelCreatorTest" time="0.042"/>
  
  <testcase name="createProject_disableGrouping_false_with_single_suite_multiple_tests_testng_steps" classname="io.railflow.testreport.testng.TestNgModelCreatorTest" time="0.054"/>
  
  <testcase name="createProject_disableGrouping_false_with_single_suite_testng" classname="io.railflow.testreport.testng.TestNgModelCreatorTest" time="0.01"/>
  
  <testcase name="createProject_disableGrouping_true_with_single_suite_multiple_tests_testng_steps" classname="io.railflow.testreport.testng.TestNgModelCreatorTest" time="0.036"/>
  
</testsuite>
<testsuite xmlns:xsi="http://www.w3.org/2001/XMLSchema-instance" xsi:noNamespaceSchemaLocation="https://maven.apache.org/surefire/maven-surefire-plugin/xsd/surefire-test-report.xsd" name="io.railflow.testreport.trx.TrxModelCreatorTest" time="0.415" tests="13" errors="0" skipped="0" failures="3">
  
  <properties>
    
    <property name="sun.desktop" value="gnome"/>
    
    <property name="awt.toolkit" value="sun.awt.X11.XToolkit"/>
    
    <property name="file.encoding.pkg" value="sun.io"/>
    
    <property name="java.specification.version" value="1.8"/>
    
    <property name="sun.cpu.isalist" value=""/>
    
    <property name="sun.jnu.encoding" value="UTF-8"/>
    
    <property name="java.class.path" value="/home/tharaka/projects/agiletestware/teamcity_plugins/railflow-java/target/test-classes:/home/tharaka/projects/agiletestware/teamcity_plugins/railflow-java/target/classes:/home/tharaka/.m2/repository/io/railflow/license/1.0/license-1.0.jar:/home/tharaka/.m2/repository/io/railflow/commons/1.0/commons-1.0.jar:/home/tharaka/.m2/repository/org/apache/commons/commons-lang3/3.11/commons-lang3-3.11.jar:/home/tharaka/.m2/repository/org/apache/httpcomponents/httpclient/4.5.2/httpclient-4.5.2.jar:/home/tharaka/.m2/repository/org/apache/httpcomponents/httpcore/4.4.4/httpcore-4.4.4.jar:/home/tharaka/.m2/repository/commons-logging/commons-logging/1.2/commons-logging-1.2.jar:/home/tharaka/.m2/repository/org/apache/httpcomponents/httpmime/4.5.2/httpmime-4.5.2.jar:/home/tharaka/.m2/repository/org/slf4j/slf4j-api/1.7.25/slf4j-api-1.7.25.jar:/home/tharaka/.m2/repository/com/google/code/gson/gson/2.8.5/gson-2.8.5.jar:/home/tharaka/.m2/repository/commons-codec/commons-codec/1.15/commons-codec-1.15.jar:/home/tharaka/.m2/repository/javax/validation/validation-api/2.0.1.Final/validation-api-2.0.1.Final.jar:/home/tharaka/.m2/repository/com/fasterxml/jackson/core/jackson-databind/2.11.4/jackson-databind-2.11.4.jar:/home/tharaka/.m2/repository/com/fasterxml/jackson/core/jackson-annotations/2.11.4/jackson-annotations-2.11.4.jar:/home/tharaka/.m2/repository/com/fasterxml/jackson/core/jackson-core/2.11.4/jackson-core-2.11.4.jar:/home/tharaka/.m2/repository/com/google/guava/guava/30.1-jre/guava-30.1-jre.jar:/home/tharaka/.m2/repository/com/google/guava/failureaccess/1.0.1/failureaccess-1.0.1.jar:/home/tharaka/.m2/repository/com/google/guava/listenablefuture/9999.0-empty-to-avoid-conflict-with-guava/listenablefuture-9999.0-empty-to-avoid-conflict-with-guava.jar:/home/tharaka/.m2/repository/com/google/code/findbugs/jsr305/3.0.2/jsr305-3.0.2.jar:/home/tharaka/.m2/repository/org/checkerframework/checker-qual/3.5.0/checker-qual-3.5.0.jar:/home/tharaka/.m2/repository/com/google/errorprone/error_prone_annotations/2.3.4/error_prone_annotations-2.3.4.jar:/home/tharaka/.m2/repository/com/google/j2objc/j2objc-annotations/1.3/j2objc-annotations-1.3.jar:/home/tharaka/.m2/repository/org/apache/tika/tika-core/1.22/tika-core-1.22.jar:/home/tharaka/.m2/repository/junit/junit/4.12/junit-4.12.jar:/home/tharaka/.m2/repository/org/hamcrest/hamcrest-core/1.3/hamcrest-core-1.3.jar:/home/tharaka/.m2/repository/org/mockito/mockito-core/3.2.0/mockito-core-3.2.0.jar:/home/tharaka/.m2/repository/net/bytebuddy/byte-buddy/1.10.3/byte-buddy-1.10.3.jar:/home/tharaka/.m2/repository/net/bytebuddy/byte-buddy-agent/1.10.3/byte-buddy-agent-1.10.3.jar:/home/tharaka/.m2/repository/org/objenesis/objenesis/2.6/objenesis-2.6.jar:/home/tharaka/.m2/repository/org/powermock/powermock-module-junit4/2.0.7/powermock-module-junit4-2.0.7.jar:/home/tharaka/.m2/repository/org/powermock/powermock-module-junit4-common/2.0.7/powermock-module-junit4-common-2.0.7.jar:/home/tharaka/.m2/repository/org/powermock/powermock-reflect/2.0.7/powermock-reflect-2.0.7.jar:/home/tharaka/.m2/repository/org/powermock/powermock-core/2.0.7/powermock-core-2.0.7.jar:/home/tharaka/.m2/repository/org/javassist/javassist/3.27.0-GA/javassist-3.27.0-GA.jar:/home/tharaka/.m2/repository/org/powermock/powermock-api-mockito2/2.0.7/powermock-api-mockito2-2.0.7.jar:/home/tharaka/.m2/repository/org/powermock/powermock-api-support/2.0.7/powermock-api-support-2.0.7.jar:/home/tharaka/.m2/repository/commons-io/commons-io/2.6/commons-io-2.6.jar:/home/tharaka/.m2/repository/io/railflow/testrail-client/2.1/testrail-client-2.1.jar:/home/tharaka/.m2/repository/io/railflow/testrail-client/2.1/testrail-client-2.1-tests.jar:/home/tharaka/.m2/repository/javax/xml/bind/jaxb-api/2.3.0/jaxb-api-2.3.0.jar:/home/tharaka/.m2/repository/com/sun/xml/bind/jaxb-core/2.3.0/jaxb-core-2.3.0.jar:/home/tharaka/.m2/repository/com/sun/xml/bind/jaxb-impl/2.3.0/jaxb-impl-2.3.0.jar:/home/tharaka/.m2/repository/javax/activation/activation/1.1.1/activation-1.1.1.jar:/home/tharaka/.m2/repository/io/qameta/allure/allure-plugin-api/2.13.10/allure-plugin-api-2.13.10.jar:/home/tharaka/.m2/repository/org/apache/commons/commons-csv/1.8/commons-csv-1.8.jar:/home/tharaka/.m2/repository/org/apache/commons/commons-collections4/4.4/commons-collections4-4.4.jar:/home/tharaka/.m2/repository/ch/qos/logback/logback-classic/1.2.3/logback-classic-1.2.3.jar:/home/tharaka/.m2/repository/ch/qos/logback/logback-core/1.2.3/logback-core-1.2.3.jar:"/>
    
    <property name="java.vm.vendor" value="Private Build"/>
    
    <property name="sun.arch.data.model" value="64"/>
    
    <property name="java.vendor.url" value="http://java.oracle.com/"/>
    
    <property name="user.timezone" value=""/>
    
    <property name="java.vm.specification.version" value="1.8"/>
    
    <property name="os.name" value="Linux"/>
    
    <property name="user.country" value="US"/>
    
    <property name="sun.java.launcher" value="SUN_STANDARD"/>
    
    <property name="sun.boot.library.path" value="/usr/lib/jvm/java-8-openjdk-amd64/jre/lib/amd64"/>
    
    <property name="sun.java.command" value="/home/tharaka/projects/agiletestware/teamcity_plugins/railflow-java/target/surefire/surefirebooter5615321071138040699.jar /home/tharaka/projects/agiletestware/teamcity_plugins/railflow-java/target/surefire 2022-02-04T09-29-42_375-jvmRun1 surefire3251150644889157875tmp surefire_03548316204226868521tmp"/>
    
    <property name="surefire.test.class.path" value="/home/tharaka/projects/agiletestware/teamcity_plugins/railflow-java/target/test-classes:/home/tharaka/projects/agiletestware/teamcity_plugins/railflow-java/target/classes:/home/tharaka/.m2/repository/io/railflow/license/1.0/license-1.0.jar:/home/tharaka/.m2/repository/io/railflow/commons/1.0/commons-1.0.jar:/home/tharaka/.m2/repository/org/apache/commons/commons-lang3/3.11/commons-lang3-3.11.jar:/home/tharaka/.m2/repository/org/apache/httpcomponents/httpclient/4.5.2/httpclient-4.5.2.jar:/home/tharaka/.m2/repository/org/apache/httpcomponents/httpcore/4.4.4/httpcore-4.4.4.jar:/home/tharaka/.m2/repository/commons-logging/commons-logging/1.2/commons-logging-1.2.jar:/home/tharaka/.m2/repository/org/apache/httpcomponents/httpmime/4.5.2/httpmime-4.5.2.jar:/home/tharaka/.m2/repository/org/slf4j/slf4j-api/1.7.25/slf4j-api-1.7.25.jar:/home/tharaka/.m2/repository/com/google/code/gson/gson/2.8.5/gson-2.8.5.jar:/home/tharaka/.m2/repository/commons-codec/commons-codec/1.15/commons-codec-1.15.jar:/home/tharaka/.m2/repository/javax/validation/validation-api/2.0.1.Final/validation-api-2.0.1.Final.jar:/home/tharaka/.m2/repository/com/fasterxml/jackson/core/jackson-databind/2.11.4/jackson-databind-2.11.4.jar:/home/tharaka/.m2/repository/com/fasterxml/jackson/core/jackson-annotations/2.11.4/jackson-annotations-2.11.4.jar:/home/tharaka/.m2/repository/com/fasterxml/jackson/core/jackson-core/2.11.4/jackson-core-2.11.4.jar:/home/tharaka/.m2/repository/com/google/guava/guava/30.1-jre/guava-30.1-jre.jar:/home/tharaka/.m2/repository/com/google/guava/failureaccess/1.0.1/failureaccess-1.0.1.jar:/home/tharaka/.m2/repository/com/google/guava/listenablefuture/9999.0-empty-to-avoid-conflict-with-guava/listenablefuture-9999.0-empty-to-avoid-conflict-with-guava.jar:/home/tharaka/.m2/repository/com/google/code/findbugs/jsr305/3.0.2/jsr305-3.0.2.jar:/home/tharaka/.m2/repository/org/checkerframework/checker-qual/3.5.0/checker-qual-3.5.0.jar:/home/tharaka/.m2/repository/com/google/errorprone/error_prone_annotations/2.3.4/error_prone_annotations-2.3.4.jar:/home/tharaka/.m2/repository/com/google/j2objc/j2objc-annotations/1.3/j2objc-annotations-1.3.jar:/home/tharaka/.m2/repository/org/apache/tika/tika-core/1.22/tika-core-1.22.jar:/home/tharaka/.m2/repository/junit/junit/4.12/junit-4.12.jar:/home/tharaka/.m2/repository/org/hamcrest/hamcrest-core/1.3/hamcrest-core-1.3.jar:/home/tharaka/.m2/repository/org/mockito/mockito-core/3.2.0/mockito-core-3.2.0.jar:/home/tharaka/.m2/repository/net/bytebuddy/byte-buddy/1.10.3/byte-buddy-1.10.3.jar:/home/tharaka/.m2/repository/net/bytebuddy/byte-buddy-agent/1.10.3/byte-buddy-agent-1.10.3.jar:/home/tharaka/.m2/repository/org/objenesis/objenesis/2.6/objenesis-2.6.jar:/home/tharaka/.m2/repository/org/powermock/powermock-module-junit4/2.0.7/powermock-module-junit4-2.0.7.jar:/home/tharaka/.m2/repository/org/powermock/powermock-module-junit4-common/2.0.7/powermock-module-junit4-common-2.0.7.jar:/home/tharaka/.m2/repository/org/powermock/powermock-reflect/2.0.7/powermock-reflect-2.0.7.jar:/home/tharaka/.m2/repository/org/powermock/powermock-core/2.0.7/powermock-core-2.0.7.jar:/home/tharaka/.m2/repository/org/javassist/javassist/3.27.0-GA/javassist-3.27.0-GA.jar:/home/tharaka/.m2/repository/org/powermock/powermock-api-mockito2/2.0.7/powermock-api-mockito2-2.0.7.jar:/home/tharaka/.m2/repository/org/powermock/powermock-api-support/2.0.7/powermock-api-support-2.0.7.jar:/home/tharaka/.m2/repository/commons-io/commons-io/2.6/commons-io-2.6.jar:/home/tharaka/.m2/repository/io/railflow/testrail-client/2.1/testrail-client-2.1.jar:/home/tharaka/.m2/repository/io/railflow/testrail-client/2.1/testrail-client-2.1-tests.jar:/home/tharaka/.m2/repository/javax/xml/bind/jaxb-api/2.3.0/jaxb-api-2.3.0.jar:/home/tharaka/.m2/repository/com/sun/xml/bind/jaxb-core/2.3.0/jaxb-core-2.3.0.jar:/home/tharaka/.m2/repository/com/sun/xml/bind/jaxb-impl/2.3.0/jaxb-impl-2.3.0.jar:/home/tharaka/.m2/repository/javax/activation/activation/1.1.1/activation-1.1.1.jar:/home/tharaka/.m2/repository/io/qameta/allure/allure-plugin-api/2.13.10/allure-plugin-api-2.13.10.jar:/home/tharaka/.m2/repository/org/apache/commons/commons-csv/1.8/commons-csv-1.8.jar:/home/tharaka/.m2/repository/org/apache/commons/commons-collections4/4.4/commons-collections4-4.4.jar:/home/tharaka/.m2/repository/ch/qos/logback/logback-classic/1.2.3/logback-classic-1.2.3.jar:/home/tharaka/.m2/repository/ch/qos/logback/logback-core/1.2.3/logback-core-1.2.3.jar:"/>
    
    <property name="sun.cpu.endian" value="little"/>
    
    <property name="user.home" value="/home/tharaka"/>
    
    <property name="user.language" value="en"/>
    
    <property name="java.specification.vendor" value="Oracle Corporation"/>
    
    <property name="java.home" value="/usr/lib/jvm/java-8-openjdk-amd64/jre"/>
    
    <property name="basedir" value="/home/tharaka/projects/agiletestware/teamcity_plugins/railflow-java"/>
    
    <property name="file.separator" value="/"/>
    
    <property name="line.separator" value="
"/>
    
    <property name="java.vm.specification.vendor" value="Oracle Corporation"/>
    
    <property name="java.specification.name" value="Java Platform API Specification"/>
    
    <property name="java.awt.graphicsenv" value="sun.awt.X11GraphicsEnvironment"/>
    
    <property name="surefire.real.class.path" value="/home/tharaka/projects/agiletestware/teamcity_plugins/railflow-java/target/surefire/surefirebooter5615321071138040699.jar:/home/tharaka/.m2/repository/org/jacoco/org.jacoco.agent/0.8.2/org.jacoco.agent-0.8.2-runtime.jar"/>
    
    <property name="sun.boot.class.path" value="/usr/lib/jvm/java-8-openjdk-amd64/jre/lib/resources.jar:/usr/lib/jvm/java-8-openjdk-amd64/jre/lib/rt.jar:/usr/lib/jvm/java-8-openjdk-amd64/jre/lib/sunrsasign.jar:/usr/lib/jvm/java-8-openjdk-amd64/jre/lib/jsse.jar:/usr/lib/jvm/java-8-openjdk-amd64/jre/lib/jce.jar:/usr/lib/jvm/java-8-openjdk-amd64/jre/lib/charsets.jar:/usr/lib/jvm/java-8-openjdk-amd64/jre/lib/jfr.jar:/usr/lib/jvm/java-8-openjdk-amd64/jre/classes"/>
    
    <property name="sun.management.compiler" value="HotSpot 64-Bit Tiered Compilers"/>
    
    <property name="java.runtime.version" value="1.8.0_312-8u312-b07-0ubuntu1~20.04-b07"/>
    
    <property name="user.name" value="tharaka"/>
    
    <property name="path.separator" value=":"/>
    
    <property name="os.version" value="5.13.0-28-generic"/>
    
    <property name="java.endorsed.dirs" value="/usr/lib/jvm/java-8-openjdk-amd64/jre/lib/endorsed"/>
    
    <property name="java.runtime.name" value="OpenJDK Runtime Environment"/>
    
    <property name="file.encoding" value="UTF-8"/>
    
    <property name="java.vm.name" value="OpenJDK 64-Bit Server VM"/>
    
    <property name="localRepository" value="/home/tharaka/.m2/repository"/>
    
    <property name="java.vendor.url.bug" value="http://bugreport.sun.com/bugreport/"/>
    
    <property name="java.io.tmpdir" value="/tmp"/>
    
    <property name="java.version" value="1.8.0_312"/>
    
    <property name="user.dir" value="/home/tharaka/projects/agiletestware/teamcity_plugins/railflow-java"/>
    
    <property name="os.arch" value="amd64"/>
    
    <property name="java.vm.specification.name" value="Java Virtual Machine Specification"/>
    
    <property name="java.awt.printerjob" value="sun.print.PSPrinterJob"/>
    
    <property name="sun.os.patch.level" value="unknown"/>
    
    <property name="java.library.path" value="/usr/java/packages/lib/amd64:/usr/lib/x86_64-linux-gnu/jni:/lib/x86_64-linux-gnu:/usr/lib/x86_64-linux-gnu:/usr/lib/jni:/lib:/usr/lib"/>
    
    <property name="java.vm.info" value="mixed mode"/>
    
    <property name="java.vendor" value="Private Build"/>
    
    <property name="java.vm.version" value="25.312-b07"/>
    
    <property name="java.ext.dirs" value="/usr/lib/jvm/java-8-openjdk-amd64/jre/lib/ext:/usr/java/packages/lib/ext"/>
    
    <property name="sun.io.unicode.encoding" value="UnicodeLittle"/>
    
    <property name="java.class.version" value="52.0"/>
    
  </properties>
  
  <testcase name="createProjectFailWithEmptyTestPathTest" classname="io.railflow.testreport.trx.TrxModelCreatorTest" time="0.008"/>
  
  <testcase name="createProject_single_testfile_with_passed_testcase_contains_railflow_markers_in_class_level" classname="io.railflow.testreport.trx.TrxModelCreatorTest" time="0.057"/>
  
  <testcase name="createProject_with_single_testfile_contains_railflow_markers_in_class_and_method_levels" classname="io.railflow.testreport.trx.TrxModelCreatorTest" time="0.034"/>
  
  <testcase name="createProject_single_testfile_with_failed_testcase_contains_railflow_markers_in_class_level" classname="io.railflow.testreport.trx.TrxModelCreatorTest" time="0.033"/>
  
  <testcase name="createProjectPassWithSkippedStatusTest" classname="io.railflow.testreport.trx.TrxModelCreatorTest" time="0.04"/>
  
  <testcase name="createProject_invalid_railflow_markers" classname="io.railflow.testreport.trx.TrxModelCreatorTest" time="0.027"/>
  
  <testcase name="createProjectPassWithErrorStatusTest" classname="io.railflow.testreport.trx.TrxModelCreatorTest" time="0.028">
    
    <failure message="expected:&lt;PASSED&gt; but was:&lt;FAILED&gt;" type="java.lang.AssertionError"><![CDATA[java.lang.AssertionError: expected:<PASSED> but was:<FAILED>
	at io.railflow.testreport.trx.TrxModelCreatorTest.createProjectPassWithErrorStatusTest(TrxModelCreatorTest.java:68)]]></failure>
    
    <system-out><![CDATA[09:30:07.023 [main] DEBUG io.railflow.testreport.model.CaseCreateParametersFactory - Setting case type/priority from report: Compatibility
09:30:07.033 [main] DEBUG io.railflow.testreport.model.CaseCreateParametersFactory - Setting case type/priority from report: High
09:30:07.034 [main] DEBUG io.railflow.testreport.trx.TrxModelCreator - Parsing results file: /home/tharaka/projects/agiletestware/teamcity_plugins/railflow-java/target/test-classes/io/railflow/testreport/trx/result_with_testcase_failed.xml]]></system-out>
    
  </testcase>
  
  <testcase name="createProject_single_testfile_contains_railflow_markers_in_method_levels_with_testrail_ids" classname="io.railflow.testreport.trx.TrxModelCreatorTest" time="0.036"/>
  
  <testcase name="createProjectPassWithAllTestResultTypeTest" classname="io.railflow.testreport.trx.TrxModelCreatorTest" time="0.013"/>
  
  <testcase name="createProjectPassWithPassedStatusTest" classname="io.railflow.testreport.trx.TrxModelCreatorTest" time="0.019"/>
  
  <testcase name="createProjectFailWithTestPathErrorFormatTest" classname="io.railflow.testreport.trx.TrxModelCreatorTest" time="0.003"/>
  
  <testcase name="createProjectPassWithoutSectionNameTest" classname="io.railflow.testreport.trx.TrxModelCreatorTest" time="0.045">
    
    <failure message="expected:&lt;suiteName[1]&gt; but was:&lt;suiteName[]&gt;" type="org.junit.ComparisonFailure"><![CDATA[org.junit.ComparisonFailure: expected:<suiteName[1]> but was:<suiteName[]>
	at io.railflow.testreport.trx.TrxModelCreatorTest.createProjectPassWithoutSectionNameTest(TrxModelCreatorTest.java:52)]]></failure>
    
    <system-out><![CDATA[09:30:07.147 [main] DEBUG io.railflow.testreport.model.CaseCreateParametersFactory - Setting case type/priority from report: Compatibility
09:30:07.148 [main] DEBUG io.railflow.testreport.model.CaseCreateParametersFactory - Setting case type/priority from report: High
09:30:07.149 [main] DEBUG io.railflow.testreport.trx.TrxModelCreator - Parsing results file: /home/tharaka/projects/agiletestware/teamcity_plugins/railflow-java/target/test-classes/io/railflow/testreport/trx/result_with_testcase_passed.xml
09:30:07.167 [main] WARN io.railflow.testreport.trx.TrxModelCreator - testPath: suiteName does not contain section name, use default one: MSTests]]></system-out>
    
  </testcase>
  
  <testcase name="createProjectFromMultipleFiles" classname="io.railflow.testreport.trx.TrxModelCreatorTest" time="0.046">
    
    <failure message="expected:&lt;suiteName[1]&gt; but was:&lt;suiteName[]&gt;" type="org.junit.ComparisonFailure"><![CDATA[org.junit.ComparisonFailure: expected:<suiteName[1]> but was:<suiteName[]>
	at io.railflow.testreport.trx.TrxModelCreatorTest.createProjectFromMultipleFiles(TrxModelCreatorTest.java:121)]]></failure>
    
    <system-out><![CDATA[09:30:07.177 [main] DEBUG io.railflow.testreport.model.CaseCreateParametersFactory - Setting case type/priority from report: Compatibility
09:30:07.179 [main] DEBUG io.railflow.testreport.model.CaseCreateParametersFactory - Setting case type/priority from report: High
09:30:07.180 [main] DEBUG io.railflow.testreport.trx.TrxModelCreator - Parsing results file: /home/tharaka/projects/agiletestware/teamcity_plugins/railflow-java/target/test-classes/io/railflow/testreport/trx/result_with_testcase_passed.xml
09:30:07.190 [main] DEBUG io.railflow.testreport.trx.TrxModelCreator - Parsing results file: /home/tharaka/projects/agiletestware/teamcity_plugins/railflow-java/target/test-classes/io/railflow/testreport/trx/result_with_testcase_failed.xml]]></system-out>
    
  </testcase>
  
</testsuite>
<testsuite xmlns:xsi="http://www.w3.org/2001/XMLSchema-instance" xsi:noNamespaceSchemaLocation="https://maven.apache.org/surefire/maven-surefire-plugin/xsd/surefire-test-report.xsd" name="io.railflow.testreport.xunit.XunitModelCreatorTest" time="0.25" tests="6" errors="0" skipped="0" failures="2">
  
  <properties>
    
    <property name="sun.desktop" value="gnome"/>
    
    <property name="awt.toolkit" value="sun.awt.X11.XToolkit"/>
    
    <property name="file.encoding.pkg" value="sun.io"/>
    
    <property name="java.specification.version" value="1.8"/>
    
    <property name="sun.cpu.isalist" value=""/>
    
    <property name="sun.jnu.encoding" value="UTF-8"/>
    
    <property name="java.class.path" value="/home/tharaka/projects/agiletestware/teamcity_plugins/railflow-java/target/test-classes:/home/tharaka/projects/agiletestware/teamcity_plugins/railflow-java/target/classes:/home/tharaka/.m2/repository/io/railflow/license/1.0/license-1.0.jar:/home/tharaka/.m2/repository/io/railflow/commons/1.0/commons-1.0.jar:/home/tharaka/.m2/repository/org/apache/commons/commons-lang3/3.11/commons-lang3-3.11.jar:/home/tharaka/.m2/repository/org/apache/httpcomponents/httpclient/4.5.2/httpclient-4.5.2.jar:/home/tharaka/.m2/repository/org/apache/httpcomponents/httpcore/4.4.4/httpcore-4.4.4.jar:/home/tharaka/.m2/repository/commons-logging/commons-logging/1.2/commons-logging-1.2.jar:/home/tharaka/.m2/repository/org/apache/httpcomponents/httpmime/4.5.2/httpmime-4.5.2.jar:/home/tharaka/.m2/repository/org/slf4j/slf4j-api/1.7.25/slf4j-api-1.7.25.jar:/home/tharaka/.m2/repository/com/google/code/gson/gson/2.8.5/gson-2.8.5.jar:/home/tharaka/.m2/repository/commons-codec/commons-codec/1.15/commons-codec-1.15.jar:/home/tharaka/.m2/repository/javax/validation/validation-api/2.0.1.Final/validation-api-2.0.1.Final.jar:/home/tharaka/.m2/repository/com/fasterxml/jackson/core/jackson-databind/2.11.4/jackson-databind-2.11.4.jar:/home/tharaka/.m2/repository/com/fasterxml/jackson/core/jackson-annotations/2.11.4/jackson-annotations-2.11.4.jar:/home/tharaka/.m2/repository/com/fasterxml/jackson/core/jackson-core/2.11.4/jackson-core-2.11.4.jar:/home/tharaka/.m2/repository/com/google/guava/guava/30.1-jre/guava-30.1-jre.jar:/home/tharaka/.m2/repository/com/google/guava/failureaccess/1.0.1/failureaccess-1.0.1.jar:/home/tharaka/.m2/repository/com/google/guava/listenablefuture/9999.0-empty-to-avoid-conflict-with-guava/listenablefuture-9999.0-empty-to-avoid-conflict-with-guava.jar:/home/tharaka/.m2/repository/com/google/code/findbugs/jsr305/3.0.2/jsr305-3.0.2.jar:/home/tharaka/.m2/repository/org/checkerframework/checker-qual/3.5.0/checker-qual-3.5.0.jar:/home/tharaka/.m2/repository/com/google/errorprone/error_prone_annotations/2.3.4/error_prone_annotations-2.3.4.jar:/home/tharaka/.m2/repository/com/google/j2objc/j2objc-annotations/1.3/j2objc-annotations-1.3.jar:/home/tharaka/.m2/repository/org/apache/tika/tika-core/1.22/tika-core-1.22.jar:/home/tharaka/.m2/repository/junit/junit/4.12/junit-4.12.jar:/home/tharaka/.m2/repository/org/hamcrest/hamcrest-core/1.3/hamcrest-core-1.3.jar:/home/tharaka/.m2/repository/org/mockito/mockito-core/3.2.0/mockito-core-3.2.0.jar:/home/tharaka/.m2/repository/net/bytebuddy/byte-buddy/1.10.3/byte-buddy-1.10.3.jar:/home/tharaka/.m2/repository/net/bytebuddy/byte-buddy-agent/1.10.3/byte-buddy-agent-1.10.3.jar:/home/tharaka/.m2/repository/org/objenesis/objenesis/2.6/objenesis-2.6.jar:/home/tharaka/.m2/repository/org/powermock/powermock-module-junit4/2.0.7/powermock-module-junit4-2.0.7.jar:/home/tharaka/.m2/repository/org/powermock/powermock-module-junit4-common/2.0.7/powermock-module-junit4-common-2.0.7.jar:/home/tharaka/.m2/repository/org/powermock/powermock-reflect/2.0.7/powermock-reflect-2.0.7.jar:/home/tharaka/.m2/repository/org/powermock/powermock-core/2.0.7/powermock-core-2.0.7.jar:/home/tharaka/.m2/repository/org/javassist/javassist/3.27.0-GA/javassist-3.27.0-GA.jar:/home/tharaka/.m2/repository/org/powermock/powermock-api-mockito2/2.0.7/powermock-api-mockito2-2.0.7.jar:/home/tharaka/.m2/repository/org/powermock/powermock-api-support/2.0.7/powermock-api-support-2.0.7.jar:/home/tharaka/.m2/repository/commons-io/commons-io/2.6/commons-io-2.6.jar:/home/tharaka/.m2/repository/io/railflow/testrail-client/2.1/testrail-client-2.1.jar:/home/tharaka/.m2/repository/io/railflow/testrail-client/2.1/testrail-client-2.1-tests.jar:/home/tharaka/.m2/repository/javax/xml/bind/jaxb-api/2.3.0/jaxb-api-2.3.0.jar:/home/tharaka/.m2/repository/com/sun/xml/bind/jaxb-core/2.3.0/jaxb-core-2.3.0.jar:/home/tharaka/.m2/repository/com/sun/xml/bind/jaxb-impl/2.3.0/jaxb-impl-2.3.0.jar:/home/tharaka/.m2/repository/javax/activation/activation/1.1.1/activation-1.1.1.jar:/home/tharaka/.m2/repository/io/qameta/allure/allure-plugin-api/2.13.10/allure-plugin-api-2.13.10.jar:/home/tharaka/.m2/repository/org/apache/commons/commons-csv/1.8/commons-csv-1.8.jar:/home/tharaka/.m2/repository/org/apache/commons/commons-collections4/4.4/commons-collections4-4.4.jar:/home/tharaka/.m2/repository/ch/qos/logback/logback-classic/1.2.3/logback-classic-1.2.3.jar:/home/tharaka/.m2/repository/ch/qos/logback/logback-core/1.2.3/logback-core-1.2.3.jar:"/>
    
    <property name="java.vm.vendor" value="Private Build"/>
    
    <property name="sun.arch.data.model" value="64"/>
    
    <property name="java.vendor.url" value="http://java.oracle.com/"/>
    
    <property name="user.timezone" value=""/>
    
    <property name="java.vm.specification.version" value="1.8"/>
    
    <property name="os.name" value="Linux"/>
    
    <property name="user.country" value="US"/>
    
    <property name="sun.java.launcher" value="SUN_STANDARD"/>
    
    <property name="sun.boot.library.path" value="/usr/lib/jvm/java-8-openjdk-amd64/jre/lib/amd64"/>
    
    <property name="sun.java.command" value="/home/tharaka/projects/agiletestware/teamcity_plugins/railflow-java/target/surefire/surefirebooter5615321071138040699.jar /home/tharaka/projects/agiletestware/teamcity_plugins/railflow-java/target/surefire 2022-02-04T09-29-42_375-jvmRun1 surefire3251150644889157875tmp surefire_03548316204226868521tmp"/>
    
    <property name="surefire.test.class.path" value="/home/tharaka/projects/agiletestware/teamcity_plugins/railflow-java/target/test-classes:/home/tharaka/projects/agiletestware/teamcity_plugins/railflow-java/target/classes:/home/tharaka/.m2/repository/io/railflow/license/1.0/license-1.0.jar:/home/tharaka/.m2/repository/io/railflow/commons/1.0/commons-1.0.jar:/home/tharaka/.m2/repository/org/apache/commons/commons-lang3/3.11/commons-lang3-3.11.jar:/home/tharaka/.m2/repository/org/apache/httpcomponents/httpclient/4.5.2/httpclient-4.5.2.jar:/home/tharaka/.m2/repository/org/apache/httpcomponents/httpcore/4.4.4/httpcore-4.4.4.jar:/home/tharaka/.m2/repository/commons-logging/commons-logging/1.2/commons-logging-1.2.jar:/home/tharaka/.m2/repository/org/apache/httpcomponents/httpmime/4.5.2/httpmime-4.5.2.jar:/home/tharaka/.m2/repository/org/slf4j/slf4j-api/1.7.25/slf4j-api-1.7.25.jar:/home/tharaka/.m2/repository/com/google/code/gson/gson/2.8.5/gson-2.8.5.jar:/home/tharaka/.m2/repository/commons-codec/commons-codec/1.15/commons-codec-1.15.jar:/home/tharaka/.m2/repository/javax/validation/validation-api/2.0.1.Final/validation-api-2.0.1.Final.jar:/home/tharaka/.m2/repository/com/fasterxml/jackson/core/jackson-databind/2.11.4/jackson-databind-2.11.4.jar:/home/tharaka/.m2/repository/com/fasterxml/jackson/core/jackson-annotations/2.11.4/jackson-annotations-2.11.4.jar:/home/tharaka/.m2/repository/com/fasterxml/jackson/core/jackson-core/2.11.4/jackson-core-2.11.4.jar:/home/tharaka/.m2/repository/com/google/guava/guava/30.1-jre/guava-30.1-jre.jar:/home/tharaka/.m2/repository/com/google/guava/failureaccess/1.0.1/failureaccess-1.0.1.jar:/home/tharaka/.m2/repository/com/google/guava/listenablefuture/9999.0-empty-to-avoid-conflict-with-guava/listenablefuture-9999.0-empty-to-avoid-conflict-with-guava.jar:/home/tharaka/.m2/repository/com/google/code/findbugs/jsr305/3.0.2/jsr305-3.0.2.jar:/home/tharaka/.m2/repository/org/checkerframework/checker-qual/3.5.0/checker-qual-3.5.0.jar:/home/tharaka/.m2/repository/com/google/errorprone/error_prone_annotations/2.3.4/error_prone_annotations-2.3.4.jar:/home/tharaka/.m2/repository/com/google/j2objc/j2objc-annotations/1.3/j2objc-annotations-1.3.jar:/home/tharaka/.m2/repository/org/apache/tika/tika-core/1.22/tika-core-1.22.jar:/home/tharaka/.m2/repository/junit/junit/4.12/junit-4.12.jar:/home/tharaka/.m2/repository/org/hamcrest/hamcrest-core/1.3/hamcrest-core-1.3.jar:/home/tharaka/.m2/repository/org/mockito/mockito-core/3.2.0/mockito-core-3.2.0.jar:/home/tharaka/.m2/repository/net/bytebuddy/byte-buddy/1.10.3/byte-buddy-1.10.3.jar:/home/tharaka/.m2/repository/net/bytebuddy/byte-buddy-agent/1.10.3/byte-buddy-agent-1.10.3.jar:/home/tharaka/.m2/repository/org/objenesis/objenesis/2.6/objenesis-2.6.jar:/home/tharaka/.m2/repository/org/powermock/powermock-module-junit4/2.0.7/powermock-module-junit4-2.0.7.jar:/home/tharaka/.m2/repository/org/powermock/powermock-module-junit4-common/2.0.7/powermock-module-junit4-common-2.0.7.jar:/home/tharaka/.m2/repository/org/powermock/powermock-reflect/2.0.7/powermock-reflect-2.0.7.jar:/home/tharaka/.m2/repository/org/powermock/powermock-core/2.0.7/powermock-core-2.0.7.jar:/home/tharaka/.m2/repository/org/javassist/javassist/3.27.0-GA/javassist-3.27.0-GA.jar:/home/tharaka/.m2/repository/org/powermock/powermock-api-mockito2/2.0.7/powermock-api-mockito2-2.0.7.jar:/home/tharaka/.m2/repository/org/powermock/powermock-api-support/2.0.7/powermock-api-support-2.0.7.jar:/home/tharaka/.m2/repository/commons-io/commons-io/2.6/commons-io-2.6.jar:/home/tharaka/.m2/repository/io/railflow/testrail-client/2.1/testrail-client-2.1.jar:/home/tharaka/.m2/repository/io/railflow/testrail-client/2.1/testrail-client-2.1-tests.jar:/home/tharaka/.m2/repository/javax/xml/bind/jaxb-api/2.3.0/jaxb-api-2.3.0.jar:/home/tharaka/.m2/repository/com/sun/xml/bind/jaxb-core/2.3.0/jaxb-core-2.3.0.jar:/home/tharaka/.m2/repository/com/sun/xml/bind/jaxb-impl/2.3.0/jaxb-impl-2.3.0.jar:/home/tharaka/.m2/repository/javax/activation/activation/1.1.1/activation-1.1.1.jar:/home/tharaka/.m2/repository/io/qameta/allure/allure-plugin-api/2.13.10/allure-plugin-api-2.13.10.jar:/home/tharaka/.m2/repository/org/apache/commons/commons-csv/1.8/commons-csv-1.8.jar:/home/tharaka/.m2/repository/org/apache/commons/commons-collections4/4.4/commons-collections4-4.4.jar:/home/tharaka/.m2/repository/ch/qos/logback/logback-classic/1.2.3/logback-classic-1.2.3.jar:/home/tharaka/.m2/repository/ch/qos/logback/logback-core/1.2.3/logback-core-1.2.3.jar:"/>
    
    <property name="sun.cpu.endian" value="little"/>
    
    <property name="user.home" value="/home/tharaka"/>
    
    <property name="user.language" value="en"/>
    
    <property name="java.specification.vendor" value="Oracle Corporation"/>
    
    <property name="java.home" value="/usr/lib/jvm/java-8-openjdk-amd64/jre"/>
    
    <property name="basedir" value="/home/tharaka/projects/agiletestware/teamcity_plugins/railflow-java"/>
    
    <property name="file.separator" value="/"/>
    
    <property name="line.separator" value="
"/>
    
    <property name="java.vm.specification.vendor" value="Oracle Corporation"/>
    
    <property name="java.specification.name" value="Java Platform API Specification"/>
    
    <property name="java.awt.graphicsenv" value="sun.awt.X11GraphicsEnvironment"/>
    
    <property name="surefire.real.class.path" value="/home/tharaka/projects/agiletestware/teamcity_plugins/railflow-java/target/surefire/surefirebooter5615321071138040699.jar:/home/tharaka/.m2/repository/org/jacoco/org.jacoco.agent/0.8.2/org.jacoco.agent-0.8.2-runtime.jar"/>
    
    <property name="sun.boot.class.path" value="/usr/lib/jvm/java-8-openjdk-amd64/jre/lib/resources.jar:/usr/lib/jvm/java-8-openjdk-amd64/jre/lib/rt.jar:/usr/lib/jvm/java-8-openjdk-amd64/jre/lib/sunrsasign.jar:/usr/lib/jvm/java-8-openjdk-amd64/jre/lib/jsse.jar:/usr/lib/jvm/java-8-openjdk-amd64/jre/lib/jce.jar:/usr/lib/jvm/java-8-openjdk-amd64/jre/lib/charsets.jar:/usr/lib/jvm/java-8-openjdk-amd64/jre/lib/jfr.jar:/usr/lib/jvm/java-8-openjdk-amd64/jre/classes"/>
    
    <property name="sun.management.compiler" value="HotSpot 64-Bit Tiered Compilers"/>
    
    <property name="java.runtime.version" value="1.8.0_312-8u312-b07-0ubuntu1~20.04-b07"/>
    
    <property name="user.name" value="tharaka"/>
    
    <property name="path.separator" value=":"/>
    
    <property name="os.version" value="5.13.0-28-generic"/>
    
    <property name="java.endorsed.dirs" value="/usr/lib/jvm/java-8-openjdk-amd64/jre/lib/endorsed"/>
    
    <property name="java.runtime.name" value="OpenJDK Runtime Environment"/>
    
    <property name="file.encoding" value="UTF-8"/>
    
    <property name="java.vm.name" value="OpenJDK 64-Bit Server VM"/>
    
    <property name="localRepository" value="/home/tharaka/.m2/repository"/>
    
    <property name="java.vendor.url.bug" value="http://bugreport.sun.com/bugreport/"/>
    
    <property name="java.io.tmpdir" value="/tmp"/>
    
    <property name="java.version" value="1.8.0_312"/>
    
    <property name="user.dir" value="/home/tharaka/projects/agiletestware/teamcity_plugins/railflow-java"/>
    
    <property name="os.arch" value="amd64"/>
    
    <property name="java.vm.specification.name" value="Java Virtual Machine Specification"/>
    
    <property name="java.awt.printerjob" value="sun.print.PSPrinterJob"/>
    
    <property name="sun.os.patch.level" value="unknown"/>
    
    <property name="java.library.path" value="/usr/java/packages/lib/amd64:/usr/lib/x86_64-linux-gnu/jni:/lib/x86_64-linux-gnu:/usr/lib/x86_64-linux-gnu:/usr/lib/jni:/lib:/usr/lib"/>
    
    <property name="java.vm.info" value="mixed mode"/>
    
    <property name="java.vendor" value="Private Build"/>
    
    <property name="java.vm.version" value="25.312-b07"/>
    
    <property name="java.ext.dirs" value="/usr/lib/jvm/java-8-openjdk-amd64/jre/lib/ext:/usr/java/packages/lib/ext"/>
    
    <property name="sun.io.unicode.encoding" value="UnicodeLittle"/>
    
    <property name="java.class.version" value="52.0"/>
    
  </properties>
  
  <testcase name="create_project_pass_with_passed_status" classname="io.railflow.testreport.xunit.XunitModelCreatorTest" time="0.023"/>
  
  <testcase name="create_project_with_annotations_testrail_ids" classname="io.railflow.testreport.xunit.XunitModelCreatorTest" time="0.072">
    
    <failure message="expected:&lt;mapped cases[1]&gt; but was:&lt;mapped cases[]&gt;" type="org.junit.ComparisonFailure"><![CDATA[org.junit.ComparisonFailure: expected:<mapped cases[1]> but was:<mapped cases[]>
	at io.railflow.testreport.xunit.XunitModelCreatorTest.create_project_with_annotations_testrail_ids(XunitModelCreatorTest.java:120)]]></failure>
    
    <system-out><![CDATA[09:30:06.505 [main] DEBUG io.railflow.testreport.model.CaseCreateParametersFactory - Setting case type/priority from report: Compatibility
09:30:06.506 [main] DEBUG io.railflow.testreport.model.CaseCreateParametersFactory - Setting case type/priority from report: High
09:30:06.507 [main] INFO io.railflow.testreport.model.ModelFromReportFileCreator - Parsing results file: /home/tharaka/projects/agiletestware/teamcity_plugins/railflow-java/target/test-classes/io/railflow/testreport/xunit/result_with_annotations_and_testrail_ids.xml
09:30:06.556 [main] WARN io.railflow.testresults.ErrorsCollector - Could not find a user with email ID: class-email1 in the project
09:30:06.567 [main] WARN io.railflow.testresults.ErrorsCollector - Could not find a user with email ID: class-email2 in the project
09:30:06.569 [main] DEBUG io.railflow.testreport.model.CaseCreateParametersFactory - Set case fields from report
09:30:06.573 [main] DEBUG io.railflow.testreport.model.CaseCreateParametersFactory - Set result fields from report
09:30:06.574 [main] WARN io.railflow.testresults.ErrorsCollector - Could not find a result field in the TestRail with fieldType/system name: [class-result-field-name2]
09:30:06.576 [main] WARN io.railflow.testresults.ErrorsCollector - Invalid Test Case Type: [class-case-type]. Valid Case Types for Project: [null] are: ["Automated","Compatibility"]
09:30:06.583 [main] WARN io.railflow.testresults.ErrorsCollector - Invalid Test Case Priority: [class-case-priority]. Valid Case Priorities for Project: [null] are: ["Critical","High"]
09:30:06.584 [main] DEBUG io.railflow.testreport.model.CaseCreateParametersFactory - Set Jira IDs from report
09:30:06.585 [main] DEBUG io.railflow.testreport.model.CaseCreateParametersFactory - Set assignees provider from the report file
09:30:06.586 [main] WARN io.railflow.testresults.ErrorsCollector - Could not find a user with email ID: method-email2 in the project
09:30:06.587 [main] DEBUG io.railflow.testreport.model.CaseCreateParametersFactory - Set case fields from report
09:30:06.591 [main] WARN io.railflow.testresults.ErrorsCollector - Could not find a case field in the TestRail with fieldType/system name: [method-case-field-name2]
09:30:06.592 [main] DEBUG io.railflow.testreport.model.CaseCreateParametersFactory - Set result fields from report
09:30:06.592 [main] DEBUG io.railflow.testreport.model.CaseCreateParametersFactory - Setting case type/priority from report: Automated
09:30:06.594 [main] DEBUG io.railflow.testreport.model.CaseCreateParametersFactory - Setting case type/priority from report: High
09:30:06.598 [main] DEBUG io.railflow.testreport.model.CaseCreateParametersFactory - Set Jira IDs from report
09:30:06.599 [main] DEBUG io.railflow.testreport.model.CaseCreateParametersFactory - Set assignees provider from the report file]]></system-out>
    
  </testcase>
  
  <testcase name="create_project_with_annotations" classname="io.railflow.testreport.xunit.XunitModelCreatorTest" time="0.069"/>
  
  <testcase name="create_project_pass_with_skip_status" classname="io.railflow.testreport.xunit.XunitModelCreatorTest" time="0.018"/>
  
  <testcase name="create_project_with_multiple_failed_tests_and_annotations" classname="io.railflow.testreport.xunit.XunitModelCreatorTest" time="0.048">
    
    <failure message="expected:&lt;class-title[1]&gt; but was:&lt;class-title[]&gt;" type="org.junit.ComparisonFailure"><![CDATA[org.junit.ComparisonFailure: expected:<class-title[1]> but was:<class-title[]>
	at io.railflow.testreport.xunit.XunitModelCreatorTest.assertSection(XunitModelCreatorTest.java:138)
	at io.railflow.testreport.xunit.XunitModelCreatorTest.create_project_with_multiple_failed_tests_and_annotations(XunitModelCreatorTest.java:102)]]></failure>
    
    <system-out><![CDATA[09:30:06.691 [main] DEBUG io.railflow.testreport.model.CaseCreateParametersFactory - Setting case type/priority from report: Compatibility
09:30:06.693 [main] DEBUG io.railflow.testreport.model.CaseCreateParametersFactory - Setting case type/priority from report: High
09:30:06.695 [main] INFO io.railflow.testreport.model.ModelFromReportFileCreator - Parsing results file: /home/tharaka/projects/agiletestware/teamcity_plugins/railflow-java/target/test-classes/io/railflow/testreport/xunit/result_with_multiple_failed_tests_with_annotations.xml
09:30:06.719 [main] DEBUG io.railflow.testreport.model.CaseCreateParametersFactory - Set case fields from report
09:30:06.720 [main] DEBUG io.railflow.testreport.model.CaseCreateParametersFactory - Set result fields from report
09:30:06.725 [main] WARN io.railflow.testresults.ErrorsCollector - Could not find a result field in the TestRail with fieldType/system name: [class-result-field-name2]
09:30:06.726 [main] WARN io.railflow.testresults.ErrorsCollector - Invalid Test Case Type: [class-case-type]. Valid Case Types for Project: [null] are: ["Automated","Compatibility"]
09:30:06.727 [main] WARN io.railflow.testresults.ErrorsCollector - Invalid Test Case Priority: [class-case-priority]. Valid Case Priorities for Project: [null] are: ["Critical","High"]
09:30:06.728 [main] DEBUG io.railflow.testreport.model.CaseCreateParametersFactory - Set Jira IDs from report
09:30:06.729 [main] DEBUG io.railflow.testreport.model.CaseCreateParametersFactory - Set assignees provider from the report file
09:30:06.731 [main] DEBUG io.railflow.testreport.model.CaseCreateParametersFactory - Set case fields from report
09:30:06.732 [main] WARN io.railflow.testresults.ErrorsCollector - Could not find a case field in the TestRail with fieldType/system name: [method-case-field-name2]
09:30:06.733 [main] DEBUG io.railflow.testreport.model.CaseCreateParametersFactory - Set result fields from report
09:30:06.734 [main] DEBUG io.railflow.testreport.model.CaseCreateParametersFactory - Setting case type/priority from report: Automated
09:30:06.735 [main] DEBUG io.railflow.testreport.model.CaseCreateParametersFactory - Setting case type/priority from report: High
09:30:06.735 [main] DEBUG io.railflow.testreport.model.CaseCreateParametersFactory - Set Jira IDs from report
09:30:06.736 [main] DEBUG io.railflow.testreport.model.CaseCreateParametersFactory - Set assignees provider from the report file]]></system-out>
    
  </testcase>
  
  <testcase name="create_project_pass_with_fail_status" classname="io.railflow.testreport.xunit.XunitModelCreatorTest" time="0.013"/>
  
</testsuite>
<testsuite xmlns:xsi="http://www.w3.org/2001/XMLSchema-instance" xsi:noNamespaceSchemaLocation="https://maven.apache.org/surefire/maven-surefire-plugin/xsd/surefire-test-report.xsd" name="io.railflow.testresults.UploadParametersMutatorTest" time="0.01" tests="3" errors="0" skipped="0" failures="0">
  
  <properties>
    
    <property name="sun.desktop" value="gnome"/>
    
    <property name="awt.toolkit" value="sun.awt.X11.XToolkit"/>
    
    <property name="file.encoding.pkg" value="sun.io"/>
    
    <property name="java.specification.version" value="1.8"/>
    
    <property name="sun.cpu.isalist" value=""/>
    
    <property name="sun.jnu.encoding" value="UTF-8"/>
    
    <property name="java.class.path" value="/home/tharaka/projects/agiletestware/teamcity_plugins/railflow-java/target/test-classes:/home/tharaka/projects/agiletestware/teamcity_plugins/railflow-java/target/classes:/home/tharaka/.m2/repository/io/railflow/license/1.0/license-1.0.jar:/home/tharaka/.m2/repository/io/railflow/commons/1.0/commons-1.0.jar:/home/tharaka/.m2/repository/org/apache/commons/commons-lang3/3.11/commons-lang3-3.11.jar:/home/tharaka/.m2/repository/org/apache/httpcomponents/httpclient/4.5.2/httpclient-4.5.2.jar:/home/tharaka/.m2/repository/org/apache/httpcomponents/httpcore/4.4.4/httpcore-4.4.4.jar:/home/tharaka/.m2/repository/commons-logging/commons-logging/1.2/commons-logging-1.2.jar:/home/tharaka/.m2/repository/org/apache/httpcomponents/httpmime/4.5.2/httpmime-4.5.2.jar:/home/tharaka/.m2/repository/org/slf4j/slf4j-api/1.7.25/slf4j-api-1.7.25.jar:/home/tharaka/.m2/repository/com/google/code/gson/gson/2.8.5/gson-2.8.5.jar:/home/tharaka/.m2/repository/commons-codec/commons-codec/1.15/commons-codec-1.15.jar:/home/tharaka/.m2/repository/javax/validation/validation-api/2.0.1.Final/validation-api-2.0.1.Final.jar:/home/tharaka/.m2/repository/com/fasterxml/jackson/core/jackson-databind/2.11.4/jackson-databind-2.11.4.jar:/home/tharaka/.m2/repository/com/fasterxml/jackson/core/jackson-annotations/2.11.4/jackson-annotations-2.11.4.jar:/home/tharaka/.m2/repository/com/fasterxml/jackson/core/jackson-core/2.11.4/jackson-core-2.11.4.jar:/home/tharaka/.m2/repository/com/google/guava/guava/30.1-jre/guava-30.1-jre.jar:/home/tharaka/.m2/repository/com/google/guava/failureaccess/1.0.1/failureaccess-1.0.1.jar:/home/tharaka/.m2/repository/com/google/guava/listenablefuture/9999.0-empty-to-avoid-conflict-with-guava/listenablefuture-9999.0-empty-to-avoid-conflict-with-guava.jar:/home/tharaka/.m2/repository/com/google/code/findbugs/jsr305/3.0.2/jsr305-3.0.2.jar:/home/tharaka/.m2/repository/org/checkerframework/checker-qual/3.5.0/checker-qual-3.5.0.jar:/home/tharaka/.m2/repository/com/google/errorprone/error_prone_annotations/2.3.4/error_prone_annotations-2.3.4.jar:/home/tharaka/.m2/repository/com/google/j2objc/j2objc-annotations/1.3/j2objc-annotations-1.3.jar:/home/tharaka/.m2/repository/org/apache/tika/tika-core/1.22/tika-core-1.22.jar:/home/tharaka/.m2/repository/junit/junit/4.12/junit-4.12.jar:/home/tharaka/.m2/repository/org/hamcrest/hamcrest-core/1.3/hamcrest-core-1.3.jar:/home/tharaka/.m2/repository/org/mockito/mockito-core/3.2.0/mockito-core-3.2.0.jar:/home/tharaka/.m2/repository/net/bytebuddy/byte-buddy/1.10.3/byte-buddy-1.10.3.jar:/home/tharaka/.m2/repository/net/bytebuddy/byte-buddy-agent/1.10.3/byte-buddy-agent-1.10.3.jar:/home/tharaka/.m2/repository/org/objenesis/objenesis/2.6/objenesis-2.6.jar:/home/tharaka/.m2/repository/org/powermock/powermock-module-junit4/2.0.7/powermock-module-junit4-2.0.7.jar:/home/tharaka/.m2/repository/org/powermock/powermock-module-junit4-common/2.0.7/powermock-module-junit4-common-2.0.7.jar:/home/tharaka/.m2/repository/org/powermock/powermock-reflect/2.0.7/powermock-reflect-2.0.7.jar:/home/tharaka/.m2/repository/org/powermock/powermock-core/2.0.7/powermock-core-2.0.7.jar:/home/tharaka/.m2/repository/org/javassist/javassist/3.27.0-GA/javassist-3.27.0-GA.jar:/home/tharaka/.m2/repository/org/powermock/powermock-api-mockito2/2.0.7/powermock-api-mockito2-2.0.7.jar:/home/tharaka/.m2/repository/org/powermock/powermock-api-support/2.0.7/powermock-api-support-2.0.7.jar:/home/tharaka/.m2/repository/commons-io/commons-io/2.6/commons-io-2.6.jar:/home/tharaka/.m2/repository/io/railflow/testrail-client/2.1/testrail-client-2.1.jar:/home/tharaka/.m2/repository/io/railflow/testrail-client/2.1/testrail-client-2.1-tests.jar:/home/tharaka/.m2/repository/javax/xml/bind/jaxb-api/2.3.0/jaxb-api-2.3.0.jar:/home/tharaka/.m2/repository/com/sun/xml/bind/jaxb-core/2.3.0/jaxb-core-2.3.0.jar:/home/tharaka/.m2/repository/com/sun/xml/bind/jaxb-impl/2.3.0/jaxb-impl-2.3.0.jar:/home/tharaka/.m2/repository/javax/activation/activation/1.1.1/activation-1.1.1.jar:/home/tharaka/.m2/repository/io/qameta/allure/allure-plugin-api/2.13.10/allure-plugin-api-2.13.10.jar:/home/tharaka/.m2/repository/org/apache/commons/commons-csv/1.8/commons-csv-1.8.jar:/home/tharaka/.m2/repository/org/apache/commons/commons-collections4/4.4/commons-collections4-4.4.jar:/home/tharaka/.m2/repository/ch/qos/logback/logback-classic/1.2.3/logback-classic-1.2.3.jar:/home/tharaka/.m2/repository/ch/qos/logback/logback-core/1.2.3/logback-core-1.2.3.jar:"/>
    
    <property name="java.vm.vendor" value="Private Build"/>
    
    <property name="sun.arch.data.model" value="64"/>
    
    <property name="java.vendor.url" value="http://java.oracle.com/"/>
    
    <property name="user.timezone" value=""/>
    
    <property name="java.vm.specification.version" value="1.8"/>
    
    <property name="os.name" value="Linux"/>
    
    <property name="user.country" value="US"/>
    
    <property name="sun.java.launcher" value="SUN_STANDARD"/>
    
    <property name="sun.boot.library.path" value="/usr/lib/jvm/java-8-openjdk-amd64/jre/lib/amd64"/>
    
    <property name="sun.java.command" value="/home/tharaka/projects/agiletestware/teamcity_plugins/railflow-java/target/surefire/surefirebooter5615321071138040699.jar /home/tharaka/projects/agiletestware/teamcity_plugins/railflow-java/target/surefire 2022-02-04T09-29-42_375-jvmRun1 surefire3251150644889157875tmp surefire_03548316204226868521tmp"/>
    
    <property name="surefire.test.class.path" value="/home/tharaka/projects/agiletestware/teamcity_plugins/railflow-java/target/test-classes:/home/tharaka/projects/agiletestware/teamcity_plugins/railflow-java/target/classes:/home/tharaka/.m2/repository/io/railflow/license/1.0/license-1.0.jar:/home/tharaka/.m2/repository/io/railflow/commons/1.0/commons-1.0.jar:/home/tharaka/.m2/repository/org/apache/commons/commons-lang3/3.11/commons-lang3-3.11.jar:/home/tharaka/.m2/repository/org/apache/httpcomponents/httpclient/4.5.2/httpclient-4.5.2.jar:/home/tharaka/.m2/repository/org/apache/httpcomponents/httpcore/4.4.4/httpcore-4.4.4.jar:/home/tharaka/.m2/repository/commons-logging/commons-logging/1.2/commons-logging-1.2.jar:/home/tharaka/.m2/repository/org/apache/httpcomponents/httpmime/4.5.2/httpmime-4.5.2.jar:/home/tharaka/.m2/repository/org/slf4j/slf4j-api/1.7.25/slf4j-api-1.7.25.jar:/home/tharaka/.m2/repository/com/google/code/gson/gson/2.8.5/gson-2.8.5.jar:/home/tharaka/.m2/repository/commons-codec/commons-codec/1.15/commons-codec-1.15.jar:/home/tharaka/.m2/repository/javax/validation/validation-api/2.0.1.Final/validation-api-2.0.1.Final.jar:/home/tharaka/.m2/repository/com/fasterxml/jackson/core/jackson-databind/2.11.4/jackson-databind-2.11.4.jar:/home/tharaka/.m2/repository/com/fasterxml/jackson/core/jackson-annotations/2.11.4/jackson-annotations-2.11.4.jar:/home/tharaka/.m2/repository/com/fasterxml/jackson/core/jackson-core/2.11.4/jackson-core-2.11.4.jar:/home/tharaka/.m2/repository/com/google/guava/guava/30.1-jre/guava-30.1-jre.jar:/home/tharaka/.m2/repository/com/google/guava/failureaccess/1.0.1/failureaccess-1.0.1.jar:/home/tharaka/.m2/repository/com/google/guava/listenablefuture/9999.0-empty-to-avoid-conflict-with-guava/listenablefuture-9999.0-empty-to-avoid-conflict-with-guava.jar:/home/tharaka/.m2/repository/com/google/code/findbugs/jsr305/3.0.2/jsr305-3.0.2.jar:/home/tharaka/.m2/repository/org/checkerframework/checker-qual/3.5.0/checker-qual-3.5.0.jar:/home/tharaka/.m2/repository/com/google/errorprone/error_prone_annotations/2.3.4/error_prone_annotations-2.3.4.jar:/home/tharaka/.m2/repository/com/google/j2objc/j2objc-annotations/1.3/j2objc-annotations-1.3.jar:/home/tharaka/.m2/repository/org/apache/tika/tika-core/1.22/tika-core-1.22.jar:/home/tharaka/.m2/repository/junit/junit/4.12/junit-4.12.jar:/home/tharaka/.m2/repository/org/hamcrest/hamcrest-core/1.3/hamcrest-core-1.3.jar:/home/tharaka/.m2/repository/org/mockito/mockito-core/3.2.0/mockito-core-3.2.0.jar:/home/tharaka/.m2/repository/net/bytebuddy/byte-buddy/1.10.3/byte-buddy-1.10.3.jar:/home/tharaka/.m2/repository/net/bytebuddy/byte-buddy-agent/1.10.3/byte-buddy-agent-1.10.3.jar:/home/tharaka/.m2/repository/org/objenesis/objenesis/2.6/objenesis-2.6.jar:/home/tharaka/.m2/repository/org/powermock/powermock-module-junit4/2.0.7/powermock-module-junit4-2.0.7.jar:/home/tharaka/.m2/repository/org/powermock/powermock-module-junit4-common/2.0.7/powermock-module-junit4-common-2.0.7.jar:/home/tharaka/.m2/repository/org/powermock/powermock-reflect/2.0.7/powermock-reflect-2.0.7.jar:/home/tharaka/.m2/repository/org/powermock/powermock-core/2.0.7/powermock-core-2.0.7.jar:/home/tharaka/.m2/repository/org/javassist/javassist/3.27.0-GA/javassist-3.27.0-GA.jar:/home/tharaka/.m2/repository/org/powermock/powermock-api-mockito2/2.0.7/powermock-api-mockito2-2.0.7.jar:/home/tharaka/.m2/repository/org/powermock/powermock-api-support/2.0.7/powermock-api-support-2.0.7.jar:/home/tharaka/.m2/repository/commons-io/commons-io/2.6/commons-io-2.6.jar:/home/tharaka/.m2/repository/io/railflow/testrail-client/2.1/testrail-client-2.1.jar:/home/tharaka/.m2/repository/io/railflow/testrail-client/2.1/testrail-client-2.1-tests.jar:/home/tharaka/.m2/repository/javax/xml/bind/jaxb-api/2.3.0/jaxb-api-2.3.0.jar:/home/tharaka/.m2/repository/com/sun/xml/bind/jaxb-core/2.3.0/jaxb-core-2.3.0.jar:/home/tharaka/.m2/repository/com/sun/xml/bind/jaxb-impl/2.3.0/jaxb-impl-2.3.0.jar:/home/tharaka/.m2/repository/javax/activation/activation/1.1.1/activation-1.1.1.jar:/home/tharaka/.m2/repository/io/qameta/allure/allure-plugin-api/2.13.10/allure-plugin-api-2.13.10.jar:/home/tharaka/.m2/repository/org/apache/commons/commons-csv/1.8/commons-csv-1.8.jar:/home/tharaka/.m2/repository/org/apache/commons/commons-collections4/4.4/commons-collections4-4.4.jar:/home/tharaka/.m2/repository/ch/qos/logback/logback-classic/1.2.3/logback-classic-1.2.3.jar:/home/tharaka/.m2/repository/ch/qos/logback/logback-core/1.2.3/logback-core-1.2.3.jar:"/>
    
    <property name="sun.cpu.endian" value="little"/>
    
    <property name="user.home" value="/home/tharaka"/>
    
    <property name="user.language" value="en"/>
    
    <property name="java.specification.vendor" value="Oracle Corporation"/>
    
    <property name="java.home" value="/usr/lib/jvm/java-8-openjdk-amd64/jre"/>
    
    <property name="basedir" value="/home/tharaka/projects/agiletestware/teamcity_plugins/railflow-java"/>
    
    <property name="file.separator" value="/"/>
    
    <property name="line.separator" value="
"/>
    
    <property name="java.vm.specification.vendor" value="Oracle Corporation"/>
    
    <property name="java.specification.name" value="Java Platform API Specification"/>
    
    <property name="java.awt.graphicsenv" value="sun.awt.X11GraphicsEnvironment"/>
    
    <property name="surefire.real.class.path" value="/home/tharaka/projects/agiletestware/teamcity_plugins/railflow-java/target/surefire/surefirebooter5615321071138040699.jar:/home/tharaka/.m2/repository/org/jacoco/org.jacoco.agent/0.8.2/org.jacoco.agent-0.8.2-runtime.jar"/>
    
    <property name="sun.boot.class.path" value="/usr/lib/jvm/java-8-openjdk-amd64/jre/lib/resources.jar:/usr/lib/jvm/java-8-openjdk-amd64/jre/lib/rt.jar:/usr/lib/jvm/java-8-openjdk-amd64/jre/lib/sunrsasign.jar:/usr/lib/jvm/java-8-openjdk-amd64/jre/lib/jsse.jar:/usr/lib/jvm/java-8-openjdk-amd64/jre/lib/jce.jar:/usr/lib/jvm/java-8-openjdk-amd64/jre/lib/charsets.jar:/usr/lib/jvm/java-8-openjdk-amd64/jre/lib/jfr.jar:/usr/lib/jvm/java-8-openjdk-amd64/jre/classes"/>
    
    <property name="sun.management.compiler" value="HotSpot 64-Bit Tiered Compilers"/>
    
    <property name="java.runtime.version" value="1.8.0_312-8u312-b07-0ubuntu1~20.04-b07"/>
    
    <property name="user.name" value="tharaka"/>
    
    <property name="path.separator" value=":"/>
    
    <property name="os.version" value="5.13.0-28-generic"/>
    
    <property name="java.endorsed.dirs" value="/usr/lib/jvm/java-8-openjdk-amd64/jre/lib/endorsed"/>
    
    <property name="java.runtime.name" value="OpenJDK Runtime Environment"/>
    
    <property name="file.encoding" value="UTF-8"/>
    
    <property name="java.vm.name" value="OpenJDK 64-Bit Server VM"/>
    
    <property name="localRepository" value="/home/tharaka/.m2/repository"/>
    
    <property name="java.vendor.url.bug" value="http://bugreport.sun.com/bugreport/"/>
    
    <property name="java.io.tmpdir" value="/tmp"/>
    
    <property name="java.version" value="1.8.0_312"/>
    
    <property name="user.dir" value="/home/tharaka/projects/agiletestware/teamcity_plugins/railflow-java"/>
    
    <property name="os.arch" value="amd64"/>
    
    <property name="java.vm.specification.name" value="Java Virtual Machine Specification"/>
    
    <property name="java.awt.printerjob" value="sun.print.PSPrinterJob"/>
    
    <property name="sun.os.patch.level" value="unknown"/>
    
    <property name="java.library.path" value="/usr/java/packages/lib/amd64:/usr/lib/x86_64-linux-gnu/jni:/lib/x86_64-linux-gnu:/usr/lib/x86_64-linux-gnu:/usr/lib/jni:/lib:/usr/lib"/>
    
    <property name="java.vm.info" value="mixed mode"/>
    
    <property name="java.vendor" value="Private Build"/>
    
    <property name="java.vm.version" value="25.312-b07"/>
    
    <property name="java.ext.dirs" value="/usr/lib/jvm/java-8-openjdk-amd64/jre/lib/ext:/usr/java/packages/lib/ext"/>
    
    <property name="sun.io.unicode.encoding" value="UnicodeLittle"/>
    
    <property name="java.class.version" value="52.0"/>
    
  </properties>
  
  <testcase name="test_getters_multiple_suites" classname="io.railflow.testresults.UploadParametersMutatorTest" time="0"/>
  
  <testcase name="test_getters_single_suite" classname="io.railflow.testresults.UploadParametersMutatorTest" time="0.01"/>
  
  <testcase name="test_getters_single_baselines" classname="io.railflow.testresults.UploadParametersMutatorTest" time="0"/>
  
</testsuite>
<testsuite xmlns:xsi="http://www.w3.org/2001/XMLSchema-instance" xsi:noNamespaceSchemaLocation="https://maven.apache.org/surefire/maven-surefire-plugin/xsd/surefire-test-report.xsd" name="io.railflow.util.ParameterValidatorTest" time="0.02" tests="6" errors="0" skipped="0" failures="0">
  
  <properties>
    
    <property name="sun.desktop" value="gnome"/>
    
    <property name="awt.toolkit" value="sun.awt.X11.XToolkit"/>
    
    <property name="file.encoding.pkg" value="sun.io"/>
    
    <property name="java.specification.version" value="1.8"/>
    
    <property name="sun.cpu.isalist" value=""/>
    
    <property name="sun.jnu.encoding" value="UTF-8"/>
    
    <property name="java.class.path" value="/home/tharaka/projects/agiletestware/teamcity_plugins/railflow-java/target/test-classes:/home/tharaka/projects/agiletestware/teamcity_plugins/railflow-java/target/classes:/home/tharaka/.m2/repository/io/railflow/license/1.0/license-1.0.jar:/home/tharaka/.m2/repository/io/railflow/commons/1.0/commons-1.0.jar:/home/tharaka/.m2/repository/org/apache/commons/commons-lang3/3.11/commons-lang3-3.11.jar:/home/tharaka/.m2/repository/org/apache/httpcomponents/httpclient/4.5.2/httpclient-4.5.2.jar:/home/tharaka/.m2/repository/org/apache/httpcomponents/httpcore/4.4.4/httpcore-4.4.4.jar:/home/tharaka/.m2/repository/commons-logging/commons-logging/1.2/commons-logging-1.2.jar:/home/tharaka/.m2/repository/org/apache/httpcomponents/httpmime/4.5.2/httpmime-4.5.2.jar:/home/tharaka/.m2/repository/org/slf4j/slf4j-api/1.7.25/slf4j-api-1.7.25.jar:/home/tharaka/.m2/repository/com/google/code/gson/gson/2.8.5/gson-2.8.5.jar:/home/tharaka/.m2/repository/commons-codec/commons-codec/1.15/commons-codec-1.15.jar:/home/tharaka/.m2/repository/javax/validation/validation-api/2.0.1.Final/validation-api-2.0.1.Final.jar:/home/tharaka/.m2/repository/com/fasterxml/jackson/core/jackson-databind/2.11.4/jackson-databind-2.11.4.jar:/home/tharaka/.m2/repository/com/fasterxml/jackson/core/jackson-annotations/2.11.4/jackson-annotations-2.11.4.jar:/home/tharaka/.m2/repository/com/fasterxml/jackson/core/jackson-core/2.11.4/jackson-core-2.11.4.jar:/home/tharaka/.m2/repository/com/google/guava/guava/30.1-jre/guava-30.1-jre.jar:/home/tharaka/.m2/repository/com/google/guava/failureaccess/1.0.1/failureaccess-1.0.1.jar:/home/tharaka/.m2/repository/com/google/guava/listenablefuture/9999.0-empty-to-avoid-conflict-with-guava/listenablefuture-9999.0-empty-to-avoid-conflict-with-guava.jar:/home/tharaka/.m2/repository/com/google/code/findbugs/jsr305/3.0.2/jsr305-3.0.2.jar:/home/tharaka/.m2/repository/org/checkerframework/checker-qual/3.5.0/checker-qual-3.5.0.jar:/home/tharaka/.m2/repository/com/google/errorprone/error_prone_annotations/2.3.4/error_prone_annotations-2.3.4.jar:/home/tharaka/.m2/repository/com/google/j2objc/j2objc-annotations/1.3/j2objc-annotations-1.3.jar:/home/tharaka/.m2/repository/org/apache/tika/tika-core/1.22/tika-core-1.22.jar:/home/tharaka/.m2/repository/junit/junit/4.12/junit-4.12.jar:/home/tharaka/.m2/repository/org/hamcrest/hamcrest-core/1.3/hamcrest-core-1.3.jar:/home/tharaka/.m2/repository/org/mockito/mockito-core/3.2.0/mockito-core-3.2.0.jar:/home/tharaka/.m2/repository/net/bytebuddy/byte-buddy/1.10.3/byte-buddy-1.10.3.jar:/home/tharaka/.m2/repository/net/bytebuddy/byte-buddy-agent/1.10.3/byte-buddy-agent-1.10.3.jar:/home/tharaka/.m2/repository/org/objenesis/objenesis/2.6/objenesis-2.6.jar:/home/tharaka/.m2/repository/org/powermock/powermock-module-junit4/2.0.7/powermock-module-junit4-2.0.7.jar:/home/tharaka/.m2/repository/org/powermock/powermock-module-junit4-common/2.0.7/powermock-module-junit4-common-2.0.7.jar:/home/tharaka/.m2/repository/org/powermock/powermock-reflect/2.0.7/powermock-reflect-2.0.7.jar:/home/tharaka/.m2/repository/org/powermock/powermock-core/2.0.7/powermock-core-2.0.7.jar:/home/tharaka/.m2/repository/org/javassist/javassist/3.27.0-GA/javassist-3.27.0-GA.jar:/home/tharaka/.m2/repository/org/powermock/powermock-api-mockito2/2.0.7/powermock-api-mockito2-2.0.7.jar:/home/tharaka/.m2/repository/org/powermock/powermock-api-support/2.0.7/powermock-api-support-2.0.7.jar:/home/tharaka/.m2/repository/commons-io/commons-io/2.6/commons-io-2.6.jar:/home/tharaka/.m2/repository/io/railflow/testrail-client/2.1/testrail-client-2.1.jar:/home/tharaka/.m2/repository/io/railflow/testrail-client/2.1/testrail-client-2.1-tests.jar:/home/tharaka/.m2/repository/javax/xml/bind/jaxb-api/2.3.0/jaxb-api-2.3.0.jar:/home/tharaka/.m2/repository/com/sun/xml/bind/jaxb-core/2.3.0/jaxb-core-2.3.0.jar:/home/tharaka/.m2/repository/com/sun/xml/bind/jaxb-impl/2.3.0/jaxb-impl-2.3.0.jar:/home/tharaka/.m2/repository/javax/activation/activation/1.1.1/activation-1.1.1.jar:/home/tharaka/.m2/repository/io/qameta/allure/allure-plugin-api/2.13.10/allure-plugin-api-2.13.10.jar:/home/tharaka/.m2/repository/org/apache/commons/commons-csv/1.8/commons-csv-1.8.jar:/home/tharaka/.m2/repository/org/apache/commons/commons-collections4/4.4/commons-collections4-4.4.jar:/home/tharaka/.m2/repository/ch/qos/logback/logback-classic/1.2.3/logback-classic-1.2.3.jar:/home/tharaka/.m2/repository/ch/qos/logback/logback-core/1.2.3/logback-core-1.2.3.jar:"/>
    
    <property name="java.vm.vendor" value="Private Build"/>
    
    <property name="sun.arch.data.model" value="64"/>
    
    <property name="java.vendor.url" value="http://java.oracle.com/"/>
    
    <property name="user.timezone" value=""/>
    
    <property name="java.vm.specification.version" value="1.8"/>
    
    <property name="os.name" value="Linux"/>
    
    <property name="user.country" value="US"/>
    
    <property name="sun.java.launcher" value="SUN_STANDARD"/>
    
    <property name="sun.boot.library.path" value="/usr/lib/jvm/java-8-openjdk-amd64/jre/lib/amd64"/>
    
    <property name="sun.java.command" value="/home/tharaka/projects/agiletestware/teamcity_plugins/railflow-java/target/surefire/surefirebooter5615321071138040699.jar /home/tharaka/projects/agiletestware/teamcity_plugins/railflow-java/target/surefire 2022-02-04T09-29-42_375-jvmRun1 surefire3251150644889157875tmp surefire_03548316204226868521tmp"/>
    
    <property name="surefire.test.class.path" value="/home/tharaka/projects/agiletestware/teamcity_plugins/railflow-java/target/test-classes:/home/tharaka/projects/agiletestware/teamcity_plugins/railflow-java/target/classes:/home/tharaka/.m2/repository/io/railflow/license/1.0/license-1.0.jar:/home/tharaka/.m2/repository/io/railflow/commons/1.0/commons-1.0.jar:/home/tharaka/.m2/repository/org/apache/commons/commons-lang3/3.11/commons-lang3-3.11.jar:/home/tharaka/.m2/repository/org/apache/httpcomponents/httpclient/4.5.2/httpclient-4.5.2.jar:/home/tharaka/.m2/repository/org/apache/httpcomponents/httpcore/4.4.4/httpcore-4.4.4.jar:/home/tharaka/.m2/repository/commons-logging/commons-logging/1.2/commons-logging-1.2.jar:/home/tharaka/.m2/repository/org/apache/httpcomponents/httpmime/4.5.2/httpmime-4.5.2.jar:/home/tharaka/.m2/repository/org/slf4j/slf4j-api/1.7.25/slf4j-api-1.7.25.jar:/home/tharaka/.m2/repository/com/google/code/gson/gson/2.8.5/gson-2.8.5.jar:/home/tharaka/.m2/repository/commons-codec/commons-codec/1.15/commons-codec-1.15.jar:/home/tharaka/.m2/repository/javax/validation/validation-api/2.0.1.Final/validation-api-2.0.1.Final.jar:/home/tharaka/.m2/repository/com/fasterxml/jackson/core/jackson-databind/2.11.4/jackson-databind-2.11.4.jar:/home/tharaka/.m2/repository/com/fasterxml/jackson/core/jackson-annotations/2.11.4/jackson-annotations-2.11.4.jar:/home/tharaka/.m2/repository/com/fasterxml/jackson/core/jackson-core/2.11.4/jackson-core-2.11.4.jar:/home/tharaka/.m2/repository/com/google/guava/guava/30.1-jre/guava-30.1-jre.jar:/home/tharaka/.m2/repository/com/google/guava/failureaccess/1.0.1/failureaccess-1.0.1.jar:/home/tharaka/.m2/repository/com/google/guava/listenablefuture/9999.0-empty-to-avoid-conflict-with-guava/listenablefuture-9999.0-empty-to-avoid-conflict-with-guava.jar:/home/tharaka/.m2/repository/com/google/code/findbugs/jsr305/3.0.2/jsr305-3.0.2.jar:/home/tharaka/.m2/repository/org/checkerframework/checker-qual/3.5.0/checker-qual-3.5.0.jar:/home/tharaka/.m2/repository/com/google/errorprone/error_prone_annotations/2.3.4/error_prone_annotations-2.3.4.jar:/home/tharaka/.m2/repository/com/google/j2objc/j2objc-annotations/1.3/j2objc-annotations-1.3.jar:/home/tharaka/.m2/repository/org/apache/tika/tika-core/1.22/tika-core-1.22.jar:/home/tharaka/.m2/repository/junit/junit/4.12/junit-4.12.jar:/home/tharaka/.m2/repository/org/hamcrest/hamcrest-core/1.3/hamcrest-core-1.3.jar:/home/tharaka/.m2/repository/org/mockito/mockito-core/3.2.0/mockito-core-3.2.0.jar:/home/tharaka/.m2/repository/net/bytebuddy/byte-buddy/1.10.3/byte-buddy-1.10.3.jar:/home/tharaka/.m2/repository/net/bytebuddy/byte-buddy-agent/1.10.3/byte-buddy-agent-1.10.3.jar:/home/tharaka/.m2/repository/org/objenesis/objenesis/2.6/objenesis-2.6.jar:/home/tharaka/.m2/repository/org/powermock/powermock-module-junit4/2.0.7/powermock-module-junit4-2.0.7.jar:/home/tharaka/.m2/repository/org/powermock/powermock-module-junit4-common/2.0.7/powermock-module-junit4-common-2.0.7.jar:/home/tharaka/.m2/repository/org/powermock/powermock-reflect/2.0.7/powermock-reflect-2.0.7.jar:/home/tharaka/.m2/repository/org/powermock/powermock-core/2.0.7/powermock-core-2.0.7.jar:/home/tharaka/.m2/repository/org/javassist/javassist/3.27.0-GA/javassist-3.27.0-GA.jar:/home/tharaka/.m2/repository/org/powermock/powermock-api-mockito2/2.0.7/powermock-api-mockito2-2.0.7.jar:/home/tharaka/.m2/repository/org/powermock/powermock-api-support/2.0.7/powermock-api-support-2.0.7.jar:/home/tharaka/.m2/repository/commons-io/commons-io/2.6/commons-io-2.6.jar:/home/tharaka/.m2/repository/io/railflow/testrail-client/2.1/testrail-client-2.1.jar:/home/tharaka/.m2/repository/io/railflow/testrail-client/2.1/testrail-client-2.1-tests.jar:/home/tharaka/.m2/repository/javax/xml/bind/jaxb-api/2.3.0/jaxb-api-2.3.0.jar:/home/tharaka/.m2/repository/com/sun/xml/bind/jaxb-core/2.3.0/jaxb-core-2.3.0.jar:/home/tharaka/.m2/repository/com/sun/xml/bind/jaxb-impl/2.3.0/jaxb-impl-2.3.0.jar:/home/tharaka/.m2/repository/javax/activation/activation/1.1.1/activation-1.1.1.jar:/home/tharaka/.m2/repository/io/qameta/allure/allure-plugin-api/2.13.10/allure-plugin-api-2.13.10.jar:/home/tharaka/.m2/repository/org/apache/commons/commons-csv/1.8/commons-csv-1.8.jar:/home/tharaka/.m2/repository/org/apache/commons/commons-collections4/4.4/commons-collections4-4.4.jar:/home/tharaka/.m2/repository/ch/qos/logback/logback-classic/1.2.3/logback-classic-1.2.3.jar:/home/tharaka/.m2/repository/ch/qos/logback/logback-core/1.2.3/logback-core-1.2.3.jar:"/>
    
    <property name="sun.cpu.endian" value="little"/>
    
    <property name="user.home" value="/home/tharaka"/>
    
    <property name="user.language" value="en"/>
    
    <property name="java.specification.vendor" value="Oracle Corporation"/>
    
    <property name="java.home" value="/usr/lib/jvm/java-8-openjdk-amd64/jre"/>
    
    <property name="basedir" value="/home/tharaka/projects/agiletestware/teamcity_plugins/railflow-java"/>
    
    <property name="file.separator" value="/"/>
    
    <property name="line.separator" value="
"/>
    
    <property name="java.vm.specification.vendor" value="Oracle Corporation"/>
    
    <property name="java.specification.name" value="Java Platform API Specification"/>
    
    <property name="java.awt.graphicsenv" value="sun.awt.X11GraphicsEnvironment"/>
    
    <property name="surefire.real.class.path" value="/home/tharaka/projects/agiletestware/teamcity_plugins/railflow-java/target/surefire/surefirebooter5615321071138040699.jar:/home/tharaka/.m2/repository/org/jacoco/org.jacoco.agent/0.8.2/org.jacoco.agent-0.8.2-runtime.jar"/>
    
    <property name="sun.boot.class.path" value="/usr/lib/jvm/java-8-openjdk-amd64/jre/lib/resources.jar:/usr/lib/jvm/java-8-openjdk-amd64/jre/lib/rt.jar:/usr/lib/jvm/java-8-openjdk-amd64/jre/lib/sunrsasign.jar:/usr/lib/jvm/java-8-openjdk-amd64/jre/lib/jsse.jar:/usr/lib/jvm/java-8-openjdk-amd64/jre/lib/jce.jar:/usr/lib/jvm/java-8-openjdk-amd64/jre/lib/charsets.jar:/usr/lib/jvm/java-8-openjdk-amd64/jre/lib/jfr.jar:/usr/lib/jvm/java-8-openjdk-amd64/jre/classes"/>
    
    <property name="sun.management.compiler" value="HotSpot 64-Bit Tiered Compilers"/>
    
    <property name="java.runtime.version" value="1.8.0_312-8u312-b07-0ubuntu1~20.04-b07"/>
    
    <property name="user.name" value="tharaka"/>
    
    <property name="path.separator" value=":"/>
    
    <property name="os.version" value="5.13.0-28-generic"/>
    
    <property name="java.endorsed.dirs" value="/usr/lib/jvm/java-8-openjdk-amd64/jre/lib/endorsed"/>
    
    <property name="java.runtime.name" value="OpenJDK Runtime Environment"/>
    
    <property name="file.encoding" value="UTF-8"/>
    
    <property name="java.vm.name" value="OpenJDK 64-Bit Server VM"/>
    
    <property name="localRepository" value="/home/tharaka/.m2/repository"/>
    
    <property name="java.vendor.url.bug" value="http://bugreport.sun.com/bugreport/"/>
    
    <property name="java.io.tmpdir" value="/tmp"/>
    
    <property name="java.version" value="1.8.0_312"/>
    
    <property name="user.dir" value="/home/tharaka/projects/agiletestware/teamcity_plugins/railflow-java"/>
    
    <property name="os.arch" value="amd64"/>
    
    <property name="java.vm.specification.name" value="Java Virtual Machine Specification"/>
    
    <property name="java.awt.printerjob" value="sun.print.PSPrinterJob"/>
    
    <property name="sun.os.patch.level" value="unknown"/>
    
    <property name="java.library.path" value="/usr/java/packages/lib/amd64:/usr/lib/x86_64-linux-gnu/jni:/lib/x86_64-linux-gnu:/usr/lib/x86_64-linux-gnu:/usr/lib/jni:/lib:/usr/lib"/>
    
    <property name="java.vm.info" value="mixed mode"/>
    
    <property name="java.vendor" value="Private Build"/>
    
    <property name="java.vm.version" value="25.312-b07"/>
    
    <property name="java.ext.dirs" value="/usr/lib/jvm/java-8-openjdk-amd64/jre/lib/ext:/usr/java/packages/lib/ext"/>
    
    <property name="sun.io.unicode.encoding" value="UnicodeLittle"/>
    
    <property name="java.class.version" value="52.0"/>
    
  </properties>
  
  <testcase name="validateMilestonePath_empty_optional" classname="io.railflow.util.ParameterValidatorTest" time="0"/>
  
  <testcase name="validateMilestonePath_invalid_milestonePath" classname="io.railflow.util.ParameterValidatorTest" time="0"/>
  
  <testcase name="validateMilestonePath_valid_milestonePath_with_two_sections" classname="io.railflow.util.ParameterValidatorTest" time="0"/>
  
  <testcase name="validateMilestonePath_valid_milestonePath_with_one_section" classname="io.railflow.util.ParameterValidatorTest" time="0.001"/>
  
  <testcase name="validateMilestonePath_empty_milestonePath" classname="io.railflow.util.ParameterValidatorTest" time="0.001"/>
  
  <testcase name="validateMilestonePath_null_milestonePath" classname="io.railflow.util.ParameterValidatorTest" time="0.001"/>
  
</testsuite>
<testsuite xmlns:xsi="http://www.w3.org/2001/XMLSchema-instance" xsi:noNamespaceSchemaLocation="https://maven.apache.org/surefire/maven-surefire-plugin/xsd/surefire-test-report.xsd" name="io.railflow.util.ParametersLoggerTest" time="0.241" tests="2" errors="0" skipped="0" failures="0">
  
  <properties>
    
    <property name="sun.desktop" value="gnome"/>
    
    <property name="awt.toolkit" value="sun.awt.X11.XToolkit"/>
    
    <property name="file.encoding.pkg" value="sun.io"/>
    
    <property name="java.specification.version" value="1.8"/>
    
    <property name="sun.cpu.isalist" value=""/>
    
    <property name="sun.jnu.encoding" value="UTF-8"/>
    
    <property name="java.class.path" value="/home/tharaka/projects/agiletestware/teamcity_plugins/railflow-java/target/test-classes:/home/tharaka/projects/agiletestware/teamcity_plugins/railflow-java/target/classes:/home/tharaka/.m2/repository/io/railflow/license/1.0/license-1.0.jar:/home/tharaka/.m2/repository/io/railflow/commons/1.0/commons-1.0.jar:/home/tharaka/.m2/repository/org/apache/commons/commons-lang3/3.11/commons-lang3-3.11.jar:/home/tharaka/.m2/repository/org/apache/httpcomponents/httpclient/4.5.2/httpclient-4.5.2.jar:/home/tharaka/.m2/repository/org/apache/httpcomponents/httpcore/4.4.4/httpcore-4.4.4.jar:/home/tharaka/.m2/repository/commons-logging/commons-logging/1.2/commons-logging-1.2.jar:/home/tharaka/.m2/repository/org/apache/httpcomponents/httpmime/4.5.2/httpmime-4.5.2.jar:/home/tharaka/.m2/repository/org/slf4j/slf4j-api/1.7.25/slf4j-api-1.7.25.jar:/home/tharaka/.m2/repository/com/google/code/gson/gson/2.8.5/gson-2.8.5.jar:/home/tharaka/.m2/repository/commons-codec/commons-codec/1.15/commons-codec-1.15.jar:/home/tharaka/.m2/repository/javax/validation/validation-api/2.0.1.Final/validation-api-2.0.1.Final.jar:/home/tharaka/.m2/repository/com/fasterxml/jackson/core/jackson-databind/2.11.4/jackson-databind-2.11.4.jar:/home/tharaka/.m2/repository/com/fasterxml/jackson/core/jackson-annotations/2.11.4/jackson-annotations-2.11.4.jar:/home/tharaka/.m2/repository/com/fasterxml/jackson/core/jackson-core/2.11.4/jackson-core-2.11.4.jar:/home/tharaka/.m2/repository/com/google/guava/guava/30.1-jre/guava-30.1-jre.jar:/home/tharaka/.m2/repository/com/google/guava/failureaccess/1.0.1/failureaccess-1.0.1.jar:/home/tharaka/.m2/repository/com/google/guava/listenablefuture/9999.0-empty-to-avoid-conflict-with-guava/listenablefuture-9999.0-empty-to-avoid-conflict-with-guava.jar:/home/tharaka/.m2/repository/com/google/code/findbugs/jsr305/3.0.2/jsr305-3.0.2.jar:/home/tharaka/.m2/repository/org/checkerframework/checker-qual/3.5.0/checker-qual-3.5.0.jar:/home/tharaka/.m2/repository/com/google/errorprone/error_prone_annotations/2.3.4/error_prone_annotations-2.3.4.jar:/home/tharaka/.m2/repository/com/google/j2objc/j2objc-annotations/1.3/j2objc-annotations-1.3.jar:/home/tharaka/.m2/repository/org/apache/tika/tika-core/1.22/tika-core-1.22.jar:/home/tharaka/.m2/repository/junit/junit/4.12/junit-4.12.jar:/home/tharaka/.m2/repository/org/hamcrest/hamcrest-core/1.3/hamcrest-core-1.3.jar:/home/tharaka/.m2/repository/org/mockito/mockito-core/3.2.0/mockito-core-3.2.0.jar:/home/tharaka/.m2/repository/net/bytebuddy/byte-buddy/1.10.3/byte-buddy-1.10.3.jar:/home/tharaka/.m2/repository/net/bytebuddy/byte-buddy-agent/1.10.3/byte-buddy-agent-1.10.3.jar:/home/tharaka/.m2/repository/org/objenesis/objenesis/2.6/objenesis-2.6.jar:/home/tharaka/.m2/repository/org/powermock/powermock-module-junit4/2.0.7/powermock-module-junit4-2.0.7.jar:/home/tharaka/.m2/repository/org/powermock/powermock-module-junit4-common/2.0.7/powermock-module-junit4-common-2.0.7.jar:/home/tharaka/.m2/repository/org/powermock/powermock-reflect/2.0.7/powermock-reflect-2.0.7.jar:/home/tharaka/.m2/repository/org/powermock/powermock-core/2.0.7/powermock-core-2.0.7.jar:/home/tharaka/.m2/repository/org/javassist/javassist/3.27.0-GA/javassist-3.27.0-GA.jar:/home/tharaka/.m2/repository/org/powermock/powermock-api-mockito2/2.0.7/powermock-api-mockito2-2.0.7.jar:/home/tharaka/.m2/repository/org/powermock/powermock-api-support/2.0.7/powermock-api-support-2.0.7.jar:/home/tharaka/.m2/repository/commons-io/commons-io/2.6/commons-io-2.6.jar:/home/tharaka/.m2/repository/io/railflow/testrail-client/2.1/testrail-client-2.1.jar:/home/tharaka/.m2/repository/io/railflow/testrail-client/2.1/testrail-client-2.1-tests.jar:/home/tharaka/.m2/repository/javax/xml/bind/jaxb-api/2.3.0/jaxb-api-2.3.0.jar:/home/tharaka/.m2/repository/com/sun/xml/bind/jaxb-core/2.3.0/jaxb-core-2.3.0.jar:/home/tharaka/.m2/repository/com/sun/xml/bind/jaxb-impl/2.3.0/jaxb-impl-2.3.0.jar:/home/tharaka/.m2/repository/javax/activation/activation/1.1.1/activation-1.1.1.jar:/home/tharaka/.m2/repository/io/qameta/allure/allure-plugin-api/2.13.10/allure-plugin-api-2.13.10.jar:/home/tharaka/.m2/repository/org/apache/commons/commons-csv/1.8/commons-csv-1.8.jar:/home/tharaka/.m2/repository/org/apache/commons/commons-collections4/4.4/commons-collections4-4.4.jar:/home/tharaka/.m2/repository/ch/qos/logback/logback-classic/1.2.3/logback-classic-1.2.3.jar:/home/tharaka/.m2/repository/ch/qos/logback/logback-core/1.2.3/logback-core-1.2.3.jar:"/>
    
    <property name="java.vm.vendor" value="Private Build"/>
    
    <property name="sun.arch.data.model" value="64"/>
    
    <property name="java.vendor.url" value="http://java.oracle.com/"/>
    
    <property name="user.timezone" value=""/>
    
    <property name="java.vm.specification.version" value="1.8"/>
    
    <property name="os.name" value="Linux"/>
    
    <property name="user.country" value="US"/>
    
    <property name="sun.java.launcher" value="SUN_STANDARD"/>
    
    <property name="sun.boot.library.path" value="/usr/lib/jvm/java-8-openjdk-amd64/jre/lib/amd64"/>
    
    <property name="sun.java.command" value="/home/tharaka/projects/agiletestware/teamcity_plugins/railflow-java/target/surefire/surefirebooter5615321071138040699.jar /home/tharaka/projects/agiletestware/teamcity_plugins/railflow-java/target/surefire 2022-02-04T09-29-42_375-jvmRun1 surefire3251150644889157875tmp surefire_03548316204226868521tmp"/>
    
    <property name="surefire.test.class.path" value="/home/tharaka/projects/agiletestware/teamcity_plugins/railflow-java/target/test-classes:/home/tharaka/projects/agiletestware/teamcity_plugins/railflow-java/target/classes:/home/tharaka/.m2/repository/io/railflow/license/1.0/license-1.0.jar:/home/tharaka/.m2/repository/io/railflow/commons/1.0/commons-1.0.jar:/home/tharaka/.m2/repository/org/apache/commons/commons-lang3/3.11/commons-lang3-3.11.jar:/home/tharaka/.m2/repository/org/apache/httpcomponents/httpclient/4.5.2/httpclient-4.5.2.jar:/home/tharaka/.m2/repository/org/apache/httpcomponents/httpcore/4.4.4/httpcore-4.4.4.jar:/home/tharaka/.m2/repository/commons-logging/commons-logging/1.2/commons-logging-1.2.jar:/home/tharaka/.m2/repository/org/apache/httpcomponents/httpmime/4.5.2/httpmime-4.5.2.jar:/home/tharaka/.m2/repository/org/slf4j/slf4j-api/1.7.25/slf4j-api-1.7.25.jar:/home/tharaka/.m2/repository/com/google/code/gson/gson/2.8.5/gson-2.8.5.jar:/home/tharaka/.m2/repository/commons-codec/commons-codec/1.15/commons-codec-1.15.jar:/home/tharaka/.m2/repository/javax/validation/validation-api/2.0.1.Final/validation-api-2.0.1.Final.jar:/home/tharaka/.m2/repository/com/fasterxml/jackson/core/jackson-databind/2.11.4/jackson-databind-2.11.4.jar:/home/tharaka/.m2/repository/com/fasterxml/jackson/core/jackson-annotations/2.11.4/jackson-annotations-2.11.4.jar:/home/tharaka/.m2/repository/com/fasterxml/jackson/core/jackson-core/2.11.4/jackson-core-2.11.4.jar:/home/tharaka/.m2/repository/com/google/guava/guava/30.1-jre/guava-30.1-jre.jar:/home/tharaka/.m2/repository/com/google/guava/failureaccess/1.0.1/failureaccess-1.0.1.jar:/home/tharaka/.m2/repository/com/google/guava/listenablefuture/9999.0-empty-to-avoid-conflict-with-guava/listenablefuture-9999.0-empty-to-avoid-conflict-with-guava.jar:/home/tharaka/.m2/repository/com/google/code/findbugs/jsr305/3.0.2/jsr305-3.0.2.jar:/home/tharaka/.m2/repository/org/checkerframework/checker-qual/3.5.0/checker-qual-3.5.0.jar:/home/tharaka/.m2/repository/com/google/errorprone/error_prone_annotations/2.3.4/error_prone_annotations-2.3.4.jar:/home/tharaka/.m2/repository/com/google/j2objc/j2objc-annotations/1.3/j2objc-annotations-1.3.jar:/home/tharaka/.m2/repository/org/apache/tika/tika-core/1.22/tika-core-1.22.jar:/home/tharaka/.m2/repository/junit/junit/4.12/junit-4.12.jar:/home/tharaka/.m2/repository/org/hamcrest/hamcrest-core/1.3/hamcrest-core-1.3.jar:/home/tharaka/.m2/repository/org/mockito/mockito-core/3.2.0/mockito-core-3.2.0.jar:/home/tharaka/.m2/repository/net/bytebuddy/byte-buddy/1.10.3/byte-buddy-1.10.3.jar:/home/tharaka/.m2/repository/net/bytebuddy/byte-buddy-agent/1.10.3/byte-buddy-agent-1.10.3.jar:/home/tharaka/.m2/repository/org/objenesis/objenesis/2.6/objenesis-2.6.jar:/home/tharaka/.m2/repository/org/powermock/powermock-module-junit4/2.0.7/powermock-module-junit4-2.0.7.jar:/home/tharaka/.m2/repository/org/powermock/powermock-module-junit4-common/2.0.7/powermock-module-junit4-common-2.0.7.jar:/home/tharaka/.m2/repository/org/powermock/powermock-reflect/2.0.7/powermock-reflect-2.0.7.jar:/home/tharaka/.m2/repository/org/powermock/powermock-core/2.0.7/powermock-core-2.0.7.jar:/home/tharaka/.m2/repository/org/javassist/javassist/3.27.0-GA/javassist-3.27.0-GA.jar:/home/tharaka/.m2/repository/org/powermock/powermock-api-mockito2/2.0.7/powermock-api-mockito2-2.0.7.jar:/home/tharaka/.m2/repository/org/powermock/powermock-api-support/2.0.7/powermock-api-support-2.0.7.jar:/home/tharaka/.m2/repository/commons-io/commons-io/2.6/commons-io-2.6.jar:/home/tharaka/.m2/repository/io/railflow/testrail-client/2.1/testrail-client-2.1.jar:/home/tharaka/.m2/repository/io/railflow/testrail-client/2.1/testrail-client-2.1-tests.jar:/home/tharaka/.m2/repository/javax/xml/bind/jaxb-api/2.3.0/jaxb-api-2.3.0.jar:/home/tharaka/.m2/repository/com/sun/xml/bind/jaxb-core/2.3.0/jaxb-core-2.3.0.jar:/home/tharaka/.m2/repository/com/sun/xml/bind/jaxb-impl/2.3.0/jaxb-impl-2.3.0.jar:/home/tharaka/.m2/repository/javax/activation/activation/1.1.1/activation-1.1.1.jar:/home/tharaka/.m2/repository/io/qameta/allure/allure-plugin-api/2.13.10/allure-plugin-api-2.13.10.jar:/home/tharaka/.m2/repository/org/apache/commons/commons-csv/1.8/commons-csv-1.8.jar:/home/tharaka/.m2/repository/org/apache/commons/commons-collections4/4.4/commons-collections4-4.4.jar:/home/tharaka/.m2/repository/ch/qos/logback/logback-classic/1.2.3/logback-classic-1.2.3.jar:/home/tharaka/.m2/repository/ch/qos/logback/logback-core/1.2.3/logback-core-1.2.3.jar:"/>
    
    <property name="sun.cpu.endian" value="little"/>
    
    <property name="user.home" value="/home/tharaka"/>
    
    <property name="user.language" value="en"/>
    
    <property name="java.specification.vendor" value="Oracle Corporation"/>
    
    <property name="java.home" value="/usr/lib/jvm/java-8-openjdk-amd64/jre"/>
    
    <property name="basedir" value="/home/tharaka/projects/agiletestware/teamcity_plugins/railflow-java"/>
    
    <property name="file.separator" value="/"/>
    
    <property name="line.separator" value="
"/>
    
    <property name="java.vm.specification.vendor" value="Oracle Corporation"/>
    
    <property name="java.specification.name" value="Java Platform API Specification"/>
    
    <property name="java.awt.graphicsenv" value="sun.awt.X11GraphicsEnvironment"/>
    
    <property name="surefire.real.class.path" value="/home/tharaka/projects/agiletestware/teamcity_plugins/railflow-java/target/surefire/surefirebooter5615321071138040699.jar:/home/tharaka/.m2/repository/org/jacoco/org.jacoco.agent/0.8.2/org.jacoco.agent-0.8.2-runtime.jar"/>
    
    <property name="sun.boot.class.path" value="/usr/lib/jvm/java-8-openjdk-amd64/jre/lib/resources.jar:/usr/lib/jvm/java-8-openjdk-amd64/jre/lib/rt.jar:/usr/lib/jvm/java-8-openjdk-amd64/jre/lib/sunrsasign.jar:/usr/lib/jvm/java-8-openjdk-amd64/jre/lib/jsse.jar:/usr/lib/jvm/java-8-openjdk-amd64/jre/lib/jce.jar:/usr/lib/jvm/java-8-openjdk-amd64/jre/lib/charsets.jar:/usr/lib/jvm/java-8-openjdk-amd64/jre/lib/jfr.jar:/usr/lib/jvm/java-8-openjdk-amd64/jre/classes"/>
    
    <property name="sun.management.compiler" value="HotSpot 64-Bit Tiered Compilers"/>
    
    <property name="java.runtime.version" value="1.8.0_312-8u312-b07-0ubuntu1~20.04-b07"/>
    
    <property name="user.name" value="tharaka"/>
    
    <property name="path.separator" value=":"/>
    
    <property name="os.version" value="5.13.0-28-generic"/>
    
    <property name="java.endorsed.dirs" value="/usr/lib/jvm/java-8-openjdk-amd64/jre/lib/endorsed"/>
    
    <property name="java.runtime.name" value="OpenJDK Runtime Environment"/>
    
    <property name="file.encoding" value="UTF-8"/>
    
    <property name="java.vm.name" value="OpenJDK 64-Bit Server VM"/>
    
    <property name="localRepository" value="/home/tharaka/.m2/repository"/>
    
    <property name="java.vendor.url.bug" value="http://bugreport.sun.com/bugreport/"/>
    
    <property name="java.io.tmpdir" value="/tmp"/>
    
    <property name="java.version" value="1.8.0_312"/>
    
    <property name="user.dir" value="/home/tharaka/projects/agiletestware/teamcity_plugins/railflow-java"/>
    
    <property name="os.arch" value="amd64"/>
    
    <property name="java.vm.specification.name" value="Java Virtual Machine Specification"/>
    
    <property name="java.awt.printerjob" value="sun.print.PSPrinterJob"/>
    
    <property name="sun.os.patch.level" value="unknown"/>
    
    <property name="java.library.path" value="/usr/java/packages/lib/amd64:/usr/lib/x86_64-linux-gnu/jni:/lib/x86_64-linux-gnu:/usr/lib/x86_64-linux-gnu:/usr/lib/jni:/lib:/usr/lib"/>
    
    <property name="java.vm.info" value="mixed mode"/>
    
    <property name="java.vendor" value="Private Build"/>
    
    <property name="java.vm.version" value="25.312-b07"/>
    
    <property name="java.ext.dirs" value="/usr/lib/jvm/java-8-openjdk-amd64/jre/lib/ext:/usr/java/packages/lib/ext"/>
    
    <property name="sun.io.unicode.encoding" value="UnicodeLittle"/>
    
    <property name="java.class.version" value="52.0"/>
    
  </properties>
  
  <testcase name="logParameters_parameters_not_set" classname="io.railflow.util.ParametersLoggerTest" time="0.123"/>
  
  <testcase name="logParameters_parameters_set" classname="io.railflow.util.ParametersLoggerTest" time="0.112"/>
  
</testsuite>
<testsuite xmlns:xsi="http://www.w3.org/2001/XMLSchema-instance" xsi:noNamespaceSchemaLocation="https://maven.apache.org/surefire/maven-surefire-plugin/xsd/surefire-test-report.xsd" name="io.railflow.util.ParseXmlHelperTest" time="2.892" tests="10" errors="0" skipped="0" failures="0">
  
  <properties>
    
    <property name="sun.desktop" value="gnome"/>
    
    <property name="awt.toolkit" value="sun.awt.X11.XToolkit"/>
    
    <property name="file.encoding.pkg" value="sun.io"/>
    
    <property name="java.specification.version" value="1.8"/>
    
    <property name="sun.cpu.isalist" value=""/>
    
    <property name="sun.jnu.encoding" value="UTF-8"/>
    
    <property name="java.class.path" value="/home/tharaka/projects/agiletestware/teamcity_plugins/railflow-java/target/test-classes:/home/tharaka/projects/agiletestware/teamcity_plugins/railflow-java/target/classes:/home/tharaka/.m2/repository/io/railflow/license/1.0/license-1.0.jar:/home/tharaka/.m2/repository/io/railflow/commons/1.0/commons-1.0.jar:/home/tharaka/.m2/repository/org/apache/commons/commons-lang3/3.11/commons-lang3-3.11.jar:/home/tharaka/.m2/repository/org/apache/httpcomponents/httpclient/4.5.2/httpclient-4.5.2.jar:/home/tharaka/.m2/repository/org/apache/httpcomponents/httpcore/4.4.4/httpcore-4.4.4.jar:/home/tharaka/.m2/repository/commons-logging/commons-logging/1.2/commons-logging-1.2.jar:/home/tharaka/.m2/repository/org/apache/httpcomponents/httpmime/4.5.2/httpmime-4.5.2.jar:/home/tharaka/.m2/repository/org/slf4j/slf4j-api/1.7.25/slf4j-api-1.7.25.jar:/home/tharaka/.m2/repository/com/google/code/gson/gson/2.8.5/gson-2.8.5.jar:/home/tharaka/.m2/repository/commons-codec/commons-codec/1.15/commons-codec-1.15.jar:/home/tharaka/.m2/repository/javax/validation/validation-api/2.0.1.Final/validation-api-2.0.1.Final.jar:/home/tharaka/.m2/repository/com/fasterxml/jackson/core/jackson-databind/2.11.4/jackson-databind-2.11.4.jar:/home/tharaka/.m2/repository/com/fasterxml/jackson/core/jackson-annotations/2.11.4/jackson-annotations-2.11.4.jar:/home/tharaka/.m2/repository/com/fasterxml/jackson/core/jackson-core/2.11.4/jackson-core-2.11.4.jar:/home/tharaka/.m2/repository/com/google/guava/guava/30.1-jre/guava-30.1-jre.jar:/home/tharaka/.m2/repository/com/google/guava/failureaccess/1.0.1/failureaccess-1.0.1.jar:/home/tharaka/.m2/repository/com/google/guava/listenablefuture/9999.0-empty-to-avoid-conflict-with-guava/listenablefuture-9999.0-empty-to-avoid-conflict-with-guava.jar:/home/tharaka/.m2/repository/com/google/code/findbugs/jsr305/3.0.2/jsr305-3.0.2.jar:/home/tharaka/.m2/repository/org/checkerframework/checker-qual/3.5.0/checker-qual-3.5.0.jar:/home/tharaka/.m2/repository/com/google/errorprone/error_prone_annotations/2.3.4/error_prone_annotations-2.3.4.jar:/home/tharaka/.m2/repository/com/google/j2objc/j2objc-annotations/1.3/j2objc-annotations-1.3.jar:/home/tharaka/.m2/repository/org/apache/tika/tika-core/1.22/tika-core-1.22.jar:/home/tharaka/.m2/repository/junit/junit/4.12/junit-4.12.jar:/home/tharaka/.m2/repository/org/hamcrest/hamcrest-core/1.3/hamcrest-core-1.3.jar:/home/tharaka/.m2/repository/org/mockito/mockito-core/3.2.0/mockito-core-3.2.0.jar:/home/tharaka/.m2/repository/net/bytebuddy/byte-buddy/1.10.3/byte-buddy-1.10.3.jar:/home/tharaka/.m2/repository/net/bytebuddy/byte-buddy-agent/1.10.3/byte-buddy-agent-1.10.3.jar:/home/tharaka/.m2/repository/org/objenesis/objenesis/2.6/objenesis-2.6.jar:/home/tharaka/.m2/repository/org/powermock/powermock-module-junit4/2.0.7/powermock-module-junit4-2.0.7.jar:/home/tharaka/.m2/repository/org/powermock/powermock-module-junit4-common/2.0.7/powermock-module-junit4-common-2.0.7.jar:/home/tharaka/.m2/repository/org/powermock/powermock-reflect/2.0.7/powermock-reflect-2.0.7.jar:/home/tharaka/.m2/repository/org/powermock/powermock-core/2.0.7/powermock-core-2.0.7.jar:/home/tharaka/.m2/repository/org/javassist/javassist/3.27.0-GA/javassist-3.27.0-GA.jar:/home/tharaka/.m2/repository/org/powermock/powermock-api-mockito2/2.0.7/powermock-api-mockito2-2.0.7.jar:/home/tharaka/.m2/repository/org/powermock/powermock-api-support/2.0.7/powermock-api-support-2.0.7.jar:/home/tharaka/.m2/repository/commons-io/commons-io/2.6/commons-io-2.6.jar:/home/tharaka/.m2/repository/io/railflow/testrail-client/2.1/testrail-client-2.1.jar:/home/tharaka/.m2/repository/io/railflow/testrail-client/2.1/testrail-client-2.1-tests.jar:/home/tharaka/.m2/repository/javax/xml/bind/jaxb-api/2.3.0/jaxb-api-2.3.0.jar:/home/tharaka/.m2/repository/com/sun/xml/bind/jaxb-core/2.3.0/jaxb-core-2.3.0.jar:/home/tharaka/.m2/repository/com/sun/xml/bind/jaxb-impl/2.3.0/jaxb-impl-2.3.0.jar:/home/tharaka/.m2/repository/javax/activation/activation/1.1.1/activation-1.1.1.jar:/home/tharaka/.m2/repository/io/qameta/allure/allure-plugin-api/2.13.10/allure-plugin-api-2.13.10.jar:/home/tharaka/.m2/repository/org/apache/commons/commons-csv/1.8/commons-csv-1.8.jar:/home/tharaka/.m2/repository/org/apache/commons/commons-collections4/4.4/commons-collections4-4.4.jar:/home/tharaka/.m2/repository/ch/qos/logback/logback-classic/1.2.3/logback-classic-1.2.3.jar:/home/tharaka/.m2/repository/ch/qos/logback/logback-core/1.2.3/logback-core-1.2.3.jar:"/>
    
    <property name="java.vm.vendor" value="Private Build"/>
    
    <property name="sun.arch.data.model" value="64"/>
    
    <property name="java.vendor.url" value="http://java.oracle.com/"/>
    
    <property name="user.timezone" value=""/>
    
    <property name="java.vm.specification.version" value="1.8"/>
    
    <property name="os.name" value="Linux"/>
    
    <property name="user.country" value="US"/>
    
    <property name="sun.java.launcher" value="SUN_STANDARD"/>
    
    <property name="sun.boot.library.path" value="/usr/lib/jvm/java-8-openjdk-amd64/jre/lib/amd64"/>
    
    <property name="sun.java.command" value="/home/tharaka/projects/agiletestware/teamcity_plugins/railflow-java/target/surefire/surefirebooter5615321071138040699.jar /home/tharaka/projects/agiletestware/teamcity_plugins/railflow-java/target/surefire 2022-02-04T09-29-42_375-jvmRun1 surefire3251150644889157875tmp surefire_03548316204226868521tmp"/>
    
    <property name="surefire.test.class.path" value="/home/tharaka/projects/agiletestware/teamcity_plugins/railflow-java/target/test-classes:/home/tharaka/projects/agiletestware/teamcity_plugins/railflow-java/target/classes:/home/tharaka/.m2/repository/io/railflow/license/1.0/license-1.0.jar:/home/tharaka/.m2/repository/io/railflow/commons/1.0/commons-1.0.jar:/home/tharaka/.m2/repository/org/apache/commons/commons-lang3/3.11/commons-lang3-3.11.jar:/home/tharaka/.m2/repository/org/apache/httpcomponents/httpclient/4.5.2/httpclient-4.5.2.jar:/home/tharaka/.m2/repository/org/apache/httpcomponents/httpcore/4.4.4/httpcore-4.4.4.jar:/home/tharaka/.m2/repository/commons-logging/commons-logging/1.2/commons-logging-1.2.jar:/home/tharaka/.m2/repository/org/apache/httpcomponents/httpmime/4.5.2/httpmime-4.5.2.jar:/home/tharaka/.m2/repository/org/slf4j/slf4j-api/1.7.25/slf4j-api-1.7.25.jar:/home/tharaka/.m2/repository/com/google/code/gson/gson/2.8.5/gson-2.8.5.jar:/home/tharaka/.m2/repository/commons-codec/commons-codec/1.15/commons-codec-1.15.jar:/home/tharaka/.m2/repository/javax/validation/validation-api/2.0.1.Final/validation-api-2.0.1.Final.jar:/home/tharaka/.m2/repository/com/fasterxml/jackson/core/jackson-databind/2.11.4/jackson-databind-2.11.4.jar:/home/tharaka/.m2/repository/com/fasterxml/jackson/core/jackson-annotations/2.11.4/jackson-annotations-2.11.4.jar:/home/tharaka/.m2/repository/com/fasterxml/jackson/core/jackson-core/2.11.4/jackson-core-2.11.4.jar:/home/tharaka/.m2/repository/com/google/guava/guava/30.1-jre/guava-30.1-jre.jar:/home/tharaka/.m2/repository/com/google/guava/failureaccess/1.0.1/failureaccess-1.0.1.jar:/home/tharaka/.m2/repository/com/google/guava/listenablefuture/9999.0-empty-to-avoid-conflict-with-guava/listenablefuture-9999.0-empty-to-avoid-conflict-with-guava.jar:/home/tharaka/.m2/repository/com/google/code/findbugs/jsr305/3.0.2/jsr305-3.0.2.jar:/home/tharaka/.m2/repository/org/checkerframework/checker-qual/3.5.0/checker-qual-3.5.0.jar:/home/tharaka/.m2/repository/com/google/errorprone/error_prone_annotations/2.3.4/error_prone_annotations-2.3.4.jar:/home/tharaka/.m2/repository/com/google/j2objc/j2objc-annotations/1.3/j2objc-annotations-1.3.jar:/home/tharaka/.m2/repository/org/apache/tika/tika-core/1.22/tika-core-1.22.jar:/home/tharaka/.m2/repository/junit/junit/4.12/junit-4.12.jar:/home/tharaka/.m2/repository/org/hamcrest/hamcrest-core/1.3/hamcrest-core-1.3.jar:/home/tharaka/.m2/repository/org/mockito/mockito-core/3.2.0/mockito-core-3.2.0.jar:/home/tharaka/.m2/repository/net/bytebuddy/byte-buddy/1.10.3/byte-buddy-1.10.3.jar:/home/tharaka/.m2/repository/net/bytebuddy/byte-buddy-agent/1.10.3/byte-buddy-agent-1.10.3.jar:/home/tharaka/.m2/repository/org/objenesis/objenesis/2.6/objenesis-2.6.jar:/home/tharaka/.m2/repository/org/powermock/powermock-module-junit4/2.0.7/powermock-module-junit4-2.0.7.jar:/home/tharaka/.m2/repository/org/powermock/powermock-module-junit4-common/2.0.7/powermock-module-junit4-common-2.0.7.jar:/home/tharaka/.m2/repository/org/powermock/powermock-reflect/2.0.7/powermock-reflect-2.0.7.jar:/home/tharaka/.m2/repository/org/powermock/powermock-core/2.0.7/powermock-core-2.0.7.jar:/home/tharaka/.m2/repository/org/javassist/javassist/3.27.0-GA/javassist-3.27.0-GA.jar:/home/tharaka/.m2/repository/org/powermock/powermock-api-mockito2/2.0.7/powermock-api-mockito2-2.0.7.jar:/home/tharaka/.m2/repository/org/powermock/powermock-api-support/2.0.7/powermock-api-support-2.0.7.jar:/home/tharaka/.m2/repository/commons-io/commons-io/2.6/commons-io-2.6.jar:/home/tharaka/.m2/repository/io/railflow/testrail-client/2.1/testrail-client-2.1.jar:/home/tharaka/.m2/repository/io/railflow/testrail-client/2.1/testrail-client-2.1-tests.jar:/home/tharaka/.m2/repository/javax/xml/bind/jaxb-api/2.3.0/jaxb-api-2.3.0.jar:/home/tharaka/.m2/repository/com/sun/xml/bind/jaxb-core/2.3.0/jaxb-core-2.3.0.jar:/home/tharaka/.m2/repository/com/sun/xml/bind/jaxb-impl/2.3.0/jaxb-impl-2.3.0.jar:/home/tharaka/.m2/repository/javax/activation/activation/1.1.1/activation-1.1.1.jar:/home/tharaka/.m2/repository/io/qameta/allure/allure-plugin-api/2.13.10/allure-plugin-api-2.13.10.jar:/home/tharaka/.m2/repository/org/apache/commons/commons-csv/1.8/commons-csv-1.8.jar:/home/tharaka/.m2/repository/org/apache/commons/commons-collections4/4.4/commons-collections4-4.4.jar:/home/tharaka/.m2/repository/ch/qos/logback/logback-classic/1.2.3/logback-classic-1.2.3.jar:/home/tharaka/.m2/repository/ch/qos/logback/logback-core/1.2.3/logback-core-1.2.3.jar:"/>
    
    <property name="sun.cpu.endian" value="little"/>
    
    <property name="user.home" value="/home/tharaka"/>
    
    <property name="user.language" value="en"/>
    
    <property name="java.specification.vendor" value="Oracle Corporation"/>
    
    <property name="java.home" value="/usr/lib/jvm/java-8-openjdk-amd64/jre"/>
    
    <property name="basedir" value="/home/tharaka/projects/agiletestware/teamcity_plugins/railflow-java"/>
    
    <property name="file.separator" value="/"/>
    
    <property name="line.separator" value="
"/>
    
    <property name="java.vm.specification.vendor" value="Oracle Corporation"/>
    
    <property name="java.specification.name" value="Java Platform API Specification"/>
    
    <property name="java.awt.graphicsenv" value="sun.awt.X11GraphicsEnvironment"/>
    
    <property name="surefire.real.class.path" value="/home/tharaka/projects/agiletestware/teamcity_plugins/railflow-java/target/surefire/surefirebooter5615321071138040699.jar:/home/tharaka/.m2/repository/org/jacoco/org.jacoco.agent/0.8.2/org.jacoco.agent-0.8.2-runtime.jar"/>
    
    <property name="sun.boot.class.path" value="/usr/lib/jvm/java-8-openjdk-amd64/jre/lib/resources.jar:/usr/lib/jvm/java-8-openjdk-amd64/jre/lib/rt.jar:/usr/lib/jvm/java-8-openjdk-amd64/jre/lib/sunrsasign.jar:/usr/lib/jvm/java-8-openjdk-amd64/jre/lib/jsse.jar:/usr/lib/jvm/java-8-openjdk-amd64/jre/lib/jce.jar:/usr/lib/jvm/java-8-openjdk-amd64/jre/lib/charsets.jar:/usr/lib/jvm/java-8-openjdk-amd64/jre/lib/jfr.jar:/usr/lib/jvm/java-8-openjdk-amd64/jre/classes"/>
    
    <property name="sun.management.compiler" value="HotSpot 64-Bit Tiered Compilers"/>
    
    <property name="java.runtime.version" value="1.8.0_312-8u312-b07-0ubuntu1~20.04-b07"/>
    
    <property name="user.name" value="tharaka"/>
    
    <property name="path.separator" value=":"/>
    
    <property name="os.version" value="5.13.0-28-generic"/>
    
    <property name="java.endorsed.dirs" value="/usr/lib/jvm/java-8-openjdk-amd64/jre/lib/endorsed"/>
    
    <property name="java.runtime.name" value="OpenJDK Runtime Environment"/>
    
    <property name="file.encoding" value="UTF-8"/>
    
    <property name="java.vm.name" value="OpenJDK 64-Bit Server VM"/>
    
    <property name="localRepository" value="/home/tharaka/.m2/repository"/>
    
    <property name="java.vendor.url.bug" value="http://bugreport.sun.com/bugreport/"/>
    
    <property name="java.io.tmpdir" value="/tmp"/>
    
    <property name="java.version" value="1.8.0_312"/>
    
    <property name="user.dir" value="/home/tharaka/projects/agiletestware/teamcity_plugins/railflow-java"/>
    
    <property name="os.arch" value="amd64"/>
    
    <property name="java.vm.specification.name" value="Java Virtual Machine Specification"/>
    
    <property name="java.awt.printerjob" value="sun.print.PSPrinterJob"/>
    
    <property name="sun.os.patch.level" value="unknown"/>
    
    <property name="java.library.path" value="/usr/java/packages/lib/amd64:/usr/lib/x86_64-linux-gnu/jni:/lib/x86_64-linux-gnu:/usr/lib/x86_64-linux-gnu:/usr/lib/jni:/lib:/usr/lib"/>
    
    <property name="java.vm.info" value="mixed mode"/>
    
    <property name="java.vendor" value="Private Build"/>
    
    <property name="java.vm.version" value="25.312-b07"/>
    
    <property name="java.ext.dirs" value="/usr/lib/jvm/java-8-openjdk-amd64/jre/lib/ext:/usr/java/packages/lib/ext"/>
    
    <property name="sun.io.unicode.encoding" value="UnicodeLittle"/>
    
    <property name="java.class.version" value="52.0"/>
    
  </properties>
  
  <testcase name="parseTrxReportFailOnNonExistingFile" classname="io.railflow.util.ParseXmlHelperTest" time="0.011"/>
  
  <testcase name="parseTestNgReportFilePassSuiteRootTest" classname="io.railflow.util.ParseXmlHelperTest" time="0.032"/>
  
  <testcase name="parseTrxReport" classname="io.railflow.util.ParseXmlHelperTest" time="0.015"/>
  
  <testcase name="parseJunitReportFileFailTest" classname="io.railflow.util.ParseXmlHelperTest" time="0.027"/>
  
  <testcase name="parseTestNgReportFileFailTest" classname="io.railflow.util.ParseXmlHelperTest" time="0.01"/>
  
  <testcase name="parseNUnitReportFileTest" classname="io.railflow.util.ParseXmlHelperTest" time="0.018"/>
  
  <testcase name="parseJunitReportFilePassTest" classname="io.railflow.util.ParseXmlHelperTest" time="0.009"/>
  
  <testcase name="parseTestNgReportFilePassTest" classname="io.railflow.util.ParseXmlHelperTest" time="0.005"/>
  
  <testcase name="parseNUnitReportNotNUnitFile" classname="io.railflow.util.ParseXmlHelperTest" time="0.017"/>
  
  <testcase name="parseNUnitReportNonExistingFile" classname="io.railflow.util.ParseXmlHelperTest" time="0.01"/>
  
</testsuite>
<testsuite xmlns:xsi="http://www.w3.org/2001/XMLSchema-instance" xsi:noNamespaceSchemaLocation="https://maven.apache.org/surefire/maven-surefire-plugin/xsd/surefire-test-report.xsd" name="io.railflow.util.RailflowUtilityTest" time="0.009" tests="17" errors="0" skipped="0" failures="0">
  
  <properties>
    
    <property name="sun.desktop" value="gnome"/>
    
    <property name="awt.toolkit" value="sun.awt.X11.XToolkit"/>
    
    <property name="file.encoding.pkg" value="sun.io"/>
    
    <property name="java.specification.version" value="1.8"/>
    
    <property name="sun.cpu.isalist" value=""/>
    
    <property name="sun.jnu.encoding" value="UTF-8"/>
    
    <property name="java.class.path" value="/home/tharaka/projects/agiletestware/teamcity_plugins/railflow-java/target/test-classes:/home/tharaka/projects/agiletestware/teamcity_plugins/railflow-java/target/classes:/home/tharaka/.m2/repository/io/railflow/license/1.0/license-1.0.jar:/home/tharaka/.m2/repository/io/railflow/commons/1.0/commons-1.0.jar:/home/tharaka/.m2/repository/org/apache/commons/commons-lang3/3.11/commons-lang3-3.11.jar:/home/tharaka/.m2/repository/org/apache/httpcomponents/httpclient/4.5.2/httpclient-4.5.2.jar:/home/tharaka/.m2/repository/org/apache/httpcomponents/httpcore/4.4.4/httpcore-4.4.4.jar:/home/tharaka/.m2/repository/commons-logging/commons-logging/1.2/commons-logging-1.2.jar:/home/tharaka/.m2/repository/org/apache/httpcomponents/httpmime/4.5.2/httpmime-4.5.2.jar:/home/tharaka/.m2/repository/org/slf4j/slf4j-api/1.7.25/slf4j-api-1.7.25.jar:/home/tharaka/.m2/repository/com/google/code/gson/gson/2.8.5/gson-2.8.5.jar:/home/tharaka/.m2/repository/commons-codec/commons-codec/1.15/commons-codec-1.15.jar:/home/tharaka/.m2/repository/javax/validation/validation-api/2.0.1.Final/validation-api-2.0.1.Final.jar:/home/tharaka/.m2/repository/com/fasterxml/jackson/core/jackson-databind/2.11.4/jackson-databind-2.11.4.jar:/home/tharaka/.m2/repository/com/fasterxml/jackson/core/jackson-annotations/2.11.4/jackson-annotations-2.11.4.jar:/home/tharaka/.m2/repository/com/fasterxml/jackson/core/jackson-core/2.11.4/jackson-core-2.11.4.jar:/home/tharaka/.m2/repository/com/google/guava/guava/30.1-jre/guava-30.1-jre.jar:/home/tharaka/.m2/repository/com/google/guava/failureaccess/1.0.1/failureaccess-1.0.1.jar:/home/tharaka/.m2/repository/com/google/guava/listenablefuture/9999.0-empty-to-avoid-conflict-with-guava/listenablefuture-9999.0-empty-to-avoid-conflict-with-guava.jar:/home/tharaka/.m2/repository/com/google/code/findbugs/jsr305/3.0.2/jsr305-3.0.2.jar:/home/tharaka/.m2/repository/org/checkerframework/checker-qual/3.5.0/checker-qual-3.5.0.jar:/home/tharaka/.m2/repository/com/google/errorprone/error_prone_annotations/2.3.4/error_prone_annotations-2.3.4.jar:/home/tharaka/.m2/repository/com/google/j2objc/j2objc-annotations/1.3/j2objc-annotations-1.3.jar:/home/tharaka/.m2/repository/org/apache/tika/tika-core/1.22/tika-core-1.22.jar:/home/tharaka/.m2/repository/junit/junit/4.12/junit-4.12.jar:/home/tharaka/.m2/repository/org/hamcrest/hamcrest-core/1.3/hamcrest-core-1.3.jar:/home/tharaka/.m2/repository/org/mockito/mockito-core/3.2.0/mockito-core-3.2.0.jar:/home/tharaka/.m2/repository/net/bytebuddy/byte-buddy/1.10.3/byte-buddy-1.10.3.jar:/home/tharaka/.m2/repository/net/bytebuddy/byte-buddy-agent/1.10.3/byte-buddy-agent-1.10.3.jar:/home/tharaka/.m2/repository/org/objenesis/objenesis/2.6/objenesis-2.6.jar:/home/tharaka/.m2/repository/org/powermock/powermock-module-junit4/2.0.7/powermock-module-junit4-2.0.7.jar:/home/tharaka/.m2/repository/org/powermock/powermock-module-junit4-common/2.0.7/powermock-module-junit4-common-2.0.7.jar:/home/tharaka/.m2/repository/org/powermock/powermock-reflect/2.0.7/powermock-reflect-2.0.7.jar:/home/tharaka/.m2/repository/org/powermock/powermock-core/2.0.7/powermock-core-2.0.7.jar:/home/tharaka/.m2/repository/org/javassist/javassist/3.27.0-GA/javassist-3.27.0-GA.jar:/home/tharaka/.m2/repository/org/powermock/powermock-api-mockito2/2.0.7/powermock-api-mockito2-2.0.7.jar:/home/tharaka/.m2/repository/org/powermock/powermock-api-support/2.0.7/powermock-api-support-2.0.7.jar:/home/tharaka/.m2/repository/commons-io/commons-io/2.6/commons-io-2.6.jar:/home/tharaka/.m2/repository/io/railflow/testrail-client/2.1/testrail-client-2.1.jar:/home/tharaka/.m2/repository/io/railflow/testrail-client/2.1/testrail-client-2.1-tests.jar:/home/tharaka/.m2/repository/javax/xml/bind/jaxb-api/2.3.0/jaxb-api-2.3.0.jar:/home/tharaka/.m2/repository/com/sun/xml/bind/jaxb-core/2.3.0/jaxb-core-2.3.0.jar:/home/tharaka/.m2/repository/com/sun/xml/bind/jaxb-impl/2.3.0/jaxb-impl-2.3.0.jar:/home/tharaka/.m2/repository/javax/activation/activation/1.1.1/activation-1.1.1.jar:/home/tharaka/.m2/repository/io/qameta/allure/allure-plugin-api/2.13.10/allure-plugin-api-2.13.10.jar:/home/tharaka/.m2/repository/org/apache/commons/commons-csv/1.8/commons-csv-1.8.jar:/home/tharaka/.m2/repository/org/apache/commons/commons-collections4/4.4/commons-collections4-4.4.jar:/home/tharaka/.m2/repository/ch/qos/logback/logback-classic/1.2.3/logback-classic-1.2.3.jar:/home/tharaka/.m2/repository/ch/qos/logback/logback-core/1.2.3/logback-core-1.2.3.jar:"/>
    
    <property name="java.vm.vendor" value="Private Build"/>
    
    <property name="sun.arch.data.model" value="64"/>
    
    <property name="java.vendor.url" value="http://java.oracle.com/"/>
    
    <property name="user.timezone" value=""/>
    
    <property name="java.vm.specification.version" value="1.8"/>
    
    <property name="os.name" value="Linux"/>
    
    <property name="user.country" value="US"/>
    
    <property name="sun.java.launcher" value="SUN_STANDARD"/>
    
    <property name="sun.boot.library.path" value="/usr/lib/jvm/java-8-openjdk-amd64/jre/lib/amd64"/>
    
    <property name="sun.java.command" value="/home/tharaka/projects/agiletestware/teamcity_plugins/railflow-java/target/surefire/surefirebooter5615321071138040699.jar /home/tharaka/projects/agiletestware/teamcity_plugins/railflow-java/target/surefire 2022-02-04T09-29-42_375-jvmRun1 surefire3251150644889157875tmp surefire_03548316204226868521tmp"/>
    
    <property name="surefire.test.class.path" value="/home/tharaka/projects/agiletestware/teamcity_plugins/railflow-java/target/test-classes:/home/tharaka/projects/agiletestware/teamcity_plugins/railflow-java/target/classes:/home/tharaka/.m2/repository/io/railflow/license/1.0/license-1.0.jar:/home/tharaka/.m2/repository/io/railflow/commons/1.0/commons-1.0.jar:/home/tharaka/.m2/repository/org/apache/commons/commons-lang3/3.11/commons-lang3-3.11.jar:/home/tharaka/.m2/repository/org/apache/httpcomponents/httpclient/4.5.2/httpclient-4.5.2.jar:/home/tharaka/.m2/repository/org/apache/httpcomponents/httpcore/4.4.4/httpcore-4.4.4.jar:/home/tharaka/.m2/repository/commons-logging/commons-logging/1.2/commons-logging-1.2.jar:/home/tharaka/.m2/repository/org/apache/httpcomponents/httpmime/4.5.2/httpmime-4.5.2.jar:/home/tharaka/.m2/repository/org/slf4j/slf4j-api/1.7.25/slf4j-api-1.7.25.jar:/home/tharaka/.m2/repository/com/google/code/gson/gson/2.8.5/gson-2.8.5.jar:/home/tharaka/.m2/repository/commons-codec/commons-codec/1.15/commons-codec-1.15.jar:/home/tharaka/.m2/repository/javax/validation/validation-api/2.0.1.Final/validation-api-2.0.1.Final.jar:/home/tharaka/.m2/repository/com/fasterxml/jackson/core/jackson-databind/2.11.4/jackson-databind-2.11.4.jar:/home/tharaka/.m2/repository/com/fasterxml/jackson/core/jackson-annotations/2.11.4/jackson-annotations-2.11.4.jar:/home/tharaka/.m2/repository/com/fasterxml/jackson/core/jackson-core/2.11.4/jackson-core-2.11.4.jar:/home/tharaka/.m2/repository/com/google/guava/guava/30.1-jre/guava-30.1-jre.jar:/home/tharaka/.m2/repository/com/google/guava/failureaccess/1.0.1/failureaccess-1.0.1.jar:/home/tharaka/.m2/repository/com/google/guava/listenablefuture/9999.0-empty-to-avoid-conflict-with-guava/listenablefuture-9999.0-empty-to-avoid-conflict-with-guava.jar:/home/tharaka/.m2/repository/com/google/code/findbugs/jsr305/3.0.2/jsr305-3.0.2.jar:/home/tharaka/.m2/repository/org/checkerframework/checker-qual/3.5.0/checker-qual-3.5.0.jar:/home/tharaka/.m2/repository/com/google/errorprone/error_prone_annotations/2.3.4/error_prone_annotations-2.3.4.jar:/home/tharaka/.m2/repository/com/google/j2objc/j2objc-annotations/1.3/j2objc-annotations-1.3.jar:/home/tharaka/.m2/repository/org/apache/tika/tika-core/1.22/tika-core-1.22.jar:/home/tharaka/.m2/repository/junit/junit/4.12/junit-4.12.jar:/home/tharaka/.m2/repository/org/hamcrest/hamcrest-core/1.3/hamcrest-core-1.3.jar:/home/tharaka/.m2/repository/org/mockito/mockito-core/3.2.0/mockito-core-3.2.0.jar:/home/tharaka/.m2/repository/net/bytebuddy/byte-buddy/1.10.3/byte-buddy-1.10.3.jar:/home/tharaka/.m2/repository/net/bytebuddy/byte-buddy-agent/1.10.3/byte-buddy-agent-1.10.3.jar:/home/tharaka/.m2/repository/org/objenesis/objenesis/2.6/objenesis-2.6.jar:/home/tharaka/.m2/repository/org/powermock/powermock-module-junit4/2.0.7/powermock-module-junit4-2.0.7.jar:/home/tharaka/.m2/repository/org/powermock/powermock-module-junit4-common/2.0.7/powermock-module-junit4-common-2.0.7.jar:/home/tharaka/.m2/repository/org/powermock/powermock-reflect/2.0.7/powermock-reflect-2.0.7.jar:/home/tharaka/.m2/repository/org/powermock/powermock-core/2.0.7/powermock-core-2.0.7.jar:/home/tharaka/.m2/repository/org/javassist/javassist/3.27.0-GA/javassist-3.27.0-GA.jar:/home/tharaka/.m2/repository/org/powermock/powermock-api-mockito2/2.0.7/powermock-api-mockito2-2.0.7.jar:/home/tharaka/.m2/repository/org/powermock/powermock-api-support/2.0.7/powermock-api-support-2.0.7.jar:/home/tharaka/.m2/repository/commons-io/commons-io/2.6/commons-io-2.6.jar:/home/tharaka/.m2/repository/io/railflow/testrail-client/2.1/testrail-client-2.1.jar:/home/tharaka/.m2/repository/io/railflow/testrail-client/2.1/testrail-client-2.1-tests.jar:/home/tharaka/.m2/repository/javax/xml/bind/jaxb-api/2.3.0/jaxb-api-2.3.0.jar:/home/tharaka/.m2/repository/com/sun/xml/bind/jaxb-core/2.3.0/jaxb-core-2.3.0.jar:/home/tharaka/.m2/repository/com/sun/xml/bind/jaxb-impl/2.3.0/jaxb-impl-2.3.0.jar:/home/tharaka/.m2/repository/javax/activation/activation/1.1.1/activation-1.1.1.jar:/home/tharaka/.m2/repository/io/qameta/allure/allure-plugin-api/2.13.10/allure-plugin-api-2.13.10.jar:/home/tharaka/.m2/repository/org/apache/commons/commons-csv/1.8/commons-csv-1.8.jar:/home/tharaka/.m2/repository/org/apache/commons/commons-collections4/4.4/commons-collections4-4.4.jar:/home/tharaka/.m2/repository/ch/qos/logback/logback-classic/1.2.3/logback-classic-1.2.3.jar:/home/tharaka/.m2/repository/ch/qos/logback/logback-core/1.2.3/logback-core-1.2.3.jar:"/>
    
    <property name="sun.cpu.endian" value="little"/>
    
    <property name="user.home" value="/home/tharaka"/>
    
    <property name="user.language" value="en"/>
    
    <property name="java.specification.vendor" value="Oracle Corporation"/>
    
    <property name="java.home" value="/usr/lib/jvm/java-8-openjdk-amd64/jre"/>
    
    <property name="basedir" value="/home/tharaka/projects/agiletestware/teamcity_plugins/railflow-java"/>
    
    <property name="file.separator" value="/"/>
    
    <property name="line.separator" value="
"/>
    
    <property name="java.vm.specification.vendor" value="Oracle Corporation"/>
    
    <property name="java.specification.name" value="Java Platform API Specification"/>
    
    <property name="java.awt.graphicsenv" value="sun.awt.X11GraphicsEnvironment"/>
    
    <property name="surefire.real.class.path" value="/home/tharaka/projects/agiletestware/teamcity_plugins/railflow-java/target/surefire/surefirebooter5615321071138040699.jar:/home/tharaka/.m2/repository/org/jacoco/org.jacoco.agent/0.8.2/org.jacoco.agent-0.8.2-runtime.jar"/>
    
    <property name="sun.boot.class.path" value="/usr/lib/jvm/java-8-openjdk-amd64/jre/lib/resources.jar:/usr/lib/jvm/java-8-openjdk-amd64/jre/lib/rt.jar:/usr/lib/jvm/java-8-openjdk-amd64/jre/lib/sunrsasign.jar:/usr/lib/jvm/java-8-openjdk-amd64/jre/lib/jsse.jar:/usr/lib/jvm/java-8-openjdk-amd64/jre/lib/jce.jar:/usr/lib/jvm/java-8-openjdk-amd64/jre/lib/charsets.jar:/usr/lib/jvm/java-8-openjdk-amd64/jre/lib/jfr.jar:/usr/lib/jvm/java-8-openjdk-amd64/jre/classes"/>
    
    <property name="sun.management.compiler" value="HotSpot 64-Bit Tiered Compilers"/>
    
    <property name="java.runtime.version" value="1.8.0_312-8u312-b07-0ubuntu1~20.04-b07"/>
    
    <property name="user.name" value="tharaka"/>
    
    <property name="path.separator" value=":"/>
    
    <property name="os.version" value="5.13.0-28-generic"/>
    
    <property name="java.endorsed.dirs" value="/usr/lib/jvm/java-8-openjdk-amd64/jre/lib/endorsed"/>
    
    <property name="java.runtime.name" value="OpenJDK Runtime Environment"/>
    
    <property name="file.encoding" value="UTF-8"/>
    
    <property name="java.vm.name" value="OpenJDK 64-Bit Server VM"/>
    
    <property name="localRepository" value="/home/tharaka/.m2/repository"/>
    
    <property name="java.vendor.url.bug" value="http://bugreport.sun.com/bugreport/"/>
    
    <property name="java.io.tmpdir" value="/tmp"/>
    
    <property name="java.version" value="1.8.0_312"/>
    
    <property name="user.dir" value="/home/tharaka/projects/agiletestware/teamcity_plugins/railflow-java"/>
    
    <property name="os.arch" value="amd64"/>
    
    <property name="java.vm.specification.name" value="Java Virtual Machine Specification"/>
    
    <property name="java.awt.printerjob" value="sun.print.PSPrinterJob"/>
    
    <property name="sun.os.patch.level" value="unknown"/>
    
    <property name="java.library.path" value="/usr/java/packages/lib/amd64:/usr/lib/x86_64-linux-gnu/jni:/lib/x86_64-linux-gnu:/usr/lib/x86_64-linux-gnu:/usr/lib/jni:/lib:/usr/lib"/>
    
    <property name="java.vm.info" value="mixed mode"/>
    
    <property name="java.vendor" value="Private Build"/>
    
    <property name="java.vm.version" value="25.312-b07"/>
    
    <property name="java.ext.dirs" value="/usr/lib/jvm/java-8-openjdk-amd64/jre/lib/ext:/usr/java/packages/lib/ext"/>
    
    <property name="sun.io.unicode.encoding" value="UnicodeLittle"/>
    
    <property name="java.class.version" value="52.0"/>
    
  </properties>
  
  <testcase name="createActualValue_messageNull_out_errNull" classname="io.railflow.util.RailflowUtilityTest" time="0"/>
  
  <testcase name="extractJsonFromString_simple_validJson" classname="io.railflow.util.RailflowUtilityTest" time="0"/>
  
  <testcase name="extractJsonFromString_invalidJson" classname="io.railflow.util.RailflowUtilityTest" time="0.001"/>
  
  <testcase name="getFieldFromTestPathFailWithInvalidFormatTest" classname="io.railflow.util.RailflowUtilityTest" time="0"/>
  
  <testcase name="getCustomFieldsPassWithNullValueTest" classname="io.railflow.util.RailflowUtilityTest" time="0.001"/>
  
  <testcase name="createActualValue_message_outNull_err" classname="io.railflow.util.RailflowUtilityTest" time="0"/>
  
  <testcase name="extractJsonFromString_multiple_jsonstring" classname="io.railflow.util.RailflowUtilityTest" time="0"/>
  
  <testcase name="getCustomFieldsPassTest" classname="io.railflow.util.RailflowUtilityTest" time="0"/>
  
  <testcase name="extractJsonFromString_complex_validJson" classname="io.railflow.util.RailflowUtilityTest" time="0.001"/>
  
  <testcase name="extractJsonFromString_bracnekts_in_jsonStringValues" classname="io.railflow.util.RailflowUtilityTest" time="0"/>
  
  <testcase name="getCustomFieldsPassWithEmptyReturnTest" classname="io.railflow.util.RailflowUtilityTest" time="0.001"/>
  
  <testcase name="getFieldFromTestPathWithEmptyValue" classname="io.railflow.util.RailflowUtilityTest" time="0"/>
  
  <testcase name="createActualValue_messageNull_out_err" classname="io.railflow.util.RailflowUtilityTest" time="0"/>
  
  <testcase name="getFieldFromTestPathPassTest" classname="io.railflow.util.RailflowUtilityTest" time="0.001"/>
  
  <testcase name="createActualValue_message_out_err" classname="io.railflow.util.RailflowUtilityTest" time="0"/>
  
  <testcase name="getFieldFromTestPathWithNullValue" classname="io.railflow.util.RailflowUtilityTest" time="0"/>
  
  <testcase name="createActualValue_message_out_errNull" classname="io.railflow.util.RailflowUtilityTest" time="0"/>
  
</testsuite>
<testsuite xmlns:xsi="http://www.w3.org/2001/XMLSchema-instance" xsi:noNamespaceSchemaLocation="https://maven.apache.org/surefire/maven-surefire-plugin/xsd/surefire-test-report.xsd" name="io.railflow.util.TemporaryDirectoryTest" time="0.124" tests="5" errors="0" skipped="0" failures="0">
  
  <properties>
    
    <property name="sun.desktop" value="gnome"/>
    
    <property name="awt.toolkit" value="sun.awt.X11.XToolkit"/>
    
    <property name="file.encoding.pkg" value="sun.io"/>
    
    <property name="java.specification.version" value="1.8"/>
    
    <property name="sun.cpu.isalist" value=""/>
    
    <property name="sun.jnu.encoding" value="UTF-8"/>
    
    <property name="java.class.path" value="/home/tharaka/projects/agiletestware/teamcity_plugins/railflow-java/target/test-classes:/home/tharaka/projects/agiletestware/teamcity_plugins/railflow-java/target/classes:/home/tharaka/.m2/repository/io/railflow/license/1.0/license-1.0.jar:/home/tharaka/.m2/repository/io/railflow/commons/1.0/commons-1.0.jar:/home/tharaka/.m2/repository/org/apache/commons/commons-lang3/3.11/commons-lang3-3.11.jar:/home/tharaka/.m2/repository/org/apache/httpcomponents/httpclient/4.5.2/httpclient-4.5.2.jar:/home/tharaka/.m2/repository/org/apache/httpcomponents/httpcore/4.4.4/httpcore-4.4.4.jar:/home/tharaka/.m2/repository/commons-logging/commons-logging/1.2/commons-logging-1.2.jar:/home/tharaka/.m2/repository/org/apache/httpcomponents/httpmime/4.5.2/httpmime-4.5.2.jar:/home/tharaka/.m2/repository/org/slf4j/slf4j-api/1.7.25/slf4j-api-1.7.25.jar:/home/tharaka/.m2/repository/com/google/code/gson/gson/2.8.5/gson-2.8.5.jar:/home/tharaka/.m2/repository/commons-codec/commons-codec/1.15/commons-codec-1.15.jar:/home/tharaka/.m2/repository/javax/validation/validation-api/2.0.1.Final/validation-api-2.0.1.Final.jar:/home/tharaka/.m2/repository/com/fasterxml/jackson/core/jackson-databind/2.11.4/jackson-databind-2.11.4.jar:/home/tharaka/.m2/repository/com/fasterxml/jackson/core/jackson-annotations/2.11.4/jackson-annotations-2.11.4.jar:/home/tharaka/.m2/repository/com/fasterxml/jackson/core/jackson-core/2.11.4/jackson-core-2.11.4.jar:/home/tharaka/.m2/repository/com/google/guava/guava/30.1-jre/guava-30.1-jre.jar:/home/tharaka/.m2/repository/com/google/guava/failureaccess/1.0.1/failureaccess-1.0.1.jar:/home/tharaka/.m2/repository/com/google/guava/listenablefuture/9999.0-empty-to-avoid-conflict-with-guava/listenablefuture-9999.0-empty-to-avoid-conflict-with-guava.jar:/home/tharaka/.m2/repository/com/google/code/findbugs/jsr305/3.0.2/jsr305-3.0.2.jar:/home/tharaka/.m2/repository/org/checkerframework/checker-qual/3.5.0/checker-qual-3.5.0.jar:/home/tharaka/.m2/repository/com/google/errorprone/error_prone_annotations/2.3.4/error_prone_annotations-2.3.4.jar:/home/tharaka/.m2/repository/com/google/j2objc/j2objc-annotations/1.3/j2objc-annotations-1.3.jar:/home/tharaka/.m2/repository/org/apache/tika/tika-core/1.22/tika-core-1.22.jar:/home/tharaka/.m2/repository/junit/junit/4.12/junit-4.12.jar:/home/tharaka/.m2/repository/org/hamcrest/hamcrest-core/1.3/hamcrest-core-1.3.jar:/home/tharaka/.m2/repository/org/mockito/mockito-core/3.2.0/mockito-core-3.2.0.jar:/home/tharaka/.m2/repository/net/bytebuddy/byte-buddy/1.10.3/byte-buddy-1.10.3.jar:/home/tharaka/.m2/repository/net/bytebuddy/byte-buddy-agent/1.10.3/byte-buddy-agent-1.10.3.jar:/home/tharaka/.m2/repository/org/objenesis/objenesis/2.6/objenesis-2.6.jar:/home/tharaka/.m2/repository/org/powermock/powermock-module-junit4/2.0.7/powermock-module-junit4-2.0.7.jar:/home/tharaka/.m2/repository/org/powermock/powermock-module-junit4-common/2.0.7/powermock-module-junit4-common-2.0.7.jar:/home/tharaka/.m2/repository/org/powermock/powermock-reflect/2.0.7/powermock-reflect-2.0.7.jar:/home/tharaka/.m2/repository/org/powermock/powermock-core/2.0.7/powermock-core-2.0.7.jar:/home/tharaka/.m2/repository/org/javassist/javassist/3.27.0-GA/javassist-3.27.0-GA.jar:/home/tharaka/.m2/repository/org/powermock/powermock-api-mockito2/2.0.7/powermock-api-mockito2-2.0.7.jar:/home/tharaka/.m2/repository/org/powermock/powermock-api-support/2.0.7/powermock-api-support-2.0.7.jar:/home/tharaka/.m2/repository/commons-io/commons-io/2.6/commons-io-2.6.jar:/home/tharaka/.m2/repository/io/railflow/testrail-client/2.1/testrail-client-2.1.jar:/home/tharaka/.m2/repository/io/railflow/testrail-client/2.1/testrail-client-2.1-tests.jar:/home/tharaka/.m2/repository/javax/xml/bind/jaxb-api/2.3.0/jaxb-api-2.3.0.jar:/home/tharaka/.m2/repository/com/sun/xml/bind/jaxb-core/2.3.0/jaxb-core-2.3.0.jar:/home/tharaka/.m2/repository/com/sun/xml/bind/jaxb-impl/2.3.0/jaxb-impl-2.3.0.jar:/home/tharaka/.m2/repository/javax/activation/activation/1.1.1/activation-1.1.1.jar:/home/tharaka/.m2/repository/io/qameta/allure/allure-plugin-api/2.13.10/allure-plugin-api-2.13.10.jar:/home/tharaka/.m2/repository/org/apache/commons/commons-csv/1.8/commons-csv-1.8.jar:/home/tharaka/.m2/repository/org/apache/commons/commons-collections4/4.4/commons-collections4-4.4.jar:/home/tharaka/.m2/repository/ch/qos/logback/logback-classic/1.2.3/logback-classic-1.2.3.jar:/home/tharaka/.m2/repository/ch/qos/logback/logback-core/1.2.3/logback-core-1.2.3.jar:"/>
    
    <property name="java.vm.vendor" value="Private Build"/>
    
    <property name="sun.arch.data.model" value="64"/>
    
    <property name="java.vendor.url" value="http://java.oracle.com/"/>
    
    <property name="user.timezone" value=""/>
    
    <property name="java.vm.specification.version" value="1.8"/>
    
    <property name="os.name" value="Linux"/>
    
    <property name="user.country" value="US"/>
    
    <property name="sun.java.launcher" value="SUN_STANDARD"/>
    
    <property name="sun.boot.library.path" value="/usr/lib/jvm/java-8-openjdk-amd64/jre/lib/amd64"/>
    
    <property name="sun.java.command" value="/home/tharaka/projects/agiletestware/teamcity_plugins/railflow-java/target/surefire/surefirebooter5615321071138040699.jar /home/tharaka/projects/agiletestware/teamcity_plugins/railflow-java/target/surefire 2022-02-04T09-29-42_375-jvmRun1 surefire3251150644889157875tmp surefire_03548316204226868521tmp"/>
    
    <property name="surefire.test.class.path" value="/home/tharaka/projects/agiletestware/teamcity_plugins/railflow-java/target/test-classes:/home/tharaka/projects/agiletestware/teamcity_plugins/railflow-java/target/classes:/home/tharaka/.m2/repository/io/railflow/license/1.0/license-1.0.jar:/home/tharaka/.m2/repository/io/railflow/commons/1.0/commons-1.0.jar:/home/tharaka/.m2/repository/org/apache/commons/commons-lang3/3.11/commons-lang3-3.11.jar:/home/tharaka/.m2/repository/org/apache/httpcomponents/httpclient/4.5.2/httpclient-4.5.2.jar:/home/tharaka/.m2/repository/org/apache/httpcomponents/httpcore/4.4.4/httpcore-4.4.4.jar:/home/tharaka/.m2/repository/commons-logging/commons-logging/1.2/commons-logging-1.2.jar:/home/tharaka/.m2/repository/org/apache/httpcomponents/httpmime/4.5.2/httpmime-4.5.2.jar:/home/tharaka/.m2/repository/org/slf4j/slf4j-api/1.7.25/slf4j-api-1.7.25.jar:/home/tharaka/.m2/repository/com/google/code/gson/gson/2.8.5/gson-2.8.5.jar:/home/tharaka/.m2/repository/commons-codec/commons-codec/1.15/commons-codec-1.15.jar:/home/tharaka/.m2/repository/javax/validation/validation-api/2.0.1.Final/validation-api-2.0.1.Final.jar:/home/tharaka/.m2/repository/com/fasterxml/jackson/core/jackson-databind/2.11.4/jackson-databind-2.11.4.jar:/home/tharaka/.m2/repository/com/fasterxml/jackson/core/jackson-annotations/2.11.4/jackson-annotations-2.11.4.jar:/home/tharaka/.m2/repository/com/fasterxml/jackson/core/jackson-core/2.11.4/jackson-core-2.11.4.jar:/home/tharaka/.m2/repository/com/google/guava/guava/30.1-jre/guava-30.1-jre.jar:/home/tharaka/.m2/repository/com/google/guava/failureaccess/1.0.1/failureaccess-1.0.1.jar:/home/tharaka/.m2/repository/com/google/guava/listenablefuture/9999.0-empty-to-avoid-conflict-with-guava/listenablefuture-9999.0-empty-to-avoid-conflict-with-guava.jar:/home/tharaka/.m2/repository/com/google/code/findbugs/jsr305/3.0.2/jsr305-3.0.2.jar:/home/tharaka/.m2/repository/org/checkerframework/checker-qual/3.5.0/checker-qual-3.5.0.jar:/home/tharaka/.m2/repository/com/google/errorprone/error_prone_annotations/2.3.4/error_prone_annotations-2.3.4.jar:/home/tharaka/.m2/repository/com/google/j2objc/j2objc-annotations/1.3/j2objc-annotations-1.3.jar:/home/tharaka/.m2/repository/org/apache/tika/tika-core/1.22/tika-core-1.22.jar:/home/tharaka/.m2/repository/junit/junit/4.12/junit-4.12.jar:/home/tharaka/.m2/repository/org/hamcrest/hamcrest-core/1.3/hamcrest-core-1.3.jar:/home/tharaka/.m2/repository/org/mockito/mockito-core/3.2.0/mockito-core-3.2.0.jar:/home/tharaka/.m2/repository/net/bytebuddy/byte-buddy/1.10.3/byte-buddy-1.10.3.jar:/home/tharaka/.m2/repository/net/bytebuddy/byte-buddy-agent/1.10.3/byte-buddy-agent-1.10.3.jar:/home/tharaka/.m2/repository/org/objenesis/objenesis/2.6/objenesis-2.6.jar:/home/tharaka/.m2/repository/org/powermock/powermock-module-junit4/2.0.7/powermock-module-junit4-2.0.7.jar:/home/tharaka/.m2/repository/org/powermock/powermock-module-junit4-common/2.0.7/powermock-module-junit4-common-2.0.7.jar:/home/tharaka/.m2/repository/org/powermock/powermock-reflect/2.0.7/powermock-reflect-2.0.7.jar:/home/tharaka/.m2/repository/org/powermock/powermock-core/2.0.7/powermock-core-2.0.7.jar:/home/tharaka/.m2/repository/org/javassist/javassist/3.27.0-GA/javassist-3.27.0-GA.jar:/home/tharaka/.m2/repository/org/powermock/powermock-api-mockito2/2.0.7/powermock-api-mockito2-2.0.7.jar:/home/tharaka/.m2/repository/org/powermock/powermock-api-support/2.0.7/powermock-api-support-2.0.7.jar:/home/tharaka/.m2/repository/commons-io/commons-io/2.6/commons-io-2.6.jar:/home/tharaka/.m2/repository/io/railflow/testrail-client/2.1/testrail-client-2.1.jar:/home/tharaka/.m2/repository/io/railflow/testrail-client/2.1/testrail-client-2.1-tests.jar:/home/tharaka/.m2/repository/javax/xml/bind/jaxb-api/2.3.0/jaxb-api-2.3.0.jar:/home/tharaka/.m2/repository/com/sun/xml/bind/jaxb-core/2.3.0/jaxb-core-2.3.0.jar:/home/tharaka/.m2/repository/com/sun/xml/bind/jaxb-impl/2.3.0/jaxb-impl-2.3.0.jar:/home/tharaka/.m2/repository/javax/activation/activation/1.1.1/activation-1.1.1.jar:/home/tharaka/.m2/repository/io/qameta/allure/allure-plugin-api/2.13.10/allure-plugin-api-2.13.10.jar:/home/tharaka/.m2/repository/org/apache/commons/commons-csv/1.8/commons-csv-1.8.jar:/home/tharaka/.m2/repository/org/apache/commons/commons-collections4/4.4/commons-collections4-4.4.jar:/home/tharaka/.m2/repository/ch/qos/logback/logback-classic/1.2.3/logback-classic-1.2.3.jar:/home/tharaka/.m2/repository/ch/qos/logback/logback-core/1.2.3/logback-core-1.2.3.jar:"/>
    
    <property name="sun.cpu.endian" value="little"/>
    
    <property name="user.home" value="/home/tharaka"/>
    
    <property name="user.language" value="en"/>
    
    <property name="java.specification.vendor" value="Oracle Corporation"/>
    
    <property name="java.home" value="/usr/lib/jvm/java-8-openjdk-amd64/jre"/>
    
    <property name="basedir" value="/home/tharaka/projects/agiletestware/teamcity_plugins/railflow-java"/>
    
    <property name="file.separator" value="/"/>
    
    <property name="line.separator" value="
"/>
    
    <property name="java.vm.specification.vendor" value="Oracle Corporation"/>
    
    <property name="java.specification.name" value="Java Platform API Specification"/>
    
    <property name="java.awt.graphicsenv" value="sun.awt.X11GraphicsEnvironment"/>
    
    <property name="surefire.real.class.path" value="/home/tharaka/projects/agiletestware/teamcity_plugins/railflow-java/target/surefire/surefirebooter5615321071138040699.jar:/home/tharaka/.m2/repository/org/jacoco/org.jacoco.agent/0.8.2/org.jacoco.agent-0.8.2-runtime.jar"/>
    
    <property name="sun.boot.class.path" value="/usr/lib/jvm/java-8-openjdk-amd64/jre/lib/resources.jar:/usr/lib/jvm/java-8-openjdk-amd64/jre/lib/rt.jar:/usr/lib/jvm/java-8-openjdk-amd64/jre/lib/sunrsasign.jar:/usr/lib/jvm/java-8-openjdk-amd64/jre/lib/jsse.jar:/usr/lib/jvm/java-8-openjdk-amd64/jre/lib/jce.jar:/usr/lib/jvm/java-8-openjdk-amd64/jre/lib/charsets.jar:/usr/lib/jvm/java-8-openjdk-amd64/jre/lib/jfr.jar:/usr/lib/jvm/java-8-openjdk-amd64/jre/classes"/>
    
    <property name="sun.management.compiler" value="HotSpot 64-Bit Tiered Compilers"/>
    
    <property name="java.runtime.version" value="1.8.0_312-8u312-b07-0ubuntu1~20.04-b07"/>
    
    <property name="user.name" value="tharaka"/>
    
    <property name="path.separator" value=":"/>
    
    <property name="os.version" value="5.13.0-28-generic"/>
    
    <property name="java.endorsed.dirs" value="/usr/lib/jvm/java-8-openjdk-amd64/jre/lib/endorsed"/>
    
    <property name="java.runtime.name" value="OpenJDK Runtime Environment"/>
    
    <property name="file.encoding" value="UTF-8"/>
    
    <property name="java.vm.name" value="OpenJDK 64-Bit Server VM"/>
    
    <property name="localRepository" value="/home/tharaka/.m2/repository"/>
    
    <property name="java.vendor.url.bug" value="http://bugreport.sun.com/bugreport/"/>
    
    <property name="java.io.tmpdir" value="/tmp"/>
    
    <property name="java.version" value="1.8.0_312"/>
    
    <property name="user.dir" value="/home/tharaka/projects/agiletestware/teamcity_plugins/railflow-java"/>
    
    <property name="os.arch" value="amd64"/>
    
    <property name="java.vm.specification.name" value="Java Virtual Machine Specification"/>
    
    <property name="java.awt.printerjob" value="sun.print.PSPrinterJob"/>
    
    <property name="sun.os.patch.level" value="unknown"/>
    
    <property name="java.library.path" value="/usr/java/packages/lib/amd64:/usr/lib/x86_64-linux-gnu/jni:/lib/x86_64-linux-gnu:/usr/lib/x86_64-linux-gnu:/usr/lib/jni:/lib:/usr/lib"/>
    
    <property name="java.vm.info" value="mixed mode"/>
    
    <property name="java.vendor" value="Private Build"/>
    
    <property name="java.vm.version" value="25.312-b07"/>
    
    <property name="java.ext.dirs" value="/usr/lib/jvm/java-8-openjdk-amd64/jre/lib/ext:/usr/java/packages/lib/ext"/>
    
    <property name="sun.io.unicode.encoding" value="UnicodeLittle"/>
    
    <property name="java.class.version" value="52.0"/>
    
  </properties>
  
  <testcase name="testSetCloseBehavior" classname="io.railflow.util.TemporaryDirectoryTest" time="0.073"/>
  
  <testcase name="testConstructorWithFileAndBehavior" classname="io.railflow.util.TemporaryDirectoryTest" time="0.005"/>
  
  <testcase name="testConstructorWithDeleteBehavior" classname="io.railflow.util.TemporaryDirectoryTest" time="0.019"/>
  
  <testcase name="testConstructorWithPreserveBehavior" classname="io.railflow.util.TemporaryDirectoryTest" time="0.002"/>
  
  <testcase name="testDefaultConstructor" classname="io.railflow.util.TemporaryDirectoryTest" time="0.009"/>
  
</testsuite>
</testsuites>